#
# A fatal error has been detected by the Java Runtime Environment:
#
#  SIGBUS (0x7) at pc=0x00007f35d3552740, pid=17665, tid=139869116815104
#
# JRE version: Java(TM) SE Runtime Environment (7.0_45-b18) (build 1.7.0_45-b18)
# Java VM: Java HotSpot(TM) 64-Bit Server VM (24.45-b08 mixed mode linux-amd64 compressed oops)
# Problematic frame:
# 
[error occurred during error reporting (printing problematic frame), id 0x7]

# Failed to write core dump. Core dumps have been disabled. To enable core dumping, try "ulimit -c unlimited" before starting Java again
#
# If you would like to submit a bug report, please visit:
#   http://bugreport.sun.com/bugreport/crash.jsp
#

---------------  T H R E A D  ---------------

Current thread is native thread

siginfo:si_signo=SIGBUS: si_errno=0, si_code=2 (BUS_ADRERR), si_addr=0x00007f35d3552740

Registers:
RAX=0x0000000000000000, RBX=0x00007f35d105ce70, RCX=0xffffffffffffffff, RDX=0x0000000000000000
RSP=0x00007f35d105ce60, RBP=0x00007f36101c9520, RSI=0x00007f35d105ce60, RDI=0x0000000000000000
R8 =0x00007f36101c96f0, R9 =0x0000000000000001, R10=0x00007f36101d22b4, R11=0x0000000000000000
R12=0x0000000000000000, R13=0x00007f36101d2290, R14=0x0000000000000008, R15=0x00007f35d105cec8
RIP=0x00007f35d3552740, EFLAGS=0x0000000000010217, CSGSFS=0x0000000000000033, ERR=0x0000000000000014
  TRAPNO=0x000000000000000e

Top of Stack: (sp=0x00007f35d105ce60)
0x00007f35d105ce60:   00007f36101c95a0 00007f35d2eb21fe
0x00007f35d105ce70:   0000000000000000 00000000000f4240
0x00007f35d105ce80:   00007f36101d2290 0000000000001240
0x00007f35d105ce90:   00007f36101c9520 00007f35d355e5d3
0x00007f35d105cea0:   0000000000000000 00007f35d105cec0
0x00007f35d105ceb0:   0000000000002000 0000000000006000
0x00007f35d105cec0:   00007f35c806f040 0000000000002000
0x00007f35d105ced0:   0000000000000000 00007f36101d1c70
0x00007f35d105cee0:   0000000000000000 0000000000000000
0x00007f35d105cef0:   0000000000000000 00007f35d105d9c0
0x00007f35d105cf00:   00007f35d105d700 00007f35d355173a
0x00007f35d105cf10:   00007f35d105d700 00007f36189a9182
0x00007f35d105cf20:   0000000000000000 00007f35d105d700
0x00007f35d105cf30:   00007f35d105d700 aa09a4b4a4d7d634
0x00007f35d105cf40:   0000000000000000 0000000000000000
0x00007f35d105cf50:   00007f35d105d9c0 00007f35d105d700
0x00007f35d105cf60:   546206bf3a97d634 54659581864dd634
0x00007f35d105cf70:   0000000000000000 0000000000000000
0x00007f35d105cf80:   0000000000000000 0000000000000000
0x00007f35d105cf90:   0000000000000000 0000000000000000
0x00007f35d105cfa0:   0000000000000000 0000000000000000
0x00007f35d105cfb0:   00007f35d105d700 00007f36182bb38d
0x00007f35d105cfc0:   0000000000000000 0000000000000000
0x00007f35d105cfd0:   0000000000000000 0000000000000000
0x00007f35d105cfe0:   0000000000000000 0000000000000000
0x00007f35d105cff0:   0000000000000000 0000000000000000
0x00007f35d105d000:   0000000000000000 0000000000000000
0x00007f35d105d010:   0000000000000000 0000000000000000
0x00007f35d105d020:   0000000000000000 0000000000000000
0x00007f35d105d030:   0000000000000000 0000000000000000
0x00007f35d105d040:   0000000000000000 0000000000000000
0x00007f35d105d050:   0000000000000000 0000000000000000 

Instructions: (pc=0x00007f35d3552740)
0x00007f35d3552720:   
[error occurred during error reporting (printing registers, top of stack, instructions near pc), id 0x7]

Register to memory mapping:

RAX=0x0000000000000000 is an unknown value
RBX=0x00007f35d105ce70 is an unknown value
RCX=0xffffffffffffffff is an unknown value
RDX=0x0000000000000000 is an unknown value
RSP=0x00007f35d105ce60 is an unknown value
RBP=0x00007f36101c9520 is an unknown value
RSI=0x00007f35d105ce60 is an unknown value
RDI=0x0000000000000000 is an unknown value
R8 =0x00007f36101c96f0 is an unknown value
R9 =0x0000000000000001 is an unknown value
R10=0x00007f36101d22b4 is an unknown value
R11=0x0000000000000000 is an unknown value
R12=0x0000000000000000 is an unknown value
R13=0x00007f36101d2290 is an unknown value
R14=0x0000000000000008 is an unknown value
R15=0x00007f35d105cec8 is an unknown value


Stack: [0x00007f35d0f5d000,0x00007f35d105e000],  sp=0x00007f35d105ce60,  free space=1023k
Native frames: (J=compiled Java code, j=interpreted, Vv=VM code, C=native code)

[error occurred during error reporting (printing native stack), id 0x7]


---------------  P R O C E S S  ---------------

VM state:not at safepoint (normal execution)

VM Mutex/Monitor currently owned by a thread: None

Heap
 PSYoungGen      total 83968K, used 36753K [0x00000000ebe00000, 0x00000000f5f00000, 0x0000000100000000)
  eden space 17408K, 51% used [0x00000000ebe00000,0x00000000ec6c88c8,0x00000000ecf00000)
  from space 66560K, 41% used [0x00000000ecf00000,0x00000000eea1bc80,0x00000000f1000000)
  to   space 72704K, 0% used [0x00000000f1800000,0x00000000f1800000,0x00000000f5f00000)
 ParOldGen       total 237056K, used 142439K [0x00000000c3a00000, 0x00000000d2180000, 0x00000000ebe00000)
  object space 237056K, 60% used [0x00000000c3a00000,0x00000000cc519e70,0x00000000d2180000)
 PSPermGen       total 22528K, used 10173K [0x00000000be800000, 0x00000000bfe00000, 0x00000000c3a00000)
  object space 22528K, 45% used [0x00000000be800000,0x00000000bf1ef458,0x00000000bfe00000)

Card table byte_map: [0x00007f3615daf000,0x00007f3615fbc000] byte_map_base: 0x00007f36157bb000

Polling page: 0x00007f3618dde000

Code Cache  [0x00007f360d000000, 0x00007f360d270000, 0x00007f3610000000)
 total_blobs=652 nmethods=139 adapters=467 free_code_cache=48313Kb largest_free_block=49446720

Compilation events (10 events):
Event: 2,470 Thread 0x00007f3610095000 nmethod 134 0x00007f360d0cb750 code [0x00007f360d0cb8c0, 0x00007f360d0cb9d8]
Event: 2,470 Thread 0x00007f3610095000  136             com.pigmassacre.mbreak.gui.Blinder$BlinderPart::<init> (15 bytes)
Event: 2,470 Thread 0x00007f3610092000 nmethod 135 0x00007f360d0cb490 code [0x00007f360d0cb600, 0x00007f360d0cb6d8]
Event: 2,470 Thread 0x00007f3610092000  137             aurelienribon.tweenengine.BaseTween::setUserData (7 bytes)
Event: 2,470 Thread 0x00007f3610092000 nmethod 137 0x00007f360d0d1350 code [0x00007f360d0d1480, 0x00007f360d0d14f8]
Event: 2,470 Thread 0x00007f3610092000  138             com.pigmassacre.mbreak.gui.Blinder$1::<init> (10 bytes)
Event: 2,470 Thread 0x00007f3610095000 nmethod 136 0x00007f360d0d3b10 code [0x00007f360d0d3c60, 0x00007f360d0d3d08]
Event: 2,470 Thread 0x00007f3610092000 nmethod 138 0x00007f360d0d3910 code [0x00007f360d0d3a40, 0x00007f360d0d3ab8]
Event: 2,479 Thread 0x00007f3610095000  139 %           com.pigmassacre.mbreak.gui.Blinder::setup @ 100 (301 bytes)
Event: 2,532 Thread 0x00007f3610095000 nmethod 139% 0x00007f360d0d5290 code [0x00007f360d0d55a0, 0x00007f360d0d6c70]

GC Heap History (10 events):
Event: 6,339 GC heap before
{Heap before GC invocations=8 (full 2):
 PSYoungGen      total 34304K, used 31744K [0x00000000ebe00000, 0x00000000f1900000, 0x0000000100000000)
  eden space 31744K, 100% used [0x00000000ebe00000,0x00000000edd00000,0x00000000edd00000)
  from space 2560K, 0% used [0x00000000edd00000,0x00000000edd00000,0x00000000edf80000)
  to   space 30208K, 0% used [0x00000000efb80000,0x00000000efb80000,0x00000000f1900000)
 ParOldGen       total 142848K, used 70264K [0x00000000c3a00000, 0x00000000cc580000, 0x00000000ebe00000)
  object space 142848K, 49% used [0x00000000c3a00000,0x00000000c7e9e308,0x00000000cc580000)
 PSPermGen       total 23040K, used 10173K [0x00000000be800000, 0x00000000bfe80000, 0x00000000c3a00000)
  object space 23040K, 44% used [0x00000000be800000,0x00000000bf1ef458,0x00000000bfe80000)
Event: 6,377 GC heap after
Heap after GC invocations=8 (full 2):
 PSYoungGen      total 56320K, used 30206K [0x00000000ebe00000, 0x00000000f2b00000, 0x0000000100000000)
  eden space 26112K, 0% used [0x00000000ebe00000,0x00000000ebe00000,0x00000000ed780000)
  from space 30208K, 99% used [0x00000000efb80000,0x00000000f18ffb98,0x00000000f1900000)
  to   space 36864K, 0% used [0x00000000ed780000,0x00000000ed780000,0x00000000efb80000)
 ParOldGen       total 142848K, used 71864K [0x00000000c3a00000, 0x00000000cc580000, 0x00000000ebe00000)
  object space 142848K, 50% used [0x00000000c3a00000,0x00000000c802e308,0x00000000cc580000)
 PSPermGen       total 23040K, used 10173K [0x00000000be800000, 0x00000000bfe80000, 0x00000000c3a00000)
  object space 23040K, 44% used [0x00000000be800000,0x00000000bf1ef458,0x00000000bfe80000)
}
Event: 8,155 GC heap before
{Heap before GC invocations=9 (full 2):
 PSYoungGen      total 56320K, used 56318K [0x00000000ebe00000, 0x00000000f2b00000, 0x0000000100000000)
  eden space 26112K, 100% used [0x00000000ebe00000,0x00000000ed780000,0x00000000ed780000)
  from space 30208K, 99% used [0x00000000efb80000,0x00000000f18ffb98,0x00000000f1900000)
  to   space 36864K, 0% used [0x00000000ed780000,0x00000000ed780000,0x00000000efb80000)
 ParOldGen       total 142848K, used 71864K [0x00000000c3a00000, 0x00000000cc580000, 0x00000000ebe00000)
  object space 142848K, 50% used [0x00000000c3a00000,0x00000000c802e308,0x00000000cc580000)
 PSPermGen       total 23040K, used 10173K [0x00000000be800000, 0x00000000bfe80000, 0x00000000c3a00000)
  object space 23040K, 44% used [0x00000000be800000,0x00000000bf1ef458,0x00000000bfe80000)
Event: 8,239 GC heap after
Heap after GC invocations=9 (full 2):
 PSYoungGen      total 62976K, used 36863K [0x00000000ebe00000, 0x00000000f4380000, 0x0000000100000000)
  eden space 26112K, 0% used [0x00000000ebe00000,0x00000000ebe00000,0x00000000ed780000)
  from space 36864K, 99% used [0x00000000ed780000,0x00000000efb7fd50,0x00000000efb80000)
  to   space 52736K, 0% used [0x00000000f1000000,0x00000000f1000000,0x00000000f4380000)
 ParOldGen       total 142848K, used 90856K [0x00000000c3a00000, 0x00000000cc580000, 0x00000000ebe00000)
  object space 142848K, 63% used [0x00000000c3a00000,0x00000000c92ba308,0x00000000cc580000)
 PSPermGen       total 23040K, used 10173K [0x00000000be800000, 0x00000000bfe80000, 0x00000000c3a00000)
  object space 23040K, 44% used [0x00000000be800000,0x00000000bf1ef458,0x00000000bfe80000)
}
Event: 10,612 GC heap before
{Heap before GC invocations=10 (full 2):
 PSYoungGen      total 62976K, used 62975K [0x00000000ebe00000, 0x00000000f4380000, 0x0000000100000000)
  eden space 26112K, 100% used [0x00000000ebe00000,0x00000000ed780000,0x00000000ed780000)
  from space 36864K, 99% used [0x00000000ed780000,0x00000000efb7fd50,0x00000000efb80000)
  to   space 52736K, 0% used [0x00000000f1000000,0x00000000f1000000,0x00000000f4380000)
 ParOldGen       total 142848K, used 90856K [0x00000000c3a00000, 0x00000000cc580000, 0x00000000ebe00000)
  object space 142848K, 63% used [0x00000000c3a00000,0x00000000c92ba308,0x00000000cc580000)
 PSPermGen       total 23040K, used 10173K [0x00000000be800000, 0x00000000bfe80000, 0x00000000c3a00000)
  object space 23040K, 44% used [0x00000000be800000,0x00000000bf1ef458,0x00000000bfe80000)
Event: 10,680 GC heap after
Heap after GC invocations=10 (full 2):
 PSYoungGen      total 70144K, used 52735K [0x00000000ebe00000, 0x00000000f5e80000, 0x0000000100000000)
  eden space 17408K, 0% used [0x00000000ebe00000,0x00000000ebe00000,0x00000000ecf00000)
  from space 52736K, 99% used [0x00000000f1000000,0x00000000f437fd50,0x00000000f4380000)
  to   space 66560K, 0% used [0x00000000ecf00000,0x00000000ecf00000,0x00000000f1000000)
 ParOldGen       total 142848K, used 101176K [0x00000000c3a00000, 0x00000000cc580000, 0x00000000ebe00000)
  object space 142848K, 70% used [0x00000000c3a00000,0x00000000c9cce308,0x00000000cc580000)
 PSPermGen       total 23040K, used 10173K [0x00000000be800000, 0x00000000bfe80000, 0x00000000c3a00000)
  object space 23040K, 44% used [0x00000000be800000,0x00000000bf1ef458,0x00000000bfe80000)
}
Event: 12,556 GC heap before
{Heap before GC invocations=11 (full 2):
 PSYoungGen      total 70144K, used 70143K [0x00000000ebe00000, 0x00000000f5e80000, 0x0000000100000000)
  eden space 17408K, 100% used [0x00000000ebe00000,0x00000000ecf00000,0x00000000ecf00000)
  from space 52736K, 99% used [0x00000000f1000000,0x00000000f437fd50,0x00000000f4380000)
  to   space 66560K, 0% used [0x00000000ecf00000,0x00000000ecf00000,0x00000000f1000000)
 ParOldGen       total 142848K, used 101176K [0x00000000c3a00000, 0x00000000cc580000, 0x00000000ebe00000)
  object space 142848K, 70% used [0x00000000c3a00000,0x00000000c9cce308,0x00000000cc580000)
 PSPermGen       total 23040K, used 10173K [0x00000000be800000, 0x00000000bfe80000, 0x00000000c3a00000)
  object space 23040K, 44% used [0x00000000be800000,0x00000000bf1ef458,0x00000000bfe80000)
Event: 12,627 GC heap after
Heap after GC invocations=11 (full 2):
 PSYoungGen      total 83968K, used 54463K [0x00000000ebe00000, 0x00000000f5f00000, 0x0000000100000000)
  eden space 17408K, 0% used [0x00000000ebe00000,0x00000000ebe00000,0x00000000ecf00000)
  from space 66560K, 81% used [0x00000000ecf00000,0x00000000f042fd50,0x00000000f1000000)
  to   space 72704K, 0% used [0x00000000f1800000,0x00000000f1800000,0x00000000f5f00000)
 ParOldGen       total 142848K, used 116992K [0x00000000c3a00000, 0x00000000cc580000, 0x00000000ebe00000)
  object space 142848K, 81% used [0x00000000c3a00000,0x00000000cac40308,0x00000000cc580000)
 PSPermGen       total 23040K, used 10173K [0x00000000be800000, 0x00000000bfe80000, 0x00000000c3a00000)
  object space 23040K, 44% used [0x00000000be800000,0x00000000bf1ef458,0x00000000bfe80000)
}
Event: 12,627 GC heap before
{Heap before GC invocations=12 (full 3):
 PSYoungGen      total 83968K, used 54463K [0x00000000ebe00000, 0x00000000f5f00000, 0x0000000100000000)
  eden space 17408K, 0% used [0x00000000ebe00000,0x00000000ebe00000,0x00000000ecf00000)
  from space 66560K, 81% used [0x00000000ecf00000,0x00000000f042fd50,0x00000000f1000000)
  to   space 72704K, 0% used [0x00000000f1800000,0x00000000f1800000,0x00000000f5f00000)
 ParOldGen       total 142848K, used 116992K [0x00000000c3a00000, 0x00000000cc580000, 0x00000000ebe00000)
  object space 142848K, 81% used [0x00000000c3a00000,0x00000000cac40308,0x00000000cc580000)
 PSPermGen       total 23040K, used 10173K [0x00000000be800000, 0x00000000bfe80000, 0x00000000c3a00000)
  object space 23040K, 44% used [0x00000000be800000,0x00000000bf1ef458,0x00000000bfe80000)
Event: 13,503 GC heap after
Heap after GC invocations=12 (full 3):
 PSYoungGen      total 83968K, used 27759K [0x00000000ebe00000, 0x00000000f5f00000, 0x0000000100000000)
  eden space 17408K, 0% used [0x00000000ebe00000,0x00000000ebe00000,0x00000000ecf00000)
  from space 66560K, 41% used [0x00000000ecf00000,0x00000000eea1bc80,0x00000000f1000000)
  to   space 72704K, 0% used [0x00000000f1800000,0x00000000f1800000,0x00000000f5f00000)
 ParOldGen       total 237056K, used 142439K [0x00000000c3a00000, 0x00000000d2180000, 0x00000000ebe00000)
  object space 237056K, 60% used [0x00000000c3a00000,0x00000000cc519e70,0x00000000d2180000)
 PSPermGen       total 22528K, used 10173K [0x00000000be800000, 0x00000000bfe00000, 0x00000000c3a00000)
  object space 22528K, 45% used [0x00000000be800000,0x00000000bf1ef458,0x00000000bfe00000)
}

Deoptimization events (4 events):
Event: 0,987 Thread 0x00007f361025a800 Uncommon trap: reason=class_check action=maybe_recompile pc=0x00007f360d0a0818 method=com.badlogic.gdx.assets.AssetLoadingTask.handleAsyncLoader()V @ 137
Event: 1,015 Thread 0x00007f361025a800 Uncommon trap: reason=unreached action=reinterpret pc=0x00007f360d0a7fc0 method=com.badlogic.gdx.assets.AssetLoadingTask.update()Z @ 17
Event: 1,175 Thread 0x00007f361025a800 Uncommon trap: reason=unreached action=reinterpret pc=0x00007f360d0a05c0 method=com.badlogic.gdx.assets.AssetLoadingTask.update()Z @ 17
Event: 1,225 Thread 0x00007f361025a800 Uncommon trap: reason=class_check action=maybe_recompile pc=0x00007f360d09ab4c method=com.badlogic.gdx.assets.AssetLoadingTask.handleAsyncLoader()V @ 137

Internal exceptions (10 events):
Event: 2,225 Thread 0x00007f361025a800 Threw 0x00000000ebeaa548 at /HUDSON/workspace/7u-2-build-linux-amd64/jdk7u45/229/hotspot/src/share/vm/prims/jvm.cpp:1244
Event: 2,227 Thread 0x00007f361025a800 Threw 0x00000000ebeae160 at /HUDSON/workspace/7u-2-build-linux-amd64/jdk7u45/229/hotspot/src/share/vm/prims/jvm.cpp:1244
Event: 2,229 Thread 0x00007f361025a800 Threw 0x00000000ebeb5858 at /HUDSON/workspace/7u-2-build-linux-amd64/jdk7u45/229/hotspot/src/share/vm/prims/jvm.cpp:1244
Event: 2,230 Thread 0x00007f361025a800 Threw 0x00000000ebeb9d88 at /HUDSON/workspace/7u-2-build-linux-amd64/jdk7u45/229/hotspot/src/share/vm/prims/jvm.cpp:1244
Event: 2,232 Thread 0x00007f361025a800 Threw 0x00000000ebebd688 at /HUDSON/workspace/7u-2-build-linux-amd64/jdk7u45/229/hotspot/src/share/vm/prims/jvm.cpp:1244
Event: 2,233 Thread 0x00007f361025a800 Threw 0x00000000ebec1210 at /HUDSON/workspace/7u-2-build-linux-amd64/jdk7u45/229/hotspot/src/share/vm/prims/jvm.cpp:1244
Event: 2,234 Thread 0x00007f361025a800 Threw 0x00000000ebec5818 at /HUDSON/workspace/7u-2-build-linux-amd64/jdk7u45/229/hotspot/src/share/vm/prims/jvm.cpp:1244
Event: 2,238 Thread 0x00007f361025a800 Threw 0x00000000ebee3b28 at /HUDSON/workspace/7u-2-build-linux-amd64/jdk7u45/229/hotspot/src/share/vm/prims/jvm.cpp:1244
Event: 2,240 Thread 0x00007f361025a800 Threw 0x00000000ebee7db8 at /HUDSON/workspace/7u-2-build-linux-amd64/jdk7u45/229/hotspot/src/share/vm/prims/jvm.cpp:1244
Event: 2,241 Thread 0x00007f361025a800 Threw 0x00000000ebeebcf8 at /HUDSON/workspace/7u-2-build-linux-amd64/jdk7u45/229/hotspot/src/share/vm/prims/jvm.cpp:1244

Events (10 events):
Event: 4,186 Executing VM operation: ParallelGCFailedAllocation
Event: 4,636 Executing VM operation: ParallelGCFailedAllocation done
Event: 6,339 Executing VM operation: ParallelGCFailedAllocation
Event: 6,377 Executing VM operation: ParallelGCFailedAllocation done
Event: 8,154 Executing VM operation: ParallelGCFailedAllocation
Event: 8,239 Executing VM operation: ParallelGCFailedAllocation done
Event: 10,611 Executing VM operation: ParallelGCFailedAllocation
Event: 10,680 Executing VM operation: ParallelGCFailedAllocation done
Event: 12,556 Executing VM operation: ParallelGCFailedAllocation
Event: 13,503 Executing VM operation: ParallelGCFailedAllocation done


Dynamic libraries:
00400000-00401000 r-xp 00000000 08:07 142000                             /usr/lib/jvm/java-7-oracle/bin/java
00600000-00601000 rw-p 00000000 08:07 142000                             /usr/lib/jvm/java-7-oracle/bin/java
00864000-00885000 rw-p 00000000 00:00 0                                  [heap]
be800000-bfe00000 rw-p 00000000 00:00 0 
bfe00000-bfe80000 ---p 00000000 00:00 0 
bfe80000-c3a00000 rw-p 00000000 00:00 0 
c3a00000-d2180000 rw-p 00000000 00:00 0 
d2180000-ebe00000 rw-p 00000000 00:00 0 
ebe00000-f5f00000 rw-p 00000000 00:00 0 
f5f00000-100000000 rw-p 00000000 00:00 0 
7f35af5ff000-7f35afbff000 rw-s 00000000 00:04 182709                     /drm mm object (deleted)
7f35b0000000-7f35b0021000 rw-p 00000000 00:00 0 
7f35b0021000-7f35b4000000 ---p 00000000 00:00 0 
7f35b4000000-7f35b4562000 rw-p 00000000 00:00 0 
7f35b4562000-7f35b8000000 ---p 00000000 00:00 0 
7f35b8000000-7f35b8021000 rw-p 00000000 00:00 0 
7f35b8021000-7f35bc000000 ---p 00000000 00:00 0 
7f35bc000000-7f35bc9f2000 rw-p 00000000 00:00 0 
7f35bc9f2000-7f35c0000000 ---p 00000000 00:00 0 
7f35c0000000-7f35c0021000 rw-p 00000000 00:00 0 
7f35c0021000-7f35c4000000 ---p 00000000 00:00 0 
7f35c4263000-7f35c43e3000 rw-s 00000000 00:04 180175                     /drm mm object (deleted)
7f35c44e4000-7f35c44e7000 ---p 00000000 00:00 0 
7f35c44e7000-7f35c5783000 rw-p 00000000 00:00 0                          [stack:17696]
7f35c5783000-7f35c57ba000 r-xp 00000000 08:07 2243202                    /usr/lib/x86_64-linux-gnu/libtxc_dxtn_s2tc.so.0.0.0
7f35c57ba000-7f35c59b9000 ---p 00037000 08:07 2243202                    /usr/lib/x86_64-linux-gnu/libtxc_dxtn_s2tc.so.0.0.0
7f35c59b9000-7f35c59ba000 r--p 00036000 08:07 2243202                    /usr/lib/x86_64-linux-gnu/libtxc_dxtn_s2tc.so.0.0.0
7f35c59ba000-7f35c59bb000 rw-p 00037000 08:07 2243202                    /usr/lib/x86_64-linux-gnu/libtxc_dxtn_s2tc.so.0.0.0
7f35c59bb000-7f35c59d3000 r-xp 00000000 08:07 2500674                    /lib/x86_64-linux-gnu/libz.so.1.2.8
7f35c59d3000-7f35c5bd2000 ---p 00018000 08:07 2500674                    /lib/x86_64-linux-gnu/libz.so.1.2.8
7f35c5bd2000-7f35c5bd3000 r--p 00017000 08:07 2500674                    /lib/x86_64-linux-gnu/libz.so.1.2.8
7f35c5bd3000-7f35c5bd4000 rw-p 00018000 08:07 2500674                    /lib/x86_64-linux-gnu/libz.so.1.2.8
7f35c5bd4000-7f35c5bdc000 r-xp 00000000 08:07 2243149                    /usr/lib/x86_64-linux-gnu/libpciaccess.so.0.11.1
7f35c5bdc000-7f35c5ddb000 ---p 00008000 08:07 2243149                    /usr/lib/x86_64-linux-gnu/libpciaccess.so.0.11.1
7f35c5ddb000-7f35c5ddc000 r--p 00007000 08:07 2243149                    /usr/lib/x86_64-linux-gnu/libpciaccess.so.0.11.1
7f35c5ddc000-7f35c5ddd000 rw-p 00008000 08:07 2243149                    /usr/lib/x86_64-linux-gnu/libpciaccess.so.0.11.1
7f35c5ddd000-7f35c5e04000 r-xp 00000000 08:07 2494246                    /lib/x86_64-linux-gnu/libexpat.so.1.6.0
7f35c5e04000-7f35c6004000 ---p 00027000 08:07 2494246                    /lib/x86_64-linux-gnu/libexpat.so.1.6.0
7f35c6004000-7f35c6006000 r--p 00027000 08:07 2494246                    /lib/x86_64-linux-gnu/libexpat.so.1.6.0
7f35c6006000-7f35c6007000 rw-p 00029000 08:07 2494246                    /lib/x86_64-linux-gnu/libexpat.so.1.6.0
7f35c6007000-7f35c6013000 r-xp 00000000 08:07 2243136                    /usr/lib/x86_64-linux-gnu/libdrm_radeon.so.1.0.1
7f35c6013000-7f35c6212000 ---p 0000c000 08:07 2243136                    /usr/lib/x86_64-linux-gnu/libdrm_radeon.so.1.0.1
7f35c6212000-7f35c6213000 r--p 0000b000 08:07 2243136                    /usr/lib/x86_64-linux-gnu/libdrm_radeon.so.1.0.1
7f35c6213000-7f35c6214000 rw-p 0000c000 08:07 2243136                    /usr/lib/x86_64-linux-gnu/libdrm_radeon.so.1.0.1
7f35c6214000-7f35c6219000 r-xp 00000000 08:07 2243151                    /usr/lib/x86_64-linux-gnu/libdrm_nouveau.so.2.0.0
7f35c6219000-7f35c6418000 ---p 00005000 08:07 2243151                    /usr/lib/x86_64-linux-gnu/libdrm_nouveau.so.2.0.0
7f35c6418000-7f35c6419000 r--p 00004000 08:07 2243151                    /usr/lib/x86_64-linux-gnu/libdrm_nouveau.so.2.0.0
7f35c6419000-7f35c641a000 rw-p 00005000 08:07 2243151                    /usr/lib/x86_64-linux-gnu/libdrm_nouveau.so.2.0.0
7f35c641a000-7f35c6439000 r-xp 00000000 08:07 2243609                    /usr/lib/x86_64-linux-gnu/libdrm_intel.so.1.0.0
7f35c6439000-7f35c6638000 ---p 0001f000 08:07 2243609                    /usr/lib/x86_64-linux-gnu/libdrm_intel.so.1.0.0
7f35c6638000-7f35c6639000 r--p 0001e000 08:07 2243609                    /usr/lib/x86_64-linux-gnu/libdrm_intel.so.1.0.0
7f35c6639000-7f35c663a000 rw-p 0001f000 08:07 2243609                    /usr/lib/x86_64-linux-gnu/libdrm_intel.so.1.0.0
7f35c663a000-7f35c6b29000 r-xp 00000000 08:07 20610                      /usr/lib/x86_64-linux-gnu/dri/i965_dri.so
7f35c6b29000-7f35c6d28000 ---p 004ef000 08:07 20610                      /usr/lib/x86_64-linux-gnu/dri/i965_dri.so
7f35c6d28000-7f35c6d3f000 r--p 004ee000 08:07 20610                      /usr/lib/x86_64-linux-gnu/dri/i965_dri.so
7f35c6d3f000-7f35c6d4b000 rw-p 00505000 08:07 20610                      /usr/lib/x86_64-linux-gnu/dri/i965_dri.so
7f35c6d4b000-7f35c6d97000 rw-p 00000000 00:00 0 
7f35c6d97000-7f35c6d9f000 r-xp 00000000 08:07 2500732                    /lib/x86_64-linux-gnu/libnih-dbus.so.1.0.0
7f35c6d9f000-7f35c6f9f000 ---p 00008000 08:07 2500732                    /lib/x86_64-linux-gnu/libnih-dbus.so.1.0.0
7f35c6f9f000-7f35c6fa0000 r--p 00008000 08:07 2500732                    /lib/x86_64-linux-gnu/libnih-dbus.so.1.0.0
7f35c6fa0000-7f35c6fa1000 rw-p 00009000 08:07 2500732                    /lib/x86_64-linux-gnu/libnih-dbus.so.1.0.0
7f35c6fa1000-7f35c6fb8000 r-xp 00000000 08:07 2494286                    /lib/x86_64-linux-gnu/libnih.so.1.0.0
7f35c6fb8000-7f35c71b7000 ---p 00017000 08:07 2494286                    /lib/x86_64-linux-gnu/libnih.so.1.0.0
7f35c71b7000-7f35c71b8000 r--p 00016000 08:07 2494286                    /lib/x86_64-linux-gnu/libnih.so.1.0.0
7f35c71b8000-7f35c71b9000 rw-p 00017000 08:07 2494286                    /lib/x86_64-linux-gnu/libnih.so.1.0.0
7f35c71b9000-7f35c71d2000 r-xp 00000000 08:07 2491890                    /lib/x86_64-linux-gnu/libcgmanager.so.0.0.0
7f35c71d2000-7f35c73d1000 ---p 00019000 08:07 2491890                    /lib/x86_64-linux-gnu/libcgmanager.so.0.0.0
7f35c73d1000-7f35c73d3000 r--p 00018000 08:07 2491890                    /lib/x86_64-linux-gnu/libcgmanager.so.0.0.0
7f35c73d3000-7f35c73d4000 rw-p 0001a000 08:07 2491890                    /lib/x86_64-linux-gnu/libcgmanager.so.0.0.0
7f35c73d4000-7f35c73e4000 r-xp 00000000 08:07 2491912                    /lib/x86_64-linux-gnu/libudev.so.1.3.5
7f35c73e4000-7f35c75e3000 ---p 00010000 08:07 2491912                    /lib/x86_64-linux-gnu/libudev.so.1.3.5
7f35c75e3000-7f35c75e4000 r--p 0000f000 08:07 2491912                    /lib/x86_64-linux-gnu/libudev.so.1.3.5
7f35c75e4000-7f35c75e5000 rw-p 00010000 08:07 2491912                    /lib/x86_64-linux-gnu/libudev.so.1.3.5
7f35c75e5000-7f35c75f0000 r-xp 00000000 08:07 2229587                    /usr/lib/x86_64-linux-gnu/libdrm.so.2.4.0
7f35c75f0000-7f35c77ef000 ---p 0000b000 08:07 2229587                    /usr/lib/x86_64-linux-gnu/libdrm.so.2.4.0
7f35c77ef000-7f35c77f0000 r--p 0000a000 08:07 2229587                    /usr/lib/x86_64-linux-gnu/libdrm.so.2.4.0
7f35c77f0000-7f35c77f1000 rw-p 0000b000 08:07 2229587                    /usr/lib/x86_64-linux-gnu/libdrm.so.2.4.0
7f35c77f1000-7f35c77f2000 r-xp 00000000 08:07 2243482                    /usr/lib/x86_64-linux-gnu/libxshmfence.so.1.0.0
7f35c77f2000-7f35c79f1000 ---p 00001000 08:07 2243482                    /usr/lib/x86_64-linux-gnu/libxshmfence.so.1.0.0
7f35c79f1000-7f35c79f2000 r--p 00000000 08:07 2243482                    /usr/lib/x86_64-linux-gnu/libxshmfence.so.1.0.0
7f35c79f2000-7f35c79f3000 rw-p 00001000 08:07 2243482                    /usr/lib/x86_64-linux-gnu/libxshmfence.so.1.0.0
7f35c79f3000-7f35c79f8000 r-xp 00000000 08:07 2251781                    /usr/lib/x86_64-linux-gnu/libxcb-sync.so.1.0.0
7f35c79f8000-7f35c7bf7000 ---p 00005000 08:07 2251781                    /usr/lib/x86_64-linux-gnu/libxcb-sync.so.1.0.0
7f35c7bf7000-7f35c7bf8000 r--p 00004000 08:07 2251781                    /usr/lib/x86_64-linux-gnu/libxcb-sync.so.1.0.0
7f35c7bf8000-7f35c7bf9000 rw-p 00005000 08:07 2251781                    /usr/lib/x86_64-linux-gnu/libxcb-sync.so.1.0.0
7f35c7bf9000-7f35c7bfb000 r-xp 00000000 08:07 2251778                    /usr/lib/x86_64-linux-gnu/libxcb-present.so.0.0.0
7f35c7bfb000-7f35c7dfa000 ---p 00002000 08:07 2251778                    /usr/lib/x86_64-linux-gnu/libxcb-present.so.0.0.0
7f35c7dfa000-7f35c7dfb000 r--p 00001000 08:07 2251778                    /usr/lib/x86_64-linux-gnu/libxcb-present.so.0.0.0
7f35c7dfb000-7f35c7dfc000 rw-p 00002000 08:07 2251778                    /usr/lib/x86_64-linux-gnu/libxcb-present.so.0.0.0
7f35c7dfc000-7f35c7dfe000 r-xp 00000000 08:07 2236640                    /usr/lib/x86_64-linux-gnu/libxcb-dri3.so.0.0.0
7f35c7dfe000-7f35c7ffd000 ---p 00002000 08:07 2236640                    /usr/lib/x86_64-linux-gnu/libxcb-dri3.so.0.0.0
7f35c7ffd000-7f35c7ffe000 r--p 00001000 08:07 2236640                    /usr/lib/x86_64-linux-gnu/libxcb-dri3.so.0.0.0
7f35c7ffe000-7f35c7fff000 rw-p 00002000 08:07 2236640                    /usr/lib/x86_64-linux-gnu/libxcb-dri3.so.0.0.0
7f35c7fff000-7f35cc000000 rw-s 00000000 00:14 180793                     /run/shm/pulse-shm-1744074229
7f35cc000000-7f35cc021000 rw-p 00000000 00:00 0 
7f35cc021000-7f35d0000000 ---p 00000000 00:00 0 
7f35d0063000-7f35d00d7000 rw-p 00000000 00:00 0 
7f35d01ae000-7f35d01b1000 r-xp 00000000 08:07 2243153                    /usr/lib/x86_64-linux-gnu/libxcb-dri2.so.0.0.0
7f35d01b1000-7f35d03b1000 ---p 00003000 08:07 2243153                    /usr/lib/x86_64-linux-gnu/libxcb-dri2.so.0.0.0
7f35d03b1000-7f35d03b2000 r--p 00003000 08:07 2243153                    /usr/lib/x86_64-linux-gnu/libxcb-dri2.so.0.0.0
7f35d03b2000-7f35d03b3000 rw-p 00004000 08:07 2243153                    /usr/lib/x86_64-linux-gnu/libxcb-dri2.so.0.0.0
7f35d03b3000-7f35d03c8000 r-xp 00000000 08:07 2243189                    /usr/lib/x86_64-linux-gnu/libxcb-glx.so.0.0.0
7f35d03c8000-7f35d05c7000 ---p 00015000 08:07 2243189                    /usr/lib/x86_64-linux-gnu/libxcb-glx.so.0.0.0
7f35d05c7000-7f35d05c9000 r--p 00014000 08:07 2243189                    /usr/lib/x86_64-linux-gnu/libxcb-glx.so.0.0.0
7f35d05c9000-7f35d05ca000 rw-p 00016000 08:07 2243189                    /usr/lib/x86_64-linux-gnu/libxcb-glx.so.0.0.0
7f35d05ca000-7f35d05cb000 r-xp 00000000 08:07 2243165                    /usr/lib/x86_64-linux-gnu/libX11-xcb.so.1.0.0
7f35d05cb000-7f35d07ca000 ---p 00001000 08:07 2243165                    /usr/lib/x86_64-linux-gnu/libX11-xcb.so.1.0.0
7f35d07ca000-7f35d07cb000 r--p 00000000 08:07 2243165                    /usr/lib/x86_64-linux-gnu/libX11-xcb.so.1.0.0
7f35d07cb000-7f35d07cc000 rw-p 00001000 08:07 2243165                    /usr/lib/x86_64-linux-gnu/libX11-xcb.so.1.0.0
7f35d07cc000-7f35d07ce000 r-xp 00000000 08:07 2244037                    /usr/lib/x86_64-linux-gnu/libXdamage.so.1.1.0
7f35d07ce000-7f35d09cd000 ---p 00002000 08:07 2244037                    /usr/lib/x86_64-linux-gnu/libXdamage.so.1.1.0
7f35d09cd000-7f35d09ce000 r--p 00001000 08:07 2244037                    /usr/lib/x86_64-linux-gnu/libXdamage.so.1.1.0
7f35d09ce000-7f35d09cf000 rw-p 00002000 08:07 2244037                    /usr/lib/x86_64-linux-gnu/libXdamage.so.1.1.0
7f35d09cf000-7f35d09f1000 r-xp 00000000 08:07 2234673                    /usr/lib/x86_64-linux-gnu/libglapi.so.0.0.0
7f35d09f1000-7f35d0bf1000 ---p 00022000 08:07 2234673                    /usr/lib/x86_64-linux-gnu/libglapi.so.0.0.0
7f35d0bf1000-7f35d0bf4000 r--p 00022000 08:07 2234673                    /usr/lib/x86_64-linux-gnu/libglapi.so.0.0.0
7f35d0bf4000-7f35d0bf5000 rw-p 00025000 08:07 2234673                    /usr/lib/x86_64-linux-gnu/libglapi.so.0.0.0
7f35d0bf5000-7f35d0bf6000 rw-p 00000000 00:00 0 
7f35d0bf6000-7f35d0c58000 r-xp 00000000 08:07 769                        /usr/lib/x86_64-linux-gnu/mesa/libGL.so.1.2.0
7f35d0c58000-7f35d0e57000 ---p 00062000 08:07 769                        /usr/lib/x86_64-linux-gnu/mesa/libGL.so.1.2.0
7f35d0e57000-7f35d0e5a000 r--p 00061000 08:07 769                        /usr/lib/x86_64-linux-gnu/mesa/libGL.so.1.2.0
7f35d0e5a000-7f35d0e5b000 rw-p 00064000 08:07 769                        /usr/lib/x86_64-linux-gnu/mesa/libGL.so.1.2.0
7f35d0e5b000-7f35d0e5c000 rw-p 00000000 00:00 0 
7f35d0e5c000-7f35d0e5f000 ---p 00000000 00:00 0 
7f35d0e5f000-7f35d0f5d000 rw-p 00000000 00:00 0                          [stack:17688]
7f35d0f5d000-7f35d0f5e000 ---p 00000000 00:00 0 
7f35d0f5e000-7f35d105e000 rw-p 00000000 00:00 0                          [stack:17687]
7f35d105e000-7f35d105f000 ---p 00000000 00:00 0 
7f35d105f000-7f35d185f000 rw-p 00000000 00:00 0                          [stack:17686]
7f35d185f000-7f35d1876000 r-xp 00000000 08:07 2493072                    /lib/x86_64-linux-gnu/libresolv-2.19.so
7f35d1876000-7f35d1a76000 ---p 00017000 08:07 2493072                    /lib/x86_64-linux-gnu/libresolv-2.19.so
7f35d1a76000-7f35d1a77000 r--p 00017000 08:07 2493072                    /lib/x86_64-linux-gnu/libresolv-2.19.so
7f35d1a77000-7f35d1a78000 rw-p 00018000 08:07 2493072                    /lib/x86_64-linux-gnu/libresolv-2.19.so
7f35d1a78000-7f35d1a7a000 rw-p 00000000 00:00 0 
7f35d1a7a000-7f35d1a81000 r-xp 00000000 08:07 2236867                    /usr/lib/x86_64-linux-gnu/libogg.so.0.8.1
7f35d1a81000-7f35d1c81000 ---p 00007000 08:07 2236867                    /usr/lib/x86_64-linux-gnu/libogg.so.0.8.1
7f35d1c81000-7f35d1c82000 r--p 00007000 08:07 2236867                    /usr/lib/x86_64-linux-gnu/libogg.so.0.8.1
7f35d1c82000-7f35d1c83000 rw-p 00008000 08:07 2236867                    /usr/lib/x86_64-linux-gnu/libogg.so.0.8.1
7f35d1c83000-7f35d1caf000 r-xp 00000000 08:07 2243434                    /usr/lib/x86_64-linux-gnu/libvorbis.so.0.4.5
7f35d1caf000-7f35d1eae000 ---p 0002c000 08:07 2243434                    /usr/lib/x86_64-linux-gnu/libvorbis.so.0.4.5
7f35d1eae000-7f35d1eaf000 r--p 0002b000 08:07 2243434                    /usr/lib/x86_64-linux-gnu/libvorbis.so.0.4.5
7f35d1eaf000-7f35d1eb0000 rw-p 0002c000 08:07 2243434                    /usr/lib/x86_64-linux-gnu/libvorbis.so.0.4.5
7f35d1eb0000-7f35d2163000 r-xp 00000000 08:07 2243426                    /usr/lib/x86_64-linux-gnu/libvorbisenc.so.2.0.8
7f35d2163000-7f35d2362000 ---p 002b3000 08:07 2243426                    /usr/lib/x86_64-linux-gnu/libvorbisenc.so.2.0.8
7f35d2362000-7f35d237e000 r--p 002b2000 08:07 2243426                    /usr/lib/x86_64-linux-gnu/libvorbisenc.so.2.0.8
7f35d237e000-7f35d237f000 rw-p 002ce000 08:07 2243426                    /usr/lib/x86_64-linux-gnu/libvorbisenc.so.2.0.8
7f35d237f000-7f35d23ae000 r-xp 00000000 08:07 2228700                    /usr/lib/x86_64-linux-gnu/libFLAC.so.8.3.0
7f35d23ae000-7f35d25ae000 ---p 0002f000 08:07 2228700                    /usr/lib/x86_64-linux-gnu/libFLAC.so.8.3.0
7f35d25ae000-7f35d25af000 r--p 0002f000 08:07 2228700                    /usr/lib/x86_64-linux-gnu/libFLAC.so.8.3.0
7f35d25af000-7f35d25b0000 rw-p 00030000 08:07 2228700                    /usr/lib/x86_64-linux-gnu/libFLAC.so.8.3.0
7f35d25b0000-7f35d25b5000 r-xp 00000000 08:07 2236545                    /usr/lib/x86_64-linux-gnu/libasyncns.so.0.3.1
7f35d25b5000-7f35d27b4000 ---p 00005000 08:07 2236545                    /usr/lib/x86_64-linux-gnu/libasyncns.so.0.3.1
7f35d27b4000-7f35d27b5000 r--p 00004000 08:07 2236545                    /usr/lib/x86_64-linux-gnu/libasyncns.so.0.3.1
7f35d27b5000-7f35d27b6000 rw-p 00005000 08:07 2236545                    /usr/lib/x86_64-linux-gnu/libasyncns.so.0.3.1
7f35d27b6000-7f35d2817000 r-xp 00000000 08:07 2237212                    /usr/lib/x86_64-linux-gnu/libsndfile.so.1.0.25
7f35d2817000-7f35d2a17000 ---p 00061000 08:07 2237212                    /usr/lib/x86_64-linux-gnu/libsndfile.so.1.0.25
7f35d2a17000-7f35d2a19000 r--p 00061000 08:07 2237212                    /usr/lib/x86_64-linux-gnu/libsndfile.so.1.0.25
7f35d2a19000-7f35d2a1a000 rw-p 00063000 08:07 2237212                    /usr/lib/x86_64-linux-gnu/libsndfile.so.1.0.25
7f35d2a1a000-7f35d2a1e000 rw-p 00000000 00:00 0 
7f35d2a1e000-7f35d2a26000 r-xp 00000000 08:07 2491503                    /lib/x86_64-linux-gnu/libwrap.so.0.7.6
7f35d2a26000-7f35d2c25000 ---p 00008000 08:07 2491503                    /lib/x86_64-linux-gnu/libwrap.so.0.7.6
7f35d2c25000-7f35d2c26000 r--p 00007000 08:07 2491503                    /lib/x86_64-linux-gnu/libwrap.so.0.7.6
7f35d2c26000-7f35d2c27000 rw-p 00008000 08:07 2491503                    /lib/x86_64-linux-gnu/libwrap.so.0.7.6
7f35d2c27000-7f35d2c28000 rw-p 00000000 00:00 0 
7f35d2c28000-7f35d2c6c000 r-xp 00000000 08:07 2490742                    /lib/x86_64-linux-gnu/libdbus-1.so.3.7.6
7f35d2c6c000-7f35d2e6b000 ---p 00044000 08:07 2490742                    /lib/x86_64-linux-gnu/libdbus-1.so.3.7.6
7f35d2e6b000-7f35d2e6c000 r--p 00043000 08:07 2490742                    /lib/x86_64-linux-gnu/libdbus-1.so.3.7.6
7f35d2e6c000-7f35d2e6d000 rw-p 00044000 08:07 2490742                    /lib/x86_64-linux-gnu/libdbus-1.so.3.7.6
7f35d2e6d000-7f35d2ed3000 r-xp 00000000 08:07 474                        /usr/lib/x86_64-linux-gnu/pulseaudio/libpulsecommon-4.0.so
7f35d2ed3000-7f35d30d2000 ---p 00066000 08:07 474                        /usr/lib/x86_64-linux-gnu/pulseaudio/libpulsecommon-4.0.so
7f35d30d2000-7f35d30d3000 r--p 00065000 08:07 474                        /usr/lib/x86_64-linux-gnu/pulseaudio/libpulsecommon-4.0.so
7f35d30d3000-7f35d30d4000 rw-p 00066000 08:07 474                        /usr/lib/x86_64-linux-gnu/pulseaudio/libpulsecommon-4.0.so
7f35d30d4000-7f35d30de000 r-xp 00000000 08:07 2491865                    /lib/x86_64-linux-gnu/libjson-c.so.2.0.0
7f35d30de000-7f35d32dd000 ---p 0000a000 08:07 2491865                    /lib/x86_64-linux-gnu/libjson-c.so.2.0.0
7f35d32dd000-7f35d32de000 r--p 00009000 08:07 2491865                    /lib/x86_64-linux-gnu/libjson-c.so.2.0.0
7f35d32de000-7f35d32df000 rw-p 0000a000 08:07 2491865                    /lib/x86_64-linux-gnu/libjson-c.so.2.0.0
7f35d32df000-7f35d3326000 r-xp 00000000 08:07 2240893                    /usr/lib/x86_64-linux-gnu/libpulse.so.0.16.2
7f35d3326000-7f35d3526000 ---p 00047000 08:07 2240893                    /usr/lib/x86_64-linux-gnu/libpulse.so.0.16.2
7f35d3526000-7f35d3527000 r--p 00047000 08:07 2240893                    /usr/lib/x86_64-linux-gnu/libpulse.so.0.16.2
7f35d3527000-7f35d3528000 rw-p 00048000 08:07 2240893                    /usr/lib/x86_64-linux-gnu/libpulse.so.0.16.2
7f35d3528000-7f35d357d000 r-xp 00000000 08:07 1994552                    /tmp/libgdxpigmassacre/7b43be9b/libopenal64.so (deleted)
7f35d357d000-7f35d377c000 ---p 00055000 08:07 1994552                    /tmp/libgdxpigmassacre/7b43be9b/libopenal64.so (deleted)
7f35d377c000-7f35d377f000 r--p 00054000 08:07 1994552                    /tmp/libgdxpigmassacre/7b43be9b/libopenal64.so (deleted)
7f35d377f000-7f35d3780000 rw-p 00057000 08:07 1994552                    /tmp/libgdxpigmassacre/7b43be9b/libopenal64.so (deleted)
7f35d3780000-7f35d3781000 rw-p 00000000 00:00 0 
7f35d3781000-7f35d3785000 r-xp 00000000 08:07 2244041                    /usr/lib/x86_64-linux-gnu/libXxf86vm.so.1.0.0
7f35d3785000-7f35d3985000 ---p 00004000 08:07 2244041                    /usr/lib/x86_64-linux-gnu/libXxf86vm.so.1.0.0
7f35d3985000-7f35d3986000 r--p 00004000 08:07 2244041                    /usr/lib/x86_64-linux-gnu/libXxf86vm.so.1.0.0
7f35d3986000-7f35d3987000 rw-p 00005000 08:07 2244041                    /usr/lib/x86_64-linux-gnu/libXxf86vm.so.1.0.0
7f35d3987000-7f35d3990000 r-xp 00000000 08:07 2235865                    /usr/lib/x86_64-linux-gnu/libXrandr.so.2.2.0
7f35d3990000-7f35d3b8f000 ---p 00009000 08:07 2235865                    /usr/lib/x86_64-linux-gnu/libXrandr.so.2.2.0
7f35d3b8f000-7f35d3b90000 r--p 00008000 08:07 2235865                    /usr/lib/x86_64-linux-gnu/libXrandr.so.2.2.0
7f35d3b90000-7f35d3b91000 rw-p 00009000 08:07 2235865                    /usr/lib/x86_64-linux-gnu/libXrandr.so.2.2.0
7f35d3b91000-7f35d3bfd000 r-xp 00000000 08:07 1994538                    /tmp/libgdxpigmassacre/7b43be9b/liblwjgl64.so (deleted)
7f35d3bfd000-7f35d3dfc000 ---p 0006c000 08:07 1994538                    /tmp/libgdxpigmassacre/7b43be9b/liblwjgl64.so (deleted)
7f35d3dfc000-7f35d3dfe000 r--p 0006b000 08:07 1994538                    /tmp/libgdxpigmassacre/7b43be9b/liblwjgl64.so (deleted)
7f35d3dfe000-7f35d3dff000 rw-p 0006d000 08:07 1994538                    /tmp/libgdxpigmassacre/7b43be9b/liblwjgl64.so (deleted)
7f35d3dff000-7f35d3e00000 r-xp 00000000 08:07 2237369                    /usr/lib/jvm/java-7-oracle/jre/lib/amd64/libjawt.so
7f35d3e00000-7f35d3fff000 ---p 00001000 08:07 2237369                    /usr/lib/jvm/java-7-oracle/jre/lib/amd64/libjawt.so
7f35d3fff000-7f35d4000000 rw-p 00000000 08:07 2237369                    /usr/lib/jvm/java-7-oracle/jre/lib/amd64/libjawt.so
7f35d4000000-7f35d4021000 rw-p 00000000 00:00 0 
7f35d4021000-7f35d8000000 ---p 00000000 00:00 0 
7f35d8000000-7f35d8021000 rw-p 00000000 00:00 0 
7f35d8021000-7f35dc000000 ---p 00000000 00:00 0 
7f35dc000000-7f35dc3c0000 rw-p 00000000 00:00 0 
7f35dc3c0000-7f35e0000000 ---p 00000000 00:00 0 
7f35e0000000-7f35e0021000 rw-p 00000000 00:00 0 
7f35e0021000-7f35e4000000 ---p 00000000 00:00 0 
7f35e4000000-7f35e4021000 rw-p 00000000 00:00 0 
7f35e4021000-7f35e8000000 ---p 00000000 00:00 0 
7f35e8000000-7f35e8521000 rw-p 00000000 00:00 0 
7f35e8521000-7f35ec000000 ---p 00000000 00:00 0 
7f35ec000000-7f35ec021000 rw-p 00000000 00:00 0 
7f35ec021000-7f35f0000000 ---p 00000000 00:00 0 
7f35f0000000-7f35f0021000 rw-p 00000000 00:00 0 
7f35f0021000-7f35f4000000 ---p 00000000 00:00 0 
7f35f4000000-7f35f4021000 rw-p 00000000 00:00 0 
7f35f4021000-7f35f8000000 ---p 00000000 00:00 0 
7f35f8000000-7f35f8021000 rw-p 00000000 00:00 0 
7f35f8021000-7f35fc000000 ---p 00000000 00:00 0 
7f35fc000000-7f35fc021000 rw-p 00000000 00:00 0 
7f35fc021000-7f3600000000 ---p 00000000 00:00 0 
7f3600000000-7f3600021000 rw-p 00000000 00:00 0 
7f3600021000-7f3604000000 ---p 00000000 00:00 0 
7f3604061000-7f3604064000 ---p 00000000 00:00 0 
7f3604064000-7f3604162000 rw-p 00000000 00:00 0                          [stack:17684]
7f3604162000-7f3604167000 r-xp 00000000 08:07 2243215                    /usr/lib/x86_64-linux-gnu/libXfixes.so.3.1.0
7f3604167000-7f3604366000 ---p 00005000 08:07 2243215                    /usr/lib/x86_64-linux-gnu/libXfixes.so.3.1.0
7f3604366000-7f3604367000 r--p 00004000 08:07 2243215                    /usr/lib/x86_64-linux-gnu/libXfixes.so.3.1.0
7f3604367000-7f3604368000 rw-p 00005000 08:07 2243215                    /usr/lib/x86_64-linux-gnu/libXfixes.so.3.1.0
7f3604368000-7f3604371000 r-xp 00000000 08:07 2231411                    /usr/lib/x86_64-linux-gnu/libXcursor.so.1.0.2
7f3604371000-7f3604570000 ---p 00009000 08:07 2231411                    /usr/lib/x86_64-linux-gnu/libXcursor.so.1.0.2
7f3604570000-7f3604571000 r--p 00008000 08:07 2231411                    /usr/lib/x86_64-linux-gnu/libXcursor.so.1.0.2
7f3604571000-7f3604572000 rw-p 00009000 08:07 2231411                    /usr/lib/x86_64-linux-gnu/libXcursor.so.1.0.2
7f3604572000-7f3604575000 ---p 00000000 00:00 0 
7f3604575000-7f3604673000 rw-p 00000000 00:00 0                          [stack:17683]
7f3604673000-7f3604678000 r-xp 00000000 08:07 2236483                    /usr/lib/x86_64-linux-gnu/libXdmcp.so.6.0.0
7f3604678000-7f3604877000 ---p 00005000 08:07 2236483                    /usr/lib/x86_64-linux-gnu/libXdmcp.so.6.0.0
7f3604877000-7f3604878000 r--p 00004000 08:07 2236483                    /usr/lib/x86_64-linux-gnu/libXdmcp.so.6.0.0
7f3604878000-7f3604879000 rw-p 00005000 08:07 2236483                    /usr/lib/x86_64-linux-gnu/libXdmcp.so.6.0.0
7f3604879000-7f360487b000 r-xp 00000000 08:07 2233692                    /usr/lib/x86_64-linux-gnu/libXau.so.6.0.0
7f360487b000-7f3604a7b000 ---p 00002000 08:07 2233692                    /usr/lib/x86_64-linux-gnu/libXau.so.6.0.0
7f3604a7b000-7f3604a7c000 r--p 00002000 08:07 2233692                    /usr/lib/x86_64-linux-gnu/libXau.so.6.0.0
7f3604a7c000-7f3604a7d000 rw-p 00003000 08:07 2233692                    /usr/lib/x86_64-linux-gnu/libXau.so.6.0.0
7f3604a7d000-7f3604a9a000 r-xp 00000000 08:07 2233724                    /usr/lib/x86_64-linux-gnu/libxcb.so.1.1.0
7f3604a9a000-7f3604c9a000 ---p 0001d000 08:07 2233724                    /usr/lib/x86_64-linux-gnu/libxcb.so.1.1.0
7f3604c9a000-7f3604c9b000 r--p 0001d000 08:07 2233724                    /usr/lib/x86_64-linux-gnu/libxcb.so.1.1.0
7f3604c9b000-7f3604c9c000 rw-p 0001e000 08:07 2233724                    /usr/lib/x86_64-linux-gnu/libxcb.so.1.1.0
7f3604c9c000-7f3604cab000 r-xp 00000000 08:07 2236490                    /usr/lib/x86_64-linux-gnu/libXi.so.6.1.0
7f3604cab000-7f3604eaa000 ---p 0000f000 08:07 2236490                    /usr/lib/x86_64-linux-gnu/libXi.so.6.1.0
7f3604eaa000-7f3604eab000 r--p 0000e000 08:07 2236490                    /usr/lib/x86_64-linux-gnu/libXi.so.6.1.0
7f3604eab000-7f3604eac000 rw-p 0000f000 08:07 2236490                    /usr/lib/x86_64-linux-gnu/libXi.so.6.1.0
7f3604eac000-7f3604eb1000 r-xp 00000000 08:07 2233797                    /usr/lib/x86_64-linux-gnu/libXtst.so.6.1.0
7f3604eb1000-7f36050b0000 ---p 00005000 08:07 2233797                    /usr/lib/x86_64-linux-gnu/libXtst.so.6.1.0
7f36050b0000-7f36050b1000 r--p 00004000 08:07 2233797                    /usr/lib/x86_64-linux-gnu/libXtst.so.6.1.0
7f36050b1000-7f36050b2000 rw-p 00005000 08:07 2233797                    /usr/lib/x86_64-linux-gnu/libXtst.so.6.1.0
7f36050b2000-7f36050bb000 r-xp 00000000 08:07 2243308                    /usr/lib/x86_64-linux-gnu/libXrender.so.1.3.0
7f36050bb000-7f36052ba000 ---p 00009000 08:07 2243308                    /usr/lib/x86_64-linux-gnu/libXrender.so.1.3.0
7f36052ba000-7f36052bb000 r--p 00008000 08:07 2243308                    /usr/lib/x86_64-linux-gnu/libXrender.so.1.3.0
7f36052bb000-7f36052bc000 rw-p 00009000 08:07 2243308                    /usr/lib/x86_64-linux-gnu/libXrender.so.1.3.0
7f36052bc000-7f36053ec000 r-xp 00000000 08:07 2229104                    /usr/lib/x86_64-linux-gnu/libX11.so.6.3.0
7f36053ec000-7f36055ec000 ---p 00130000 08:07 2229104                    /usr/lib/x86_64-linux-gnu/libX11.so.6.3.0
7f36055ec000-7f36055ed000 r--p 00130000 08:07 2229104                    /usr/lib/x86_64-linux-gnu/libX11.so.6.3.0
7f36055ed000-7f36055f1000 rw-p 00131000 08:07 2229104                    /usr/lib/x86_64-linux-gnu/libX11.so.6.3.0
7f36055f1000-7f3605602000 r-xp 00000000 08:07 2233754                    /usr/lib/x86_64-linux-gnu/libXext.so.6.4.0
7f3605602000-7f3605801000 ---p 00011000 08:07 2233754                    /usr/lib/x86_64-linux-gnu/libXext.so.6.4.0
7f3605801000-7f3605802000 r--p 00010000 08:07 2233754                    /usr/lib/x86_64-linux-gnu/libXext.so.6.4.0
7f3605802000-7f3605803000 rw-p 00011000 08:07 2233754                    /usr/lib/x86_64-linux-gnu/libXext.so.6.4.0
7f3605803000-7f3605853000 r-xp 00000000 08:07 2230047                    /usr/lib/jvm/java-7-oracle/jre/lib/amd64/xawt/libmawt.so
7f3605853000-7f3605a53000 ---p 00050000 08:07 2230047                    /usr/lib/jvm/java-7-oracle/jre/lib/amd64/xawt/libmawt.so
7f3605a53000-7f3605a57000 rw-p 00050000 08:07 2230047                    /usr/lib/jvm/java-7-oracle/jre/lib/amd64/xawt/libmawt.so
7f3605a57000-7f3605a58000 rw-p 00000000 00:00 0 
7f3605a58000-7f3605afa000 r-xp 00000000 08:07 2237408                    /usr/lib/jvm/java-7-oracle/jre/lib/amd64/libawt.so
7f3605afa000-7f3605cfa000 ---p 000a2000 08:07 2237408                    /usr/lib/jvm/java-7-oracle/jre/lib/amd64/libawt.so
7f3605cfa000-7f3605d06000 rw-p 000a2000 08:07 2237408                    /usr/lib/jvm/java-7-oracle/jre/lib/amd64/libawt.so
7f3605d06000-7f3605d2a000 rw-p 00000000 00:00 0 
7f3605d2a000-7f3605d40000 r-xp 00000000 08:07 2494672                    /lib/x86_64-linux-gnu/libgcc_s.so.1
7f3605d40000-7f3605f3f000 ---p 00016000 08:07 2494672                    /lib/x86_64-linux-gnu/libgcc_s.so.1
7f3605f3f000-7f3605f40000 rw-p 00015000 08:07 2494672                    /lib/x86_64-linux-gnu/libgcc_s.so.1
7f3605f40000-7f3608000000 rw-p 00000000 00:00 0 
7f3608000000-7f3608021000 rw-p 00000000 00:00 0 
7f3608021000-7f360c000000 ---p 00000000 00:00 0 
7f360c01c000-7f360c102000 r-xp 00000000 08:07 2228396                    /usr/lib/x86_64-linux-gnu/libstdc++.so.6.0.19
7f360c102000-7f360c301000 ---p 000e6000 08:07 2228396                    /usr/lib/x86_64-linux-gnu/libstdc++.so.6.0.19
7f360c301000-7f360c309000 r--p 000e5000 08:07 2228396                    /usr/lib/x86_64-linux-gnu/libstdc++.so.6.0.19
7f360c309000-7f360c30b000 rw-p 000ed000 08:07 2228396                    /usr/lib/x86_64-linux-gnu/libstdc++.so.6.0.19
7f360c30b000-7f360c320000 rw-p 00000000 00:00 0 
7f360c320000-7f360c38f000 r-xp 00000000 08:07 1978306                    /tmp/libgdxpigmassacre/b4a54a2/libgdx64.so
7f360c38f000-7f360c58e000 ---p 0006f000 08:07 1978306                    /tmp/libgdxpigmassacre/b4a54a2/libgdx64.so
7f360c58e000-7f360c590000 r--p 0006e000 08:07 1978306                    /tmp/libgdxpigmassacre/b4a54a2/libgdx64.so
7f360c590000-7f360c591000 rw-p 00070000 08:07 1978306                    /tmp/libgdxpigmassacre/b4a54a2/libgdx64.so
7f360c591000-7f360c592000 rw-p 00000000 00:00 0 
7f360c592000-7f360c593000 ---p 00000000 00:00 0 
7f360c593000-7f360c693000 rw-p 00000000 00:00 0                          [stack:17682]
7f360c693000-7f360c696000 ---p 00000000 00:00 0 
7f360c696000-7f360c794000 rw-p 00000000 00:00 0                          [stack:17681]
7f360c794000-7f360c797000 ---p 00000000 00:00 0 
7f360c797000-7f360c895000 rw-p 00000000 00:00 0                          [stack:17680]
7f360c895000-7f360c898000 ---p 00000000 00:00 0 
7f360c898000-7f360c996000 rw-p 00000000 00:00 0                          [stack:17679]
7f360c996000-7f360c999000 ---p 00000000 00:00 0 
7f360c999000-7f360ca97000 rw-p 00000000 00:00 0                          [stack:17678]
7f360ca97000-7f360d000000 r--p 00000000 08:07 2245207                    /usr/lib/locale/locale-archive
7f360d000000-7f360d270000 rwxp 00000000 00:00 0 
7f360d270000-7f3610298000 rw-p 00000000 00:00 0 
7f3610298000-7f3614000000 ---p 00000000 00:00 0 
7f3614001000-7f361400b000 r--s 00250000 08:07 2242743                    /usr/lib/jvm/java-7-oracle/jre/lib/resources.jar
7f361400b000-7f361400c000 rw-s 00000000 00:04 180848                     /drm mm object (deleted)
7f361400c000-7f3614014000 rw-s 00000000 00:04 182025                     /drm mm object (deleted)
7f3614014000-7f361401c000 rw-s 00000000 00:04 182020                     /drm mm object (deleted)
7f361401c000-7f3614024000 rw-s 00000000 00:04 182016                     /drm mm object (deleted)
7f3614024000-7f3614027000 ---p 00000000 00:00 0 
7f3614027000-7f361405d000 rw-p 00000000 00:00 0                          [stack:17690]
7f361405d000-7f3614064000 r--s 00000000 08:07 12943                      /usr/lib/x86_64-linux-gnu/gconv/gconv-modules.cache
7f3614064000-7f3614067000 r--s 0000b000 08:05 116821                     /media/DATA/Programmering/Workspaces/mBreak-libGDX/mBreak/libs/tween-engine-api.jar
7f3614067000-7f361407d000 r--s 00156000 08:05 328530                     /media/DATA/Programmering/Workspaces/mBreak-libGDX/mBreak/libs/gdx.jar
7f361407d000-7f3614080000 ---p 00000000 00:00 0 
7f3614080000-7f361417e000 rw-p 00000000 00:00 0                          [stack:17677]
7f361417e000-7f3614181000 ---p 00000000 00:00 0 
7f3614181000-7f361427f000 rw-p 00000000 00:00 0                          [stack:17676]
7f361427f000-7f3614280000 ---p 00000000 00:00 0 
7f3614280000-7f361537f000 rw-p 00000000 00:00 0                          [stack:17675]
7f361537f000-7f361553b000 r--s 039b2000 08:07 2230026                    /usr/lib/jvm/java-7-oracle/jre/lib/rt.jar
7f361553b000-7f3615840000 rw-p 00000000 00:00 0 
7f3615840000-7f3615841000 ---p 00000000 00:00 0 
7f3615841000-7f3615941000 rw-p 00000000 00:00 0                          [stack:17674]
7f3615941000-7f3615942000 ---p 00000000 00:00 0 
7f3615942000-7f3615a42000 rw-p 00000000 00:00 0                          [stack:17673]
7f3615a42000-7f3615a43000 ---p 00000000 00:00 0 
7f3615a43000-7f3615b43000 rw-p 00000000 00:00 0                          [stack:17672]
7f3615b43000-7f3615b44000 ---p 00000000 00:00 0 
7f3615b44000-7f3615c4f000 rw-p 00000000 00:00 0                          [stack:17671]
7f3615c4f000-7f3615c50000 ---p 00000000 00:00 0 
7f3615c50000-7f3615c6d000 rw-p 00000000 00:00 0 
7f3615c6d000-7f3615ce1000 rw-p 00000000 00:00 0 
7f3615ce1000-7f3615daf000 rw-p 00000000 00:00 0 
7f3615daf000-7f3615dba000 rw-p 00000000 00:00 0 
7f3615dba000-7f3615dbb000 ---p 00000000 00:00 0 
7f3615dbb000-7f3615dd8000 rw-p 00000000 00:00 0 
7f3615dd8000-7f3615e4c000 rw-p 00000000 00:00 0 
7f3615e4c000-7f3615f1a000 rw-p 00000000 00:00 0 
7f3615f1a000-7f3615f6b000 rw-p 00000000 00:00 0 
7f3615f6b000-7f3615fbb000 rw-p 00000000 00:00 0 
7f3615fbb000-7f3615fbc000 rw-p 00000000 00:00 0 
7f3615fbc000-7f3615fd6000 r-xp 00000000 08:07 2237409                    /usr/lib/jvm/java-7-oracle/jre/lib/amd64/libzip.so
7f3615fd6000-7f36161d6000 ---p 0001a000 08:07 2237409                    /usr/lib/jvm/java-7-oracle/jre/lib/amd64/libzip.so
7f36161d6000-7f36161d7000 rw-p 0001a000 08:07 2237409                    /usr/lib/jvm/java-7-oracle/jre/lib/amd64/libzip.so
7f36161d7000-7f36161e2000 r-xp 00000000 08:07 2493098                    /lib/x86_64-linux-gnu/libnss_files-2.19.so
7f36161e2000-7f36163e1000 ---p 0000b000 08:07 2493098                    /lib/x86_64-linux-gnu/libnss_files-2.19.so
7f36163e1000-7f36163e2000 r--p 0000a000 08:07 2493098                    /lib/x86_64-linux-gnu/libnss_files-2.19.so
7f36163e2000-7f36163e3000 rw-p 0000b000 08:07 2493098                    /lib/x86_64-linux-gnu/libnss_files-2.19.so
7f36163e3000-7f36163ee000 r-xp 00000000 08:07 2493061                    /lib/x86_64-linux-gnu/libnss_nis-2.19.so
7f36163ee000-7f36165ed000 ---p 0000b000 08:07 2493061                    /lib/x86_64-linux-gnu/libnss_nis-2.19.so
7f36165ed000-7f36165ee000 r--p 0000a000 08:07 2493061                    /lib/x86_64-linux-gnu/libnss_nis-2.19.so
7f36165ee000-7f36165ef000 rw-p 0000b000 08:07 2493061                    /lib/x86_64-linux-gnu/libnss_nis-2.19.so
7f36165ef000-7f3616606000 r-xp 00000000 08:07 2493102                    /lib/x86_64-linux-gnu/libnsl-2.19.so
7f3616606000-7f3616805000 ---p 00017000 08:07 2493102                    /lib/x86_64-linux-gnu/libnsl-2.19.so
7f3616805000-7f3616806000 r--p 00016000 08:07 2493102                    /lib/x86_64-linux-gnu/libnsl-2.19.so
7f3616806000-7f3616807000 rw-p 00017000 08:07 2493102                    /lib/x86_64-linux-gnu/libnsl-2.19.so
7f3616807000-7f3616809000 rw-p 00000000 00:00 0 
7f3616809000-7f3616812000 r-xp 00000000 08:07 2493088                    /lib/x86_64-linux-gnu/libnss_compat-2.19.so
7f3616812000-7f3616a11000 ---p 00009000 08:07 2493088                    /lib/x86_64-linux-gnu/libnss_compat-2.19.so
7f3616a11000-7f3616a12000 r--p 00008000 08:07 2493088                    /lib/x86_64-linux-gnu/libnss_compat-2.19.so
7f3616a12000-7f3616a13000 rw-p 00009000 08:07 2493088                    /lib/x86_64-linux-gnu/libnss_compat-2.19.so
7f3616a13000-7f3616a3c000 r-xp 00000000 08:07 2230068                    /usr/lib/jvm/java-7-oracle/jre/lib/amd64/libjava.so
7f3616a3c000-7f3616c3c000 ---p 00029000 08:07 2230068                    /usr/lib/jvm/java-7-oracle/jre/lib/amd64/libjava.so
7f3616c3c000-7f3616c3e000 rw-p 00029000 08:07 2230068                    /usr/lib/jvm/java-7-oracle/jre/lib/amd64/libjava.so
7f3616c3e000-7f3616c4b000 r-xp 00000000 08:07 2230038                    /usr/lib/jvm/java-7-oracle/jre/lib/amd64/libverify.so
7f3616c4b000-7f3616e4a000 ---p 0000d000 08:07 2230038                    /usr/lib/jvm/java-7-oracle/jre/lib/amd64/libverify.so
7f3616e4a000-7f3616e4c000 rw-p 0000c000 08:07 2230038                    /usr/lib/jvm/java-7-oracle/jre/lib/amd64/libverify.so
7f3616e4c000-7f3616e53000 r-xp 00000000 08:07 2493094                    /lib/x86_64-linux-gnu/librt-2.19.so
7f3616e53000-7f3617052000 ---p 00007000 08:07 2493094                    /lib/x86_64-linux-gnu/librt-2.19.so
7f3617052000-7f3617053000 r--p 00006000 08:07 2493094                    /lib/x86_64-linux-gnu/librt-2.19.so
7f3617053000-7f3617054000 rw-p 00007000 08:07 2493094                    /lib/x86_64-linux-gnu/librt-2.19.so
7f3617054000-7f3617159000 r-xp 00000000 08:07 2493096                    /lib/x86_64-linux-gnu/libm-2.19.so
7f3617159000-7f3617358000 ---p 00105000 08:07 2493096                    /lib/x86_64-linux-gnu/libm-2.19.so
7f3617358000-7f3617359000 r--p 00104000 08:07 2493096                    /lib/x86_64-linux-gnu/libm-2.19.so
7f3617359000-7f361735a000 rw-p 00105000 08:07 2493096                    /lib/x86_64-linux-gnu/libm-2.19.so
7f361735a000-7f3617ebc000 r-xp 00000000 08:07 2238366                    /usr/lib/jvm/java-7-oracle/jre/lib/amd64/server/libjvm.so
7f3617ebc000-7f36180bc000 ---p 00b62000 08:07 2238366                    /usr/lib/jvm/java-7-oracle/jre/lib/amd64/server/libjvm.so
7f36180bc000-7f361817f000 rw-p 00b62000 08:07 2238366                    /usr/lib/jvm/java-7-oracle/jre/lib/amd64/server/libjvm.so
7f361817f000-7f36181c0000 rw-p 00000000 00:00 0 
7f36181c0000-7f361837c000 r-xp 00000000 08:07 2493104                    /lib/x86_64-linux-gnu/libc-2.19.so
7f361837c000-7f361857b000 ---p 001bc000 08:07 2493104                    /lib/x86_64-linux-gnu/libc-2.19.so
7f361857b000-7f361857f000 r--p 001bb000 08:07 2493104                    /lib/x86_64-linux-gnu/libc-2.19.so
7f361857f000-7f3618581000 rw-p 001bf000 08:07 2493104                    /lib/x86_64-linux-gnu/libc-2.19.so
7f3618581000-7f3618586000 rw-p 00000000 00:00 0 
7f3618586000-7f3618589000 r-xp 00000000 08:07 2493082                    /lib/x86_64-linux-gnu/libdl-2.19.so
7f3618589000-7f3618788000 ---p 00003000 08:07 2493082                    /lib/x86_64-linux-gnu/libdl-2.19.so
7f3618788000-7f3618789000 r--p 00002000 08:07 2493082                    /lib/x86_64-linux-gnu/libdl-2.19.so
7f3618789000-7f361878a000 rw-p 00003000 08:07 2493082                    /lib/x86_64-linux-gnu/libdl-2.19.so
7f361878a000-7f36187a0000 r-xp 00000000 08:07 142021                     /usr/lib/jvm/java-7-oracle/lib/amd64/jli/libjli.so
7f36187a0000-7f36189a0000 ---p 00016000 08:07 142021                     /usr/lib/jvm/java-7-oracle/lib/amd64/jli/libjli.so
7f36189a0000-7f36189a1000 rw-p 00016000 08:07 142021                     /usr/lib/jvm/java-7-oracle/lib/amd64/jli/libjli.so
7f36189a1000-7f36189ba000 r-xp 00000000 08:07 2493106                    /lib/x86_64-linux-gnu/libpthread-2.19.so
7f36189ba000-7f3618bb9000 ---p 00019000 08:07 2493106                    /lib/x86_64-linux-gnu/libpthread-2.19.so
7f3618bb9000-7f3618bba000 r--p 00018000 08:07 2493106                    /lib/x86_64-linux-gnu/libpthread-2.19.so
7f3618bba000-7f3618bbb000 rw-p 00019000 08:07 2493106                    /lib/x86_64-linux-gnu/libpthread-2.19.so
7f3618bbb000-7f3618bbf000 rw-p 00000000 00:00 0 
7f3618bbf000-7f3618be2000 r-xp 00000000 08:07 2493080                    /lib/x86_64-linux-gnu/ld-2.19.so
7f3618be2000-7f3618be3000 rw-s 00000000 00:04 182024                     /drm mm object (deleted)
7f3618be3000-7f3618be4000 rwxp 00000000 00:00 0 
7f3618be4000-7f3618be6000 r--s 00006000 08:05 105405                     /media/DATA/Programmering/Workspaces/mBreak-libGDX/mBreak/libs/tween-engine-api-sources.jar
7f3618be6000-7f3618bf7000 r--s 0012b000 08:05 328562                     /media/DATA/Programmering/Workspaces/mBreak-libGDX/mBreak-desktop/libs/gdx-backend-lwjgl.jar
7f3618bf7000-7f3618c01000 rw-p 00000000 00:00 0 
7f3618c01000-7f3618cb7000 rw-p 00000000 00:00 0 
7f3618cb7000-7f3618cba000 ---p 00000000 00:00 0 
7f3618cba000-7f3618dbc000 rw-p 00000000 00:00 0                          [stack:17670]
7f3618dbc000-7f3618dbd000 rw-s 00000000 00:04 182017                     /drm mm object (deleted)
7f3618dbd000-7f3618dbe000 r--s 00127000 08:05 328561                     /media/DATA/Programmering/Workspaces/mBreak-libGDX/mBreak-desktop/libs/gdx-natives.jar
7f3618dbe000-7f3618dc0000 r--s 001a1000 08:05 328563                     /media/DATA/Programmering/Workspaces/mBreak-libGDX/mBreak-desktop/libs/gdx-backend-lwjgl-natives.jar
7f3618dc0000-7f3618dd5000 rw-p 00000000 00:00 0 
7f3618dd5000-7f3618ddd000 rw-s 00000000 08:07 1994920                    /tmp/hsperfdata_pigmassacre/17665
7f3618ddd000-7f3618dde000 rw-p 00000000 00:00 0 
7f3618dde000-7f3618ddf000 r--p 00000000 00:00 0 
7f3618ddf000-7f3618de1000 rw-p 00000000 00:00 0 
7f3618de1000-7f3618de2000 r--p 00022000 08:07 2493080                    /lib/x86_64-linux-gnu/ld-2.19.so
7f3618de2000-7f3618de3000 rw-p 00023000 08:07 2493080                    /lib/x86_64-linux-gnu/ld-2.19.so
7f3618de3000-7f3618de4000 rw-p 00000000 00:00 0 
7fffa645a000-7fffa647b000 rw-p 00000000 00:00 0                          [stack]
7fffa6580000-7fffa6582000 r-xp 00000000 00:00 0                          [vdso]
ffffffffff600000-ffffffffff601000 r-xp 00000000 00:00 0                  [vsyscall]

VM Arguments:
jvm_args: -Dfile.encoding=UTF-8 
java_command: com.pigmassacre.mbreak.DesktopGame
Launcher Type: SUN_STANDARD

Environment Variables:
PATH=/usr/local/sbin:/usr/local/bin:/usr/sbin:/usr/bin:/sbin:/bin:/usr/games:/usr/local/games:/home/pigmassacre/Downloads/jr/bin:/usr/bin/perl:/usr/bin/javac:/usr/bin/java:/home/pigmassacre/IDEA/idea/bin
SHELL=/bin/bash
DISPLAY=:0

Signal Handlers:
SIGSEGV: [libjvm.so+0x9935b0], sa_mask[0]=0x7ffbfeff, sa_flags=0x10000004
SIGBUS: [libjvm.so+0x9935b0], sa_mask[0]=0x7ffbfeff, sa_flags=0x10000004
SIGFPE: [libjvm.so+0x810330], sa_mask[0]=0x7ffbfeff, sa_flags=0x10000004
SIGPIPE: [libjvm.so+0x810330], sa_mask[0]=0x7ffbfeff, sa_flags=0x10000004
SIGXFSZ: [libjvm.so+0x810330], sa_mask[0]=0x7ffbfeff, sa_flags=0x10000004
SIGILL: [libjvm.so+0x810330], sa_mask[0]=0x7ffbfeff, sa_flags=0x10000004
SIGUSR1: SIG_DFL, sa_mask[0]=0x00000000, sa_flags=0x00000000
SIGUSR2: [libjvm.so+0x811820], sa_mask[0]=0x00000004, sa_flags=0x10000004
SIGHUP: [libjvm.so+0x812790], sa_mask[0]=0x7ffbfeff, sa_flags=0x10000004
SIGINT: [libjvm.so+0x812790], sa_mask[0]=0x7ffbfeff, sa_flags=0x10000004
SIGTERM: [libjvm.so+0x812790], sa_mask[0]=0x7ffbfeff, sa_flags=0x10000004
SIGQUIT: [libjvm.so+0x812790], sa_mask[0]=0x7ffbfeff, sa_flags=0x10000004


---------------  S Y S T E M  ---------------

OS:jessie/sid

uname:Linux 3.13.0-32-generic #57-Ubuntu SMP Tue Jul 15 03:51:08 UTC 2014 x86_64
libc:glibc 2.19 NPTL 2.19 
rlimit: STACK 8192k, CORE 0k, NPROC 30730, NOFILE 4096, AS infinity
load average:1,54 1,50 2,11

/proc/meminfo:
MemTotal:        3955100 kB
MemFree:          117064 kB
Buffers:           84416 kB
Cached:          1216276 kB
SwapCached:         2796 kB
Active:          2019452 kB
Inactive:        1487720 kB
Active(anon):    1647908 kB
Inactive(anon):   916328 kB
Active(file):     371544 kB
Inactive(file):   571392 kB
Unevictable:         272 kB
Mlocked:             272 kB
SwapTotal:       4101116 kB
SwapFree:        4060152 kB
Dirty:              2204 kB
Writeback:             0 kB
AnonPages:       2204364 kB
Mapped:           287500 kB
Shmem:            357280 kB
Slab:             204968 kB
SReclaimable:     161700 kB
SUnreclaim:        43268 kB
KernelStack:        5440 kB
PageTables:        48488 kB
NFS_Unstable:          0 kB
Bounce:                0 kB
WritebackTmp:          0 kB
CommitLimit:     6078664 kB
Committed_AS:    7091088 kB
VmallocTotal:   34359738367 kB
VmallocUsed:      348980 kB
VmallocChunk:   34359381980 kB
HardwareCorrupted:     0 kB
AnonHugePages:    628736 kB
HugePages_Total:       0
HugePages_Free:        0
HugePages_Rsvd:        0
HugePages_Surp:        0
Hugepagesize:       2048 kB
DirectMap4k:       78932 kB
DirectMap2M:     4024320 kB


CPU:total 4 (2 cores per cpu, 2 threads per core) family 6 model 42 stepping 7, cmov, cx8, fxsr, mmx, sse, sse2, sse3, ssse3, sse4.1, sse4.2, popcnt, avx, ht, tsc, tscinvbit

/proc/cpuinfo:
processor	: 0
vendor_id	: GenuineIntel
cpu family	: 6
model		: 42
model name	: Intel(R) Core(TM) i5-2410M CPU @ 2.30GHz
stepping	: 7
microcode	: 0x14
cpu MHz		: 2301.000
cache size	: 3072 KB
physical id	: 0
siblings	: 4
core id		: 0
cpu cores	: 2
apicid		: 0
initial apicid	: 0
fpu		: yes
fpu_exception	: yes
cpuid level	: 13
wp		: yes
flags		: fpu vme de pse tsc msr pae mce cx8 apic sep mtrr pge mca cmov pat pse36 clflush dts acpi mmx fxsr sse sse2 ss ht tm pbe syscall nx rdtscp lm constant_tsc arch_perfmon pebs bts rep_good nopl xtopology nonstop_tsc aperfmperf eagerfpu pni pclmulqdq dtes64 monitor ds_cpl vmx est tm2 ssse3 cx16 xtpr pdcm pcid sse4_1 sse4_2 x2apic popcnt tsc_deadline_timer xsave avx lahf_lm ida arat epb xsaveopt pln pts dtherm tpr_shadow vnmi flexpriority ept vpid
bogomips	: 4589.84
clflush size	: 64
cache_alignment	: 64
address sizes	: 36 bits physical, 48 bits virtual
power management:

processor	: 1
vendor_id	: GenuineIntel
cpu family	: 6
model		: 42
model name	: Intel(R) Core(TM) i5-2410M CPU @ 2.30GHz
stepping	: 7
microcode	: 0x14
cpu MHz		: 2300.000
cache size	: 3072 KB
physical id	: 0
siblings	: 4
core id		: 1
cpu cores	: 2
apicid		: 2
initial apicid	: 2
fpu		: yes
fpu_exception	: yes
cpuid level	: 13
wp		: yes
flags		: fpu vme de pse tsc msr pae mce cx8 apic sep mtrr pge mca cmov pat pse36 clflush dts acpi mmx fxsr sse sse2 ss ht tm pbe syscall nx rdtscp lm constant_tsc arch_perfmon pebs bts rep_good nopl xtopology nonstop_tsc aperfmperf eagerfpu pni pclmulqdq dtes64 monitor ds_cpl vmx est tm2 ssse3 cx16 xtpr pdcm pcid sse4_1 sse4_2 x2apic popcnt tsc_deadline_timer xsave avx lahf_lm ida arat epb xsaveopt pln pts dtherm tpr_shadow vnmi flexpriority ept vpid
bogomips	: 4589.84
clflush size	: 64
cache_alignment	: 64
address sizes	: 36 bits physical, 48 bits virtual
power management:

processor	: 2
vendor_id	: GenuineIntel
cpu family	: 6
model		: 42
model name	: Intel(R) Core(TM) i5-2410M CPU @ 2.30GHz
stepping	: 7
microcode	: 0x14
cpu MHz		: 2301.000
cache size	: 3072 KB
physical id	: 0
siblings	: 4
core id		: 0
cpu cores	: 2
apicid		: 1
initial apicid	: 1
fpu		: yes
fpu_exception	: yes
cpuid level	: 13
wp		: yes
flags		: fpu vme de pse tsc msr pae mce cx8 apic sep mtrr pge mca cmov pat pse36 clflush dts acpi mmx fxsr sse sse2 ss ht tm pbe syscall nx rdtscp lm constant_tsc arch_perfmon pebs bts rep_good nopl xtopology nonstop_tsc aperfmperf eagerfpu pni pclmulqdq dtes64 monitor ds_cpl vmx est tm2 ssse3 cx16 xtpr pdcm pcid sse4_1 sse4_2 x2apic popcnt tsc_deadline_timer xsave avx lahf_lm ida arat epb xsaveopt pln pts dtherm tpr_shadow vnmi flexpriority ept vpid
bogomips	: 4589.84
clflush size	: 64
cache_alignment	: 64
address sizes	: 36 bits physical, 48 bits virtual
power management:

processor	: 3
vendor_id	: GenuineIntel
cpu family	: 6
model		: 42
model name	: Intel(R) Core(TM) i5-2410M CPU @ 2.30GHz
stepping	: 7
microcode	: 0x14
cpu MHz		: 2301.000
cache size	: 3072 KB
physical id	: 0
siblings	: 4
core id		: 1
cpu cores	: 2
apicid		: 3
initial apicid	: 3
fpu		: yes
fpu_exception	: yes
cpuid level	: 13
wp		: yes
flags		: fpu vme de pse tsc msr pae mce cx8 apic sep mtrr pge mca cmov pat pse36 clflush dts acpi mmx fxsr sse sse2 ss ht tm pbe syscall nx rdtscp lm constant_tsc arch_perfmon pebs bts rep_good nopl xtopology nonstop_tsc aperfmperf eagerfpu pni pclmulqdq dtes64 monitor ds_cpl vmx est tm2 ssse3 cx16 xtpr pdcm pcid sse4_1 sse4_2 x2apic popcnt tsc_deadline_timer xsave avx lahf_lm ida arat epb xsaveopt pln pts dtherm tpr_shadow vnmi flexpriority ept vpid
bogomips	: 4589.84
clflush size	: 64
cache_alignment	: 64
address sizes	: 36 bits physical, 48 bits virtual
power management:



Memory: 4k page, physical 3955100k(116872k free), swap 4101116k(4060152k free)

vm_info: Java HotSpot(TM) 64-Bit Server VM (24.45-b08) for linux-amd64 JRE (1.7.0_45-b18), built on Oct  8 2013 05:44:25 by "java_re" with gcc 4.3.0 20080428 (Red Hat 4.3.0-8)

time: Tue Aug  5 16:26:50 2014
elapsed time: 14 seconds

