#
# A fatal error has been detected by the Java Runtime Environment:
#
#  SIGBUS (0x7) at pc=0x00007f95b3bcb740, pid=14448, tid=140281686148864
#
# JRE version: Java(TM) SE Runtime Environment (7.0_45-b18) (build 1.7.0_45-b18)
# Java VM: Java HotSpot(TM) 64-Bit Server VM (24.45-b08 mixed mode linux-amd64 compressed oops)
# Problematic frame:
# 
[error occurred during error reporting (printing problematic frame), id 0x7]

# Failed to write core dump. Core dumps have been disabled. To enable core dumping, try "ulimit -c unlimited" before starting Java again
#
# If you would like to submit a bug report, please visit:
#   http://bugreport.sun.com/bugreport/crash.jsp
#

---------------  T H R E A D  ---------------

Current thread is native thread

siginfo:si_signo=SIGBUS: si_errno=0, si_code=2 (BUS_ADRERR), si_addr=0x00007f95b3bcb740

Registers:
RAX=0x0000000000000000, RBX=0x00007f95e0123e70, RCX=0xffffffffffffffff, RDX=0x0000000000000000
RSP=0x00007f95e0123e60, RBP=0x00007f95f41ca550, RSI=0x00007f95e0123e60, RDI=0x0000000000000000
R8 =0x00007f95f41cdbd0, R9 =0x0000000000000001, R10=0x00007f95f41d2254, R11=0x0000000000000000
R12=0x0000000000000000, R13=0x00007f95f41d2230, R14=0x0000000000000008, R15=0x00007f95e0123ec8
RIP=0x00007f95b3bcb740, EFLAGS=0x0000000000010217, CSGSFS=0x0000000000000033, ERR=0x0000000000000014
  TRAPNO=0x000000000000000e

Top of Stack: (sp=0x00007f95e0123e60)
0x00007f95e0123e60:   00007f95f41d1d10 00007f95b352b1fe
0x00007f95e0123e70:   0000000000000000 00000000000f4240
0x00007f95e0123e80:   00007f95f41d2230 0000000000001ef8
0x00007f95e0123e90:   00007f95f41ca550 00007f95b3bd75d3
0x00007f95e0123ea0:   0000000000000000 00007f95e0123ec0
0x00007f95e0123eb0:   0000000000002000 00000000000071a0
0x00007f95e0123ec0:   00007f95a804f040 0000000000002000
0x00007f95e0123ed0:   0000000000000000 00007f95f41d0f30
0x00007f95e0123ee0:   0000000000000000 0000000000000000
0x00007f95e0123ef0:   0000000000000000 00007f95e01249c0
0x00007f95e0123f00:   00007f95e0124700 00007f95b3bca73a
0x00007f95e0123f10:   00007f95e0124700 00007f95fd195182
0x00007f95e0123f20:   0000000000000000 00007f95e0124700
0x00007f95e0123f30:   00007f95e0124700 3b327d55842453ef
0x00007f95e0123f40:   0000000000000000 0000000000000000
0x00007f95e0123f50:   00007f95e01249c0 00007f95e0124700
0x00007f95e0123f60:   c419bd71fa6453ef c419876726be53ef
0x00007f95e0123f70:   0000000000000000 0000000000000000
0x00007f95e0123f80:   0000000000000000 0000000000000000
0x00007f95e0123f90:   0000000000000000 0000000000000000
0x00007f95e0123fa0:   0000000000000000 0000000000000000
0x00007f95e0123fb0:   00007f95e0124700 00007f95fcaa738d
0x00007f95e0123fc0:   0000000000000000 0000000000000000
0x00007f95e0123fd0:   0000000000000000 0000000000000000
0x00007f95e0123fe0:   0000000000000000 0000000000000000
0x00007f95e0123ff0:   0000000000000000 0000000000000000
0x00007f95e0124000:   0000000000000000 0000000000000000
0x00007f95e0124010:   0000000000000000 0000000000000000
0x00007f95e0124020:   0000000000000000 0000000000000000
0x00007f95e0124030:   0000000000000000 0000000000000000
0x00007f95e0124040:   0000000000000000 0000000000000000
0x00007f95e0124050:   0000000000000000 0000000000000000 

Instructions: (pc=0x00007f95b3bcb740)
0x00007f95b3bcb720:   
[error occurred during error reporting (printing registers, top of stack, instructions near pc), id 0x7]

Register to memory mapping:

RAX=0x0000000000000000 is an unknown value
RBX=0x00007f95e0123e70 is an unknown value
RCX=0xffffffffffffffff is an unknown value
RDX=0x0000000000000000 is an unknown value
RSP=0x00007f95e0123e60 is an unknown value
RBP=0x00007f95f41ca550 is an unknown value
RSI=0x00007f95e0123e60 is an unknown value
RDI=0x0000000000000000 is an unknown value
R8 =0x00007f95f41cdbd0 is an unknown value
R9 =0x0000000000000001 is an unknown value
R10=0x00007f95f41d2254 is an unknown value
R11=0x0000000000000000 is an unknown value
R12=0x0000000000000000 is an unknown value
R13=0x00007f95f41d2230 is an unknown value
R14=0x0000000000000008 is an unknown value
R15=0x00007f95e0123ec8 is an unknown value


Stack: [0x00007f95e0024000,0x00007f95e0125000],  sp=0x00007f95e0123e60,  free space=1023k
Native frames: (J=compiled Java code, j=interpreted, Vv=VM code, C=native code)

[error occurred during error reporting (printing native stack), id 0x7]


---------------  P R O C E S S  ---------------

VM state:not at safepoint (normal execution)

VM Mutex/Monitor currently owned by a thread: None

Heap
 PSYoungGen      total 61440K, used 33226K [0x00000000ebe00000, 0x00000000f3480000, 0x0000000100000000)
  eden space 4608K, 30% used [0x00000000ebe00000,0x00000000ebf5a810,0x00000000ec280000)
  from space 56832K, 56% used [0x00000000efd00000,0x00000000f1c18000,0x00000000f3480000)
  to   space 58368K, 0% used [0x00000000ec280000,0x00000000ec280000,0x00000000efb80000)
 ParOldGen       total 351232K, used 272427K [0x00000000c3a00000, 0x00000000d9100000, 0x00000000ebe00000)
  object space 351232K, 77% used [0x00000000c3a00000,0x00000000d440ad78,0x00000000d9100000)
 PSPermGen       total 21504K, used 10163K [0x00000000be800000, 0x00000000bfd00000, 0x00000000c3a00000)
  object space 21504K, 47% used [0x00000000be800000,0x00000000bf1ecd88,0x00000000bfd00000)

Card table byte_map: [0x00007f95fa59b000,0x00007f95fa7a8000] byte_map_base: 0x00007f95f9fa7000

Polling page: 0x00007f95fd5ca000

Code Cache  [0x00007f95f1000000, 0x00007f95f1270000, 0x00007f95f4000000)
 total_blobs=648 nmethods=135 adapters=467 free_code_cache=48338Kb largest_free_block=49474176

Compilation events (10 events):
Event: 1,776 Thread 0x00007f95f4095000 nmethod 131 0x00007f95f10c9410 code [0x00007f95f10c9580, 0x00007f95f10c9698]
Event: 1,776 Thread 0x00007f95f4095000  132             com.badlogic.gdx.graphics.Color::set (26 bytes)
Event: 1,777 Thread 0x00007f95f4092000 nmethod 121 0x00007f95f10c4450 code [0x00007f95f10c4600, 0x00007f95f10c4c78]
Event: 1,777 Thread 0x00007f95f4092000  133             com.pigmassacre.mbreak.gui.Blinder$BlinderPart::<init> (15 bytes)
Event: 1,777 Thread 0x00007f95f4095000 nmethod 132 0x00007f95f10c8450 code [0x00007f95f10c85c0, 0x00007f95f10c8698]
Event: 1,777 Thread 0x00007f95f4095000  134             com.pigmassacre.mbreak.gui.Blinder$1::<init> (10 bytes)
Event: 1,777 Thread 0x00007f95f4095000 nmethod 134 0x00007f95f10c3190 code [0x00007f95f10c32c0, 0x00007f95f10c3338]
Event: 1,777 Thread 0x00007f95f4092000 nmethod 133 0x00007f95f10cc610 code [0x00007f95f10cc760, 0x00007f95f10cc808]
Event: 1,794 Thread 0x00007f95f4095000  135 %           com.pigmassacre.mbreak.gui.Blinder::setup @ 24 (205 bytes)
Event: 1,817 Thread 0x00007f95f4095000 nmethod 135% 0x00007f95f10cf550 code [0x00007f95f10cf7e0, 0x00007f95f10d0650]

GC Heap History (10 events):
Event: 38,700 GC heap before
{Heap before GC invocations=52 (full 4):
 PSYoungGen      total 37376K, used 36960K [0x00000000ebe00000, 0x00000000f4380000, 0x0000000100000000)
  eden space 3072K, 100% used [0x00000000ebe00000,0x00000000ec100000,0x00000000ec100000)
  from space 34304K, 98% used [0x00000000ec100000,0x00000000ee218000,0x00000000ee280000)
  to   space 66560K, 0% used [0x00000000f0280000,0x00000000f0280000,0x00000000f4380000)
 ParOldGen       total 351232K, used 251803K [0x00000000c3a00000, 0x00000000d9100000, 0x00000000ebe00000)
  object space 351232K, 71% used [0x00000000c3a00000,0x00000000d2fe6d78,0x00000000d9100000)
 PSPermGen       total 21504K, used 10163K [0x00000000be800000, 0x00000000bfd00000, 0x00000000c3a00000)
  object space 21504K, 47% used [0x00000000be800000,0x00000000bf1ecd88,0x00000000bfd00000)
Event: 38,744 GC heap after
Heap after GC invocations=52 (full 4):
 PSYoungGen      total 66048K, used 32864K [0x00000000ebe00000, 0x00000000f3f80000, 0x0000000100000000)
  eden space 3584K, 0% used [0x00000000ebe00000,0x00000000ebe00000,0x00000000ec180000)
  from space 62464K, 52% used [0x00000000f0280000,0x00000000f2298000,0x00000000f3f80000)
  to   space 64512K, 0% used [0x00000000ec180000,0x00000000ec180000,0x00000000f0080000)
 ParOldGen       total 351232K, used 255923K [0x00000000c3a00000, 0x00000000d9100000, 0x00000000ebe00000)
  object space 351232K, 72% used [0x00000000c3a00000,0x00000000d33ecd78,0x00000000d9100000)
 PSPermGen       total 21504K, used 10163K [0x00000000be800000, 0x00000000bfd00000, 0x00000000c3a00000)
  object space 21504K, 47% used [0x00000000be800000,0x00000000bf1ecd88,0x00000000bfd00000)
}
Event: 39,554 GC heap before
{Heap before GC invocations=53 (full 4):
 PSYoungGen      total 66048K, used 36448K [0x00000000ebe00000, 0x00000000f3f80000, 0x0000000100000000)
  eden space 3584K, 100% used [0x00000000ebe00000,0x00000000ec180000,0x00000000ec180000)
  from space 62464K, 52% used [0x00000000f0280000,0x00000000f2298000,0x00000000f3f80000)
  to   space 64512K, 0% used [0x00000000ec180000,0x00000000ec180000,0x00000000f0080000)
 ParOldGen       total 351232K, used 255923K [0x00000000c3a00000, 0x00000000d9100000, 0x00000000ebe00000)
  object space 351232K, 72% used [0x00000000c3a00000,0x00000000d33ecd78,0x00000000d9100000)
 PSPermGen       total 21504K, used 10163K [0x00000000be800000, 0x00000000bfd00000, 0x00000000c3a00000)
  object space 21504K, 47% used [0x00000000be800000,0x00000000bf1ecd88,0x00000000bfd00000)
Event: 39,591 GC heap after
Heap after GC invocations=53 (full 4):
 PSYoungGen      total 36352K, used 32352K [0x00000000ebe00000, 0x00000000f3d00000, 0x0000000100000000)
  eden space 3584K, 0% used [0x00000000ebe00000,0x00000000ebe00000,0x00000000ec180000)
  from space 32768K, 98% used [0x00000000ec180000,0x00000000ee118000,0x00000000ee180000)
  to   space 62976K, 0% used [0x00000000eff80000,0x00000000eff80000,0x00000000f3d00000)
 ParOldGen       total 351232K, used 260043K [0x00000000c3a00000, 0x00000000d9100000, 0x00000000ebe00000)
  object space 351232K, 74% used [0x00000000c3a00000,0x00000000d37f2d78,0x00000000d9100000)
 PSPermGen       total 21504K, used 10163K [0x00000000be800000, 0x00000000bfd00000, 0x00000000c3a00000)
  object space 21504K, 47% used [0x00000000be800000,0x00000000bf1ecd88,0x00000000bfd00000)
}
Event: 40,382 GC heap before
{Heap before GC invocations=54 (full 4):
 PSYoungGen      total 36352K, used 35936K [0x00000000ebe00000, 0x00000000f3d00000, 0x0000000100000000)
  eden space 3584K, 100% used [0x00000000ebe00000,0x00000000ec180000,0x00000000ec180000)
  from space 32768K, 98% used [0x00000000ec180000,0x00000000ee118000,0x00000000ee180000)
  to   space 62976K, 0% used [0x00000000eff80000,0x00000000eff80000,0x00000000f3d00000)
 ParOldGen       total 351232K, used 260043K [0x00000000c3a00000, 0x00000000d9100000, 0x00000000ebe00000)
  object space 351232K, 74% used [0x00000000c3a00000,0x00000000d37f2d78,0x00000000d9100000)
 PSPermGen       total 21504K, used 10163K [0x00000000be800000, 0x00000000bfd00000, 0x00000000c3a00000)
  object space 21504K, 47% used [0x00000000be800000,0x00000000bf1ecd88,0x00000000bfd00000)
Event: 40,442 GC heap after
Heap after GC invocations=54 (full 4):
 PSYoungGen      total 64000K, used 31328K [0x00000000ebe00000, 0x00000000f3a00000, 0x0000000100000000)
  eden space 4096K, 0% used [0x00000000ebe00000,0x00000000ebe00000,0x00000000ec200000)
  from space 59904K, 52% used [0x00000000eff80000,0x00000000f1e18000,0x00000000f3a00000)
  to   space 61440K, 0% used [0x00000000ec200000,0x00000000ec200000,0x00000000efe00000)
 ParOldGen       total 351232K, used 264691K [0x00000000c3a00000, 0x00000000d9100000, 0x00000000ebe00000)
  object space 351232K, 75% used [0x00000000c3a00000,0x00000000d3c7cd78,0x00000000d9100000)
 PSPermGen       total 21504K, used 10163K [0x00000000be800000, 0x00000000bfd00000, 0x00000000c3a00000)
  object space 21504K, 47% used [0x00000000be800000,0x00000000bf1ecd88,0x00000000bfd00000)
}
Event: 41,511 GC heap before
{Heap before GC invocations=55 (full 4):
 PSYoungGen      total 64000K, used 35424K [0x00000000ebe00000, 0x00000000f3a00000, 0x0000000100000000)
  eden space 4096K, 100% used [0x00000000ebe00000,0x00000000ec200000,0x00000000ec200000)
  from space 59904K, 52% used [0x00000000eff80000,0x00000000f1e18000,0x00000000f3a00000)
  to   space 61440K, 0% used [0x00000000ec200000,0x00000000ec200000,0x00000000efe00000)
 ParOldGen       total 351232K, used 264691K [0x00000000c3a00000, 0x00000000d9100000, 0x00000000ebe00000)
  object space 351232K, 75% used [0x00000000c3a00000,0x00000000d3c7cd78,0x00000000d9100000)
 PSPermGen       total 21504K, used 10163K [0x00000000be800000, 0x00000000bfd00000, 0x00000000c3a00000)
  object space 21504K, 47% used [0x00000000be800000,0x00000000bf1ecd88,0x00000000bfd00000)
Event: 41,563 GC heap after
Heap after GC invocations=55 (full 4):
 PSYoungGen      total 35328K, used 30816K [0x00000000ebe00000, 0x00000000f3780000, 0x0000000100000000)
  eden space 4096K, 0% used [0x00000000ebe00000,0x00000000ebe00000,0x00000000ec200000)
  from space 31232K, 98% used [0x00000000ec200000,0x00000000ee018000,0x00000000ee080000)
  to   space 59904K, 0% used [0x00000000efd00000,0x00000000efd00000,0x00000000f3780000)
 ParOldGen       total 351232K, used 269339K [0x00000000c3a00000, 0x00000000d9100000, 0x00000000ebe00000)
  object space 351232K, 76% used [0x00000000c3a00000,0x00000000d4106d78,0x00000000d9100000)
 PSPermGen       total 21504K, used 10163K [0x00000000be800000, 0x00000000bfd00000, 0x00000000c3a00000)
  object space 21504K, 47% used [0x00000000be800000,0x00000000bf1ecd88,0x00000000bfd00000)
}
Event: 42,731 GC heap before
{Heap before GC invocations=56 (full 4):
 PSYoungGen      total 35328K, used 34912K [0x00000000ebe00000, 0x00000000f3780000, 0x0000000100000000)
  eden space 4096K, 100% used [0x00000000ebe00000,0x00000000ec200000,0x00000000ec200000)
  from space 31232K, 98% used [0x00000000ec200000,0x00000000ee018000,0x00000000ee080000)
  to   space 59904K, 0% used [0x00000000efd00000,0x00000000efd00000,0x00000000f3780000)
 ParOldGen       total 351232K, used 269339K [0x00000000c3a00000, 0x00000000d9100000, 0x00000000ebe00000)
  object space 351232K, 76% used [0x00000000c3a00000,0x00000000d4106d78,0x00000000d9100000)
 PSPermGen       total 21504K, used 10163K [0x00000000be800000, 0x00000000bfd00000, 0x00000000c3a00000)
  object space 21504K, 47% used [0x00000000be800000,0x00000000bf1ecd88,0x00000000bfd00000)
Event: 42,796 GC heap after
Heap after GC invocations=56 (full 4):
 PSYoungGen      total 61440K, used 31840K [0x00000000ebe00000, 0x00000000f3480000, 0x0000000100000000)
  eden space 4608K, 0% used [0x00000000ebe00000,0x00000000ebe00000,0x00000000ec280000)
  from space 56832K, 56% used [0x00000000efd00000,0x00000000f1c18000,0x00000000f3480000)
  to   space 58368K, 0% used [0x00000000ec280000,0x00000000ec280000,0x00000000efb80000)
 ParOldGen       total 351232K, used 272427K [0x00000000c3a00000, 0x00000000d9100000, 0x00000000ebe00000)
  object space 351232K, 77% used [0x00000000c3a00000,0x00000000d440ad78,0x00000000d9100000)
 PSPermGen       total 21504K, used 10163K [0x00000000be800000, 0x00000000bfd00000, 0x00000000c3a00000)
  object space 21504K, 47% used [0x00000000be800000,0x00000000bf1ecd88,0x00000000bfd00000)
}

Deoptimization events (5 events):
Event: 1,014 Thread 0x00007f95f425b000 Uncommon trap: reason=unreached action=reinterpret pc=0x00007f95f109664c method=com.badlogic.gdx.assets.AssetLoadingTask.update()Z @ 35
Event: 1,109 Thread 0x00007f95f425b000 Uncommon trap: reason=unreached action=reinterpret pc=0x00007f95f10a12ac method=com.badlogic.gdx.assets.AssetLoadingTask.update()Z @ 35
Event: 1,133 Thread 0x00007f95f425b000 Uncommon trap: reason=unreached action=reinterpret pc=0x00007f95f109de30 method=com.badlogic.gdx.assets.AssetLoadingTask.update()Z @ 17
Event: 1,304 Thread 0x00007f959877d800 Uncommon trap: reason=unreached action=reinterpret pc=0x00007f95f109f45c method=com.jcraft.jogg.StreamState.init(I)V @ 86
Event: 1,327 Thread 0x00007f95f425b000 Uncommon trap: reason=class_check action=maybe_recompile pc=0x00007f95f109fe7c method=com.badlogic.gdx.assets.AssetLoadingTask.handleAsyncLoader()V @ 137

Internal exceptions (10 events):
Event: 1,507 Thread 0x00007f95f425b000 Threw 0x00000000ebea8cb0 at /HUDSON/workspace/7u-2-build-linux-amd64/jdk7u45/229/hotspot/src/share/vm/prims/jvm.cpp:1244
Event: 1,510 Thread 0x00007f95f425b000 Threw 0x00000000ebeac8c8 at /HUDSON/workspace/7u-2-build-linux-amd64/jdk7u45/229/hotspot/src/share/vm/prims/jvm.cpp:1244
Event: 1,513 Thread 0x00007f95f425b000 Threw 0x00000000ebeb3fc0 at /HUDSON/workspace/7u-2-build-linux-amd64/jdk7u45/229/hotspot/src/share/vm/prims/jvm.cpp:1244
Event: 1,514 Thread 0x00007f95f425b000 Threw 0x00000000ebeb84f0 at /HUDSON/workspace/7u-2-build-linux-amd64/jdk7u45/229/hotspot/src/share/vm/prims/jvm.cpp:1244
Event: 1,515 Thread 0x00007f95f425b000 Threw 0x00000000ebebbdf0 at /HUDSON/workspace/7u-2-build-linux-amd64/jdk7u45/229/hotspot/src/share/vm/prims/jvm.cpp:1244
Event: 1,516 Thread 0x00007f95f425b000 Threw 0x00000000ebebf978 at /HUDSON/workspace/7u-2-build-linux-amd64/jdk7u45/229/hotspot/src/share/vm/prims/jvm.cpp:1244
Event: 1,521 Thread 0x00007f95f425b000 Threw 0x00000000ebec3f80 at /HUDSON/workspace/7u-2-build-linux-amd64/jdk7u45/229/hotspot/src/share/vm/prims/jvm.cpp:1244
Event: 1,530 Thread 0x00007f95f425b000 Threw 0x00000000ebee20e0 at /HUDSON/workspace/7u-2-build-linux-amd64/jdk7u45/229/hotspot/src/share/vm/prims/jvm.cpp:1244
Event: 1,536 Thread 0x00007f95f425b000 Threw 0x00000000ebee6248 at /HUDSON/workspace/7u-2-build-linux-amd64/jdk7u45/229/hotspot/src/share/vm/prims/jvm.cpp:1244
Event: 1,537 Thread 0x00007f95f425b000 Threw 0x00000000ebeea188 at /HUDSON/workspace/7u-2-build-linux-amd64/jdk7u45/229/hotspot/src/share/vm/prims/jvm.cpp:1244

Events (10 events):
Event: 38,700 Executing VM operation: ParallelGCFailedAllocation
Event: 38,744 Executing VM operation: ParallelGCFailedAllocation done
Event: 39,554 Executing VM operation: ParallelGCFailedAllocation
Event: 39,591 Executing VM operation: ParallelGCFailedAllocation done
Event: 40,382 Executing VM operation: ParallelGCFailedAllocation
Event: 40,442 Executing VM operation: ParallelGCFailedAllocation done
Event: 41,511 Executing VM operation: ParallelGCFailedAllocation
Event: 41,563 Executing VM operation: ParallelGCFailedAllocation done
Event: 42,731 Executing VM operation: ParallelGCFailedAllocation
Event: 42,796 Executing VM operation: ParallelGCFailedAllocation done


Dynamic libraries:
00400000-00401000 r-xp 00000000 08:07 142000                             /usr/lib/jvm/java-7-oracle/bin/java
00600000-00601000 rw-p 00000000 08:07 142000                             /usr/lib/jvm/java-7-oracle/bin/java
024f1000-02512000 rw-p 00000000 00:00 0                                  [heap]
be800000-bfd00000 rw-p 00000000 00:00 0 
bfd00000-bfe80000 ---p 00000000 00:00 0 
bfe80000-c3a00000 rw-p 00000000 00:00 0 
c3a00000-d9100000 rw-p 00000000 00:00 0 
d9100000-ebe00000 rw-p 00000000 00:00 0 
ebe00000-f3480000 rw-p 00000000 00:00 0 
f3480000-f7f00000 ---p 00000000 00:00 0 
f7f00000-100000000 rw-p 00000000 00:00 0 
7f9590000000-7f959052c000 rw-p 00000000 00:00 0 
7f959052c000-7f9594000000 ---p 00000000 00:00 0 
7f9598000000-7f95989ce000 rw-p 00000000 00:00 0 
7f95989ce000-7f959c000000 ---p 00000000 00:00 0 
7f959c000000-7f959c021000 rw-p 00000000 00:00 0 
7f959c021000-7f95a0000000 ---p 00000000 00:00 0 
7f95a0000000-7f95a0021000 rw-p 00000000 00:00 0 
7f95a0021000-7f95a4000000 ---p 00000000 00:00 0 
7f95a4070000-7f95a4670000 rw-s 00000000 00:04 142105                     /drm mm object (deleted)
7f95a4a71000-7f95a4bf1000 rw-s 00000000 00:04 142401                     /drm mm object (deleted)
7f95a4cf2000-7f95a4cf5000 ---p 00000000 00:00 0 
7f95a4cf5000-7f95a5f91000 rw-p 00000000 00:00 0                          [stack:14479]
7f95a5f91000-7f95a5fc8000 r-xp 00000000 08:07 2243202                    /usr/lib/x86_64-linux-gnu/libtxc_dxtn_s2tc.so.0.0.0
7f95a5fc8000-7f95a61c7000 ---p 00037000 08:07 2243202                    /usr/lib/x86_64-linux-gnu/libtxc_dxtn_s2tc.so.0.0.0
7f95a61c7000-7f95a61c8000 r--p 00036000 08:07 2243202                    /usr/lib/x86_64-linux-gnu/libtxc_dxtn_s2tc.so.0.0.0
7f95a61c8000-7f95a61c9000 rw-p 00037000 08:07 2243202                    /usr/lib/x86_64-linux-gnu/libtxc_dxtn_s2tc.so.0.0.0
7f95a61c9000-7f95a61e1000 r-xp 00000000 08:07 2500674                    /lib/x86_64-linux-gnu/libz.so.1.2.8
7f95a61e1000-7f95a63e0000 ---p 00018000 08:07 2500674                    /lib/x86_64-linux-gnu/libz.so.1.2.8
7f95a63e0000-7f95a63e1000 r--p 00017000 08:07 2500674                    /lib/x86_64-linux-gnu/libz.so.1.2.8
7f95a63e1000-7f95a63e2000 rw-p 00018000 08:07 2500674                    /lib/x86_64-linux-gnu/libz.so.1.2.8
7f95a63e2000-7f95a63ea000 r-xp 00000000 08:07 2243149                    /usr/lib/x86_64-linux-gnu/libpciaccess.so.0.11.1
7f95a63ea000-7f95a65e9000 ---p 00008000 08:07 2243149                    /usr/lib/x86_64-linux-gnu/libpciaccess.so.0.11.1
7f95a65e9000-7f95a65ea000 r--p 00007000 08:07 2243149                    /usr/lib/x86_64-linux-gnu/libpciaccess.so.0.11.1
7f95a65ea000-7f95a65eb000 rw-p 00008000 08:07 2243149                    /usr/lib/x86_64-linux-gnu/libpciaccess.so.0.11.1
7f95a65eb000-7f95a6612000 r-xp 00000000 08:07 2494246                    /lib/x86_64-linux-gnu/libexpat.so.1.6.0
7f95a6612000-7f95a6812000 ---p 00027000 08:07 2494246                    /lib/x86_64-linux-gnu/libexpat.so.1.6.0
7f95a6812000-7f95a6814000 r--p 00027000 08:07 2494246                    /lib/x86_64-linux-gnu/libexpat.so.1.6.0
7f95a6814000-7f95a6815000 rw-p 00029000 08:07 2494246                    /lib/x86_64-linux-gnu/libexpat.so.1.6.0
7f95a6815000-7f95a6821000 r-xp 00000000 08:07 2243136                    /usr/lib/x86_64-linux-gnu/libdrm_radeon.so.1.0.1
7f95a6821000-7f95a6a20000 ---p 0000c000 08:07 2243136                    /usr/lib/x86_64-linux-gnu/libdrm_radeon.so.1.0.1
7f95a6a20000-7f95a6a21000 r--p 0000b000 08:07 2243136                    /usr/lib/x86_64-linux-gnu/libdrm_radeon.so.1.0.1
7f95a6a21000-7f95a6a22000 rw-p 0000c000 08:07 2243136                    /usr/lib/x86_64-linux-gnu/libdrm_radeon.so.1.0.1
7f95a6a22000-7f95a6a27000 r-xp 00000000 08:07 2243151                    /usr/lib/x86_64-linux-gnu/libdrm_nouveau.so.2.0.0
7f95a6a27000-7f95a6c26000 ---p 00005000 08:07 2243151                    /usr/lib/x86_64-linux-gnu/libdrm_nouveau.so.2.0.0
7f95a6c26000-7f95a6c27000 r--p 00004000 08:07 2243151                    /usr/lib/x86_64-linux-gnu/libdrm_nouveau.so.2.0.0
7f95a6c27000-7f95a6c28000 rw-p 00005000 08:07 2243151                    /usr/lib/x86_64-linux-gnu/libdrm_nouveau.so.2.0.0
7f95a6c28000-7f95a6c47000 r-xp 00000000 08:07 2243609                    /usr/lib/x86_64-linux-gnu/libdrm_intel.so.1.0.0
7f95a6c47000-7f95a6e46000 ---p 0001f000 08:07 2243609                    /usr/lib/x86_64-linux-gnu/libdrm_intel.so.1.0.0
7f95a6e46000-7f95a6e47000 r--p 0001e000 08:07 2243609                    /usr/lib/x86_64-linux-gnu/libdrm_intel.so.1.0.0
7f95a6e47000-7f95a6e48000 rw-p 0001f000 08:07 2243609                    /usr/lib/x86_64-linux-gnu/libdrm_intel.so.1.0.0
7f95a6e48000-7f95a7337000 r-xp 00000000 08:07 20610                      /usr/lib/x86_64-linux-gnu/dri/i965_dri.so
7f95a7337000-7f95a7536000 ---p 004ef000 08:07 20610                      /usr/lib/x86_64-linux-gnu/dri/i965_dri.so
7f95a7536000-7f95a754d000 r--p 004ee000 08:07 20610                      /usr/lib/x86_64-linux-gnu/dri/i965_dri.so
7f95a754d000-7f95a7559000 rw-p 00505000 08:07 20610                      /usr/lib/x86_64-linux-gnu/dri/i965_dri.so
7f95a7559000-7f95a75a5000 rw-p 00000000 00:00 0 
7f95a75a5000-7f95a75ad000 r-xp 00000000 08:07 2500732                    /lib/x86_64-linux-gnu/libnih-dbus.so.1.0.0
7f95a75ad000-7f95a77ad000 ---p 00008000 08:07 2500732                    /lib/x86_64-linux-gnu/libnih-dbus.so.1.0.0
7f95a77ad000-7f95a77ae000 r--p 00008000 08:07 2500732                    /lib/x86_64-linux-gnu/libnih-dbus.so.1.0.0
7f95a77ae000-7f95a77af000 rw-p 00009000 08:07 2500732                    /lib/x86_64-linux-gnu/libnih-dbus.so.1.0.0
7f95a77af000-7f95a77c6000 r-xp 00000000 08:07 2494286                    /lib/x86_64-linux-gnu/libnih.so.1.0.0
7f95a77c6000-7f95a79c5000 ---p 00017000 08:07 2494286                    /lib/x86_64-linux-gnu/libnih.so.1.0.0
7f95a79c5000-7f95a79c6000 r--p 00016000 08:07 2494286                    /lib/x86_64-linux-gnu/libnih.so.1.0.0
7f95a79c6000-7f95a79c7000 rw-p 00017000 08:07 2494286                    /lib/x86_64-linux-gnu/libnih.so.1.0.0
7f95a79c7000-7f95a79e0000 r-xp 00000000 08:07 2491890                    /lib/x86_64-linux-gnu/libcgmanager.so.0.0.0
7f95a79e0000-7f95a7bdf000 ---p 00019000 08:07 2491890                    /lib/x86_64-linux-gnu/libcgmanager.so.0.0.0
7f95a7bdf000-7f95a7be1000 r--p 00018000 08:07 2491890                    /lib/x86_64-linux-gnu/libcgmanager.so.0.0.0
7f95a7be1000-7f95a7be2000 rw-p 0001a000 08:07 2491890                    /lib/x86_64-linux-gnu/libcgmanager.so.0.0.0
7f95a7be2000-7f95a7bf2000 r-xp 00000000 08:07 2491912                    /lib/x86_64-linux-gnu/libudev.so.1.3.5
7f95a7bf2000-7f95a7df1000 ---p 00010000 08:07 2491912                    /lib/x86_64-linux-gnu/libudev.so.1.3.5
7f95a7df1000-7f95a7df2000 r--p 0000f000 08:07 2491912                    /lib/x86_64-linux-gnu/libudev.so.1.3.5
7f95a7df2000-7f95a7df3000 rw-p 00010000 08:07 2491912                    /lib/x86_64-linux-gnu/libudev.so.1.3.5
7f95a7df3000-7f95a7dfe000 r-xp 00000000 08:07 2229587                    /usr/lib/x86_64-linux-gnu/libdrm.so.2.4.0
7f95a7dfe000-7f95a7ffd000 ---p 0000b000 08:07 2229587                    /usr/lib/x86_64-linux-gnu/libdrm.so.2.4.0
7f95a7ffd000-7f95a7ffe000 r--p 0000a000 08:07 2229587                    /usr/lib/x86_64-linux-gnu/libdrm.so.2.4.0
7f95a7ffe000-7f95a7fff000 rw-p 0000b000 08:07 2229587                    /usr/lib/x86_64-linux-gnu/libdrm.so.2.4.0
7f95a7fff000-7f95ac000000 rw-s 00000000 00:14 141135                     /run/shm/pulse-shm-3510425850
7f95ac000000-7f95ac021000 rw-p 00000000 00:00 0 
7f95ac021000-7f95b0000000 ---p 00000000 00:00 0 
7f95b0059000-7f95b00cd000 rw-p 00000000 00:00 0 
7f95b011a000-7f95b011b000 r-xp 00000000 08:07 2243482                    /usr/lib/x86_64-linux-gnu/libxshmfence.so.1.0.0
7f95b011b000-7f95b031a000 ---p 00001000 08:07 2243482                    /usr/lib/x86_64-linux-gnu/libxshmfence.so.1.0.0
7f95b031a000-7f95b031b000 r--p 00000000 08:07 2243482                    /usr/lib/x86_64-linux-gnu/libxshmfence.so.1.0.0
7f95b031b000-7f95b031c000 rw-p 00001000 08:07 2243482                    /usr/lib/x86_64-linux-gnu/libxshmfence.so.1.0.0
7f95b031c000-7f95b0321000 r-xp 00000000 08:07 2251781                    /usr/lib/x86_64-linux-gnu/libxcb-sync.so.1.0.0
7f95b0321000-7f95b0520000 ---p 00005000 08:07 2251781                    /usr/lib/x86_64-linux-gnu/libxcb-sync.so.1.0.0
7f95b0520000-7f95b0521000 r--p 00004000 08:07 2251781                    /usr/lib/x86_64-linux-gnu/libxcb-sync.so.1.0.0
7f95b0521000-7f95b0522000 rw-p 00005000 08:07 2251781                    /usr/lib/x86_64-linux-gnu/libxcb-sync.so.1.0.0
7f95b0522000-7f95b0524000 r-xp 00000000 08:07 2251778                    /usr/lib/x86_64-linux-gnu/libxcb-present.so.0.0.0
7f95b0524000-7f95b0723000 ---p 00002000 08:07 2251778                    /usr/lib/x86_64-linux-gnu/libxcb-present.so.0.0.0
7f95b0723000-7f95b0724000 r--p 00001000 08:07 2251778                    /usr/lib/x86_64-linux-gnu/libxcb-present.so.0.0.0
7f95b0724000-7f95b0725000 rw-p 00002000 08:07 2251778                    /usr/lib/x86_64-linux-gnu/libxcb-present.so.0.0.0
7f95b0725000-7f95b0727000 r-xp 00000000 08:07 2236640                    /usr/lib/x86_64-linux-gnu/libxcb-dri3.so.0.0.0
7f95b0727000-7f95b0926000 ---p 00002000 08:07 2236640                    /usr/lib/x86_64-linux-gnu/libxcb-dri3.so.0.0.0
7f95b0926000-7f95b0927000 r--p 00001000 08:07 2236640                    /usr/lib/x86_64-linux-gnu/libxcb-dri3.so.0.0.0
7f95b0927000-7f95b0928000 rw-p 00002000 08:07 2236640                    /usr/lib/x86_64-linux-gnu/libxcb-dri3.so.0.0.0
7f95b0928000-7f95b092b000 r-xp 00000000 08:07 2243153                    /usr/lib/x86_64-linux-gnu/libxcb-dri2.so.0.0.0
7f95b092b000-7f95b0b2b000 ---p 00003000 08:07 2243153                    /usr/lib/x86_64-linux-gnu/libxcb-dri2.so.0.0.0
7f95b0b2b000-7f95b0b2c000 r--p 00003000 08:07 2243153                    /usr/lib/x86_64-linux-gnu/libxcb-dri2.so.0.0.0
7f95b0b2c000-7f95b0b2d000 rw-p 00004000 08:07 2243153                    /usr/lib/x86_64-linux-gnu/libxcb-dri2.so.0.0.0
7f95b0b2d000-7f95b0b42000 r-xp 00000000 08:07 2243189                    /usr/lib/x86_64-linux-gnu/libxcb-glx.so.0.0.0
7f95b0b42000-7f95b0d41000 ---p 00015000 08:07 2243189                    /usr/lib/x86_64-linux-gnu/libxcb-glx.so.0.0.0
7f95b0d41000-7f95b0d43000 r--p 00014000 08:07 2243189                    /usr/lib/x86_64-linux-gnu/libxcb-glx.so.0.0.0
7f95b0d43000-7f95b0d44000 rw-p 00016000 08:07 2243189                    /usr/lib/x86_64-linux-gnu/libxcb-glx.so.0.0.0
7f95b0d44000-7f95b0d45000 r-xp 00000000 08:07 2243165                    /usr/lib/x86_64-linux-gnu/libX11-xcb.so.1.0.0
7f95b0d45000-7f95b0f44000 ---p 00001000 08:07 2243165                    /usr/lib/x86_64-linux-gnu/libX11-xcb.so.1.0.0
7f95b0f44000-7f95b0f45000 r--p 00000000 08:07 2243165                    /usr/lib/x86_64-linux-gnu/libX11-xcb.so.1.0.0
7f95b0f45000-7f95b0f46000 rw-p 00001000 08:07 2243165                    /usr/lib/x86_64-linux-gnu/libX11-xcb.so.1.0.0
7f95b0f46000-7f95b0f48000 r-xp 00000000 08:07 2244037                    /usr/lib/x86_64-linux-gnu/libXdamage.so.1.1.0
7f95b0f48000-7f95b1147000 ---p 00002000 08:07 2244037                    /usr/lib/x86_64-linux-gnu/libXdamage.so.1.1.0
7f95b1147000-7f95b1148000 r--p 00001000 08:07 2244037                    /usr/lib/x86_64-linux-gnu/libXdamage.so.1.1.0
7f95b1148000-7f95b1149000 rw-p 00002000 08:07 2244037                    /usr/lib/x86_64-linux-gnu/libXdamage.so.1.1.0
7f95b1149000-7f95b116b000 r-xp 00000000 08:07 2234673                    /usr/lib/x86_64-linux-gnu/libglapi.so.0.0.0
7f95b116b000-7f95b136b000 ---p 00022000 08:07 2234673                    /usr/lib/x86_64-linux-gnu/libglapi.so.0.0.0
7f95b136b000-7f95b136e000 r--p 00022000 08:07 2234673                    /usr/lib/x86_64-linux-gnu/libglapi.so.0.0.0
7f95b136e000-7f95b136f000 rw-p 00025000 08:07 2234673                    /usr/lib/x86_64-linux-gnu/libglapi.so.0.0.0
7f95b136f000-7f95b1370000 rw-p 00000000 00:00 0 
7f95b1370000-7f95b13d2000 r-xp 00000000 08:07 769                        /usr/lib/x86_64-linux-gnu/mesa/libGL.so.1.2.0
7f95b13d2000-7f95b15d1000 ---p 00062000 08:07 769                        /usr/lib/x86_64-linux-gnu/mesa/libGL.so.1.2.0
7f95b15d1000-7f95b15d4000 r--p 00061000 08:07 769                        /usr/lib/x86_64-linux-gnu/mesa/libGL.so.1.2.0
7f95b15d4000-7f95b15d5000 rw-p 00064000 08:07 769                        /usr/lib/x86_64-linux-gnu/mesa/libGL.so.1.2.0
7f95b15d5000-7f95b15d6000 rw-p 00000000 00:00 0 
7f95b15d6000-7f95b15d9000 ---p 00000000 00:00 0 
7f95b15d9000-7f95b16d7000 rw-p 00000000 00:00 0                          [stack:14473]
7f95b16d7000-7f95b16d8000 ---p 00000000 00:00 0 
7f95b16d8000-7f95b1ed8000 rw-p 00000000 00:00 0                          [stack:14471]
7f95b1ed8000-7f95b1eef000 r-xp 00000000 08:07 2493072                    /lib/x86_64-linux-gnu/libresolv-2.19.so
7f95b1eef000-7f95b20ef000 ---p 00017000 08:07 2493072                    /lib/x86_64-linux-gnu/libresolv-2.19.so
7f95b20ef000-7f95b20f0000 r--p 00017000 08:07 2493072                    /lib/x86_64-linux-gnu/libresolv-2.19.so
7f95b20f0000-7f95b20f1000 rw-p 00018000 08:07 2493072                    /lib/x86_64-linux-gnu/libresolv-2.19.so
7f95b20f1000-7f95b20f3000 rw-p 00000000 00:00 0 
7f95b20f3000-7f95b20fa000 r-xp 00000000 08:07 2236867                    /usr/lib/x86_64-linux-gnu/libogg.so.0.8.1
7f95b20fa000-7f95b22fa000 ---p 00007000 08:07 2236867                    /usr/lib/x86_64-linux-gnu/libogg.so.0.8.1
7f95b22fa000-7f95b22fb000 r--p 00007000 08:07 2236867                    /usr/lib/x86_64-linux-gnu/libogg.so.0.8.1
7f95b22fb000-7f95b22fc000 rw-p 00008000 08:07 2236867                    /usr/lib/x86_64-linux-gnu/libogg.so.0.8.1
7f95b22fc000-7f95b2328000 r-xp 00000000 08:07 2243434                    /usr/lib/x86_64-linux-gnu/libvorbis.so.0.4.5
7f95b2328000-7f95b2527000 ---p 0002c000 08:07 2243434                    /usr/lib/x86_64-linux-gnu/libvorbis.so.0.4.5
7f95b2527000-7f95b2528000 r--p 0002b000 08:07 2243434                    /usr/lib/x86_64-linux-gnu/libvorbis.so.0.4.5
7f95b2528000-7f95b2529000 rw-p 0002c000 08:07 2243434                    /usr/lib/x86_64-linux-gnu/libvorbis.so.0.4.5
7f95b2529000-7f95b27dc000 r-xp 00000000 08:07 2243426                    /usr/lib/x86_64-linux-gnu/libvorbisenc.so.2.0.8
7f95b27dc000-7f95b29db000 ---p 002b3000 08:07 2243426                    /usr/lib/x86_64-linux-gnu/libvorbisenc.so.2.0.8
7f95b29db000-7f95b29f7000 r--p 002b2000 08:07 2243426                    /usr/lib/x86_64-linux-gnu/libvorbisenc.so.2.0.8
7f95b29f7000-7f95b29f8000 rw-p 002ce000 08:07 2243426                    /usr/lib/x86_64-linux-gnu/libvorbisenc.so.2.0.8
7f95b29f8000-7f95b2a27000 r-xp 00000000 08:07 2228700                    /usr/lib/x86_64-linux-gnu/libFLAC.so.8.3.0
7f95b2a27000-7f95b2c27000 ---p 0002f000 08:07 2228700                    /usr/lib/x86_64-linux-gnu/libFLAC.so.8.3.0
7f95b2c27000-7f95b2c28000 r--p 0002f000 08:07 2228700                    /usr/lib/x86_64-linux-gnu/libFLAC.so.8.3.0
7f95b2c28000-7f95b2c29000 rw-p 00030000 08:07 2228700                    /usr/lib/x86_64-linux-gnu/libFLAC.so.8.3.0
7f95b2c29000-7f95b2c2e000 r-xp 00000000 08:07 2236545                    /usr/lib/x86_64-linux-gnu/libasyncns.so.0.3.1
7f95b2c2e000-7f95b2e2d000 ---p 00005000 08:07 2236545                    /usr/lib/x86_64-linux-gnu/libasyncns.so.0.3.1
7f95b2e2d000-7f95b2e2e000 r--p 00004000 08:07 2236545                    /usr/lib/x86_64-linux-gnu/libasyncns.so.0.3.1
7f95b2e2e000-7f95b2e2f000 rw-p 00005000 08:07 2236545                    /usr/lib/x86_64-linux-gnu/libasyncns.so.0.3.1
7f95b2e2f000-7f95b2e90000 r-xp 00000000 08:07 2237212                    /usr/lib/x86_64-linux-gnu/libsndfile.so.1.0.25
7f95b2e90000-7f95b3090000 ---p 00061000 08:07 2237212                    /usr/lib/x86_64-linux-gnu/libsndfile.so.1.0.25
7f95b3090000-7f95b3092000 r--p 00061000 08:07 2237212                    /usr/lib/x86_64-linux-gnu/libsndfile.so.1.0.25
7f95b3092000-7f95b3093000 rw-p 00063000 08:07 2237212                    /usr/lib/x86_64-linux-gnu/libsndfile.so.1.0.25
7f95b3093000-7f95b3097000 rw-p 00000000 00:00 0 
7f95b3097000-7f95b309f000 r-xp 00000000 08:07 2491503                    /lib/x86_64-linux-gnu/libwrap.so.0.7.6
7f95b309f000-7f95b329e000 ---p 00008000 08:07 2491503                    /lib/x86_64-linux-gnu/libwrap.so.0.7.6
7f95b329e000-7f95b329f000 r--p 00007000 08:07 2491503                    /lib/x86_64-linux-gnu/libwrap.so.0.7.6
7f95b329f000-7f95b32a0000 rw-p 00008000 08:07 2491503                    /lib/x86_64-linux-gnu/libwrap.so.0.7.6
7f95b32a0000-7f95b32a1000 rw-p 00000000 00:00 0 
7f95b32a1000-7f95b32e5000 r-xp 00000000 08:07 2490742                    /lib/x86_64-linux-gnu/libdbus-1.so.3.7.6
7f95b32e5000-7f95b34e4000 ---p 00044000 08:07 2490742                    /lib/x86_64-linux-gnu/libdbus-1.so.3.7.6
7f95b34e4000-7f95b34e5000 r--p 00043000 08:07 2490742                    /lib/x86_64-linux-gnu/libdbus-1.so.3.7.6
7f95b34e5000-7f95b34e6000 rw-p 00044000 08:07 2490742                    /lib/x86_64-linux-gnu/libdbus-1.so.3.7.6
7f95b34e6000-7f95b354c000 r-xp 00000000 08:07 474                        /usr/lib/x86_64-linux-gnu/pulseaudio/libpulsecommon-4.0.so
7f95b354c000-7f95b374b000 ---p 00066000 08:07 474                        /usr/lib/x86_64-linux-gnu/pulseaudio/libpulsecommon-4.0.so
7f95b374b000-7f95b374c000 r--p 00065000 08:07 474                        /usr/lib/x86_64-linux-gnu/pulseaudio/libpulsecommon-4.0.so
7f95b374c000-7f95b374d000 rw-p 00066000 08:07 474                        /usr/lib/x86_64-linux-gnu/pulseaudio/libpulsecommon-4.0.so
7f95b374d000-7f95b3757000 r-xp 00000000 08:07 2491865                    /lib/x86_64-linux-gnu/libjson-c.so.2.0.0
7f95b3757000-7f95b3956000 ---p 0000a000 08:07 2491865                    /lib/x86_64-linux-gnu/libjson-c.so.2.0.0
7f95b3956000-7f95b3957000 r--p 00009000 08:07 2491865                    /lib/x86_64-linux-gnu/libjson-c.so.2.0.0
7f95b3957000-7f95b3958000 rw-p 0000a000 08:07 2491865                    /lib/x86_64-linux-gnu/libjson-c.so.2.0.0
7f95b3958000-7f95b399f000 r-xp 00000000 08:07 2240893                    /usr/lib/x86_64-linux-gnu/libpulse.so.0.16.2
7f95b399f000-7f95b3b9f000 ---p 00047000 08:07 2240893                    /usr/lib/x86_64-linux-gnu/libpulse.so.0.16.2
7f95b3b9f000-7f95b3ba0000 r--p 00047000 08:07 2240893                    /usr/lib/x86_64-linux-gnu/libpulse.so.0.16.2
7f95b3ba0000-7f95b3ba1000 rw-p 00048000 08:07 2240893                    /usr/lib/x86_64-linux-gnu/libpulse.so.0.16.2
7f95b3ba1000-7f95b3bf6000 r-xp 00000000 08:07 1978309                    /tmp/libgdxpigmassacre/7b43be9b/libopenal64.so (deleted)
7f95b3bf6000-7f95b3df5000 ---p 00055000 08:07 1978309                    /tmp/libgdxpigmassacre/7b43be9b/libopenal64.so (deleted)
7f95b3df5000-7f95b3df8000 r--p 00054000 08:07 1978309                    /tmp/libgdxpigmassacre/7b43be9b/libopenal64.so (deleted)
7f95b3df8000-7f95b3df9000 rw-p 00057000 08:07 1978309                    /tmp/libgdxpigmassacre/7b43be9b/libopenal64.so (deleted)
7f95b3df9000-7f95b3dfa000 rw-p 00000000 00:00 0 
7f95b3dfa000-7f95b3dfe000 r-xp 00000000 08:07 2244041                    /usr/lib/x86_64-linux-gnu/libXxf86vm.so.1.0.0
7f95b3dfe000-7f95b3ffe000 ---p 00004000 08:07 2244041                    /usr/lib/x86_64-linux-gnu/libXxf86vm.so.1.0.0
7f95b3ffe000-7f95b3fff000 r--p 00004000 08:07 2244041                    /usr/lib/x86_64-linux-gnu/libXxf86vm.so.1.0.0
7f95b3fff000-7f95b4000000 rw-p 00005000 08:07 2244041                    /usr/lib/x86_64-linux-gnu/libXxf86vm.so.1.0.0
7f95b4000000-7f95b4021000 rw-p 00000000 00:00 0 
7f95b4021000-7f95b8000000 ---p 00000000 00:00 0 
7f95b8000000-7f95b8021000 rw-p 00000000 00:00 0 
7f95b8021000-7f95bc000000 ---p 00000000 00:00 0 
7f95bc000000-7f95bc021000 rw-p 00000000 00:00 0 
7f95bc021000-7f95c0000000 ---p 00000000 00:00 0 
7f95c0000000-7f95c0021000 rw-p 00000000 00:00 0 
7f95c0021000-7f95c4000000 ---p 00000000 00:00 0 
7f95c4000000-7f95c4497000 rw-p 00000000 00:00 0 
7f95c4497000-7f95c8000000 ---p 00000000 00:00 0 
7f95c8000000-7f95c834a000 rw-p 00000000 00:00 0 
7f95c834a000-7f95cc000000 ---p 00000000 00:00 0 
7f95cc000000-7f95cc021000 rw-p 00000000 00:00 0 
7f95cc021000-7f95d0000000 ---p 00000000 00:00 0 
7f95d0000000-7f95d0021000 rw-p 00000000 00:00 0 
7f95d0021000-7f95d4000000 ---p 00000000 00:00 0 
7f95d4000000-7f95d4022000 rw-p 00000000 00:00 0 
7f95d4022000-7f95d8000000 ---p 00000000 00:00 0 
7f95d8000000-7f95d8021000 rw-p 00000000 00:00 0 
7f95d8021000-7f95dc000000 ---p 00000000 00:00 0 
7f95dc000000-7f95dc021000 rw-p 00000000 00:00 0 
7f95dc021000-7f95e0000000 ---p 00000000 00:00 0 
7f95e0024000-7f95e0025000 ---p 00000000 00:00 0 
7f95e0025000-7f95e0125000 rw-p 00000000 00:00 0                          [stack:14472]
7f95e0125000-7f95e012e000 r-xp 00000000 08:07 2235865                    /usr/lib/x86_64-linux-gnu/libXrandr.so.2.2.0
7f95e012e000-7f95e032d000 ---p 00009000 08:07 2235865                    /usr/lib/x86_64-linux-gnu/libXrandr.so.2.2.0
7f95e032d000-7f95e032e000 r--p 00008000 08:07 2235865                    /usr/lib/x86_64-linux-gnu/libXrandr.so.2.2.0
7f95e032e000-7f95e032f000 rw-p 00009000 08:07 2235865                    /usr/lib/x86_64-linux-gnu/libXrandr.so.2.2.0
7f95e032f000-7f95e039b000 r-xp 00000000 08:07 1978270                    /tmp/libgdxpigmassacre/7b43be9b/liblwjgl64.so (deleted)
7f95e039b000-7f95e059a000 ---p 0006c000 08:07 1978270                    /tmp/libgdxpigmassacre/7b43be9b/liblwjgl64.so (deleted)
7f95e059a000-7f95e059c000 r--p 0006b000 08:07 1978270                    /tmp/libgdxpigmassacre/7b43be9b/liblwjgl64.so (deleted)
7f95e059c000-7f95e059d000 rw-p 0006d000 08:07 1978270                    /tmp/libgdxpigmassacre/7b43be9b/liblwjgl64.so (deleted)
7f95e059d000-7f95e059e000 r-xp 00000000 08:07 2237369                    /usr/lib/jvm/java-7-oracle/jre/lib/amd64/libjawt.so
7f95e059e000-7f95e079d000 ---p 00001000 08:07 2237369                    /usr/lib/jvm/java-7-oracle/jre/lib/amd64/libjawt.so
7f95e079d000-7f95e079e000 rw-p 00000000 08:07 2237369                    /usr/lib/jvm/java-7-oracle/jre/lib/amd64/libjawt.so
7f95e079e000-7f95e07a1000 ---p 00000000 00:00 0 
7f95e07a1000-7f95e089f000 rw-p 00000000 00:00 0                          [stack:14469]
7f95e089f000-7f95e08a4000 r-xp 00000000 08:07 2243215                    /usr/lib/x86_64-linux-gnu/libXfixes.so.3.1.0
7f95e08a4000-7f95e0aa3000 ---p 00005000 08:07 2243215                    /usr/lib/x86_64-linux-gnu/libXfixes.so.3.1.0
7f95e0aa3000-7f95e0aa4000 r--p 00004000 08:07 2243215                    /usr/lib/x86_64-linux-gnu/libXfixes.so.3.1.0
7f95e0aa4000-7f95e0aa5000 rw-p 00005000 08:07 2243215                    /usr/lib/x86_64-linux-gnu/libXfixes.so.3.1.0
7f95e0aa5000-7f95e0aae000 r-xp 00000000 08:07 2231411                    /usr/lib/x86_64-linux-gnu/libXcursor.so.1.0.2
7f95e0aae000-7f95e0cad000 ---p 00009000 08:07 2231411                    /usr/lib/x86_64-linux-gnu/libXcursor.so.1.0.2
7f95e0cad000-7f95e0cae000 r--p 00008000 08:07 2231411                    /usr/lib/x86_64-linux-gnu/libXcursor.so.1.0.2
7f95e0cae000-7f95e0caf000 rw-p 00009000 08:07 2231411                    /usr/lib/x86_64-linux-gnu/libXcursor.so.1.0.2
7f95e0caf000-7f95e0cb2000 ---p 00000000 00:00 0 
7f95e0cb2000-7f95e0db0000 rw-p 00000000 00:00 0                          [stack:14468]
7f95e0db0000-7f95e0db5000 r-xp 00000000 08:07 2236483                    /usr/lib/x86_64-linux-gnu/libXdmcp.so.6.0.0
7f95e0db5000-7f95e0fb4000 ---p 00005000 08:07 2236483                    /usr/lib/x86_64-linux-gnu/libXdmcp.so.6.0.0
7f95e0fb4000-7f95e0fb5000 r--p 00004000 08:07 2236483                    /usr/lib/x86_64-linux-gnu/libXdmcp.so.6.0.0
7f95e0fb5000-7f95e0fb6000 rw-p 00005000 08:07 2236483                    /usr/lib/x86_64-linux-gnu/libXdmcp.so.6.0.0
7f95e0fb6000-7f95e0fb8000 r-xp 00000000 08:07 2233692                    /usr/lib/x86_64-linux-gnu/libXau.so.6.0.0
7f95e0fb8000-7f95e11b8000 ---p 00002000 08:07 2233692                    /usr/lib/x86_64-linux-gnu/libXau.so.6.0.0
7f95e11b8000-7f95e11b9000 r--p 00002000 08:07 2233692                    /usr/lib/x86_64-linux-gnu/libXau.so.6.0.0
7f95e11b9000-7f95e11ba000 rw-p 00003000 08:07 2233692                    /usr/lib/x86_64-linux-gnu/libXau.so.6.0.0
7f95e11ba000-7f95e11d7000 r-xp 00000000 08:07 2233724                    /usr/lib/x86_64-linux-gnu/libxcb.so.1.1.0
7f95e11d7000-7f95e13d7000 ---p 0001d000 08:07 2233724                    /usr/lib/x86_64-linux-gnu/libxcb.so.1.1.0
7f95e13d7000-7f95e13d8000 r--p 0001d000 08:07 2233724                    /usr/lib/x86_64-linux-gnu/libxcb.so.1.1.0
7f95e13d8000-7f95e13d9000 rw-p 0001e000 08:07 2233724                    /usr/lib/x86_64-linux-gnu/libxcb.so.1.1.0
7f95e13d9000-7f95e13e8000 r-xp 00000000 08:07 2236490                    /usr/lib/x86_64-linux-gnu/libXi.so.6.1.0
7f95e13e8000-7f95e15e7000 ---p 0000f000 08:07 2236490                    /usr/lib/x86_64-linux-gnu/libXi.so.6.1.0
7f95e15e7000-7f95e15e8000 r--p 0000e000 08:07 2236490                    /usr/lib/x86_64-linux-gnu/libXi.so.6.1.0
7f95e15e8000-7f95e15e9000 rw-p 0000f000 08:07 2236490                    /usr/lib/x86_64-linux-gnu/libXi.so.6.1.0
7f95e15e9000-7f95e15ee000 r-xp 00000000 08:07 2233797                    /usr/lib/x86_64-linux-gnu/libXtst.so.6.1.0
7f95e15ee000-7f95e17ed000 ---p 00005000 08:07 2233797                    /usr/lib/x86_64-linux-gnu/libXtst.so.6.1.0
7f95e17ed000-7f95e17ee000 r--p 00004000 08:07 2233797                    /usr/lib/x86_64-linux-gnu/libXtst.so.6.1.0
7f95e17ee000-7f95e17ef000 rw-p 00005000 08:07 2233797                    /usr/lib/x86_64-linux-gnu/libXtst.so.6.1.0
7f95e17ef000-7f95e17f8000 r-xp 00000000 08:07 2243308                    /usr/lib/x86_64-linux-gnu/libXrender.so.1.3.0
7f95e17f8000-7f95e19f7000 ---p 00009000 08:07 2243308                    /usr/lib/x86_64-linux-gnu/libXrender.so.1.3.0
7f95e19f7000-7f95e19f8000 r--p 00008000 08:07 2243308                    /usr/lib/x86_64-linux-gnu/libXrender.so.1.3.0
7f95e19f8000-7f95e19f9000 rw-p 00009000 08:07 2243308                    /usr/lib/x86_64-linux-gnu/libXrender.so.1.3.0
7f95e19f9000-7f95e1b29000 r-xp 00000000 08:07 2229104                    /usr/lib/x86_64-linux-gnu/libX11.so.6.3.0
7f95e1b29000-7f95e1d29000 ---p 00130000 08:07 2229104                    /usr/lib/x86_64-linux-gnu/libX11.so.6.3.0
7f95e1d29000-7f95e1d2a000 r--p 00130000 08:07 2229104                    /usr/lib/x86_64-linux-gnu/libX11.so.6.3.0
7f95e1d2a000-7f95e1d2e000 rw-p 00131000 08:07 2229104                    /usr/lib/x86_64-linux-gnu/libX11.so.6.3.0
7f95e1d2e000-7f95e1d3f000 r-xp 00000000 08:07 2233754                    /usr/lib/x86_64-linux-gnu/libXext.so.6.4.0
7f95e1d3f000-7f95e1f3e000 ---p 00011000 08:07 2233754                    /usr/lib/x86_64-linux-gnu/libXext.so.6.4.0
7f95e1f3e000-7f95e1f3f000 r--p 00010000 08:07 2233754                    /usr/lib/x86_64-linux-gnu/libXext.so.6.4.0
7f95e1f3f000-7f95e1f40000 rw-p 00011000 08:07 2233754                    /usr/lib/x86_64-linux-gnu/libXext.so.6.4.0
7f95e1f40000-7f95e4000000 rw-p 00000000 00:00 0 
7f95e4000000-7f95e4021000 rw-p 00000000 00:00 0 
7f95e4021000-7f95e8000000 ---p 00000000 00:00 0 
7f95e8000000-7f95e8021000 rw-p 00000000 00:00 0 
7f95e8021000-7f95ec000000 ---p 00000000 00:00 0 
7f95ec000000-7f95ec021000 rw-p 00000000 00:00 0 
7f95ec021000-7f95f0000000 ---p 00000000 00:00 0 
7f95f004a000-7f95f009a000 r-xp 00000000 08:07 2230047                    /usr/lib/jvm/java-7-oracle/jre/lib/amd64/xawt/libmawt.so
7f95f009a000-7f95f029a000 ---p 00050000 08:07 2230047                    /usr/lib/jvm/java-7-oracle/jre/lib/amd64/xawt/libmawt.so
7f95f029a000-7f95f029e000 rw-p 00050000 08:07 2230047                    /usr/lib/jvm/java-7-oracle/jre/lib/amd64/xawt/libmawt.so
7f95f029e000-7f95f029f000 rw-p 00000000 00:00 0 
7f95f029f000-7f95f0341000 r-xp 00000000 08:07 2237408                    /usr/lib/jvm/java-7-oracle/jre/lib/amd64/libawt.so
7f95f0341000-7f95f0541000 ---p 000a2000 08:07 2237408                    /usr/lib/jvm/java-7-oracle/jre/lib/amd64/libawt.so
7f95f0541000-7f95f054d000 rw-p 000a2000 08:07 2237408                    /usr/lib/jvm/java-7-oracle/jre/lib/amd64/libawt.so
7f95f054d000-7f95f0571000 rw-p 00000000 00:00 0 
7f95f0571000-7f95f0587000 r-xp 00000000 08:07 2494672                    /lib/x86_64-linux-gnu/libgcc_s.so.1
7f95f0587000-7f95f0786000 ---p 00016000 08:07 2494672                    /lib/x86_64-linux-gnu/libgcc_s.so.1
7f95f0786000-7f95f0787000 rw-p 00015000 08:07 2494672                    /lib/x86_64-linux-gnu/libgcc_s.so.1
7f95f0787000-7f95f086d000 r-xp 00000000 08:07 2228396                    /usr/lib/x86_64-linux-gnu/libstdc++.so.6.0.19
7f95f086d000-7f95f0a6c000 ---p 000e6000 08:07 2228396                    /usr/lib/x86_64-linux-gnu/libstdc++.so.6.0.19
7f95f0a6c000-7f95f0a74000 r--p 000e5000 08:07 2228396                    /usr/lib/x86_64-linux-gnu/libstdc++.so.6.0.19
7f95f0a74000-7f95f0a76000 rw-p 000ed000 08:07 2228396                    /usr/lib/x86_64-linux-gnu/libstdc++.so.6.0.19
7f95f0a76000-7f95f0a8b000 rw-p 00000000 00:00 0 
7f95f0a8b000-7f95f0afa000 r-xp 00000000 08:07 1978306                    /tmp/libgdxpigmassacre/b4a54a2/libgdx64.so
7f95f0afa000-7f95f0cf9000 ---p 0006f000 08:07 1978306                    /tmp/libgdxpigmassacre/b4a54a2/libgdx64.so
7f95f0cf9000-7f95f0cfb000 r--p 0006e000 08:07 1978306                    /tmp/libgdxpigmassacre/b4a54a2/libgdx64.so
7f95f0cfb000-7f95f0cfc000 rw-p 00070000 08:07 1978306                    /tmp/libgdxpigmassacre/b4a54a2/libgdx64.so
7f95f0cfc000-7f95f0cfd000 rw-p 00000000 00:00 0 
7f95f0cfd000-7f95f0cfe000 ---p 00000000 00:00 0 
7f95f0cfe000-7f95f0dfe000 rw-p 00000000 00:00 0                          [stack:14467]
7f95f0dfe000-7f95f0e01000 ---p 00000000 00:00 0 
7f95f0e01000-7f95f0eff000 rw-p 00000000 00:00 0                          [stack:14466]
7f95f0eff000-7f95f0f02000 ---p 00000000 00:00 0 
7f95f0f02000-7f95f1000000 rw-p 00000000 00:00 0                          [stack:14465]
7f95f1000000-7f95f1270000 rwxp 00000000 00:00 0 
7f95f1270000-7f95f4280000 rw-p 00000000 00:00 0 
7f95f4280000-7f95f8000000 ---p 00000000 00:00 0 
7f95f8082000-7f95f808c000 r--s 00250000 08:07 2242743                    /usr/lib/jvm/java-7-oracle/jre/lib/resources.jar
7f95f808c000-7f95f808d000 rw-s 00000000 00:04 142104                     /drm mm object (deleted)
7f95f808d000-7f95f8095000 rw-s 00000000 00:04 142400                     /drm mm object (deleted)
7f95f8095000-7f95f809d000 rw-s 00000000 00:04 143365                     /drm mm object (deleted)
7f95f809d000-7f95f80a5000 rw-s 00000000 00:04 143361                     /drm mm object (deleted)
7f95f80a5000-7f95f80a8000 ---p 00000000 00:00 0 
7f95f80a8000-7f95f80de000 rw-p 00000000 00:00 0                          [stack:14475]
7f95f80de000-7f95f80e5000 r--s 00000000 08:07 12943                      /usr/lib/x86_64-linux-gnu/gconv/gconv-modules.cache
7f95f80e5000-7f95f80e8000 r--s 0000b000 08:05 116821                     /media/DATA/Programmering/Workspaces/mBreak-libGDX/mBreak/libs/tween-engine-api.jar
7f95f80e8000-7f95f80fe000 r--s 00156000 08:05 328530                     /media/DATA/Programmering/Workspaces/mBreak-libGDX/mBreak/libs/gdx.jar
7f95f80fe000-7f95f8101000 ---p 00000000 00:00 0 
7f95f8101000-7f95f81ff000 rw-p 00000000 00:00 0                          [stack:14464]
7f95f81ff000-7f95f8202000 ---p 00000000 00:00 0 
7f95f8202000-7f95f8300000 rw-p 00000000 00:00 0                          [stack:14463]
7f95f8300000-7f95f8869000 r--p 00000000 08:07 2245207                    /usr/lib/locale/locale-archive
7f95f8869000-7f95f886c000 ---p 00000000 00:00 0 
7f95f886c000-7f95f896a000 rw-p 00000000 00:00 0                          [stack:14462]
7f95f896a000-7f95f896d000 ---p 00000000 00:00 0 
7f95f896d000-7f95f8a6b000 rw-p 00000000 00:00 0                          [stack:14461]
7f95f8a6b000-7f95f8a6c000 ---p 00000000 00:00 0 
7f95f8a6c000-7f95f9b6b000 rw-p 00000000 00:00 0                          [stack:14460]
7f95f9b6b000-7f95f9d27000 r--s 039b2000 08:07 2230026                    /usr/lib/jvm/java-7-oracle/jre/lib/rt.jar
7f95f9d27000-7f95fa02c000 rw-p 00000000 00:00 0 
7f95fa02c000-7f95fa02d000 ---p 00000000 00:00 0 
7f95fa02d000-7f95fa12d000 rw-p 00000000 00:00 0                          [stack:14458]
7f95fa12d000-7f95fa12e000 ---p 00000000 00:00 0 
7f95fa12e000-7f95fa22e000 rw-p 00000000 00:00 0                          [stack:14457]
7f95fa22e000-7f95fa22f000 ---p 00000000 00:00 0 
7f95fa22f000-7f95fa32f000 rw-p 00000000 00:00 0                          [stack:14456]
7f95fa32f000-7f95fa330000 ---p 00000000 00:00 0 
7f95fa330000-7f95fa43b000 rw-p 00000000 00:00 0                          [stack:14455]
7f95fa43b000-7f95fa43c000 ---p 00000000 00:00 0 
7f95fa43c000-7f95fa459000 rw-p 00000000 00:00 0 
7f95fa459000-7f95fa505000 rw-p 00000000 00:00 0 
7f95fa505000-7f95fa59b000 rw-p 00000000 00:00 0 
7f95fa59b000-7f95fa5a6000 rw-p 00000000 00:00 0 
7f95fa5a6000-7f95fa5a7000 ---p 00000000 00:00 0 
7f95fa5a7000-7f95fa5c4000 rw-p 00000000 00:00 0 
7f95fa5c4000-7f95fa670000 rw-p 00000000 00:00 0 
7f95fa670000-7f95fa706000 rw-p 00000000 00:00 0 
7f95fa706000-7f95fa742000 rw-p 00000000 00:00 0 
7f95fa742000-7f95fa767000 ---p 00000000 00:00 0 
7f95fa767000-7f95fa7a7000 rw-p 00000000 00:00 0 
7f95fa7a7000-7f95fa7a8000 rw-p 00000000 00:00 0 
7f95fa7a8000-7f95fa7c2000 r-xp 00000000 08:07 2237409                    /usr/lib/jvm/java-7-oracle/jre/lib/amd64/libzip.so
7f95fa7c2000-7f95fa9c2000 ---p 0001a000 08:07 2237409                    /usr/lib/jvm/java-7-oracle/jre/lib/amd64/libzip.so
7f95fa9c2000-7f95fa9c3000 rw-p 0001a000 08:07 2237409                    /usr/lib/jvm/java-7-oracle/jre/lib/amd64/libzip.so
7f95fa9c3000-7f95fa9ce000 r-xp 00000000 08:07 2493098                    /lib/x86_64-linux-gnu/libnss_files-2.19.so
7f95fa9ce000-7f95fabcd000 ---p 0000b000 08:07 2493098                    /lib/x86_64-linux-gnu/libnss_files-2.19.so
7f95fabcd000-7f95fabce000 r--p 0000a000 08:07 2493098                    /lib/x86_64-linux-gnu/libnss_files-2.19.so
7f95fabce000-7f95fabcf000 rw-p 0000b000 08:07 2493098                    /lib/x86_64-linux-gnu/libnss_files-2.19.so
7f95fabcf000-7f95fabda000 r-xp 00000000 08:07 2493061                    /lib/x86_64-linux-gnu/libnss_nis-2.19.so
7f95fabda000-7f95fadd9000 ---p 0000b000 08:07 2493061                    /lib/x86_64-linux-gnu/libnss_nis-2.19.so
7f95fadd9000-7f95fadda000 r--p 0000a000 08:07 2493061                    /lib/x86_64-linux-gnu/libnss_nis-2.19.so
7f95fadda000-7f95faddb000 rw-p 0000b000 08:07 2493061                    /lib/x86_64-linux-gnu/libnss_nis-2.19.so
7f95faddb000-7f95fadf2000 r-xp 00000000 08:07 2493102                    /lib/x86_64-linux-gnu/libnsl-2.19.so
7f95fadf2000-7f95faff1000 ---p 00017000 08:07 2493102                    /lib/x86_64-linux-gnu/libnsl-2.19.so
7f95faff1000-7f95faff2000 r--p 00016000 08:07 2493102                    /lib/x86_64-linux-gnu/libnsl-2.19.so
7f95faff2000-7f95faff3000 rw-p 00017000 08:07 2493102                    /lib/x86_64-linux-gnu/libnsl-2.19.so
7f95faff3000-7f95faff5000 rw-p 00000000 00:00 0 
7f95faff5000-7f95faffe000 r-xp 00000000 08:07 2493088                    /lib/x86_64-linux-gnu/libnss_compat-2.19.so
7f95faffe000-7f95fb1fd000 ---p 00009000 08:07 2493088                    /lib/x86_64-linux-gnu/libnss_compat-2.19.so
7f95fb1fd000-7f95fb1fe000 r--p 00008000 08:07 2493088                    /lib/x86_64-linux-gnu/libnss_compat-2.19.so
7f95fb1fe000-7f95fb1ff000 rw-p 00009000 08:07 2493088                    /lib/x86_64-linux-gnu/libnss_compat-2.19.so
7f95fb1ff000-7f95fb228000 r-xp 00000000 08:07 2230068                    /usr/lib/jvm/java-7-oracle/jre/lib/amd64/libjava.so
7f95fb228000-7f95fb428000 ---p 00029000 08:07 2230068                    /usr/lib/jvm/java-7-oracle/jre/lib/amd64/libjava.so
7f95fb428000-7f95fb42a000 rw-p 00029000 08:07 2230068                    /usr/lib/jvm/java-7-oracle/jre/lib/amd64/libjava.so
7f95fb42a000-7f95fb437000 r-xp 00000000 08:07 2230038                    /usr/lib/jvm/java-7-oracle/jre/lib/amd64/libverify.so
7f95fb437000-7f95fb636000 ---p 0000d000 08:07 2230038                    /usr/lib/jvm/java-7-oracle/jre/lib/amd64/libverify.so
7f95fb636000-7f95fb638000 rw-p 0000c000 08:07 2230038                    /usr/lib/jvm/java-7-oracle/jre/lib/amd64/libverify.so
7f95fb638000-7f95fb63f000 r-xp 00000000 08:07 2493094                    /lib/x86_64-linux-gnu/librt-2.19.so
7f95fb63f000-7f95fb83e000 ---p 00007000 08:07 2493094                    /lib/x86_64-linux-gnu/librt-2.19.so
7f95fb83e000-7f95fb83f000 r--p 00006000 08:07 2493094                    /lib/x86_64-linux-gnu/librt-2.19.so
7f95fb83f000-7f95fb840000 rw-p 00007000 08:07 2493094                    /lib/x86_64-linux-gnu/librt-2.19.so
7f95fb840000-7f95fb945000 r-xp 00000000 08:07 2493096                    /lib/x86_64-linux-gnu/libm-2.19.so
7f95fb945000-7f95fbb44000 ---p 00105000 08:07 2493096                    /lib/x86_64-linux-gnu/libm-2.19.so
7f95fbb44000-7f95fbb45000 r--p 00104000 08:07 2493096                    /lib/x86_64-linux-gnu/libm-2.19.so
7f95fbb45000-7f95fbb46000 rw-p 00105000 08:07 2493096                    /lib/x86_64-linux-gnu/libm-2.19.so
7f95fbb46000-7f95fc6a8000 r-xp 00000000 08:07 2238366                    /usr/lib/jvm/java-7-oracle/jre/lib/amd64/server/libjvm.so
7f95fc6a8000-7f95fc8a8000 ---p 00b62000 08:07 2238366                    /usr/lib/jvm/java-7-oracle/jre/lib/amd64/server/libjvm.so
7f95fc8a8000-7f95fc96b000 rw-p 00b62000 08:07 2238366                    /usr/lib/jvm/java-7-oracle/jre/lib/amd64/server/libjvm.so
7f95fc96b000-7f95fc9ac000 rw-p 00000000 00:00 0 
7f95fc9ac000-7f95fcb68000 r-xp 00000000 08:07 2493104                    /lib/x86_64-linux-gnu/libc-2.19.so
7f95fcb68000-7f95fcd67000 ---p 001bc000 08:07 2493104                    /lib/x86_64-linux-gnu/libc-2.19.so
7f95fcd67000-7f95fcd6b000 r--p 001bb000 08:07 2493104                    /lib/x86_64-linux-gnu/libc-2.19.so
7f95fcd6b000-7f95fcd6d000 rw-p 001bf000 08:07 2493104                    /lib/x86_64-linux-gnu/libc-2.19.so
7f95fcd6d000-7f95fcd72000 rw-p 00000000 00:00 0 
7f95fcd72000-7f95fcd75000 r-xp 00000000 08:07 2493082                    /lib/x86_64-linux-gnu/libdl-2.19.so
7f95fcd75000-7f95fcf74000 ---p 00003000 08:07 2493082                    /lib/x86_64-linux-gnu/libdl-2.19.so
7f95fcf74000-7f95fcf75000 r--p 00002000 08:07 2493082                    /lib/x86_64-linux-gnu/libdl-2.19.so
7f95fcf75000-7f95fcf76000 rw-p 00003000 08:07 2493082                    /lib/x86_64-linux-gnu/libdl-2.19.so
7f95fcf76000-7f95fcf8c000 r-xp 00000000 08:07 142021                     /usr/lib/jvm/java-7-oracle/lib/amd64/jli/libjli.so
7f95fcf8c000-7f95fd18c000 ---p 00016000 08:07 142021                     /usr/lib/jvm/java-7-oracle/lib/amd64/jli/libjli.so
7f95fd18c000-7f95fd18d000 rw-p 00016000 08:07 142021                     /usr/lib/jvm/java-7-oracle/lib/amd64/jli/libjli.so
7f95fd18d000-7f95fd1a6000 r-xp 00000000 08:07 2493106                    /lib/x86_64-linux-gnu/libpthread-2.19.so
7f95fd1a6000-7f95fd3a5000 ---p 00019000 08:07 2493106                    /lib/x86_64-linux-gnu/libpthread-2.19.so
7f95fd3a5000-7f95fd3a6000 r--p 00018000 08:07 2493106                    /lib/x86_64-linux-gnu/libpthread-2.19.so
7f95fd3a6000-7f95fd3a7000 rw-p 00019000 08:07 2493106                    /lib/x86_64-linux-gnu/libpthread-2.19.so
7f95fd3a7000-7f95fd3ab000 rw-p 00000000 00:00 0 
7f95fd3ab000-7f95fd3ce000 r-xp 00000000 08:07 2493080                    /lib/x86_64-linux-gnu/ld-2.19.so
7f95fd3ce000-7f95fd3cf000 rw-s 00000000 00:04 142399                     /drm mm object (deleted)
7f95fd3cf000-7f95fd3d0000 rwxp 00000000 00:00 0 
7f95fd3d0000-7f95fd3d2000 r--s 00006000 08:05 105405                     /media/DATA/Programmering/Workspaces/mBreak-libGDX/mBreak/libs/tween-engine-api-sources.jar
7f95fd3d2000-7f95fd3e3000 r--s 0012b000 08:05 328562                     /media/DATA/Programmering/Workspaces/mBreak-libGDX/mBreak-desktop/libs/gdx-backend-lwjgl.jar
7f95fd3e3000-7f95fd3ed000 rw-p 00000000 00:00 0 
7f95fd3ed000-7f95fd4a3000 rw-p 00000000 00:00 0 
7f95fd4a3000-7f95fd4a6000 ---p 00000000 00:00 0 
7f95fd4a6000-7f95fd5a8000 rw-p 00000000 00:00 0                          [stack:14450]
7f95fd5a8000-7f95fd5a9000 rw-s 00000000 00:04 143362                     /drm mm object (deleted)
7f95fd5a9000-7f95fd5aa000 r--s 00127000 08:05 328561                     /media/DATA/Programmering/Workspaces/mBreak-libGDX/mBreak-desktop/libs/gdx-natives.jar
7f95fd5aa000-7f95fd5ac000 r--s 001a1000 08:05 328563                     /media/DATA/Programmering/Workspaces/mBreak-libGDX/mBreak-desktop/libs/gdx-backend-lwjgl-natives.jar
7f95fd5ac000-7f95fd5c1000 rw-p 00000000 00:00 0 
7f95fd5c1000-7f95fd5c9000 rw-s 00000000 08:07 1994921                    /tmp/hsperfdata_pigmassacre/14448
7f95fd5c9000-7f95fd5ca000 rw-p 00000000 00:00 0 
7f95fd5ca000-7f95fd5cb000 r--p 00000000 00:00 0 
7f95fd5cb000-7f95fd5cd000 rw-p 00000000 00:00 0 
7f95fd5cd000-7f95fd5ce000 r--p 00022000 08:07 2493080                    /lib/x86_64-linux-gnu/ld-2.19.so
7f95fd5ce000-7f95fd5cf000 rw-p 00023000 08:07 2493080                    /lib/x86_64-linux-gnu/ld-2.19.so
7f95fd5cf000-7f95fd5d0000 rw-p 00000000 00:00 0 
7fff59134000-7fff59155000 rw-p 00000000 00:00 0                          [stack]
7fff591fe000-7fff59200000 r-xp 00000000 00:00 0                          [vdso]
ffffffffff600000-ffffffffff601000 r-xp 00000000 00:00 0                  [vsyscall]

VM Arguments:
jvm_args: -Dfile.encoding=UTF-8 
java_command: com.pigmassacre.mbreak.DesktopGame
Launcher Type: SUN_STANDARD

Environment Variables:
PATH=/usr/local/sbin:/usr/local/bin:/usr/sbin:/usr/bin:/sbin:/bin:/usr/games:/usr/local/games:/home/pigmassacre/Downloads/jr/bin:/usr/bin/perl:/usr/bin/javac:/usr/bin/java:/home/pigmassacre/IDEA/idea/bin
SHELL=/bin/bash
DISPLAY=:0

Signal Handlers:
SIGSEGV: [libjvm.so+0x9935b0], sa_mask[0]=0x7ffbfeff, sa_flags=0x10000004
SIGBUS: [libjvm.so+0x9935b0], sa_mask[0]=0x7ffbfeff, sa_flags=0x10000004
SIGFPE: [libjvm.so+0x810330], sa_mask[0]=0x7ffbfeff, sa_flags=0x10000004
SIGPIPE: [libjvm.so+0x810330], sa_mask[0]=0x7ffbfeff, sa_flags=0x10000004
SIGXFSZ: [libjvm.so+0x810330], sa_mask[0]=0x7ffbfeff, sa_flags=0x10000004
SIGILL: [libjvm.so+0x810330], sa_mask[0]=0x7ffbfeff, sa_flags=0x10000004
SIGUSR1: SIG_DFL, sa_mask[0]=0x00000000, sa_flags=0x00000000
SIGUSR2: [libjvm.so+0x811820], sa_mask[0]=0x00000004, sa_flags=0x10000004
SIGHUP: [libjvm.so+0x812790], sa_mask[0]=0x7ffbfeff, sa_flags=0x10000004
SIGINT: [libjvm.so+0x812790], sa_mask[0]=0x7ffbfeff, sa_flags=0x10000004
SIGTERM: [libjvm.so+0x812790], sa_mask[0]=0x7ffbfeff, sa_flags=0x10000004
SIGQUIT: [libjvm.so+0x812790], sa_mask[0]=0x7ffbfeff, sa_flags=0x10000004


---------------  S Y S T E M  ---------------

OS:jessie/sid

uname:Linux 3.13.0-32-generic #57-Ubuntu SMP Tue Jul 15 03:51:08 UTC 2014 x86_64
libc:glibc 2.19 NPTL 2.19 
rlimit: STACK 8192k, CORE 0k, NPROC 30730, NOFILE 4096, AS infinity
load average:1,56 2,36 2,65

/proc/meminfo:
MemTotal:        3955100 kB
MemFree:          148916 kB
Buffers:          128836 kB
Cached:          1012492 kB
SwapCached:          520 kB
Active:          2211116 kB
Inactive:        1254248 kB
Active(anon):    1814484 kB
Inactive(anon):   860832 kB
Active(file):     396632 kB
Inactive(file):   393416 kB
Unevictable:         272 kB
Mlocked:             272 kB
SwapTotal:       4101116 kB
SwapFree:        4100184 kB
Dirty:              5212 kB
Writeback:             0 kB
AnonPages:       2323804 kB
Mapped:           278748 kB
Shmem:            351228 kB
Slab:             219060 kB
SReclaimable:     176548 kB
SUnreclaim:        42512 kB
KernelStack:        5304 kB
PageTables:        45920 kB
NFS_Unstable:          0 kB
Bounce:                0 kB
WritebackTmp:          0 kB
CommitLimit:     6078664 kB
Committed_AS:    6865228 kB
VmallocTotal:   34359738367 kB
VmallocUsed:      348916 kB
VmallocChunk:   34359381980 kB
HardwareCorrupted:     0 kB
AnonHugePages:    972800 kB
HugePages_Total:       0
HugePages_Free:        0
HugePages_Rsvd:        0
HugePages_Surp:        0
Hugepagesize:       2048 kB
DirectMap4k:       78932 kB
DirectMap2M:     4024320 kB


CPU:total 4 (2 cores per cpu, 2 threads per core) family 6 model 42 stepping 7, cmov, cx8, fxsr, mmx, sse, sse2, sse3, ssse3, sse4.1, sse4.2, popcnt, avx, ht, tsc, tscinvbit

/proc/cpuinfo:
processor	: 0
vendor_id	: GenuineIntel
cpu family	: 6
model		: 42
model name	: Intel(R) Core(TM) i5-2410M CPU @ 2.30GHz
stepping	: 7
microcode	: 0x14
cpu MHz		: 2301.000
cache size	: 3072 KB
physical id	: 0
siblings	: 4
core id		: 0
cpu cores	: 2
apicid		: 0
initial apicid	: 0
fpu		: yes
fpu_exception	: yes
cpuid level	: 13
wp		: yes
flags		: fpu vme de pse tsc msr pae mce cx8 apic sep mtrr pge mca cmov pat pse36 clflush dts acpi mmx fxsr sse sse2 ss ht tm pbe syscall nx rdtscp lm constant_tsc arch_perfmon pebs bts rep_good nopl xtopology nonstop_tsc aperfmperf eagerfpu pni pclmulqdq dtes64 monitor ds_cpl vmx est tm2 ssse3 cx16 xtpr pdcm pcid sse4_1 sse4_2 x2apic popcnt tsc_deadline_timer xsave avx lahf_lm ida arat epb xsaveopt pln pts dtherm tpr_shadow vnmi flexpriority ept vpid
bogomips	: 4589.84
clflush size	: 64
cache_alignment	: 64
address sizes	: 36 bits physical, 48 bits virtual
power management:

processor	: 1
vendor_id	: GenuineIntel
cpu family	: 6
model		: 42
model name	: Intel(R) Core(TM) i5-2410M CPU @ 2.30GHz
stepping	: 7
microcode	: 0x14
cpu MHz		: 2301.000
cache size	: 3072 KB
physical id	: 0
siblings	: 4
core id		: 1
cpu cores	: 2
apicid		: 2
initial apicid	: 2
fpu		: yes
fpu_exception	: yes
cpuid level	: 13
wp		: yes
flags		: fpu vme de pse tsc msr pae mce cx8 apic sep mtrr pge mca cmov pat pse36 clflush dts acpi mmx fxsr sse sse2 ss ht tm pbe syscall nx rdtscp lm constant_tsc arch_perfmon pebs bts rep_good nopl xtopology nonstop_tsc aperfmperf eagerfpu pni pclmulqdq dtes64 monitor ds_cpl vmx est tm2 ssse3 cx16 xtpr pdcm pcid sse4_1 sse4_2 x2apic popcnt tsc_deadline_timer xsave avx lahf_lm ida arat epb xsaveopt pln pts dtherm tpr_shadow vnmi flexpriority ept vpid
bogomips	: 4589.84
clflush size	: 64
cache_alignment	: 64
address sizes	: 36 bits physical, 48 bits virtual
power management:

processor	: 2
vendor_id	: GenuineIntel
cpu family	: 6
model		: 42
model name	: Intel(R) Core(TM) i5-2410M CPU @ 2.30GHz
stepping	: 7
microcode	: 0x14
cpu MHz		: 2301.000
cache size	: 3072 KB
physical id	: 0
siblings	: 4
core id		: 0
cpu cores	: 2
apicid		: 1
initial apicid	: 1
fpu		: yes
fpu_exception	: yes
cpuid level	: 13
wp		: yes
flags		: fpu vme de pse tsc msr pae mce cx8 apic sep mtrr pge mca cmov pat pse36 clflush dts acpi mmx fxsr sse sse2 ss ht tm pbe syscall nx rdtscp lm constant_tsc arch_perfmon pebs bts rep_good nopl xtopology nonstop_tsc aperfmperf eagerfpu pni pclmulqdq dtes64 monitor ds_cpl vmx est tm2 ssse3 cx16 xtpr pdcm pcid sse4_1 sse4_2 x2apic popcnt tsc_deadline_timer xsave avx lahf_lm ida arat epb xsaveopt pln pts dtherm tpr_shadow vnmi flexpriority ept vpid
bogomips	: 4589.84
clflush size	: 64
cache_alignment	: 64
address sizes	: 36 bits physical, 48 bits virtual
power management:

processor	: 3
vendor_id	: GenuineIntel
cpu family	: 6
model		: 42
model name	: Intel(R) Core(TM) i5-2410M CPU @ 2.30GHz
stepping	: 7
microcode	: 0x14
cpu MHz		: 2301.000
cache size	: 3072 KB
physical id	: 0
siblings	: 4
core id		: 1
cpu cores	: 2
apicid		: 3
initial apicid	: 3
fpu		: yes
fpu_exception	: yes
cpuid level	: 13
wp		: yes
flags		: fpu vme de pse tsc msr pae mce cx8 apic sep mtrr pge mca cmov pat pse36 clflush dts acpi mmx fxsr sse sse2 ss ht tm pbe syscall nx rdtscp lm constant_tsc arch_perfmon pebs bts rep_good nopl xtopology nonstop_tsc aperfmperf eagerfpu pni pclmulqdq dtes64 monitor ds_cpl vmx est tm2 ssse3 cx16 xtpr pdcm pcid sse4_1 sse4_2 x2apic popcnt tsc_deadline_timer xsave avx lahf_lm ida arat epb xsaveopt pln pts dtherm tpr_shadow vnmi flexpriority ept vpid
bogomips	: 4589.84
clflush size	: 64
cache_alignment	: 64
address sizes	: 36 bits physical, 48 bits virtual
power management:



Memory: 4k page, physical 3955100k(148792k free), swap 4101116k(4100184k free)

vm_info: Java HotSpot(TM) 64-Bit Server VM (24.45-b08) for linux-amd64 JRE (1.7.0_45-b18), built on Oct  8 2013 05:44:25 by "java_re" with gcc 4.3.0 20080428 (Red Hat 4.3.0-8)

time: Tue Aug  5 15:51:32 2014
elapsed time: 43 seconds

