#
# A fatal error has been detected by the Java Runtime Environment:
#
#  SIGBUS (0x7) at pc=0x00007f8e08122ca0, pid=20975, tid=140247883892480
#
# JRE version: Java(TM) SE Runtime Environment (7.0_45-b18) (build 1.7.0_45-b18)
# Java VM: Java HotSpot(TM) 64-Bit Server VM (24.45-b08 mixed mode linux-amd64 compressed oops)
# Problematic frame:
# 
[error occurred during error reporting (printing problematic frame), id 0x7]

# Failed to write core dump. Core dumps have been disabled. To enable core dumping, try "ulimit -c unlimited" before starting Java again
#
# If you would like to submit a bug report, please visit:
#   http://bugreport.sun.com/bugreport/crash.jsp
# The crash happened outside the Java Virtual Machine in native code.
# See problematic frame for where to report the bug.
#

---------------  T H R E A D  ---------------

Current thread (0x00007f8dbc001000):  JavaThread "Thread-0" [_thread_in_native, id=27946, stack(0x00007f8e013cc000,0x00007f8e014cd000)]

siginfo:si_signo=SIGBUS: si_errno=0, si_code=2 (BUS_ADRERR), si_addr=0x00007f8e08122ca0

Registers:
RAX=0x00007f8e08122ca0, RBX=0x00000000bed88540, RCX=0x0000000000004c29, RDX=0x00000000bed95b30
RSP=0x00007f8e014cb668, RBP=0x00007f8e014cb6b8, RSI=0x00007f8e014cb6c8, RDI=0x00007f8dbc0011e8
R8 =0x0000000000000006, R9 =0x00000000ffffffff, R10=0x00007f8e11012cac, R11=0x00007f8e1c119a90
R12=0x0000000000000000, R13=0x00000000bed88538, R14=0x00007f8e014cb6d0, R15=0x00007f8dbc001000
RIP=0x00007f8e08122ca0, EFLAGS=0x0000000000010283, CSGSFS=0x0000000000000033, ERR=0x0000000000000014
  TRAPNO=0x000000000000000e

Top of Stack: (sp=0x00007f8e014cb668)
0x00007f8e014cb668:   00007f8e11012cd8 00007f8e014cb790
0x00007f8e014cb678:   00007f8e014cb678 0000000000000000
0x00007f8e014cb688:   00007f8e014cb6d0 00000000bed95b30
0x00007f8e014cb698:   0000000000000000 00000000bed88540
0x00007f8e014cb6a8:   0000000000000000 00007f8e014cb6d8
0x00007f8e014cb6b8:   00007f8e014cb718 00007f8e11006058
0x00007f8e014cb6c8:   00000000ecef46b8 00007f8e1100ecd8
0x00007f8e014cb6d8:   00007f8e014cb6d8 00000000bed88430
0x00007f8e014cb6e8:   00007f8e014cb728 00000000bed95b30
0x00007f8e014cb6f8:   0000000000000000 00000000bed88478
0x00007f8e014cb708:   00007f8e014cb6d8 00007f8e014cb730
0x00007f8e014cb718:   00007f8e014cb770 00007f8e11006058
0x00007f8e014cb728:   0000000000000000 00007f8e014cb730
0x00007f8e014cb738:   00000000bed8bd50 00007f8e014cb790
0x00007f8e014cb748:   00000000bed95b30 0000000000000000
0x00007f8e014cb758:   00000000bed8be10 00007f8e014cb730
0x00007f8e014cb768:   00007f8e014cb790 00007f8e014cb7d8
0x00007f8e014cb778:   00007f8e11006706 0000000000000000
0x00007f8e014cb788:   0000000000000000 00000000ecef4fa8
0x00007f8e014cb798:   00007f8e014cb798 00000000bed74ffb
0x00007f8e014cb7a8:   00007f8e014cb7e0 00000000bed82610
0x00007f8e014cb7b8:   0000000000000000 00000000bed75010
0x00007f8e014cb7c8:   00007f8e014cb790 00007f8e014cb7e8
0x00007f8e014cb7d8:   00007f8e014cb828 00007f8e11006058
0x00007f8e014cb7e8:   00007f8e014cb7e8 00000000bed76058
0x00007f8e014cb7f8:   00007f8e014cb830 00000000bed82610
0x00007f8e014cb808:   0000000000000000 00000000bed76060
0x00007f8e014cb818:   00007f8e014cb7e8 00007f8e014cb838
0x00007f8e014cb828:   00007f8e014cb878 00007f8e11006058
0x00007f8e014cb838:   00007f8e014cb838 00000000bed7d630
0x00007f8e014cb848:   00007f8e014cb888 00000000bed83c10
0x00007f8e014cb858:   0000000000000000 00000000bed7d648 

Instructions: (pc=0x00007f8e08122ca0)
0x00007f8e08122c80:   
[error occurred during error reporting (printing registers, top of stack, instructions near pc), id 0x7]

Register to memory mapping:

RAX=
[error occurred during error reporting (printing register info), id 0x7]

Stack: [0x00007f8e013cc000,0x00007f8e014cd000],  sp=0x00007f8e014cb668,  free space=1021k
Native frames: (J=compiled Java code, j=interpreted, Vv=VM code, C=native code)

[error occurred during error reporting (printing native stack), id 0x7]

Java frames: (J=compiled Java code, j=interpreted, Vv=VM code)
j  org.lwjgl.opengl.LinuxDisplay.nLockAWT()V+0
j  org.lwjgl.opengl.LinuxDisplay.lockAWT()V+0
j  org.lwjgl.opengl.LinuxDisplay.resetDisplayMode()V+0
j  org.lwjgl.opengl.Display.reset()V+3
j  org.lwjgl.opengl.Display.access$000()V+0
j  org.lwjgl.opengl.Display$1.run()V+0
v  ~StubRoutines::call_stub

---------------  P R O C E S S  ---------------

Java Threads: ( => current thread )
=>0x00007f8dbc001000 JavaThread "Thread-0" [_thread_in_native, id=27946, stack(0x00007f8e013cc000,0x00007f8e014cd000)]
  0x00007f8de4001000 JavaThread "SIGTERM handler" daemon [_thread_blocked, id=27945, stack(0x00007f8e012cb000,0x00007f8e013cc000)]
  0x00007f8db950f800 JavaThread "Timer" [_thread_blocked, id=21006, stack(0x00007f8dc46fa000,0x00007f8dc47fb000)]
  0x00007f8db878d800 JavaThread "AsynchExecutor-Thread" daemon [_thread_blocked, id=21005, stack(0x00007f8dc4a7c000,0x00007f8dc4b7d000)]
  0x00007f8e1400a000 JavaThread "DestroyJavaVM" [_thread_blocked, id=20981, stack(0x00007f8e1d1cf000,0x00007f8e1d2d0000)]
  0x00007f8e141be800 JavaThread "AWT-XAWT" daemon [_thread_in_native, id=20995, stack(0x00007f8e08549000,0x00007f8e0864a000)]
  0x00007f8e1419c800 JavaThread "Java2D Disposer" daemon [_thread_blocked, id=20994, stack(0x00007f8e08a5a000,0x00007f8e08b5b000)]
  0x00007f8e14097000 JavaThread "Service Thread" daemon [_thread_blocked, id=20992, stack(0x00007f8e10bfc000,0x00007f8e10cfd000)]
  0x00007f8e14095000 JavaThread "C2 CompilerThread1" daemon [_thread_blocked, id=20991, stack(0x00007f8e10cfd000,0x00007f8e10dfe000)]
  0x00007f8e14092000 JavaThread "C2 CompilerThread0" daemon [_thread_blocked, id=20990, stack(0x00007f8e10dfe000,0x00007f8e10eff000)]
  0x00007f8e14087800 JavaThread "Signal Dispatcher" daemon [_thread_blocked, id=20989, stack(0x00007f8e10eff000,0x00007f8e11000000)]
  0x00007f8e14070000 JavaThread "Finalizer" daemon [_thread_blocked, id=20988, stack(0x00007f8e18595000,0x00007f8e18696000)]
  0x00007f8e1406c000 JavaThread "Reference Handler" daemon [_thread_blocked, id=20987, stack(0x00007f8e18696000,0x00007f8e18797000)]

Other Threads:
  0x00007f8e14069800 VMThread [stack: 0x00007f8e18797000,0x00007f8e18898000] [id=20986]
  0x00007f8e140a2000 WatcherThread [stack: 0x00007f8e10afb000,0x00007f8e10bfc000] [id=20993]

VM state:not at safepoint (normal execution)

VM Mutex/Monitor currently owned by a thread: None

Heap
 PSYoungGen      total 18432K, used 15454K [0x00000000ebe00000, 0x00000000ed280000, 0x0000000100000000)
  eden space 15872K, 81% used [0x00000000ebe00000,0x00000000eca9e0f0,0x00000000ecd80000)
  from space 2560K, 98% used [0x00000000ecd80000,0x00000000ecff9870,0x00000000ed000000)
  to   space 2560K, 0% used [0x00000000ed000000,0x00000000ed000000,0x00000000ed280000)
 ParOldGen       total 40960K, used 1839K [0x00000000c3a00000, 0x00000000c6200000, 0x00000000ebe00000)
  object space 40960K, 4% used [0x00000000c3a00000,0x00000000c3bcbcf8,0x00000000c6200000)
 PSPermGen       total 21504K, used 10680K [0x00000000be800000, 0x00000000bfd00000, 0x00000000c3a00000)
  object space 21504K, 49% used [0x00000000be800000,0x00000000bf26e1f0,0x00000000bfd00000)

Card table byte_map: [0x00007f8e1a2c7000,0x00007f8e1a4d4000] byte_map_base: 0x00007f8e19cd3000

Polling page: 0x00007f8e1d2f6000

Code Cache  [0x00007f8e11000000, 0x00007f8e11270000, 0x00007f8e14000000)
 total_blobs=711 nmethods=186 adapters=479 free_code_cache=48200Kb largest_free_block=49332416

Compilation events (10 events):
Event: 4928,896 Thread 0x00007f8e14092000 nmethod 181 0x00007f8e110e9090 code [0x00007f8e110e91e0, 0x00007f8e110e9338]
Event: 4928,897 Thread 0x00007f8e14095000 nmethod 179 0x00007f8e110ead90 code [0x00007f8e110eaf20, 0x00007f8e110eb238]
Event: 4945,409 Thread 0x00007f8e14092000  182   !         sun.awt.X11.XToolkit::callTimeoutTasks (220 bytes)
Event: 4945,418 Thread 0x00007f8e14092000 nmethod 182 0x00007f8e110ea5d0 code [0x00007f8e110ea760, 0x00007f8e110ea9d8]
Event: 4948,914 Thread 0x00007f8e14095000  183   !         sun.awt.X11.XToolkit::getNextTaskTime (55 bytes)
Event: 4948,922 Thread 0x00007f8e14095000 nmethod 183 0x00007f8e110ed4d0 code [0x00007f8e110ed660, 0x00007f8e110ed880]
Event: 7232,576 Thread 0x00007f8e14092000  185 % !         sun.awt.X11.XToolkit::run @ 59 (410 bytes)
Event: 7232,604 Thread 0x00007f8e14092000 nmethod 185% 0x00007f8e110f0a50 code [0x00007f8e110f0fa0, 0x00007f8e110f2420]
Event: 8511,844 Thread 0x00007f8e14095000  186             com.badlogic.gdx.utils.Array::get (54 bytes)
Event: 8511,845 Thread 0x00007f8e14095000 nmethod 186 0x00007f8e110ea310 code [0x00007f8e110ea460, 0x00007f8e110ea518]

GC Heap History (2 events):
Event: 1,104 GC heap before
{Heap before GC invocations=1 (full 0):
 PSYoungGen      total 18432K, used 15872K [0x00000000ebe00000, 0x00000000ed280000, 0x0000000100000000)
  eden space 15872K, 100% used [0x00000000ebe00000,0x00000000ecd80000,0x00000000ecd80000)
  from space 2560K, 0% used [0x00000000ed000000,0x00000000ed000000,0x00000000ed280000)
  to   space 2560K, 0% used [0x00000000ecd80000,0x00000000ecd80000,0x00000000ed000000)
 ParOldGen       total 40960K, used 0K [0x00000000c3a00000, 0x00000000c6200000, 0x00000000ebe00000)
  object space 40960K, 0% used [0x00000000c3a00000,0x00000000c3a00000,0x00000000c6200000)
 PSPermGen       total 21504K, used 10051K [0x00000000be800000, 0x00000000bfd00000, 0x00000000c3a00000)
  object space 21504K, 46% used [0x00000000be800000,0x00000000bf1d0f38,0x00000000bfd00000)
Event: 1,113 GC heap after
Heap after GC invocations=1 (full 0):
 PSYoungGen      total 18432K, used 2534K [0x00000000ebe00000, 0x00000000ed280000, 0x0000000100000000)
  eden space 15872K, 0% used [0x00000000ebe00000,0x00000000ebe00000,0x00000000ecd80000)
  from space 2560K, 98% used [0x00000000ecd80000,0x00000000ecff9870,0x00000000ed000000)
  to   space 2560K, 0% used [0x00000000ed000000,0x00000000ed000000,0x00000000ed280000)
 ParOldGen       total 40960K, used 1839K [0x00000000c3a00000, 0x00000000c6200000, 0x00000000ebe00000)
  object space 40960K, 4% used [0x00000000c3a00000,0x00000000c3bcbcf8,0x00000000c6200000)
 PSPermGen       total 21504K, used 10051K [0x00000000be800000, 0x00000000bfd00000, 0x00000000c3a00000)
  object space 21504K, 46% used [0x00000000be800000,0x00000000bf1d0f38,0x00000000bfd00000)
}

Deoptimization events (10 events):
Event: 1,084 Thread 0x00007f8e14263000 Uncommon trap: reason=bimorphic action=maybe_recompile pc=0x00007f8e1109ad24 method=com.badlogic.gdx.assets.AssetLoadingTask.handleAsyncLoader()V @ 137
Event: 1,204 Thread 0x00007f8e14263000 Uncommon trap: reason=class_check action=maybe_recompile pc=0x00007f8e110b793c method=com.jcraft.jorbis.Mapping0.inverse(Lcom/jcraft/jorbis/Block;Ljava/lang/Object;)I @ 459
Event: 1,204 Thread 0x00007f8e14263000 Uncommon trap: reason=class_check action=maybe_recompile pc=0x00007f8e110b793c method=com.jcraft.jorbis.Mapping0.inverse(Lcom/jcraft/jorbis/Block;Ljava/lang/Object;)I @ 459
Event: 1,206 Thread 0x00007f8e14263000 Uncommon trap: reason=class_check action=maybe_recompile pc=0x00007f8e110b793c method=com.jcraft.jorbis.Mapping0.inverse(Lcom/jcraft/jorbis/Block;Ljava/lang/Object;)I @ 459
Event: 1,208 Thread 0x00007f8e14263000 Uncommon trap: reason=class_check action=maybe_recompile pc=0x00007f8e110b793c method=com.jcraft.jorbis.Mapping0.inverse(Lcom/jcraft/jorbis/Block;Ljava/lang/Object;)I @ 459
Event: 5,706 Thread 0x00007f8e14263000 Uncommon trap: reason=unreached action=reinterpret pc=0x00007f8e1109aca0 method=com.badlogic.gdx.assets.AssetLoadingTask.update()Z @ 17
Event: 5,907 Thread 0x00007f8e14263000 Uncommon trap: reason=bimorphic action=maybe_recompile pc=0x00007f8e110a41e8 method=com.badlogic.gdx.assets.AssetLoadingTask.handleAsyncLoader()V @ 137
Event: 5,935 Thread 0x00007f8e14263000 Uncommon trap: reason=bimorphic action=maybe_recompile pc=0x00007f8e110a41e8 method=com.badlogic.gdx.assets.AssetLoadingTask.handleAsyncLoader()V @ 137
Event: 5,968 Thread 0x00007f8e14263000 Uncommon trap: reason=bimorphic action=maybe_recompile pc=0x00007f8e110a41e8 method=com.badlogic.gdx.assets.AssetLoadingTask.handleAsyncLoader()V @ 137
Event: 16687,741 Thread 0x00007f8e141be800 Uncommon trap: reason=unreached action=reinterpret pc=0x00007f8e110e9e9c method=java.util.concurrent.locks.ReentrantLock$Sync.nonfairTryAcquire(I)Z @ 34

Internal exceptions (10 events):
Event: 6,557 Thread 0x00007f8e14263000 Threw 0x00000000ec89ede0 at /HUDSON/workspace/7u-2-build-linux-amd64/jdk7u45/229/hotspot/src/share/vm/prims/jvm.cpp:1244
Event: 6,559 Thread 0x00007f8e14263000 Threw 0x00000000ec8a3040 at /HUDSON/workspace/7u-2-build-linux-amd64/jdk7u45/229/hotspot/src/share/vm/prims/jvm.cpp:1244
Event: 6,562 Thread 0x00007f8e14263000 Threw 0x00000000ec8c17a0 at /HUDSON/workspace/7u-2-build-linux-amd64/jdk7u45/229/hotspot/src/share/vm/prims/jvm.cpp:1244
Event: 6,566 Thread 0x00007f8e14263000 Threw 0x00000000ec8e2d98 at /HUDSON/workspace/7u-2-build-linux-amd64/jdk7u45/229/hotspot/src/share/vm/prims/jvm.cpp:1244
Event: 6,568 Thread 0x00007f8e14263000 Threw 0x00000000ec8e6470 at /HUDSON/workspace/7u-2-build-linux-amd64/jdk7u45/229/hotspot/src/share/vm/prims/jvm.cpp:1244
Event: 6,569 Thread 0x00007f8e14263000 Threw 0x00000000ec8eb818 at /HUDSON/workspace/7u-2-build-linux-amd64/jdk7u45/229/hotspot/src/share/vm/prims/jvm.cpp:1244
Event: 6,576 Thread 0x00007f8e14263000 Threw 0x00000000ec8f8a40 at /HUDSON/workspace/7u-2-build-linux-amd64/jdk7u45/229/hotspot/src/share/vm/prims/jvm.cpp:1244
Event: 6,577 Thread 0x00007f8e14263000 Threw 0x00000000ec911aa8 at /HUDSON/workspace/7u-2-build-linux-amd64/jdk7u45/229/hotspot/src/share/vm/prims/jvm.cpp:1244
Event: 6,581 Thread 0x00007f8e14263000 Threw 0x00000000ec9307a0 at /HUDSON/workspace/7u-2-build-linux-amd64/jdk7u45/229/hotspot/src/share/vm/prims/jvm.cpp:1244
Event: 6,861 Thread 0x00007f8e14263000 Threw 0x00000000ec960bb0 at /HUDSON/workspace/7u-2-build-linux-amd64/jdk7u45/229/hotspot/src/share/vm/prims/jvm.cpp:1244

Events (10 events):
Event: 16687,741 loading class 0x00007f8ddc04f6f0
Event: 16687,741 loading class 0x00007f8ddc003ee0
Event: 16687,741 loading class 0x00007f8ddc003ee0 done
Event: 16687,741 loading class 0x00007f8ddc004060
Event: 16687,741 loading class 0x00007f8ddc004060 done
Event: 16687,741 loading class 0x00007f8ddc04f6f0 done
Event: 16687,741 Thread 0x00007f8e141be800 Uncommon trap: trap_request=0xffffffad fr.pc=0x00007f8e110e9e9c
Event: 16687,741 Thread 0x00007f8e141be800 DEOPT PACKING pc=0x00007f8e110e9e9c sp=0x00007f8e08648300
Event: 16687,741 Thread 0x00007f8e141be800 DEOPT UNPACKING pc=0x00007f8e11039445 sp=0x00007f8e086482a8 mode 2
Event: 16687,742 Thread 0x00007f8dbc002000 Thread exited: 0x00007f8dbc002000


Dynamic libraries:
00400000-00401000 r-xp 00000000 08:07 142000                             /usr/lib/jvm/java-7-oracle/bin/java
00600000-00601000 rw-p 00000000 08:07 142000                             /usr/lib/jvm/java-7-oracle/bin/java
00cb4000-00cd5000 rw-p 00000000 00:00 0                                  [heap]
be800000-bfd00000 rw-p 00000000 00:00 0 
bfd00000-c3a00000 rw-p 00000000 00:00 0 
c3a00000-c6200000 rw-p 00000000 00:00 0 
c6200000-ebe00000 rw-p 00000000 00:00 0 
ebe00000-ed280000 rw-p 00000000 00:00 0 
ed280000-100000000 rw-p 00000000 00:00 0 
7f8dac000000-7f8dac021000 rw-p 00000000 00:00 0 
7f8dac021000-7f8db0000000 ---p 00000000 00:00 0 
7f8db0000000-7f8db0c04000 rw-p 00000000 00:00 0 
7f8db0c04000-7f8db4000000 ---p 00000000 00:00 0 
7f8db7a00000-7f8db8000000 rw-s 00000000 00:04 146786                     /drm mm object (deleted)
7f8db8000000-7f8db95a0000 rw-p 00000000 00:00 0 
7f8db95a0000-7f8dbc000000 ---p 00000000 00:00 0 
7f8dbc000000-7f8dbc021000 rw-p 00000000 00:00 0 
7f8dbc021000-7f8dc0000000 ---p 00000000 00:00 0 
7f8dc0000000-7f8dc0021000 rw-p 00000000 00:00 0 
7f8dc0021000-7f8dc4000000 ---p 00000000 00:00 0 
7f8dc46fa000-7f8dc46fd000 ---p 00000000 00:00 0 
7f8dc46fd000-7f8dc47fb000 rw-p 00000000 00:00 0                          [stack:21006]
7f8dc47fb000-7f8dc497b000 rw-s 00000000 00:04 144148                     /drm mm object (deleted)
7f8dc4a0c000-7f8dc4a7c000 rw-s 00000000 00:04 146802                     /drm mm object (deleted)
7f8dc4a7c000-7f8dc4a7f000 ---p 00000000 00:00 0 
7f8dc4a7f000-7f8dc5d1b000 rw-p 00000000 00:00 0                          [stack:21005]
7f8dc5d1b000-7f8dc5d52000 r-xp 00000000 08:07 2243202                    /usr/lib/x86_64-linux-gnu/libtxc_dxtn_s2tc.so.0.0.0
7f8dc5d52000-7f8dc5f51000 ---p 00037000 08:07 2243202                    /usr/lib/x86_64-linux-gnu/libtxc_dxtn_s2tc.so.0.0.0
7f8dc5f51000-7f8dc5f52000 r--p 00036000 08:07 2243202                    /usr/lib/x86_64-linux-gnu/libtxc_dxtn_s2tc.so.0.0.0
7f8dc5f52000-7f8dc5f53000 rw-p 00037000 08:07 2243202                    /usr/lib/x86_64-linux-gnu/libtxc_dxtn_s2tc.so.0.0.0
7f8dc5f53000-7f8dc5fc7000 rw-p 00000000 00:00 0 
7f8dc5fc7000-7f8dc5fdf000 r-xp 00000000 08:07 2500674                    /lib/x86_64-linux-gnu/libz.so.1.2.8
7f8dc5fdf000-7f8dc61de000 ---p 00018000 08:07 2500674                    /lib/x86_64-linux-gnu/libz.so.1.2.8
7f8dc61de000-7f8dc61df000 r--p 00017000 08:07 2500674                    /lib/x86_64-linux-gnu/libz.so.1.2.8
7f8dc61df000-7f8dc61e0000 rw-p 00018000 08:07 2500674                    /lib/x86_64-linux-gnu/libz.so.1.2.8
7f8dc61e0000-7f8dc61e8000 r-xp 00000000 08:07 2243149                    /usr/lib/x86_64-linux-gnu/libpciaccess.so.0.11.1
7f8dc61e8000-7f8dc63e7000 ---p 00008000 08:07 2243149                    /usr/lib/x86_64-linux-gnu/libpciaccess.so.0.11.1
7f8dc63e7000-7f8dc63e8000 r--p 00007000 08:07 2243149                    /usr/lib/x86_64-linux-gnu/libpciaccess.so.0.11.1
7f8dc63e8000-7f8dc63e9000 rw-p 00008000 08:07 2243149                    /usr/lib/x86_64-linux-gnu/libpciaccess.so.0.11.1
7f8dc63e9000-7f8dc6410000 r-xp 00000000 08:07 2494246                    /lib/x86_64-linux-gnu/libexpat.so.1.6.0
7f8dc6410000-7f8dc6610000 ---p 00027000 08:07 2494246                    /lib/x86_64-linux-gnu/libexpat.so.1.6.0
7f8dc6610000-7f8dc6612000 r--p 00027000 08:07 2494246                    /lib/x86_64-linux-gnu/libexpat.so.1.6.0
7f8dc6612000-7f8dc6613000 rw-p 00029000 08:07 2494246                    /lib/x86_64-linux-gnu/libexpat.so.1.6.0
7f8dc6613000-7f8dc661f000 r-xp 00000000 08:07 2243136                    /usr/lib/x86_64-linux-gnu/libdrm_radeon.so.1.0.1
7f8dc661f000-7f8dc681e000 ---p 0000c000 08:07 2243136                    /usr/lib/x86_64-linux-gnu/libdrm_radeon.so.1.0.1
7f8dc681e000-7f8dc681f000 r--p 0000b000 08:07 2243136                    /usr/lib/x86_64-linux-gnu/libdrm_radeon.so.1.0.1
7f8dc681f000-7f8dc6820000 rw-p 0000c000 08:07 2243136                    /usr/lib/x86_64-linux-gnu/libdrm_radeon.so.1.0.1
7f8dc6820000-7f8dc6825000 r-xp 00000000 08:07 2243151                    /usr/lib/x86_64-linux-gnu/libdrm_nouveau.so.2.0.0
7f8dc6825000-7f8dc6a24000 ---p 00005000 08:07 2243151                    /usr/lib/x86_64-linux-gnu/libdrm_nouveau.so.2.0.0
7f8dc6a24000-7f8dc6a25000 r--p 00004000 08:07 2243151                    /usr/lib/x86_64-linux-gnu/libdrm_nouveau.so.2.0.0
7f8dc6a25000-7f8dc6a26000 rw-p 00005000 08:07 2243151                    /usr/lib/x86_64-linux-gnu/libdrm_nouveau.so.2.0.0
7f8dc6a26000-7f8dc6a45000 r-xp 00000000 08:07 2243609                    /usr/lib/x86_64-linux-gnu/libdrm_intel.so.1.0.0
7f8dc6a45000-7f8dc6c44000 ---p 0001f000 08:07 2243609                    /usr/lib/x86_64-linux-gnu/libdrm_intel.so.1.0.0
7f8dc6c44000-7f8dc6c45000 r--p 0001e000 08:07 2243609                    /usr/lib/x86_64-linux-gnu/libdrm_intel.so.1.0.0
7f8dc6c45000-7f8dc6c46000 rw-p 0001f000 08:07 2243609                    /usr/lib/x86_64-linux-gnu/libdrm_intel.so.1.0.0
7f8dc6c46000-7f8dc7135000 r-xp 00000000 08:07 20610                      /usr/lib/x86_64-linux-gnu/dri/i965_dri.so
7f8dc7135000-7f8dc7334000 ---p 004ef000 08:07 20610                      /usr/lib/x86_64-linux-gnu/dri/i965_dri.so
7f8dc7334000-7f8dc734b000 r--p 004ee000 08:07 20610                      /usr/lib/x86_64-linux-gnu/dri/i965_dri.so
7f8dc734b000-7f8dc7357000 rw-p 00505000 08:07 20610                      /usr/lib/x86_64-linux-gnu/dri/i965_dri.so
7f8dc7357000-7f8dc73a3000 rw-p 00000000 00:00 0 
7f8dc73a3000-7f8dc73ab000 r-xp 00000000 08:07 2500732                    /lib/x86_64-linux-gnu/libnih-dbus.so.1.0.0
7f8dc73ab000-7f8dc75ab000 ---p 00008000 08:07 2500732                    /lib/x86_64-linux-gnu/libnih-dbus.so.1.0.0
7f8dc75ab000-7f8dc75ac000 r--p 00008000 08:07 2500732                    /lib/x86_64-linux-gnu/libnih-dbus.so.1.0.0
7f8dc75ac000-7f8dc75ad000 rw-p 00009000 08:07 2500732                    /lib/x86_64-linux-gnu/libnih-dbus.so.1.0.0
7f8dc75ad000-7f8dc75c4000 r-xp 00000000 08:07 2494286                    /lib/x86_64-linux-gnu/libnih.so.1.0.0
7f8dc75c4000-7f8dc77c3000 ---p 00017000 08:07 2494286                    /lib/x86_64-linux-gnu/libnih.so.1.0.0
7f8dc77c3000-7f8dc77c4000 r--p 00016000 08:07 2494286                    /lib/x86_64-linux-gnu/libnih.so.1.0.0
7f8dc77c4000-7f8dc77c5000 rw-p 00017000 08:07 2494286                    /lib/x86_64-linux-gnu/libnih.so.1.0.0
7f8dc77c5000-7f8dc77de000 r-xp 00000000 08:07 2491890                    /lib/x86_64-linux-gnu/libcgmanager.so.0.0.0
7f8dc77de000-7f8dc79dd000 ---p 00019000 08:07 2491890                    /lib/x86_64-linux-gnu/libcgmanager.so.0.0.0
7f8dc79dd000-7f8dc79df000 r--p 00018000 08:07 2491890                    /lib/x86_64-linux-gnu/libcgmanager.so.0.0.0
7f8dc79df000-7f8dc79e0000 rw-p 0001a000 08:07 2491890                    /lib/x86_64-linux-gnu/libcgmanager.so.0.0.0
7f8dc79e0000-7f8dc79f0000 r-xp 00000000 08:07 2491912                    /lib/x86_64-linux-gnu/libudev.so.1.3.5
7f8dc79f0000-7f8dc7bef000 ---p 00010000 08:07 2491912                    /lib/x86_64-linux-gnu/libudev.so.1.3.5
7f8dc7bef000-7f8dc7bf0000 r--p 0000f000 08:07 2491912                    /lib/x86_64-linux-gnu/libudev.so.1.3.5
7f8dc7bf0000-7f8dc7bf1000 rw-p 00010000 08:07 2491912                    /lib/x86_64-linux-gnu/libudev.so.1.3.5
7f8dc7bf1000-7f8dc7bfc000 r-xp 00000000 08:07 2229587                    /usr/lib/x86_64-linux-gnu/libdrm.so.2.4.0
7f8dc7bfc000-7f8dc7dfb000 ---p 0000b000 08:07 2229587                    /usr/lib/x86_64-linux-gnu/libdrm.so.2.4.0
7f8dc7dfb000-7f8dc7dfc000 r--p 0000a000 08:07 2229587                    /usr/lib/x86_64-linux-gnu/libdrm.so.2.4.0
7f8dc7dfc000-7f8dc7dfd000 rw-p 0000b000 08:07 2229587                    /usr/lib/x86_64-linux-gnu/libdrm.so.2.4.0
7f8dc7dfd000-7f8dc7dfe000 r-xp 00000000 08:07 2243482                    /usr/lib/x86_64-linux-gnu/libxshmfence.so.1.0.0
7f8dc7dfe000-7f8dc7ffd000 ---p 00001000 08:07 2243482                    /usr/lib/x86_64-linux-gnu/libxshmfence.so.1.0.0
7f8dc7ffd000-7f8dc7ffe000 r--p 00000000 08:07 2243482                    /usr/lib/x86_64-linux-gnu/libxshmfence.so.1.0.0
7f8dc7ffe000-7f8dc7fff000 rw-p 00001000 08:07 2243482                    /usr/lib/x86_64-linux-gnu/libxshmfence.so.1.0.0
7f8dcc000000-7f8dcc02a000 rw-p 00000000 00:00 0 
7f8dcc02a000-7f8dd0000000 ---p 00000000 00:00 0 
7f8dd0000000-7f8dd0021000 rw-p 00000000 00:00 0 
7f8dd0021000-7f8dd4000000 ---p 00000000 00:00 0 
7f8dd4000000-7f8dd4021000 rw-p 00000000 00:00 0 
7f8dd4021000-7f8dd8000000 ---p 00000000 00:00 0 
7f8dd8000000-7f8dd8021000 rw-p 00000000 00:00 0 
7f8dd8021000-7f8ddc000000 ---p 00000000 00:00 0 
7f8ddc000000-7f8ddc59e000 rw-p 00000000 00:00 0 
7f8ddc59e000-7f8de0000000 ---p 00000000 00:00 0 
7f8de0000000-7f8de0021000 rw-p 00000000 00:00 0 
7f8de0021000-7f8de4000000 ---p 00000000 00:00 0 
7f8de4000000-7f8de4021000 rw-p 00000000 00:00 0 
7f8de4021000-7f8de8000000 ---p 00000000 00:00 0 
7f8de8000000-7f8de83eb000 rw-p 00000000 00:00 0 
7f8de83eb000-7f8dec000000 ---p 00000000 00:00 0 
7f8dec000000-7f8dec021000 rw-p 00000000 00:00 0 
7f8dec021000-7f8df0000000 ---p 00000000 00:00 0 
7f8df0000000-7f8df0021000 rw-p 00000000 00:00 0 
7f8df0021000-7f8df4000000 ---p 00000000 00:00 0 
7f8df4000000-7f8df4021000 rw-p 00000000 00:00 0 
7f8df4021000-7f8df8000000 ---p 00000000 00:00 0 
7f8df8000000-7f8df8021000 rw-p 00000000 00:00 0 
7f8df8021000-7f8dfc000000 ---p 00000000 00:00 0 
7f8dfc000000-7f8dfc021000 rw-p 00000000 00:00 0 
7f8dfc021000-7f8e00000000 ---p 00000000 00:00 0 
7f8e00011000-7f8e00016000 r-xp 00000000 08:07 2251781                    /usr/lib/x86_64-linux-gnu/libxcb-sync.so.1.0.0
7f8e00016000-7f8e00215000 ---p 00005000 08:07 2251781                    /usr/lib/x86_64-linux-gnu/libxcb-sync.so.1.0.0
7f8e00215000-7f8e00216000 r--p 00004000 08:07 2251781                    /usr/lib/x86_64-linux-gnu/libxcb-sync.so.1.0.0
7f8e00216000-7f8e00217000 rw-p 00005000 08:07 2251781                    /usr/lib/x86_64-linux-gnu/libxcb-sync.so.1.0.0
7f8e00217000-7f8e00219000 r-xp 00000000 08:07 2251778                    /usr/lib/x86_64-linux-gnu/libxcb-present.so.0.0.0
7f8e00219000-7f8e00418000 ---p 00002000 08:07 2251778                    /usr/lib/x86_64-linux-gnu/libxcb-present.so.0.0.0
7f8e00418000-7f8e00419000 r--p 00001000 08:07 2251778                    /usr/lib/x86_64-linux-gnu/libxcb-present.so.0.0.0
7f8e00419000-7f8e0041a000 rw-p 00002000 08:07 2251778                    /usr/lib/x86_64-linux-gnu/libxcb-present.so.0.0.0
7f8e0041a000-7f8e0041c000 r-xp 00000000 08:07 2236640                    /usr/lib/x86_64-linux-gnu/libxcb-dri3.so.0.0.0
7f8e0041c000-7f8e0061b000 ---p 00002000 08:07 2236640                    /usr/lib/x86_64-linux-gnu/libxcb-dri3.so.0.0.0
7f8e0061b000-7f8e0061c000 r--p 00001000 08:07 2236640                    /usr/lib/x86_64-linux-gnu/libxcb-dri3.so.0.0.0
7f8e0061c000-7f8e0061d000 rw-p 00002000 08:07 2236640                    /usr/lib/x86_64-linux-gnu/libxcb-dri3.so.0.0.0
7f8e0061d000-7f8e00620000 r-xp 00000000 08:07 2243153                    /usr/lib/x86_64-linux-gnu/libxcb-dri2.so.0.0.0
7f8e00620000-7f8e00820000 ---p 00003000 08:07 2243153                    /usr/lib/x86_64-linux-gnu/libxcb-dri2.so.0.0.0
7f8e00820000-7f8e00821000 r--p 00003000 08:07 2243153                    /usr/lib/x86_64-linux-gnu/libxcb-dri2.so.0.0.0
7f8e00821000-7f8e00822000 rw-p 00004000 08:07 2243153                    /usr/lib/x86_64-linux-gnu/libxcb-dri2.so.0.0.0
7f8e00822000-7f8e00837000 r-xp 00000000 08:07 2243189                    /usr/lib/x86_64-linux-gnu/libxcb-glx.so.0.0.0
7f8e00837000-7f8e00a36000 ---p 00015000 08:07 2243189                    /usr/lib/x86_64-linux-gnu/libxcb-glx.so.0.0.0
7f8e00a36000-7f8e00a38000 r--p 00014000 08:07 2243189                    /usr/lib/x86_64-linux-gnu/libxcb-glx.so.0.0.0
7f8e00a38000-7f8e00a39000 rw-p 00016000 08:07 2243189                    /usr/lib/x86_64-linux-gnu/libxcb-glx.so.0.0.0
7f8e00a39000-7f8e00a3a000 r-xp 00000000 08:07 2243165                    /usr/lib/x86_64-linux-gnu/libX11-xcb.so.1.0.0
7f8e00a3a000-7f8e00c39000 ---p 00001000 08:07 2243165                    /usr/lib/x86_64-linux-gnu/libX11-xcb.so.1.0.0
7f8e00c39000-7f8e00c3a000 r--p 00000000 08:07 2243165                    /usr/lib/x86_64-linux-gnu/libX11-xcb.so.1.0.0
7f8e00c3a000-7f8e00c3b000 rw-p 00001000 08:07 2243165                    /usr/lib/x86_64-linux-gnu/libX11-xcb.so.1.0.0
7f8e00c3b000-7f8e00c3d000 r-xp 00000000 08:07 2244037                    /usr/lib/x86_64-linux-gnu/libXdamage.so.1.1.0
7f8e00c3d000-7f8e00e3c000 ---p 00002000 08:07 2244037                    /usr/lib/x86_64-linux-gnu/libXdamage.so.1.1.0
7f8e00e3c000-7f8e00e3d000 r--p 00001000 08:07 2244037                    /usr/lib/x86_64-linux-gnu/libXdamage.so.1.1.0
7f8e00e3d000-7f8e00e3e000 rw-p 00002000 08:07 2244037                    /usr/lib/x86_64-linux-gnu/libXdamage.so.1.1.0
7f8e00e3e000-7f8e00e60000 r-xp 00000000 08:07 2234673                    /usr/lib/x86_64-linux-gnu/libglapi.so.0.0.0
7f8e00e60000-7f8e01060000 ---p 00022000 08:07 2234673                    /usr/lib/x86_64-linux-gnu/libglapi.so.0.0.0
7f8e01060000-7f8e01063000 r--p 00022000 08:07 2234673                    /usr/lib/x86_64-linux-gnu/libglapi.so.0.0.0
7f8e01063000-7f8e01064000 rw-p 00025000 08:07 2234673                    /usr/lib/x86_64-linux-gnu/libglapi.so.0.0.0
7f8e01064000-7f8e01065000 rw-p 00000000 00:00 0 
7f8e01065000-7f8e010c7000 r-xp 00000000 08:07 769                        /usr/lib/x86_64-linux-gnu/mesa/libGL.so.1.2.0
7f8e010c7000-7f8e012c6000 ---p 00062000 08:07 769                        /usr/lib/x86_64-linux-gnu/mesa/libGL.so.1.2.0
7f8e012c6000-7f8e012c9000 r--p 00061000 08:07 769                        /usr/lib/x86_64-linux-gnu/mesa/libGL.so.1.2.0
7f8e012c9000-7f8e012ca000 rw-p 00064000 08:07 769                        /usr/lib/x86_64-linux-gnu/mesa/libGL.so.1.2.0
7f8e012ca000-7f8e012cb000 rw-p 00000000 00:00 0 
7f8e012cb000-7f8e012ce000 ---p 00000000 00:00 0 
7f8e012ce000-7f8e013cc000 rw-p 00000000 00:00 0                          [stack:27945]
7f8e013cc000-7f8e013cf000 ---p 00000000 00:00 0 
7f8e013cf000-7f8e014cd000 rw-p 00000000 00:00 0                          [stack:27946]
7f8e014cd000-7f8e014ce000 ---p 00000000 00:00 0 
7f8e014ce000-7f8e01cce000 rw-p 00000000 00:00 0 
7f8e01cce000-7f8e01ce5000 r-xp 00000000 08:07 2513918                    /lib/x86_64-linux-gnu/libresolv-2.19.so
7f8e01ce5000-7f8e01ee5000 ---p 00017000 08:07 2513918                    /lib/x86_64-linux-gnu/libresolv-2.19.so
7f8e01ee5000-7f8e01ee6000 r--p 00017000 08:07 2513918                    /lib/x86_64-linux-gnu/libresolv-2.19.so
7f8e01ee6000-7f8e01ee7000 rw-p 00018000 08:07 2513918                    /lib/x86_64-linux-gnu/libresolv-2.19.so
7f8e01ee7000-7f8e01ee9000 rw-p 00000000 00:00 0 
7f8e01ee9000-7f8e01ef0000 r-xp 00000000 08:07 2236867                    /usr/lib/x86_64-linux-gnu/libogg.so.0.8.1
7f8e01ef0000-7f8e020f0000 ---p 00007000 08:07 2236867                    /usr/lib/x86_64-linux-gnu/libogg.so.0.8.1
7f8e020f0000-7f8e020f1000 r--p 00007000 08:07 2236867                    /usr/lib/x86_64-linux-gnu/libogg.so.0.8.1
7f8e020f1000-7f8e020f2000 rw-p 00008000 08:07 2236867                    /usr/lib/x86_64-linux-gnu/libogg.so.0.8.1
7f8e020f2000-7f8e0211e000 r-xp 00000000 08:07 2243434                    /usr/lib/x86_64-linux-gnu/libvorbis.so.0.4.5
7f8e0211e000-7f8e0231d000 ---p 0002c000 08:07 2243434                    /usr/lib/x86_64-linux-gnu/libvorbis.so.0.4.5
7f8e0231d000-7f8e0231e000 r--p 0002b000 08:07 2243434                    /usr/lib/x86_64-linux-gnu/libvorbis.so.0.4.5
7f8e0231e000-7f8e0231f000 rw-p 0002c000 08:07 2243434                    /usr/lib/x86_64-linux-gnu/libvorbis.so.0.4.5
7f8e0231f000-7f8e025d2000 r-xp 00000000 08:07 2243426                    /usr/lib/x86_64-linux-gnu/libvorbisenc.so.2.0.8
7f8e025d2000-7f8e027d1000 ---p 002b3000 08:07 2243426                    /usr/lib/x86_64-linux-gnu/libvorbisenc.so.2.0.8
7f8e027d1000-7f8e027ed000 r--p 002b2000 08:07 2243426                    /usr/lib/x86_64-linux-gnu/libvorbisenc.so.2.0.8
7f8e027ed000-7f8e027ee000 rw-p 002ce000 08:07 2243426                    /usr/lib/x86_64-linux-gnu/libvorbisenc.so.2.0.8
7f8e027ee000-7f8e0281d000 r-xp 00000000 08:07 2228700                    /usr/lib/x86_64-linux-gnu/libFLAC.so.8.3.0
7f8e0281d000-7f8e02a1d000 ---p 0002f000 08:07 2228700                    /usr/lib/x86_64-linux-gnu/libFLAC.so.8.3.0
7f8e02a1d000-7f8e02a1e000 r--p 0002f000 08:07 2228700                    /usr/lib/x86_64-linux-gnu/libFLAC.so.8.3.0
7f8e02a1e000-7f8e02a1f000 rw-p 00030000 08:07 2228700                    /usr/lib/x86_64-linux-gnu/libFLAC.so.8.3.0
7f8e02a1f000-7f8e02a24000 r-xp 00000000 08:07 2236545                    /usr/lib/x86_64-linux-gnu/libasyncns.so.0.3.1
7f8e02a24000-7f8e02c23000 ---p 00005000 08:07 2236545                    /usr/lib/x86_64-linux-gnu/libasyncns.so.0.3.1
7f8e02c23000-7f8e02c24000 r--p 00004000 08:07 2236545                    /usr/lib/x86_64-linux-gnu/libasyncns.so.0.3.1
7f8e02c24000-7f8e02c25000 rw-p 00005000 08:07 2236545                    /usr/lib/x86_64-linux-gnu/libasyncns.so.0.3.1
7f8e02c25000-7f8e02c86000 r-xp 00000000 08:07 2237212                    /usr/lib/x86_64-linux-gnu/libsndfile.so.1.0.25
7f8e02c86000-7f8e02e86000 ---p 00061000 08:07 2237212                    /usr/lib/x86_64-linux-gnu/libsndfile.so.1.0.25
7f8e02e86000-7f8e02e88000 r--p 00061000 08:07 2237212                    /usr/lib/x86_64-linux-gnu/libsndfile.so.1.0.25
7f8e02e88000-7f8e02e89000 rw-p 00063000 08:07 2237212                    /usr/lib/x86_64-linux-gnu/libsndfile.so.1.0.25
7f8e02e89000-7f8e02e8d000 rw-p 00000000 00:00 0 
7f8e02e8d000-7f8e02e95000 r-xp 00000000 08:07 2491503                    /lib/x86_64-linux-gnu/libwrap.so.0.7.6
7f8e02e95000-7f8e03094000 ---p 00008000 08:07 2491503                    /lib/x86_64-linux-gnu/libwrap.so.0.7.6
7f8e03094000-7f8e03095000 r--p 00007000 08:07 2491503                    /lib/x86_64-linux-gnu/libwrap.so.0.7.6
7f8e03095000-7f8e03096000 rw-p 00008000 08:07 2491503                    /lib/x86_64-linux-gnu/libwrap.so.0.7.6
7f8e03096000-7f8e03097000 rw-p 00000000 00:00 0 
7f8e03097000-7f8e030db000 r-xp 00000000 08:07 2490742                    /lib/x86_64-linux-gnu/libdbus-1.so.3.7.6
7f8e030db000-7f8e032da000 ---p 00044000 08:07 2490742                    /lib/x86_64-linux-gnu/libdbus-1.so.3.7.6
7f8e032da000-7f8e032db000 r--p 00043000 08:07 2490742                    /lib/x86_64-linux-gnu/libdbus-1.so.3.7.6
7f8e032db000-7f8e032dc000 rw-p 00044000 08:07 2490742                    /lib/x86_64-linux-gnu/libdbus-1.so.3.7.6
7f8e032dc000-7f8e03342000 r-xp 00000000 08:07 474                        /usr/lib/x86_64-linux-gnu/pulseaudio/libpulsecommon-4.0.so
7f8e03342000-7f8e03541000 ---p 00066000 08:07 474                        /usr/lib/x86_64-linux-gnu/pulseaudio/libpulsecommon-4.0.so
7f8e03541000-7f8e03542000 r--p 00065000 08:07 474                        /usr/lib/x86_64-linux-gnu/pulseaudio/libpulsecommon-4.0.so
7f8e03542000-7f8e03543000 rw-p 00066000 08:07 474                        /usr/lib/x86_64-linux-gnu/pulseaudio/libpulsecommon-4.0.so
7f8e03543000-7f8e0354d000 r-xp 00000000 08:07 2491865                    /lib/x86_64-linux-gnu/libjson-c.so.2.0.0
7f8e0354d000-7f8e0374c000 ---p 0000a000 08:07 2491865                    /lib/x86_64-linux-gnu/libjson-c.so.2.0.0
7f8e0374c000-7f8e0374d000 r--p 00009000 08:07 2491865                    /lib/x86_64-linux-gnu/libjson-c.so.2.0.0
7f8e0374d000-7f8e0374e000 rw-p 0000a000 08:07 2491865                    /lib/x86_64-linux-gnu/libjson-c.so.2.0.0
7f8e0374e000-7f8e03795000 r-xp 00000000 08:07 2240893                    /usr/lib/x86_64-linux-gnu/libpulse.so.0.16.2
7f8e03795000-7f8e03995000 ---p 00047000 08:07 2240893                    /usr/lib/x86_64-linux-gnu/libpulse.so.0.16.2
7f8e03995000-7f8e03996000 r--p 00047000 08:07 2240893                    /usr/lib/x86_64-linux-gnu/libpulse.so.0.16.2
7f8e03996000-7f8e03997000 rw-p 00048000 08:07 2240893                    /usr/lib/x86_64-linux-gnu/libpulse.so.0.16.2
7f8e03aef000-7f8e03af2000 ---p 00000000 00:00 0 
7f8e03af2000-7f8e03bf0000 rw-p 00000000 00:00 0 
7f8e03bf0000-7f8e03bf4000 r-xp 00000000 08:07 2244041                    /usr/lib/x86_64-linux-gnu/libXxf86vm.so.1.0.0
7f8e03bf4000-7f8e03df4000 ---p 00004000 08:07 2244041                    /usr/lib/x86_64-linux-gnu/libXxf86vm.so.1.0.0
7f8e03df4000-7f8e03df5000 r--p 00004000 08:07 2244041                    /usr/lib/x86_64-linux-gnu/libXxf86vm.so.1.0.0
7f8e03df5000-7f8e03df6000 rw-p 00005000 08:07 2244041                    /usr