#
# A fatal error has been detected by the Java Runtime Environment:
#
#  SIGBUS (0x7) at pc=0x00007f0f79b5c740, pid=4617, tid=139704269686528
#
# JRE version: Java(TM) SE Runtime Environment (7.0_45-b18) (build 1.7.0_45-b18)
# Java VM: Java HotSpot(TM) 64-Bit Server VM (24.45-b08 mixed mode linux-amd64 compressed oops)
# Problematic frame:
# 
[error occurred during error reporting (printing problematic frame), id 0x7]

# Failed to write core dump. Core dumps have been disabled. To enable core dumping, try "ulimit -c unlimited" before starting Java again
#
# If you would like to submit a bug report, please visit:
#   http://bugreport.sun.com/bugreport/crash.jsp
#

---------------  T H R E A D  ---------------

Current thread is native thread

siginfo:si_signo=SIGBUS: si_errno=0, si_code=2 (BUS_ADRERR), si_addr=0x00007f0f79b5c740

Registers:
RAX=0x0000000000000000, RBX=0x00007f0f6f5e3e00, RCX=0x00007f0fb729541d, RDX=0x0000000000000000
RSP=0x00007f0f6f5e3df0, RBP=0x00007f0fb01d8360, RSI=0x00007f0f6f5e3df0, RDI=0x0000000000000000
R8 =0x00007f0fb01d4eb0, R9 =0x0000000000000001, R10=0x00007f0fb01dcb74, R11=0x0000000000000000
R12=0x0000000000000000, R13=0x00007f0fb01dcb50, R14=0x0000000000000008, R15=0x00007f0f6f5e3e58
RIP=0x00007f0f79b5c740, EFLAGS=0x0000000000010217, CSGSFS=0x0000000000000033, ERR=0x0000000000000014
  TRAPNO=0x000000000000000e

Top of Stack: (sp=0x00007f0f6f5e3df0)
0x00007f0f6f5e3df0:   00007f0fb01d83e0 00007f0f794bd1de
0x00007f0f6f5e3e00:   0000000000000000 00000000000f4240
0x00007f0f6f5e3e10:   00007f0fb01dcb50 0000000000001d00
0x00007f0f6f5e3e20:   00007f0fb01d8360 00007f0f79b685d3
0x00007f0f6f5e3e30:   0000000000000000 00007f0f6f5e3e50
0x00007f0f6f5e3e40:   0000000000002000 0000000000006000
0x00007f0f6f5e3e50:   00007f0f6402f040 0000000000002000
0x00007f0f6f5e3e60:   0000000000000000 00007f0fb01dc480
0x00007f0f6f5e3e70:   0000000000000000 0000000000000000
0x00007f0f6f5e3e80:   00007f0fb76c6060 00007f0fb769d2d0
0x00007f0f6f5e3e90:   0000000000001000 00007f0f79b5b73a
0x00007f0f6f5e3ea0:   0000000000000000 00007f0fb728df6e
0x00007f0f6f5e3eb0:   0000000000000000 00007f0f6f5e4700
0x00007f0f6f5e3ec0:   00007f0f6f5e4700 5e58e10f31d2583b
0x00007f0f6f5e3ed0:   0000000000000000 00007f0fb76c6060
0x00007f0f6f5e3ee0:   00007f0fb769d2d0 0000000000001000
0x00007f0f6f5e3ef0:   a0463fb34cb2583b a0478f5e8fbc583b
0x00007f0f6f5e3f00:   0000000000000000 0000000000000000
0x00007f0f6f5e3f10:   0000000000000000 0000000000000000
0x00007f0f6f5e3f20:   0000000000000000 0000000000000000
0x00007f0f6f5e3f30:   0000000000000000 0000000000000000
0x00007f0f6f5e3f40:   0000000000000000 0000000000000000
0x00007f0f6f5e3f50:   0000000000000000 0000000000000000
0x00007f0f6f5e3f60:   0000000000000000 0000000000000000
0x00007f0f6f5e3f70:   0000000000000000 0000000000000000
0x00007f0f6f5e3f80:   0000000000000000 0000000000000000
0x00007f0f6f5e3f90:   0000000000000000 0000000000000000
0x00007f0f6f5e3fa0:   0000000000000000 0000000000000000
0x00007f0f6f5e3fb0:   00007f0f6f5e4700 00007f0fb6b9d9cd
0x00007f0f6f5e3fc0:   0000000000000000 0000000000000000
0x00007f0f6f5e3fd0:   0000000000000000 0000000000000000
0x00007f0f6f5e3fe0:   0000000000000000 0000000000000000 

Instructions: (pc=0x00007f0f79b5c740)
0x00007f0f79b5c720:   
[error occurred during error reporting (printing registers, top of stack, instructions near pc), id 0x7]

Register to memory mapping:

RAX=0x0000000000000000 is an unknown value
RBX=0x00007f0f6f5e3e00 is an unknown value
RCX=0x00007f0fb729541d: __nanosleep+0x2d in /lib/x86_64-linux-gnu/libpthread.so.0 at 0x00007f0fb7286000
RDX=0x0000000000000000 is an unknown value
RSP=0x00007f0f6f5e3df0 is an unknown value
RBP=0x00007f0fb01d8360 is an unknown value
RSI=0x00007f0f6f5e3df0 is an unknown value
RDI=0x0000000000000000 is an unknown value
R8 =0x00007f0fb01d4eb0 is an unknown value
R9 =0x0000000000000001 is an unknown value
R10=0x00007f0fb01dcb74 is an unknown value
R11=0x0000000000000000 is an unknown value
R12=0x0000000000000000 is an unknown value
R13=0x00007f0fb01dcb50 is an unknown value
R14=0x0000000000000008 is an unknown value
R15=0x00007f0f6f5e3e58 is an unknown value


Stack: [0x00007f0f6f4e4000,0x00007f0f6f5e5000],  sp=0x00007f0f6f5e3df0,  free space=1023k
Native frames: (J=compiled Java code, j=interpreted, Vv=VM code, C=native code)

[error occurred during error reporting (printing native stack), id 0x7]


---------------  P R O C E S S  ---------------

VM state:not at safepoint (normal execution)

VM Mutex/Monitor currently owned by a thread: None

Heap
 PSYoungGen      total 18432K, used 6689K [0x00000000ebe00000, 0x00000000ed280000, 0x0000000100000000)
  eden space 15872K, 26% used [0x00000000ebe00000,0x00000000ec20d880,0x00000000ecd80000)
  from space 2560K, 99% used [0x00000000ecd80000,0x00000000ecffad10,0x00000000ed000000)
  to   space 2560K, 0% used [0x00000000ed000000,0x00000000ed000000,0x00000000ed280000)
 ParOldGen       total 40960K, used 227K [0x00000000c3a00000, 0x00000000c6200000, 0x00000000ebe00000)
  object space 40960K, 0% used [0x00000000c3a00000,0x00000000c3a38c00,0x00000000c6200000)
 PSPermGen       total 21504K, used 7602K [0x00000000be800000, 0x00000000bfd00000, 0x00000000c3a00000)
  object space 21504K, 35% used [0x00000000be800000,0x00000000bef6cb50,0x00000000bfd00000)

Card table byte_map: [0x00007f0fb4694000,0x00007f0fb48a1000] byte_map_base: 0x00007f0fb40a0000

Polling page: 0x00007f0fb76c2000

Code Cache  [0x00007f0fad000000, 0x00007f0fad270000, 0x00007f0fb0000000)
 total_blobs=588 nmethods=107 adapters=435 free_code_cache=48422Kb largest_free_block=49557440

Compilation events (10 events):
Event: 9,244 Thread 0x00007f0fb0095000 nmethod 102 0x00007f0fad0baa90 code [0x00007f0fad0bac80, 0x00007f0fad0bb358]
Event: 9,250 Thread 0x00007f0fb0092000 nmethod 101 0x00007f0fad0b98d0 code [0x00007f0fad0b9ae0, 0x00007f0fad0ba260]
Event: 9,276 Thread 0x00007f0fb0095000  103             java.nio.HeapByteBuffer::ix (7 bytes)
Event: 9,277 Thread 0x00007f0fb0095000 nmethod 103 0x00007f0fad0a8390 code [0x00007f0fad0a84c0, 0x00007f0fad0a8518]
Event: 10,662 Thread 0x00007f0fb0092000  105             org.lwjgl.opengl.LinuxMouse::poll (106 bytes)
Event: 10,672 Thread 0x00007f0fb0092000 nmethod 105 0x00007f0fad0a53d0 code [0x00007f0fad0a5540, 0x00007f0fad0a5878]
Event: 11,513 Thread 0x00007f0fb0095000  106             java.util.concurrent.locks.AbstractOwnableSynchronizer::setExclusiveOwnerThread (6 bytes)
Event: 11,514 Thread 0x00007f0fb0095000 nmethod 106 0x00007f0fad0b1850 code [0x00007f0fad0b1980, 0x00007f0fad0b19f8]
Event: 13,967 Thread 0x00007f0fb0092000  107             java.util.concurrent.locks.AbstractQueuedSynchronizer::getState (5 bytes)
Event: 13,968 Thread 0x00007f0fb0092000 nmethod 107 0x00007f0fad0b7f90 code [0x00007f0fad0b80c0, 0x00007f0fad0b8118]

GC Heap History (2 events):
Event: 0,937 GC heap before
{Heap before GC invocations=1 (full 0):
 PSYoungGen      total 18432K, used 15872K [0x00000000ebe00000, 0x00000000ed280000, 0x0000000100000000)
  eden space 15872K, 100% used [0x00000000ebe00000,0x00000000ecd80000,0x00000000ecd80000)
  from space 2560K, 0% used [0x00000000ed000000,0x00000000ed000000,0x00000000ed280000)
  to   space 2560K, 0% used [0x00000000ecd80000,0x00000000ecd80000,0x00000000ed000000)
 ParOldGen       total 40960K, used 0K [0x00000000c3a00000, 0x00000000c6200000, 0x00000000ebe00000)
  object space 40960K, 0% used [0x00000000c3a00000,0x00000000c3a00000,0x00000000c6200000)
 PSPermGen       total 21504K, used 7533K [0x00000000be800000, 0x00000000bfd00000, 0x00000000c3a00000)
  object space 21504K, 35% used [0x00000000be800000,0x00000000bef5b470,0x00000000bfd00000)
Event: 0,942 GC heap after
Heap after GC invocations=1 (full 0):
 PSYoungGen      total 18432K, used 2539K [0x00000000ebe00000, 0x00000000ed280000, 0x0000000100000000)
  eden space 15872K, 0% used [0x00000000ebe00000,0x00000000ebe00000,0x00000000ecd80000)
  from space 2560K, 99% used [0x00000000ecd80000,0x00000000ecffad10,0x00000000ed000000)
  to   space 2560K, 0% used [0x00000000ed000000,0x00000000ed000000,0x00000000ed280000)
 ParOldGen       total 40960K, used 227K [0x00000000c3a00000, 0x00000000c6200000, 0x00000000ebe00000)
  object space 40960K, 0% used [0x00000000c3a00000,0x00000000c3a38c00,0x00000000c6200000)
 PSPermGen       total 21504K, used 7533K [0x00000000be800000, 0x00000000bfd00000, 0x00000000c3a00000)
  object space 21504K, 35% used [0x00000000be800000,0x00000000bef5b470,0x00000000bfd00000)
}

Deoptimization events (0 events):
No events

Internal exceptions (10 events):
Event: 0,638 Thread 0x00007f0fb0265800 Threw 0x00000000ec6d19e8 at /HUDSON/workspace/7u-2-build-linux-amd64/jdk7u45/229/hotspot/src/share/vm/prims/jvm.cpp:1244
Event: 0,654 Thread 0x00007f0fb0265800 Threw 0x00000000ec7087e8 at /HUDSON/workspace/7u-2-build-linux-amd64/jdk7u45/229/hotspot/src/share/vm/prims/jvm.cpp:1244
Event: 0,655 Thread 0x00007f0fb0265800 Threw 0x00000000ec716190 at /HUDSON/workspace/7u-2-build-linux-amd64/jdk7u45/229/hotspot/src/share/vm/prims/jvm.cpp:1244
Event: 0,656 Thread 0x00007f0fb0265800 Threw 0x00000000ec71a7a8 at /HUDSON/workspace/7u-2-build-linux-amd64/jdk7u45/229/hotspot/src/share/vm/prims/jvm.cpp:1244
Event: 1,001 Thread 0x00007f0fb0265800 Threw 0x00000000ebf950d0 at /HUDSON/workspace/7u-2-build-linux-amd64/jdk7u45/229/hotspot/src/share/vm/prims/jvm.cpp:1244
Event: 1,002 Thread 0x00007f0fb0265800 Threw 0x00000000ebf98c70 at /HUDSON/workspace/7u-2-build-linux-amd64/jdk7u45/229/hotspot/src/share/vm/prims/jvm.cpp:1244
Event: 1,463 Thread 0x00007f0fb0265800 Threw 0x00000000ebfacbc0 at /HUDSON/workspace/7u-2-build-linux-amd64/jdk7u45/229/hotspot/src/share/vm/prims/jvm.cpp:1244
Event: 1,465 Thread 0x00007f0fb0265800 Threw 0x00000000ebfb01a0 at /HUDSON/workspace/7u-2-build-linux-amd64/jdk7u45/229/hotspot/src/share/vm/prims/jvm.cpp:1244
Event: 10,463 Thread 0x00007f0fb0265800 Threw 0x00000000ec1403b0 at /HUDSON/workspace/7u-2-build-linux-amd64/jdk7u45/229/hotspot/src/share/vm/prims/jvm.cpp:1244
Event: 10,464 Thread 0x00007f0fb0265800 Threw 0x00000000ec144e50 at /HUDSON/workspace/7u-2-build-linux-amd64/jdk7u45/229/hotspot/src/share/vm/prims/jvm.cpp:1244

Events (10 events):
Event: 1,465 loading class 0x00007f0fb01fdc30
Event: 1,465 loading class 0x00007f0fb01fdc30 done
Event: 4,056 Executing VM operation: EnableBiasedLocking
Event: 4,056 Executing VM operation: EnableBiasedLocking done
Event: 10,463 loading class 0x00007f0fb010b6a0
Event: 10,463 loading class 0x00007f0fb010b6a0 done
Event: 10,464 loading class 0x00007f0fb010b770
Event: 10,464 loading class 0x00007f0fb010b770 done
Event: 10,465 loading class 0x00007f0fb40c77f0
Event: 10,465 loading class 0x00007f0fb40c77f0 done


Dynamic libraries:
00400000-00401000 r-xp 00000000 08:07 142000                             /usr/lib/jvm/java-7-oracle/bin/java
00600000-00601000 rw-p 00000000 08:07 142000                             /usr/lib/jvm/java-7-oracle/bin/java
0231e000-0233f000 rw-p 00000000 00:00 0                                  [heap]
be800000-bfd00000 rw-p 00000000 00:00 0 
bfd00000-c3a00000 rw-p 00000000 00:00 0 
c3a00000-c6200000 rw-p 00000000 00:00 0 
c6200000-ebe00000 rw-p 00000000 00:00 0 
ebe00000-ed280000 rw-p 00000000 00:00 0 
ed280000-100000000 rw-p 00000000 00:00 0 
7f0f4c000000-7f0f4c021000 rw-p 00000000 00:00 0 
7f0f4c021000-7f0f50000000 ---p 00000000 00:00 0 
7f0f54000000-7f0f54021000 rw-p 00000000 00:00 0 
7f0f54021000-7f0f58000000 ---p 00000000 00:00 0 
7f0f58000000-7f0f58884000 rw-p 00000000 00:00 0 
7f0f58884000-7f0f5c000000 ---p 00000000 00:00 0 
7f0f5c000000-7f0f5c021000 rw-p 00000000 00:00 0 
7f0f5c021000-7f0f60000000 ---p 00000000 00:00 0 
7f0f602fe000-7f0f6047e000 rw-s 1049fa000 00:05 9828                      /dev/dri/card0
7f0f6047e000-7f0f605fe000 rw-s 10487a000 00:05 9828                      /dev/dri/card0
7f0f605fe000-7f0f6077e000 rw-s 1046fa000 00:05 9828                      /dev/dri/card0
7f0f6077e000-7f0f608fe000 rw-s 10457a000 00:05 9828                      /dev/dri/card0
7f0f608fe000-7f0f60a7e000 rw-s 1043fa000 00:05 9828                      /dev/dri/card0
7f0f60a7e000-7f0f60bfe000 rw-s 10427a000 00:05 9828                      /dev/dri/card0
7f0f60bfe000-7f0f60d7e000 rw-s 1040fa000 00:05 9828                      /dev/dri/card0
7f0f60d7e000-7f0f60efe000 rw-s 103f7a000 00:05 9828                      /dev/dri/card0
7f0f60efe000-7f0f6107e000 rw-s 103dfa000 00:05 9828                      /dev/dri/card0
7f0f6107e000-7f0f611fe000 rw-s 103c7a000 00:05 9828                      /dev/dri/card0
7f0f611fe000-7f0f6137e000 rw-s 103afa000 00:05 9828                      /dev/dri/card0
7f0f6137e000-7f0f614fe000 rw-s 10397a000 00:05 9828                      /dev/dri/card0
7f0f614fe000-7f0f6167e000 rw-s 1037fa000 00:05 9828                      /dev/dri/card0
7f0f6167e000-7f0f617fe000 rw-s 10367a000 00:05 9828                      /dev/dri/card0
7f0f617fe000-7f0f6197e000 rw-s 1034fa000 00:05 9828                      /dev/dri/card0
7f0f6197e000-7f0f61afe000 rw-s 10337a000 00:05 9828                      /dev/dri/card0
7f0f61afe000-7f0f61c7e000 rw-s 1031fa000 00:05 9828                      /dev/dri/card0
7f0f61c7e000-7f0f61dfe000 rw-s 10307a000 00:05 9828                      /dev/dri/card0
7f0f61dfe000-7f0f61f7e000 rw-s 102efa000 00:05 9828                      /dev/dri/card0
7f0f61f7e000-7f0f620fe000 rw-s 102d7a000 00:05 9828                      /dev/dri/card0
7f0f620fe000-7f0f6227e000 rw-s 102bfa000 00:05 9828                      /dev/dri/card0
7f0f6227e000-7f0f623fe000 rw-s 102a7a000 00:05 9828                      /dev/dri/card0
7f0f623fe000-7f0f6257e000 rw-s 1028fa000 00:05 9828                      /dev/dri/card0
7f0f6257e000-7f0f626fe000 rw-s 10277a000 00:05 9828                      /dev/dri/card0
7f0f626fe000-7f0f6287e000 rw-s 1025fa000 00:05 9828                      /dev/dri/card0
7f0f6287e000-7f0f629fe000 rw-s 10247a000 00:05 9828                      /dev/dri/card0
7f0f629fe000-7f0f62b7e000 rw-s 1022fa000 00:05 9828                      /dev/dri/card0
7f0f62b7e000-7f0f62cfe000 rw-s 10217a000 00:05 9828                      /dev/dri/card0
7f0f62cfe000-7f0f62e7e000 rw-s 101ffa000 00:05 9828                      /dev/dri/card0
7f0f62e7e000-7f0f62ffe000 rw-s 101e7a000 00:05 9828                      /dev/dri/card0
7f0f62ffe000-7f0f6317e000 rw-s 101cfa000 00:05 9828                      /dev/dri/card0
7f0f6317e000-7f0f632fe000 rw-s 101b7a000 00:05 9828                      /dev/dri/card0
7f0f632fe000-7f0f6347e000 rw-s 1019fa000 00:05 9828                      /dev/dri/card0
7f0f6347e000-7f0f635fe000 rw-s 10187a000 00:05 9828                      /dev/dri/card0
7f0f635fe000-7f0f6377e000 rw-s 1016fa000 00:05 9828                      /dev/dri/card0
7f0f6377e000-7f0f638fe000 rw-s 10157a000 00:05 9828                      /dev/dri/card0
7f0f638fe000-7f0f63a7e000 rw-s 1013fa000 00:05 9828                      /dev/dri/card0
7f0f63a7e000-7f0f63bfe000 rw-s 10127a000 00:05 9828                      /dev/dri/card0
7f0f63bfe000-7f0f63d7e000 rw-s 1010fa000 00:05 9828                      /dev/dri/card0
7f0f63d7e000-7f0f63efe000 rw-s 100f7a000 00:05 9828                      /dev/dri/card0
7f0f63fff000-7f0f68000000 rw-s 00000000 00:13 37830                      /run/shm/pulse-shm-2721633342
7f0f68000000-7f0f68021000 rw-p 00000000 00:00 0 
7f0f68021000-7f0f6c000000 ---p 00000000 00:00 0 
7f0f6c078000-7f0f6d1cb000 rw-p 00000000 00:00 0 
7f0f6d1cb000-7f0f6d1fd000 r-xp 00000000 08:07 2237271                    /usr/lib/x86_64-linux-gnu/libtxc_dxtn_s2tc.so.0.0.0
7f0f6d1fd000-7f0f6d3fc000 ---p 00032000 08:07 2237271                    /usr/lib/x86_64-linux-gnu/libtxc_dxtn_s2tc.so.0.0.0
7f0f6d3fc000-7f0f6d3fd000 r--p 00031000 08:07 2237271                    /usr/lib/x86_64-linux-gnu/libtxc_dxtn_s2tc.so.0.0.0
7f0f6d3fd000-7f0f6d3fe000 rw-p 00032000 08:07 2237271                    /usr/lib/x86_64-linux-gnu/libtxc_dxtn_s2tc.so.0.0.0
7f0f6d3fe000-7f0f6d416000 r-xp 00000000 08:07 2500674                    /lib/x86_64-linux-gnu/libz.so.1.2.8
7f0f6d416000-7f0f6d615000 ---p 00018000 08:07 2500674                    /lib/x86_64-linux-gnu/libz.so.1.2.8
7f0f6d615000-7f0f6d616000 r--p 00017000 08:07 2500674                    /lib/x86_64-linux-gnu/libz.so.1.2.8
7f0f6d616000-7f0f6d617000 rw-p 00018000 08:07 2500674                    /lib/x86_64-linux-gnu/libz.so.1.2.8
7f0f6d617000-7f0f6d61f000 r-xp 00000000 08:07 2243149                    /usr/lib/x86_64-linux-gnu/libpciaccess.so.0.11.1
7f0f6d61f000-7f0f6d81e000 ---p 00008000 08:07 2243149                    /usr/lib/x86_64-linux-gnu/libpciaccess.so.0.11.1
7f0f6d81e000-7f0f6d81f000 r--p 00007000 08:07 2243149                    /usr/lib/x86_64-linux-gnu/libpciaccess.so.0.11.1
7f0f6d81f000-7f0f6d820000 rw-p 00008000 08:07 2243149                    /usr/lib/x86_64-linux-gnu/libpciaccess.so.0.11.1
7f0f6d820000-7f0f6d83f000 r-xp 00000000 08:07 2237112                    /usr/lib/x86_64-linux-gnu/libdrm_intel.so.1.0.0
7f0f6d83f000-7f0f6da3e000 ---p 0001f000 08:07 2237112                    /usr/lib/x86_64-linux-gnu/libdrm_intel.so.1.0.0
7f0f6da3e000-7f0f6da3f000 r--p 0001e000 08:07 2237112                    /usr/lib/x86_64-linux-gnu/libdrm_intel.so.1.0.0
7f0f6da3f000-7f0f6da40000 rw-p 0001f000 08:07 2237112                    /usr/lib/x86_64-linux-gnu/libdrm_intel.so.1.0.0
7f0f6da40000-7f0f6da67000 r-xp 00000000 08:07 2510183                    /lib/x86_64-linux-gnu/libexpat.so.1.6.0
7f0f6da67000-7f0f6dc67000 ---p 00027000 08:07 2510183                    /lib/x86_64-linux-gnu/libexpat.so.1.6.0
7f0f6dc67000-7f0f6dc69000 r--p 00027000 08:07 2510183                    /lib/x86_64-linux-gnu/libexpat.so.1.6.0
7f0f6dc69000-7f0f6dc6a000 rw-p 00029000 08:07 2510183                    /lib/x86_64-linux-gnu/libexpat.so.1.6.0
7f0f6dc6a000-7f0f6e028000 r-xp 00000000 08:07 2229334                    /usr/lib/x86_64-linux-gnu/libdricore9.2.1.so.1.0.0
7f0f6e028000-7f0f6e227000 ---p 003be000 08:07 2229334                    /usr/lib/x86_64-linux-gnu/libdricore9.2.1.so.1.0.0
7f0f6e227000-7f0f6e237000 r--p 003bd000 08:07 2229334                    /usr/lib/x86_64-linux-gnu/libdricore9.2.1.so.1.0.0
7f0f6e237000-7f0f6e23f000 rw-p 003cd000 08:07 2229334                    /usr/lib/x86_64-linux-gnu/libdricore9.2.1.so.1.0.0
7f0f6e23f000-7f0f6e257000 rw-p 00000000 00:00 0 
7f0f6e257000-7f0f6e32c000 r-xp 00000000 08:07 1719                       /usr/lib/x86_64-linux-gnu/dri/i965_dri.so
7f0f6e32c000-7f0f6e52c000 ---p 000d5000 08:07 1719                       /usr/lib/x86_64-linux-gnu/dri/i965_dri.so
7f0f6e52c000-7f0f6e52f000 r--p 000d5000 08:07 1719                       /usr/lib/x86_64-linux-gnu/dri/i965_dri.so
7f0f6e52f000-7f0f6e531000 rw-p 000d8000 08:07 1719                       /usr/lib/x86_64-linux-gnu/dri/i965_dri.so
7f0f6e531000-7f0f6e532000 rw-p 00000000 00:00 0 
7f0f6e532000-7f0f6e53d000 r-xp 00000000 08:07 2243702                    /usr/lib/x86_64-linux-gnu/libdrm.so.2.4.0
7f0f6e53d000-7f0f6e73c000 ---p 0000b000 08:07 2243702                    /usr/lib/x86_64-linux-gnu/libdrm.so.2.4.0
7f0f6e73c000-7f0f6e73d000 r--p 0000a000 08:07 2243702                    /usr/lib/x86_64-linux-gnu/libdrm.so.2.4.0
7f0f6e73d000-7f0f6e73e000 rw-p 0000b000 08:07 2243702                    /usr/lib/x86_64-linux-gnu/libdrm.so.2.4.0
7f0f6e73e000-7f0f6e741000 r-xp 00000000 08:07 2243761                    /usr/lib/x86_64-linux-gnu/libxcb-dri2.so.0.0.0
7f0f6e741000-7f0f6e941000 ---p 00003000 08:07 2243761                    /usr/lib/x86_64-linux-gnu/libxcb-dri2.so.0.0.0
7f0f6e941000-7f0f6e942000 r--p 00003000 08:07 2243761                    /usr/lib/x86_64-linux-gnu/libxcb-dri2.so.0.0.0
7f0f6e942000-7f0f6e943000 rw-p 00004000 08:07 2243761                    /usr/lib/x86_64-linux-gnu/libxcb-dri2.so.0.0.0
7f0f6e943000-7f0f6e958000 r-xp 00000000 08:07 2244032                    /usr/lib/x86_64-linux-gnu/libxcb-glx.so.0.0.0
7f0f6e958000-7f0f6eb57000 ---p 00015000 08:07 2244032                    /usr/lib/x86_64-linux-gnu/libxcb-glx.so.0.0.0
7f0f6eb57000-7f0f6eb59000 r--p 00014000 08:07 2244032                    /usr/lib/x86_64-linux-gnu/libxcb-glx.so.0.0.0
7f0f6eb59000-7f0f6eb5a000 rw-p 00016000 08:07 2244032                    /usr/lib/x86_64-linux-gnu/libxcb-glx.so.0.0.0
7f0f6eb5a000-7f0f6eb5b000 r-xp 00000000 08:07 2243865                    /usr/lib/x86_64-linux-gnu/libX11-xcb.so.1.0.0
7f0f6eb5b000-7f0f6ed5a000 ---p 00001000 08:07 2243865                    /usr/lib/x86_64-linux-gnu/libX11-xcb.so.1.0.0
7f0f6ed5a000-7f0f6ed5b000 r--p 00000000 08:07 2243865                    /usr/lib/x86_64-linux-gnu/libX11-xcb.so.1.0.0
7f0f6ed5b000-7f0f6ed5c000 rw-p 00001000 08:07 2243865                    /usr/lib/x86_64-linux-gnu/libX11-xcb.so.1.0.0
7f0f6ed5c000-7f0f6ed5e000 r-xp 00000000 08:07 2244037                    /usr/lib/x86_64-linux-gnu/libXdamage.so.1.1.0
7f0f6ed5e000-7f0f6ef5d000 ---p 00002000 08:07 2244037                    /usr/lib/x86_64-linux-gnu/libXdamage.so.1.1.0
7f0f6ef5d000-7f0f6ef5e000 r--p 00001000 08:07 2244037                    /usr/lib/x86_64-linux-gnu/libXdamage.so.1.1.0
7f0f6ef5e000-7f0f6ef5f000 rw-p 00002000 08:07 2244037                    /usr/lib/x86_64-linux-gnu/libXdamage.so.1.1.0
7f0f6ef5f000-7f0f6ef80000 r-xp 00000000 08:07 2236757                    /usr/lib/x86_64-linux-gnu/libglapi.so.0.0.0
7f0f6ef80000-7f0f6f180000 ---p 00021000 08:07 2236757                    /usr/lib/x86_64-linux-gnu/libglapi.so.0.0.0
7f0f6f180000-7f0f6f183000 r--p 00021000 08:07 2236757                    /usr/lib/x86_64-linux-gnu/libglapi.so.0.0.0
7f0f6f183000-7f0f6f184000 rw-p 00024000 08:07 2236757                    /usr/lib/x86_64-linux-gnu/libglapi.so.0.0.0
7f0f6f184000-7f0f6f185000 rw-p 00000000 00:00 0 
7f0f6f185000-7f0f6f1df000 r-xp 00000000 08:07 770                        /usr/lib/x86_64-linux-gnu/mesa/libGL.so.1.2.0
7f0f6f1df000-7f0f6f3df000 ---p 0005a000 08:07 770                        /usr/lib/x86_64-linux-gnu/mesa/libGL.so.1.2.0
7f0f6f3df000-7f0f6f3e1000 r--p 0005a000 08:07 770                        /usr/lib/x86_64-linux-gnu/mesa/libGL.so.1.2.0
7f0f6f3e1000-7f0f6f3e2000 rw-p 0005c000 08:07 770                        /usr/lib/x86_64-linux-gnu/mesa/libGL.so.1.2.0
7f0f6f3e2000-7f0f6f3e3000 rw-p 00000000 00:00 0 
7f0f6f3e3000-7f0f6f3e6000 ---p 00000000 00:00 0 
7f0f6f3e6000-7f0f6f4e4000 rw-p 00000000 00:00 0                          [stack:4640]
7f0f6f4e4000-7f0f6f4e5000 ---p 00000000 00:00 0 
7f0f6f4e5000-7f0f6f5e5000 rw-p 00000000 00:00 0                          [stack:4639]
7f0f6f5e5000-7f0f6f5e6000 ---p 00000000 00:00 0 
7f0f6f5e6000-7f0f6fde6000 rw-p 00000000 00:00 0                          [stack:4638]
7f0f6fde6000-7f0f6fdfc000 r-xp 00000000 08:07 2494674                    /lib/x86_64-linux-gnu/libresolv-2.17.so
7f0f6fdfc000-7f0f6fffc000 ---p 00016000 08:07 2494674                    /lib/x86_64-linux-gnu/libresolv-2.17.so
7f0f6fffc000-7f0f6fffd000 r--p 00016000 08:07 2494674                    /lib/x86_64-linux-gnu/libresolv-2.17.so
7f0f6fffd000-7f0f6fffe000 rw-p 00017000 08:07 2494674                    /lib/x86_64-linux-gnu/libresolv-2.17.so
7f0f6fffe000-7f0f70000000 rw-p 00000000 00:00 0 
7f0f70000000-7f0f70021000 rw-p 00000000 00:00 0 
7f0f70021000-7f0f74000000 ---p 00000000 00:00 0 
7f0f74000000-7f0f74021000 rw-p 00000000 00:00 0 
7f0f74021000-7f0f78000000 ---p 00000000 00:00 0 
7f0f78004000-7f0f78078000 rw-p 00000000 00:00 0 
7f0f78085000-7f0f7808c000 r-xp 00000000 08:07 2236868                    /usr/lib/x86_64-linux-gnu/libogg.so.0.8.1
7f0f7808c000-7f0f7828c000 ---p 00007000 08:07 2236868                    /usr/lib/x86_64-linux-gnu/libogg.so.0.8.1
7f0f7828c000-7f0f7828d000 r--p 00007000 08:07 2236868                    /usr/lib/x86_64-linux-gnu/libogg.so.0.8.1
7f0f7828d000-7f0f7828e000 rw-p 00008000 08:07 2236868                    /usr/lib/x86_64-linux-gnu/libogg.so.0.8.1
7f0f7828e000-7f0f782b9000 r-xp 00000000 08:07 2237302                    /usr/lib/x86_64-linux-gnu/libvorbis.so.0.4.5
7f0f782b9000-7f0f784b9000 ---p 0002b000 08:07 2237302                    /usr/lib/x86_64-linux-gnu/libvorbis.so.0.4.5
7f0f784b9000-7f0f784ba000 r--p 0002b000 08:07 2237302                    /usr/lib/x86_64-linux-gnu/libvorbis.so.0.4.5
7f0f784ba000-7f0f784bb000 rw-p 0002c000 08:07 2237302                    /usr/lib/x86_64-linux-gnu/libvorbis.so.0.4.5
7f0f784bb000-7f0f7876e000 r-xp 00000000 08:07 2237304                    /usr/lib/x86_64-linux-gnu/libvorbisenc.so.2.0.8
7f0f7876e000-7f0f7896d000 ---p 002b3000 08:07 2237304                    /usr/lib/x86_64-linux-gnu/libvorbisenc.so.2.0.8
7f0f7896d000-7f0f78989000 r--p 002b2000 08:07 2237304                    /usr/lib/x86_64-linux-gnu/libvorbisenc.so.2.0.8
7f0f78989000-7f0f7898a000 rw-p 002ce000 08:07 2237304                    /usr/lib/x86_64-linux-gnu/libvorbisenc.so.2.0.8
7f0f7898a000-7f0f789b9000 r-xp 00000000 08:07 2236900                    /usr/lib/x86_64-linux-gnu/libFLAC.so.8.3.0
7f0f789b9000-7f0f78bb9000 ---p 0002f000 08:07 2236900                    /usr/lib/x86_64-linux-gnu/libFLAC.so.8.3.0
7f0f78bb9000-7f0f78bba000 r--p 0002f000 08:07 2236900                    /usr/lib/x86_64-linux-gnu/libFLAC.so.8.3.0
7f0f78bba000-7f0f78bbb000 rw-p 00030000 08:07 2236900                    /usr/lib/x86_64-linux-gnu/libFLAC.so.8.3.0
7f0f78bbb000-7f0f78bc0000 r-xp 00000000 08:07 2240902                    /usr/lib/x86_64-linux-gnu/libasyncns.so.0.3.1
7f0f78bc0000-7f0f78dbf000 ---p 00005000 08:07 2240902                    /usr/lib/x86_64-linux-gnu/libasyncns.so.0.3.1
7f0f78dbf000-7f0f78dc0000 r--p 00004000 08:07 2240902                    /usr/lib/x86_64-linux-gnu/libasyncns.so.0.3.1
7f0f78dc0000-7f0f78dc1000 rw-p 00005000 08:07 2240902                    /usr/lib/x86_64-linux-gnu/libasyncns.so.0.3.1
7f0f78dc1000-7f0f78e22000 r-xp 00000000 08:07 2236715                    /usr/lib/x86_64-linux-gnu/libsndfile.so.1.0.25
7f0f78e22000-7f0f79022000 ---p 00061000 08:07 2236715                    /usr/lib/x86_64-linux-gnu/libsndfile.so.1.0.25
7f0f79022000-7f0f79024000 r--p 00061000 08:07 2236715                    /usr/lib/x86_64-linux-gnu/libsndfile.so.1.0.25
7f0f79024000-7f0f79025000 rw-p 00063000 08:07 2236715                    /usr/lib/x86_64-linux-gnu/libsndfile.so.1.0.25
7f0f79025000-7f0f79029000 rw-p 00000000 00:00 0 
7f0f79029000-7f0f79031000 r-xp 00000000 08:07 2494377                    /lib/x86_64-linux-gnu/libwrap.so.0.7.6
7f0f79031000-7f0f79231000 ---p 00008000 08:07 2494377                    /lib/x86_64-linux-gnu/libwrap.so.0.7.6
7f0f79231000-7f0f79232000 r--p 00008000 08:07 2494377                    /lib/x86_64-linux-gnu/libwrap.so.0.7.6
7f0f79232000-7f0f79233000 rw-p 00009000 08:07 2494377                    /lib/x86_64-linux-gnu/libwrap.so.0.7.6
7f0f79233000-7f0f79277000 r-xp 00000000 08:07 2512074                    /lib/x86_64-linux-gnu/libdbus-1.so.3.7.4
7f0f79277000-7f0f79476000 ---p 00044000 08:07 2512074                    /lib/x86_64-linux-gnu/libdbus-1.so.3.7.4
7f0f79476000-7f0f79477000 r--p 00043000 08:07 2512074                    /lib/x86_64-linux-gnu/libdbus-1.so.3.7.4
7f0f79477000-7f0f79478000 rw-p 00044000 08:07 2512074                    /lib/x86_64-linux-gnu/libdbus-1.so.3.7.4
7f0f79478000-7f0f794de000 r-xp 00000000 08:07 478                        /usr/lib/x86_64-linux-gnu/pulseaudio/libpulsecommon-4.0.so
7f0f794de000-7f0f796dd000 ---p 00066000 08:07 478                        /usr/lib/x86_64-linux-gnu/pulseaudio/libpulsecommon-4.0.so
7f0f796dd000-7f0f796de000 r--p 00065000 08:07 478                        /usr/lib/x86_64-linux-gnu/pulseaudio/libpulsecommon-4.0.so
7f0f796de000-7f0f796df000 rw-p 00066000 08:07 478                        /usr/lib/x86_64-linux-gnu/pulseaudio/libpulsecommon-4.0.so
7f0f796df000-7f0f796e8000 r-xp 00000000 08:07 2498968                    /lib/x86_64-linux-gnu/libjson-c.so.2.0.1
7f0f796e8000-7f0f798e7000 ---p 00009000 08:07 2498968                    /lib/x86_64-linux-gnu/libjson-c.so.2.0.1
7f0f798e7000-7f0f798e8000 r--p 00008000 08:07 2498968                    /lib/x86_64-linux-gnu/libjson-c.so.2.0.1
7f0f798e8000-7f0f798e9000 rw-p 00009000 08:07 2498968                    /lib/x86_64-linux-gnu/libjson-c.so.2.0.1
7f0f798e9000-7f0f79930000 r-xp 00000000 08:07 2240912                    /usr/lib/x86_64-linux-gnu/libpulse.so.0.16.2
7f0f79930000-7f0f79b30000 ---p 00047000 08:07 2240912                    /usr/lib/x86_64-linux-gnu/libpulse.so.0.16.2
7f0f79b30000-7f0f79b31000 r--p 00047000 08:07 2240912                    /usr/lib/x86_64-linux-gnu/libpulse.so.0.16.2
7f0f79b31000-7f0f79b32000 rw-p 00048000 08:07 2240912                    /usr/lib/x86_64-linux-gnu/libpulse.so.0.16.2
7f0f79b32000-7f0f79b87000 r-xp 00000000 08:07 1979729                    /tmp/libgdxpigmassacre/7b43be9b/libopenal64.so (deleted)
7f0f79b87000-7f0f79d86000 ---p 00055000 08:07 1979729                    /tmp/libgdxpigmassacre/7b43be9b/libopenal64.so (deleted)
7f0f79d86000-7f0f79d89000 r--p 00054000 08:07 1979729                    /tmp/libgdxpigmassacre/7b43be9b/libopenal64.so (deleted)
7f0f79d89000-7f0f79d8a000 rw-p 00057000 08:07 1979729                    /tmp/libgdxpigmassacre/7b43be9b/libopenal64.so (deleted)
7f0f79d8a000-7f0f79d8b000 rw-p 00000000 00:00 0 
7f0f79d8b000-7f0f79d8f000 r-xp 00000000 08:07 2244041                    /usr/lib/x86_64-linux-gnu/libXxf86vm.so.1.0.0
7f0f79d8f000-7f0f79f8f000 ---p 00004000 08:07 2244041                    /usr/lib/x86_64-linux-gnu/libXxf86vm.so.1.0.0
7f0f79f8f000-7f0f79f90000 r--p 00004000 08:07 2244041                    /usr/lib/x86_64-linux-gnu/libXxf86vm.so.1.0.0
7f0f79f90000-7f0f79f91000 rw-p 00005000 08:07 2244041                    /usr/lib/x86_64-linux-gnu/libXxf86vm.so.1.0.0
7f0f79f91000-7f0f79f9a000 r-xp 00000000 08:07 2244012                    /usr/lib/x86_64-linux-gnu/libXrandr.so.2.2.0
7f0f79f9a000-7f0f7a199000 ---p 00009000 08:07 2244012                    /usr/lib/x86_64-linux-gnu/libXrandr.so.2.2.0
7f0f7a199000-7f0f7a19a000 r--p 00008000 08:07 2244012                    /usr/lib/x86_64-linux-gnu/libXrandr.so.2.2.0
7f0f7a19a000-7f0f7a19b000 rw-p 00009000 08:07 2244012                    /usr/lib/x86_64-linux-gnu/libXrandr.so.2.2.0
7f0f7a19b000-7f0f7a207000 r-xp 00000000 08:07 1977313                    /tmp/libgdxpigmassacre/7b43be9b/liblwjgl64.so (deleted)
7f0f7a207000-7f0f7a406000 ---p 0006c000 08:07 1977313                    /tmp/libgdxpigmassacre/7b43be9b/liblwjgl64.so (deleted)
7f0f7a406000-7f0f7a408000 r--p 0006b000 08:07 1977313                    /tmp/libgdxpigmassacre/7b43be9b/liblwjgl64.so (deleted)
7f0f7a408000-7f0f7a409000 rw-p 0006d000 08:07 1977313                    /tmp/libgdxpigmassacre/7b43be9b/liblwjgl64.so (deleted)
7f0f7a409000-7f0f7a40a000 r-xp 00000000 08:07 2237369                    /usr/lib/jvm/java-7-oracle/jre/lib/amd64/libjawt.so
7f0f7a40a000-7f0f7a609000 ---p 00001000 08:07 2237369                    /usr/lib/jvm/java-7-oracle/jre/lib/amd64/libjawt.so
7f0f7a609000-7f0f7a60a000 rw-p 00000000 08:07 2237369                    /usr/lib/jvm/java-7-oracle/jre/lib/amd64/libjawt.so
7f0f7a60a000-7f0f7a60d000 ---p 00000000 00:00 0 
7f0f7a60d000-7f0f7a70b000 rw-p 00000000 00:00 0                          [stack:4636]
7f0f7a70b000-7f0f7a710000 r-xp 00000000 08:07 2243215                    /usr/lib/x86_64-linux-gnu/libXfixes.so.3.1.0
7f0f7a710000-7f0f7a90f000 ---p 00005000 08:07 2243215                    /usr/lib/x86_64-linux-gnu/libXfixes.so.3.1.0
7f0f7a90f000-7f0f7a910000 r--p 00004000 08:07 2243215                    /usr/lib/x86_64-linux-gnu/libXfixes.so.3.1.0
7f0f7a910000-7f0f7a911000 rw-p 00005000 08:07 2243215                    /usr/lib/x86_64-linux-gnu/libXfixes.so.3.1.0
7f0f7a911000-7f0f7a91a000 r-xp 00000000 08:07 2231411                    /usr/lib/x86_64-linux-gnu/libXcursor.so.1.0.2
7f0f7a91a000-7f0f7ab19000 ---p 00009000 08:07 2231411                    /usr/lib/x86_64-linux-gnu/libXcursor.so.1.0.2
7f0f7ab19000-7f0f7ab1a000 r--p 00008000 08:07 2231411                    /usr/lib/x86_64-linux-gnu/libXcursor.so.1.0.2
7f0f7ab1a000-7f0f7ab1b000 rw-p 00009000 08:07 2231411                    /usr/lib/x86_64-linux-gnu/libXcursor.so.1.0.2
7f0f7ab1b000-7f0f7ab1e000 ---p 00000000 00:00 0 
7f0f7ab1e000-7f0f7ac1c000 rw-p 00000000 00:00 0                          [stack:4635]
7f0f7ac1c000-7f0f7ac21000 r-xp 00000000 08:07 2236483                    /usr/lib/x86_64-linux-gnu/libXdmcp.so.6.0.0
7f0f7ac21000-7f0f7ae20000 ---p 00005000 08:07 2236483                    /usr/lib/x86_64-linux-gnu/libXdmcp.so.6.0.0
7f0f7ae20000-7f0f7ae21000 r--p 00004000 08:07 2236483                    /usr/lib/x86_64-linux-gnu/libXdmcp.so.6.0.0
7f0f7ae21000-7f0f7ae22000 rw-p 00005000 08:07 2236483                    /usr/lib/x86_64-linux-gnu/libXdmcp.so.6.0.0
7f0f7ae22000-7f0f7ae24000 r-xp 00000000 08:07 2233692                    /usr/lib/x86_64-linux-gnu/libXau.so.6.0.0
7f0f7ae24000-7f0f7b024000 ---p 00002000 08:07 2233692                    /usr/lib/x86_64-linux-gnu/libXau.so.6.0.0
7f0f7b024000-7f0f7b025000 r--p 00002000 08:07 2233692                    /usr/lib/x86_64-linux-gnu/libXau.so.6.0.0
7f0f7b025000-7f0f7b026000 rw-p 00003000 08:07 2233692                    /usr/lib/x86_64-linux-gnu/libXau.so.6.0.0
7f0f7b026000-7f0f7b043000 r-xp 00000000 08:07 2229105                    /usr/lib/x86_64-linux-gnu/libxcb.so.1.1.0
7f0f7b043000-7f0f7b242000 ---p 0001d000 08:07 2229105                    /usr/lib/x86_64-linux-gnu/libxcb.so.1.1.0
7f0f7b242000-7f0f7b243000 r--p 0001c000 08:07 2229105                    /usr/lib/x86_64-linux-gnu/libxcb.so.1.1.0
7f0f7b243000-7f0f7b244000 rw-p 0001d000 08:07 2229105                    /usr/lib/x86_64-linux-gnu/libxcb.so.1.1.0
7f0f7b244000-7f0f7b253000 r-xp 00000000 08:07 2236490                    /usr/lib/x86_64-linux-gnu/libXi.so.6.1.0
7f0f7b253000-7f0f7b452000 ---p 0000f000 08:07 2236490                    /usr/lib/x86_64-linux-gnu/libXi.so.6.1.0
7f0f7b452000-7f0f7b453000 r--p 0000e000 08:07 2236490                    /usr/lib/x86_64-linux-gnu/libXi.so.6.1.0
7f0f7b453000-7f0f7b454000 rw-p 0000f000 08:07 2236490                    /usr/lib/x86_64-linux-gnu/libXi.so.6.1.0
7f0f7b454000-7f0f7b459000 r-xp 00000000 08:07 2233797                    /usr/lib/x86_64-linux-gnu/libXtst.so.6.1.0
7f0f7b459000-7f0f7b658000 ---p 00005000 08:07 2233797                    /usr/lib/x86_64-linux-gnu/libXtst.so.6.1.0
7f0f7b658000-7f0f7b659000 r--p 00004000 08:07 2233797                    /usr/lib/x86_64-linux-gnu/libXtst.so.6.1.0
7f0f7b659000-7f0f7b65a000 rw-p 00005000 08:07 2233797                    /usr/lib/x86_64-linux-gnu/libXtst.so.6.1.0
7f0f7b65a000-7f0f7b663000 r-xp 00000000 08:07 2243308                    /usr/lib/x86_64-linux-gnu/libXrender.so.1.3.0
7f0f7b663000-7f0f7b862000 ---p 00009000 08:07 2243308                    /usr/lib/x86_64-linux-gnu/libXrender.so.1.3.0
7f0f7b862000-7f0f7b863000 r--p 00008000 08:07 2243308                    /usr/lib/x86_64-linux-gnu/libXrender.so.1.3.0
7f0f7b863000-7f0f7b864000 rw-p 00009000 08:07 2243308                    /usr/lib/x86_64-linux-gnu/libXrender.so.1.3.0
7f0f7b864000-7f0f7b994000 r-xp 00000000 08:07 2233740                    /usr/lib/x86_64-linux-gnu/libX11.so.6.3.0
7f0f7b994000-7f0f7bb94000 ---p 00130000 08:07 2233740                    /usr/lib/x86_64-linux-gnu/libX11.so.6.3.0
7f0f7bb94000-7f0f7bb95000 r--p 00130000 08:07 2233740                    /usr/lib/x86_64-linux-gnu/libX11.so.6.3.0
7f0f7bb95000-7f0f7bb99000 rw-p 00131000 08:07 2233740                    /usr/lib/x86_64-linux-gnu/libX11.so.6.3.0
7f0f7bb99000-7f0f7bbaa000 r-xp 00000000 08:07 2233754                    /usr/lib/x86_64-linux-gnu/libXext.so.6.4.0
7f0f7bbaa000-7f0f7bda9000 ---p 00011000 08:07 2233754                    /usr/lib/x86_64-linux-gnu/libXext.so.6.4.0
7f0f7bda9000-7f0f7bdaa000 r--p 00010000 08:07 2233754                    /usr/lib/x86_64-linux-gnu/libXext.so.6.4.0
7f0f7bdaa000-7f0f7bdab000 rw-p 00011000 08:07 2233754                    /usr/lib/x86_64-linux-gnu/libXext.so.6.4.0
7f0f7bdab000-7f0f7bdfb000 r-xp 00000000 08:07 2230047                    /usr/lib/jvm/java-7-oracle/jre/lib/amd64/xawt/libmawt.so
7f0f7bdfb000-7f0f7bffb000 ---p 00050000 08:07 2230047                    /usr/lib/jvm/java-7-oracle/jre/lib/amd64/xawt/libmawt.so
7f0f7bffb000-7f0f7bfff000 rw-p 00050000 08:07 2230047                    /usr/lib/jvm/java-7-oracle/jre/lib/amd64/xawt/libmawt.so
7f0f7bfff000-7f0f7c000000 rw-p 00000000 00:00 0 
7f0f7c000000-7f0f7c37c000 rw-p 00000000 00:00 0 
7f0f7c37c000-7f0f80000000 ---p 00000000 00:00 0 
7f0f80000000-7f0f80021000 rw-p 00000000 00:00 0 
7f0f80021000-7f0f84000000 ---p 00000000 00:00 0 
7f0f84000000-7f0f84021000 rw-p 00000000 00:00 0 
7f0f84021000-7f0f88000000 ---p 00000000 00:00 0 
7f0f88000000-7f0f8823e000 rw-p 00000000 00:00 0 
7f0f8823e000-7f0f8c000000 ---p 00000000 00:00 0 
7f0f8c000000-7f0f8c021000 rw-p 00000000 00:00 0 
7f0f8c021000-7f0f90000000 ---p 00000000 00:00 0 
7f0f90000000-7f0f90021000 rw-p 00000000 00:00 0 
7f0f90021000-7f0f94000000 ---p 00000000 00:00 0 
7f0f94000000-7f0f94021000 rw-p 00000000 00:00 0 
7f0f94021000-7f0f98000000 ---p 00000000 00:00 0 
7f0f98000000-7f0f98021000 rw-p 00000000 00:00 0 
7f0f98021000-7f0f9c000000 ---p 00000000 00:00 0 
7f0f9c0a0000-7f0f9c0a8000 rw-s 00000000 00:04 35786                      /drm mm object (deleted)
7f0f9c0a8000-7f0f9c0b4000 rw-s 100f62000 00:05 9828                      /dev/dri/card0
7f0f9c0b4000-7f0f9c0bc000 rw-s 00000000 00:04 37861                      /drm mm object (deleted)
7f0f9c0bc000-7f0f9c0c4000 rw-s 00000000 00:04 37860                      /drm mm object (deleted)
7f0f9c0c4000-7f0f9c166000 r-xp 00000000 08:07 2237408                    /usr/lib/jvm/java-7-oracle/jre/lib/amd64/libawt.so
7f0f9c166000-7f0f9c366000 ---p 000a2000 08:07 2237408                    /usr/lib/jvm/java-7-oracle/jre/lib/amd64/libawt.so
7f0f9c366000-7f0f9c372000 rw-p 000a2000 08:07 2237408                    /usr/lib/jvm/java-7-oracle/jre/lib/amd64/libawt.so
7f0f9c372000-7f0f9c396000 rw-p 00000000 00:00 0 
7f0f9c396000-7f0f9c3ab000 r-xp 00000000 08:07 2500629                    /lib/x86_64-linux-gnu/libgcc_s.so.1
7f0f9c3ab000-7f0f9c5aa000 ---p 00015000 08:07 2500629                    /lib/x86_64-linux-gnu/libgcc_s.so.1
7f0f9c5aa000-7f0f9c5ab000 r--p 00014000 08:07 2500629                    /lib/x86_64-linux-gnu/libgcc_s.so.1
7f0f9c5ab000-7f0f9c5ac000 rw-p 00015000 08:07 2500629                    /lib/x86_64-linux-gnu/libgcc_s.so.1
7f0f9c5ac000-7f0f9c692000 r-xp 00000000 08:07 2233377                    /usr/lib/x86_64-linux-gnu/libstdc++.so.6.0.18
7f0f9c692000-7f0f9c891000 ---p 000e6000 08:07 2233377                    /usr/lib/x86_64-linux-gnu/libstdc++.so.6.0.18
7f0f9c891000-7f0f9c899000 r--p 000e5000 08:07 2233377                    /usr/lib/x86_64-linux-gnu/libstdc++.so.6.0.18
7f0f9c899000-7f0f9c89b000 rw-p 000ed000 08:07 2233377                    /usr/lib/x86_64-linux-gnu/libstdc++.so.6.0.18
7f0f9c89b000-7f0f9c8b0000 rw-p 00000000 00:00 0 
7f0f9c8b0000-7f0f9c91f000 r-xp 00000000 08:07 1975051                    /tmp/libgdxpigmassacre/b4a54a2/libgdx64.so
7f0f9c91f000-7f0f9cb1e000 ---p 0006f000 08:07 1975051                    /tmp/libgdxpigmassacre/b4a54a2/libgdx64.so
7f0f9cb1e000-7f0f9cb20000 r--p 0006e000 08:07 1975051                    /tmp/libgdxpigmassacre/b4a54a2/libgdx64.so
7f0f9cb20000-7f0f9cb21000 rw-p 00070000 08:07 1975051                    /tmp/libgdxpigmassacre/b4a54a2/libgdx64.so
7f0f9cb21000-7f0f9cb22000 rw-p 00000000 00:00 0 
7f0f9cb22000-7f0f9cb23000 ---p 00000000 00:00 0 
7f0f9cb23000-7f0f9cc23000 rw-p 00000000 00:00 0                          [stack:4634]
7f0f9cc23000-7f0f9cc26000 ---p 00000000 00:00 0 
7f0f9cc26000-7f0f9cd24000 rw-p 00000000 00:00 0                          [stack:4633]
7f0f9cd24000-7f0f9cd27000 ---p 00000000 00:00 0 
7f0f9cd27000-7f0f9ce25000 rw-p 00000000 00:00 0                          [stack:4632]
7f0f9ce25000-7f0f9ce28000 ---p 00000000 00:00 0 
7f0f9ce28000-7f0f9cf26000 rw-p 00000000 00:00 0                          [stack:4631]
7f0f9cf26000-7f0f9cf29000 ---p 00000000 00:00 0 
7f0f9cf29000-7f0f9d027000 rw-p 00000000 00:00 0                          [stack:4630]
7f0f9d027000-7f0f9d839000 r--p 00000000 08:07 2235229                    /usr/lib/locale/locale-archive
7f0f9d839000-7f0f9d83c000 ---p 00000000 00:00 0 
7f0f9d83c000-7f0f9d93a000 rw-p 00000000 00:00 0                          [stack:4629]
7f0f9d93a000-7f0f9d93d000 ---p 00000000 00:00 0 
7f0f9d93d000-7f0f9da3b000 rw-p 00000000 00:00 0                          [stack:4628]
7f0f9da3b000-7f0f9da3c000 ---p 00000000 00:00 0 
7f0f9da3c000-7f0fa0000000 rw-p 00000000 00:00 0                          [stack:4627]
7f0fa0000000-7f0fa0021000 rw-p 00000000 00:00 0 
7f0fa0021000-7f0fa4000000 ---p 00000000 00:00 0 
7f0fa4000000-7f0fa4021000 rw-p 00000000 00:00 0 
7f0fa4021000-7f0fa8000000 ---p 00000000 00:00 0 
7f0fa8000000-7f0fa8021000 rw-p 00000000 00:00 0 
7f0fa8021000-7f0fac000000 ---p 00000000 00:00 0 
7f0fac007000-7f0fac00f000 rw-s 00000000 00:04 35780                      /drm mm object (deleted)
7f0fac00f000-7f0fac012000 ---p 00000000 00:00 0 
7f0fac012000-7f0fac048000 rw-p 00000000 00:00 0                          [stack:4642]
7f0fac048000-7f0fac05e000 r--s 00156000 08:05 328530                     /media/DATA/Programmering/Workspaces/mBreak-libGDX/libs/gdx.jar
7f0fac05e000-7f0facc38000 rw-p 00000000 00:00 0 
7f0facc38000-7f0facdf4000 r--s 039b2000 08:07 2230026                    /usr/lib/jvm/java-7-oracle/jre/lib/rt.jar
7f0facdf4000-7f0fad000000 rw-p 00000000 00:00 0 
7f0fad000000-7f0fad270000 rwxp 00000000 00:00 0 
7f0fad270000-7f0fb029b000 rw-p 00000000 00:00 0 
7f0fb029b000-7f0fb4000000 ---p 00000000 00:00 0 
7f0fb4004000-7f0fb400b000 r--s 00000000 08:07 3883                       /usr/lib/x86_64-linux-gnu/gconv/gconv-modules.cache
7f0fb400b000-7f0fb4125000 rw-p 00000000 00:00 0 
7f0fb4125000-7f0fb4126000 ---p 00000000 00:00 0 
7f0fb4126000-7f0fb4226000 rw-p 00000000 00:00 0                          [stack:4626]
7f0fb4226000-7f0fb4227000 ---p 00000000 00:00 0 
7f0fb4227000-7f0fb4327000 rw-p 00000000 00:00 0                          [stack:4625]
7f0fb4327000-7f0fb4328000 ---p 00000000 00:00 0 
7f0fb4328000-7f0fb4428000 rw-p 00000000 00:00 0                          [stack:4624]
7f0fb4428000-7f0fb4429000 ---p 00000000 00:00 0 
7f0fb4429000-7f0fb4534000 rw-p 00000000 00:00 0                          [stack:4623]
7f0fb4534000-7f0fb4552000 rw-p 00000000 00:00 0 
7f0fb4552000-7f0fb4566000 rw-p 00000000 00:00 0 
7f0fb4566000-7f0fb4694000 rw-p 00000000 00:00 0 
7f0fb4694000-7f0fb469f000 rw-p 00000000 00:00 0 
7f0fb469f000-7f0fb46bd000 rw-p 00000000 00:00 0 
7f0fb46bd000-7f0fb46d1000 rw-p 00000000 00:00 0 
7f0fb46d1000-7f0fb47ff000 rw-p 00000000 00:00 0 
7f0fb47ff000-7f0fb480a000 rw-p 00000000 00:00 0 
7f0fb480a000-7f0fb48a0000 rw-p 00000000 00:00 0 
7f0fb48a0000-7f0fb48a1000 rw-p 00000000 00:00 0 
7f0fb48a1000-7f0fb48bb000 r-xp 00000000 08:07 2237409                    /usr/lib/jvm/java-7-oracle/jre/lib/amd64/libzip.so
7f0fb48bb000-7f0fb4abb000 ---p 0001a000 08:07 2237409                    /usr/lib/jvm/java-7-oracle/jre/lib/amd64/libzip.so
7f0fb4abb000-7f0fb4abc000 rw-p 0001a000 08:07 2237409                    /usr/lib/jvm/java-7-oracle/jre/lib/amd64/libzip.so
7f0fb4abc000-7f0fb4ac8000 r-xp 00000000 08:07 2498975                    /lib/x86_64-linux-gnu/libnss_files-2.17.so
7f0fb4ac8000-7f0fb4cc7000 ---p 0000c000 08:07 2498975                    /lib/x86_64-linux-gnu/libnss_files-2.17.so
7f0fb4cc7000-7f0fb4cc8000 r--p 0000b000 08:07 2498975                    /lib/x86_64-linux-gnu/libnss_files-2.17.so
7f0fb4cc8000-7f0fb4cc9000 rw-p 0000c000 08:07 2498975                    /lib/x86_64-linux-gnu/libnss_files-2.17.so
7f0fb4cc9000-7f0fb4cd4000 r-xp 00000000 08:07 2498973                    /lib/x86_64-linux-gnu/libnss_nis-2.17.so
7f0fb4cd4000-7f0fb4ed3000 ---p 0000b000 08:07 2498973                    /lib/x86_64-linux-gnu/libnss_nis-2.17.so
7f0fb4ed3000-7f0fb4ed4000 r--p 0000a000 08:07 2498973                    /lib/x86_64-linux-gnu/libnss_nis-2.17.so
7f0fb4ed4000-7f0fb4ed5000 rw-p 0000b000 08:07 2498973                    /lib/x86_64-linux-gnu/libnss_nis-2.17.so
7f0fb4ed5000-7f0fb4eec000 r-xp 00000000 08:07 2491180                    /lib/x86_64-linux-gnu/libnsl-2.17.so
7f0fb4eec000-7f0fb50eb000 ---p 00017000 08:07 2491180                    /lib/x86_64-linux-gnu/libnsl-2.17.so
7f0fb50eb000-7f0fb50ec000 r--p 00016000 08:07 2491180                    /lib/x86_64-linux-gnu/libnsl-2.17.so
7f0fb50ec000-7f0fb50ed000 rw-p 00017000 08:07 2491180                    /lib/x86_64-linux-gnu/libnsl-2.17.so
7f0fb50ed000-7f0fb50ef000 rw-p 00000000 00:00 0 
7f0fb50ef000-7f0fb50f7000 r-xp 00000000 08:07 2494673                    /lib/x86_64-linux-gnu/libnss_compat-2.17.so
7f0fb50f7000-7f0fb52f6000 ---p 00008000 08:07 2494673                    /lib/x86_64-linux-gnu/libnss_compat-2.17.so
7f0fb52f6000-7f0fb52f7000 r--p 00007000 08:07 2494673                    /lib/x86_64-linux-gnu/libnss_compat-2.17.so
7f0fb52f7000-7f0fb52f8000 rw-p 00008000 08:07 2494673                    /lib/x86_64-linux-gnu/libnss_compat-2.17.so
7f0fb52f8000-7f0fb5321000 r-xp 00000000 08:07 2230068                    /usr/lib/jvm/java-7-oracle/jre/lib/amd64/libjava.so
7f0fb5321000-7f0fb5521000 ---p 00029000 08:07 2230068                    /usr/lib/jvm/java-7-oracle/jre/lib/amd64/libjava.so
7f0fb5521000-7f0fb5523000 rw-p 00029000 08:07 2230068                    /usr/lib/jvm/java-7-oracle/jre/lib/amd64/libjava.so
7f0fb5523000-7f0fb5530000 r-xp 00000000 08:07 2230038                    /usr/lib/jvm/java-7-oracle/jre/lib/amd64/libverify.so
7f0fb5530000-7f0fb572f000 ---p 0000d000 08:07 2230038                    /usr/lib/jvm/java-7-oracle/jre/lib/amd64/libverify.so
7f0fb572f000-7f0fb5731000 rw-p 0000c000 08:07 2230038                    /usr/lib/jvm/java-7-oracle/jre/lib/amd64/libverify.so
7f0fb5731000-7f0fb5738000 r-xp 00000000 08:07 2498976                    /lib/x86_64-linux-gnu/librt-2.17.so
7f0fb5738000-7f0fb5937000 ---p 00007000 08:07 2498976                    /lib/x86_64-linux-gnu/librt-2.17.so
7f0fb5937000-7f0fb5938000 r--p 00006000 08:07 2498976                    /lib/x86_64-linux-gnu/librt-2.17.so
7f0fb5938000-7f0fb5939000 rw-p 00007000 08:07 2498976                    /lib/x86_64-linux-gnu/librt-2.17.so
7f0fb5939000-7f0fb5a3c000 r-xp 00000000 08:07 2494676                    /lib/x86_64-linux-gnu/libm-2.17.so
7f0fb5a3c000-7f0fb5c3b000 ---p 00103000 08:07 2494676                    /lib/x86_64-linux-gnu/libm-2.17.so
7f0fb5c3b000-7f0fb5c3c000 r--p 00102000 08:07 2494676                    /lib/x86_64-linux-gnu/libm-2.17.so
7f0fb5c3c000-7f0fb5c3d000 rw-p 00103000 08:07 2494676                    /lib/x86_64-linux-gnu/libm-2.17.so
7f0fb5c3d000-7f0fb679f000 r-xp 00000000 08:07 2238366                    /usr/lib/jvm/java-7-oracle/jre/lib/amd64/server/libjvm.so
7f0fb679f000-7f0fb699f000 ---p 00b62000 08:07 2238366                    /usr/lib/jvm/java-7-oracle/jre/lib/amd64/server/libjvm.so
7f0fb699f000-7f0fb6a62000 rw-p 00b62000 08:07 2238366                    /usr/lib/jvm/java-7-oracle/jre/lib/amd64/server/libjvm.so
7f0fb6a62000-7f0fb6aa3000 rw-p 00000000 00:00 0 
7f0fb6aa3000-7f0fb6c60000 r-xp 00000000 08:07 2498981                    /lib/x86_64-linux-gnu/libc-2.17.so
7f0fb6c60000-7f0fb6e60000 ---p 001bd000 08:07 2498981                    /lib/x86_64-linux-gnu/libc-2.17.so
7f0fb6e60000-7f0fb6e64000 r--p 001bd000 08:07 2498981                    /lib/x86_64-linux-gnu/libc-2.17.so
7f0fb6e64000-7f0fb6e66000 rw-p 001c1000 08:07 2498981                    /lib/x86_64-linux-gnu/libc-2.17.so
7f0fb6e66000-7f0fb6e6b000 rw-p 00000000 00:00 0 
7f0fb6e6b000-7f0fb6e6e000 r-xp 00000000 08:07 2498982                    /lib/x86_64-linux-gnu/libdl-2.17.so
7f0fb6e6e000-7f0fb706d000 ---p 00003000 08:07 2498982                    /lib/x86_64-linux-gnu/libdl-2.17.so
7f0fb706d000-7f0fb706e000 r--p 00002000 08:07 2498982                    /lib/x86_64-linux-gnu/libdl-2.17.so
7f0fb706e000-7f0fb706f000 rw-p 00003000 08:07 2498982                    /lib/x86_64-linux-gnu/libdl-2.17.so
7f0fb706f000-7f0fb7085000 r-xp 00000000 08:07 142021                     /usr/lib/jvm/java-7-oracle/lib/amd64/jli/libjli.so
7f0fb7085000-7f0fb7285000 ---p 00016000 08:07 142021                     /usr/lib/jvm/java-7-oracle/lib/amd64/jli/libjli.so
7f0fb7285000-7f0fb7286000 rw-p 00016000 08:07 142021                     /usr/lib/jvm/java-7-oracle/lib/amd64/jli/libjli.so
7f0fb7286000-7f0fb729d000 r-xp 00000000 08:07 2498983                    /lib/x86_64-linux-gnu/libpthread-2.17.so
7f0fb729d000-7f0fb749d000 ---p 00017000 08:07 2498983                    /lib/x86_64-linux-gnu/libpthread-2.17.so
7f0fb749d000-7f0fb749e000 r--p 00017000 08:07 2498983                    /lib/x86_64-linux-gnu/libpthread-2.17.so
7f0fb749e000-7f0fb749f000 rw-p 00018000 08:07 2498983                    /lib/x86_64-linux-gnu/libpthread-2.17.so
7f0fb749f000-7f0fb74a3000 rw-p 00000000 00:00 0 
7f0fb74a3000-7f0fb74c6000 r-xp 00000000 08:07 2494679                    /lib/x86_64-linux-gnu/ld-2.17.so
7f0fb74ca000-7f0fb74cb000 rwxp 00000000 00:00 0 
7f0fb74cb000-7f0fb74dc000 r--s 0012b000 08:05 328562                     /media/DATA/Programmering/Workspaces/mBreak-libGDX-desktop/libs/gdx-backend-lwjgl.jar
7f0fb74dc000-7f0fb74de000 r--s 001a1000 08:05 328563                     /media/DATA/Programmering/Workspaces/mBreak-libGDX-desktop/libs/gdx-backend-lwjgl-natives.jar
7f0fb74de000-7f0fb74e8000 rw-p 00000000 00:00 0 
7f0fb74e8000-7f0fb759e000 rw-p 00000000 00:00 0 
7f0fb759e000-7f0fb75a1000 ---p 00000000 00:00 0 
7f0fb75a1000-7f0fb76a3000 rw-p 00000000 00:00 0                          [stack:4622]
7f0fb76a3000-7f0fb76a4000 r--s 00127000 08:05 328561                     /media/DATA/Programmering/Workspaces/mBreak-libGDX-desktop/libs/gdx-natives.jar
7f0fb76a4000-7f0fb76b9000 rw-p 00000000 00:00 0 
7f0fb76b9000-7f0fb76c1000 rw-s 00000000 08:07 1978846                    /tmp/hsperfdata_pigmassacre/4617
7f0fb76c1000-7f0fb76c2000 rw-p 00000000 00:00 0 
7f0fb76c2000-7f0fb76c3000 r--p 00000000 00:00 0 
7f0fb76c3000-7f0fb76c5000 rw-p 00000000 00:00 0 
7f0fb76c5000-7f0fb76c6000 r--p 00022000 08:07 2494679                    /lib/x86_64-linux-gnu/ld-2.17.so
7f0fb76c6000-7f0fb76c8000 rw-p 00023000 08:07 2494679                    /lib/x86_64-linux-gnu/ld-2.17.so
7fff8aca8000-7fff8acc9000 rw-p 00000000 00:00 0                          [stack]
7fff8ad25000-7fff8ad27000 r-xp 00000000 00:00 0                          [vdso]
ffffffffff600000-ffffffffff601000 r-xp 00000000 00:00 0                  [vsyscall]

VM Arguments:
jvm_args: -Dfile.encoding=UTF-8 
java_command: com.pigmassacre.mbreak.DesktopGame
Launcher Type: SUN_STANDARD

Environment Variables:
PATH=/usr/lib/lightdm/lightdm:/usr/local/sbin:/usr/local/bin:/usr/sbin:/usr/bin:/sbin:/bin:/usr/games:/usr/local/games:/home/pigmassacre/Downloads/jr/bin:/usr/bin/perl:/usr/bin/javac:/usr/bin/java:/home/pigmassacre/IDEA/idea/bin
SHELL=/bin/bash
DISPLAY=:0

Signal Handlers:
SIGSEGV: [libjvm.so+0x9935b0], sa_mask[0]=0x7ffbfeff, sa_flags=0x10000004
SIGBUS: [libjvm.so+0x9935b0], sa_mask[0]=0x7ffbfeff, sa_flags=0x10000004
SIGFPE: [libjvm.so+0x810330], sa_mask[0]=0x7ffbfeff, sa_flags=0x10000004
SIGPIPE: [libjvm.so+0x810330], sa_mask[0]=0x7ffbfeff, sa_flags=0x10000004
SIGXFSZ: [libjvm.so+0x810330], sa_mask[0]=0x7ffbfeff, sa_flags=0x10000004
SIGILL: [libjvm.so+0x810330], sa_mask[0]=0x7ffbfeff, sa_flags=0x10000004
SIGUSR1: SIG_DFL, sa_mask[0]=0x00000000, sa_flags=0x00000000
SIGUSR2: [libjvm.so+0x811820], sa_mask[0]=0x00000004, sa_flags=0x10000004
SIGHUP: [libjvm.so+0x812790], sa_mask[0]=0x7ffbfeff, sa_flags=0x10000004
SIGINT: [libjvm.so+0x812790], sa_mask[0]=0x7ffbfeff, sa_flags=0x10000004
SIGTERM: [libjvm.so+0x812790], sa_mask[0]=0x7ffbfeff, sa_flags=0x10000004
SIGQUIT: [libjvm.so+0x812790], sa_mask[0]=0x7ffbfeff, sa_flags=0x10000004


---------------  S Y S T E M  ---------------

OS:wheezy/sid

uname:Linux 3.11.0-17-generic #31-Ubuntu SMP Mon Feb 3 21:52:43 UTC 2014 x86_64
libc:glibc 2.17 NPTL 2.17 
rlimit: STACK 8192k, CORE 0k, NPROC 30752, NOFILE 4096, AS infinity
load average:0,92 0,74 0,62

/proc/meminfo:
MemTotal:        3956588 kB
MemFree:          634704 kB
Buffers:          314404 kB
Cached:          1062536 kB
SwapCached:            0 kB
Active:          2047576 kB
Inactive:         979376 kB
Active(anon):    1652224 kB
Inactive(anon):   307880 kB
Active(file):     395352 kB
Inactive(file):   671496 kB
Unevictable:         108 kB
Mlocked:             108 kB
SwapTotal:       4101116 kB
SwapFree:        4101116 kB
Dirty:              1144 kB
Writeback:             0 kB
AnonPages:       1650292 kB
Mapped:           274968 kB
Shmem:            310096 kB
Slab:             189860 kB
SReclaimable:     154604 kB
SUnreclaim:        35256 kB
KernelStack:        5616 kB
PageTables:        41436 kB
NFS_Unstable:          0 kB
Bounce:                0 kB
WritebackTmp:          0 kB
CommitLimit:     6079408 kB
Committed_AS:    5798576 kB
VmallocTotal:   34359738367 kB
VmallocUsed:      401556 kB
VmallocChunk:   34359328252 kB
HardwareCorrupted:     0 kB
AnonHugePages:         0 kB
HugePages_Total:       0
HugePages_Free:        0
HugePages_Rsvd:        0
HugePages_Surp:        0
Hugepagesize:       2048 kB
DirectMap4k:       55456 kB
DirectMap2M:     4048896 kB


CPU:total 4 (2 cores per cpu, 2 threads per core) family 6 model 42 stepping 7, cmov, cx8, fxsr, mmx, sse, sse2, sse3, ssse3, sse4.1, sse4.2, popcnt, avx, ht, tsc, tscinvbit

/proc/cpuinfo:
processor	: 0
vendor_id	: GenuineIntel
cpu family	: 6
model		: 42
model name	: Intel(R) Core(TM) i5-2410M CPU @ 2.30GHz
stepping	: 7
microcode	: 0x14
cpu MHz		: 2301.000
cache size	: 3072 KB
physical id	: 0
siblings	: 4
core id		: 0
cpu cores	: 2
apicid		: 0
initial apicid	: 0
fpu		: yes
fpu_exception	: yes
cpuid level	: 13
wp		: yes
flags		: fpu vme de pse tsc msr pae mce cx8 apic sep mtrr pge mca cmov pat pse36 clflush dts acpi mmx fxsr sse sse2 ss ht tm pbe syscall nx rdtscp lm constant_tsc arch_perfmon pebs bts rep_good nopl xtopology nonstop_tsc aperfmperf eagerfpu pni pclmulqdq dtes64 monitor ds_cpl vmx est tm2 ssse3 cx16 xtpr pdcm pcid sse4_1 sse4_2 x2apic popcnt tsc_deadline_timer xsave avx lahf_lm ida arat epb xsaveopt pln pts dtherm tpr_shadow vnmi flexpriority ept vpid
bogomips	: 4589.31
clflush size	: 64
cache_alignment	: 64
address sizes	: 36 bits physical, 48 bits virtual
power management:

processor	: 1
vendor_id	: GenuineIntel
cpu family	: 6
model		: 42
model name	: Intel(R) Core(TM) i5-2410M CPU @ 2.30GHz
stepping	: 7
microcode	: 0x14
cpu MHz		: 800.000
cache size	: 3072 KB
physical id	: 0
siblings	: 4
core id		: 1
cpu cores	: 2
apicid		: 2
initial apicid	: 2
fpu		: yes
fpu_exception	: yes
cpuid level	: 13
wp		: yes
flags		: fpu vme de pse tsc msr pae mce cx8 apic sep mtrr pge mca cmov pat pse36 clflush dts acpi mmx fxsr sse sse2 ss ht tm pbe syscall nx rdtscp lm constant_tsc arch_perfmon pebs bts rep_good nopl xtopology nonstop_tsc aperfmperf eagerfpu pni pclmulqdq dtes64 monitor ds_cpl vmx est tm2 ssse3 cx16 xtpr pdcm pcid sse4_1 sse4_2 x2apic popcnt tsc_deadline_timer xsave avx lahf_lm ida arat epb xsaveopt pln pts dtherm tpr_shadow vnmi flexpriority ept vpid
bogomips	: 4589.31
clflush size	: 64
cache_alignment	: 64
address sizes	: 36 bits physical, 48 bits virtual
power management:

processor	: 2
vendor_id	: GenuineIntel
cpu family	: 6
model		: 42
model name	: Intel(R) Core(TM) i5-2410M CPU @ 2.30GHz
stepping	: 7
microcode	: 0x14
cpu MHz		: 2301.000
cache size	: 3072 KB
physical id	: 0
siblings	: 4
core id		: 0
cpu cores	: 2
apicid		: 1
initial apicid	: 1
fpu		: yes
fpu_exception	: yes
cpuid level	: 13
wp		: yes
flags		: fpu vme de pse tsc msr pae mce cx8 apic sep mtrr pge mca cmov pat pse36 clflush dts acpi mmx fxsr sse sse2 ss ht tm pbe syscall nx rdtscp lm constant_tsc arch_perfmon pebs bts rep_good nopl xtopology nonstop_tsc aperfmperf eagerfpu pni pclmulqdq dtes64 monitor ds_cpl vmx est tm2 ssse3 cx16 xtpr pdcm pcid sse4_1 sse4_2 x2apic popcnt tsc_deadline_timer xsave avx lahf_lm ida arat epb xsaveopt pln pts dtherm tpr_shadow vnmi flexpriority ept vpid
bogomips	: 4589.31
clflush size	: 64
cache_alignment	: 64
address sizes	: 36 bits physical, 48 bits virtual
power management:

processor	: 3
vendor_id	: GenuineIntel
cpu family	: 6
model		: 42
model name	: Intel(R) Core(TM) i5-2410M CPU @ 2.30GHz
stepping	: 7
microcode	: 0x14
cpu MHz		: 2300.000
cache size	: 3072 KB
physical id	: 0
siblings	: 4
core id		: 1
cpu cores	: 2
apicid		: 3
initial apicid	: 3
fpu		: yes
fpu_exception	: yes
cpuid level	: 13
wp		: yes
flags		: fpu vme de pse tsc msr pae mce cx8 apic sep mtrr pge mca cmov pat pse36 clflush dts acpi mmx fxsr sse sse2 ss ht tm pbe syscall nx rdtscp lm constant_tsc arch_perfmon pebs bts rep_good nopl xtopology nonstop_tsc aperfmperf eagerfpu pni pclmulqdq dtes64 monitor ds_cpl vmx est tm2 ssse3 cx16 xtpr pdcm pcid sse4_1 sse4_2 x2apic popcnt tsc_deadline_timer xsave avx lahf_lm ida arat epb xsaveopt pln pts dtherm tpr_shadow vnmi flexpriority ept vpid
bogomips	: 4589.31
clflush size	: 64
cache_alignment	: 64
address sizes	: 36 bits physical, 48 bits virtual
power management:



Memory: 4k page, physical 3956588k(634456k free), swap 4101116k(4101116k free)

vm_info: Java HotSpot(TM) 64-Bit Server VM (24.45-b08) for linux-amd64 JRE (1.7.0_45-b18), built on Oct  8 2013 05:44:25 by "java_re" with gcc 4.3.0 20080428 (Red Hat 4.3.0-8)

time: Sat Feb 22 13:14:50 2014
elapsed time: 14 seconds

