#
# A fatal error has been detected by the Java Runtime Environment:
#
#  SIGBUS (0x7) at pc=0x00007f93cf9d3ca0, pid=26344, tid=140272774510336
#
# JRE version: Java(TM) SE Runtime Environment (7.0_45-b18) (build 1.7.0_45-b18)
# Java VM: Java HotSpot(TM) 64-Bit Server VM (24.45-b08 mixed mode linux-amd64 compressed oops)
# Problematic frame:
# 
[error occurred during error reporting (printing problematic frame), id 0x7]

# Failed to write core dump. Core dumps have been disabled. To enable core dumping, try "ulimit -c unlimited" before starting Java again
#
# If you would like to submit a bug report, please visit:
#   http://bugreport.sun.com/bugreport/crash.jsp
# The crash happened outside the Java Virtual Machine in native code.
# See problematic frame for where to report the bug.
#

---------------  T H R E A D  ---------------

Current thread (0x00007f93a8001000):  JavaThread "Thread-0" [_thread_in_native, id=27948, stack(0x00007f93ccd57000,0x00007f93cce58000)]

siginfo:si_signo=SIGBUS: si_errno=0, si_code=2 (BUS_ADRERR), si_addr=0x00007f93cf9d3ca0

Registers:
RAX=0x00007f93cf9d3ca0, RBX=0x00000000bed884b8, RCX=0x0000000000005be1, RDX=0x00000000bed95aa8
RSP=0x00007f93cce56668, RBP=0x00007f93cce566b8, RSI=0x00007f93cce566c8, RDI=0x00007f93a80011e8
R8 =0x0000000000000006, R9 =0x00000000ffffffff, R10=0x00007f9405012cac, R11=0x00007f940fa63a90
R12=0x0000000000000000, R13=0x00000000bed884b0, R14=0x00007f93cce566d0, R15=0x00007f93a8001000
RIP=0x00007f93cf9d3ca0, EFLAGS=0x0000000000010283, CSGSFS=0x0000000000000033, ERR=0x0000000000000014
  TRAPNO=0x000000000000000e

Top of Stack: (sp=0x00007f93cce56668)
0x00007f93cce56668:   00007f9405012cd8 00007f93cce56790
0x00007f93cce56678:   00007f93cce56678 0000000000000000
0x00007f93cce56688:   00007f93cce566d0 00000000bed95aa8
0x00007f93cce56698:   0000000000000000 00000000bed884b8
0x00007f93cce566a8:   0000000000000000 00007f93cce566d8
0x00007f93cce566b8:   00007f93cce56718 00007f9405006058
0x00007f93cce566c8:   00000000ecf2a048 00007f940500ecd8
0x00007f93cce566d8:   00007f93cce566d8 00000000bed883a8
0x00007f93cce566e8:   00007f93cce56728 00000000bed95aa8
0x00007f93cce566f8:   0000000000000000 00000000bed883f0
0x00007f93cce56708:   00007f93cce566d8 00007f93cce56730
0x00007f93cce56718:   00007f93cce56770 00007f9405006058
0x00007f93cce56728:   0000000000000000 00007f93cce56730
0x00007f93cce56738:   00000000bed8bcc8 00007f93cce56790
0x00007f93cce56748:   00000000bed95aa8 0000000000000000
0x00007f93cce56758:   00000000bed8bd88 00007f93cce56730
0x00007f93cce56768:   00007f93cce56790 00007f93cce567d8
0x00007f93cce56778:   00007f9405006706 0000000000000000
0x00007f93cce56788:   0000000000000000 00000000ecf2a9f8
0x00007f93cce56798:   00007f93cce56798 00000000bed74f73
0x00007f93cce567a8:   00007f93cce567e0 00000000bed82588
0x00007f93cce567b8:   0000000000000000 00000000bed74f88
0x00007f93cce567c8:   00007f93cce56790 00007f93cce567e8
0x00007f93cce567d8:   00007f93cce56828 00007f9405006058
0x00007f93cce567e8:   00007f93cce567e8 00000000bed75fd0
0x00007f93cce567f8:   00007f93cce56830 00000000bed82588
0x00007f93cce56808:   0000000000000000 00000000bed75fd8
0x00007f93cce56818:   00007f93cce567e8 00007f93cce56838
0x00007f93cce56828:   00007f93cce56878 00007f9405006058
0x00007f93cce56838:   00007f93cce56838 00000000bed7d5a8
0x00007f93cce56848:   00007f93cce56888 00000000bed83b88
0x00007f93cce56858:   0000000000000000 00000000bed7d5c0 

Instructions: (pc=0x00007f93cf9d3ca0)
0x00007f93cf9d3c80:   
[error occurred during error reporting (printing registers, top of stack, instructions near pc), id 0x7]

Register to memory mapping:

RAX=
[error occurred during error reporting (printing register info), id 0x7]

Stack: [0x00007f93ccd57000,0x00007f93cce58000],  sp=0x00007f93cce56668,  free space=1021k
Native frames: (J=compiled Java code, j=interpreted, Vv=VM code, C=native code)

[error occurred during error reporting (printing native stack), id 0x7]

Java frames: (J=compiled Java code, j=interpreted, Vv=VM code)
j  org.lwjgl.opengl.LinuxDisplay.nLockAWT()V+0
j  org.lwjgl.opengl.LinuxDisplay.lockAWT()V+0
j  org.lwjgl.opengl.LinuxDisplay.resetDisplayMode()V+0
j  org.lwjgl.opengl.Display.reset()V+3
j  org.lwjgl.opengl.Display.access$000()V+0
j  org.lwjgl.opengl.Display$1.run()V+0
v  ~StubRoutines::call_stub

---------------  P R O C E S S  ---------------

Java Threads: ( => current thread )
=>0x00007f93a8001000 JavaThread "Thread-0" [_thread_in_native, id=27948, stack(0x00007f93ccd57000,0x00007f93cce58000)]
  0x00007f93e4001000 JavaThread "SIGTERM handler" daemon [_thread_blocked, id=27944, stack(0x00007f93ccc56000,0x00007f93ccd57000)]
  0x00007f93b5236800 JavaThread "Timer" [_thread_blocked, id=26376, stack(0x00007f93bc05e000,0x00007f93bc15f000)]
  0x00007f93b477e000 JavaThread "AsynchExecutor-Thread" daemon [_thread_blocked, id=26374, stack(0x00007f93cc0ac000,0x00007f93cc1ad000)]
  0x00007f940800a000 JavaThread "DestroyJavaVM" [_thread_blocked, id=26346, stack(0x00007f9410b19000,0x00007f9410c1a000)]
  0x00007f94081bf000 JavaThread "AWT-XAWT" daemon [_thread_in_native, id=26364, stack(0x00007f93fc064000,0x00007f93fc165000)]
  0x00007f940819c800 JavaThread "Java2D Disposer" daemon [_thread_blocked, id=26363, stack(0x00007f940401d000,0x00007f940411e000)]
  0x00007f9408097000 JavaThread "Service Thread" daemon [_thread_blocked, id=26361, stack(0x00007f9404491000,0x00007f9404592000)]
  0x00007f9408095000 JavaThread "C2 CompilerThread1" daemon [_thread_blocked, id=26360, stack(0x00007f9404592000,0x00007f9404693000)]
  0x00007f9408092000 JavaThread "C2 CompilerThread0" daemon [_thread_blocked, id=26359, stack(0x00007f9404693000,0x00007f9404794000)]
  0x00007f9408087800 JavaThread "Signal Dispatcher" daemon [_thread_blocked, id=26358, stack(0x00007f9404794000,0x00007f9404895000)]
  0x00007f9408070000 JavaThread "Finalizer" daemon [_thread_blocked, id=26357, stack(0x00007f9404dfe000,0x00007f9404eff000)]
  0x00007f940806c000 JavaThread "Reference Handler" daemon [_thread_blocked, id=26356, stack(0x00007f9404eff000,0x00007f9405000000)]

Other Threads:
  0x00007f9408069800 VMThread [stack: 0x00007f940c0e1000,0x00007f940c1e2000] [id=26355]
  0x00007f94080aa000 WatcherThread [stack: 0x00007f9404390000,0x00007f9404491000] [id=26362]

VM state:not at safepoint (normal execution)

VM Mutex/Monitor currently owned by a thread: None

Heap
 PSYoungGen      total 18432K, used 15160K [0x00000000ebe00000, 0x00000000ed280000, 0x0000000100000000)
  eden space 15872K, 79% used [0x00000000ebe00000,0x00000000eca54e60,0x00000000ecd80000)
  from space 2560K, 98% used [0x00000000ecd80000,0x00000000ecff9398,0x00000000ed000000)
  to   space 2560K, 0% used [0x00000000ed000000,0x00000000ed000000,0x00000000ed280000)
 ParOldGen       total 40960K, used 1762K [0x00000000c3a00000, 0x00000000c6200000, 0x00000000ebe00000)
  object space 40960K, 4% used [0x00000000c3a00000,0x00000000c3bb8830,0x00000000c6200000)
 PSPermGen       total 21504K, used 11078K [0x00000000be800000, 0x00000000bfd00000, 0x00000000c3a00000)
  object space 21504K, 51% used [0x00000000be800000,0x00000000bf2d1918,0x00000000bfd00000)

Card table byte_map: [0x00007f940dc11000,0x00007f940de1e000] byte_map_base: 0x00007f940d61d000

Polling page: 0x00007f9410c40000

Code Cache  [0x00007f9405000000, 0x00007f9405270000, 0x00007f9408000000)
 total_blobs=768 nmethods=236 adapters=485 free_code_cache=48096Kb largest_free_block=49228928

Compilation events (10 events):
Event: 1228,703 Thread 0x00007f9408092000  234             java.util.concurrent.locks.ReentrantLock::unlock (10 bytes)
Event: 1228,706 Thread 0x00007f9408092000 nmethod 234 0x00007f94050a01d0 code [0x00007f94050a0320, 0x00007f94050a0408]
Event: 1674,776 Thread 0x00007f9408095000  235             java.util.concurrent.locks.ReentrantLock::lock (8 bytes)
Event: 1674,776 Thread 0x00007f9408092000  236             java.util.concurrent.locks.ReentrantLock$NonfairSync::lock (25 bytes)
Event: 1674,780 Thread 0x00007f9408092000 nmethod 236 0x00007f940509fdd0 code [0x00007f940509ff40, 0x00007f94050a0050]
Event: 1674,781 Thread 0x00007f9408095000 nmethod 235 0x00007f94050a2950 code [0x00007f94050a2ac0, 0x00007f94050a2bf0]
Event: 1682,286 Thread 0x00007f9408092000  237             sun.awt.SunToolkit::awtLock (7 bytes)
Event: 1682,287 Thread 0x00007f9408095000  238             sun.awt.SunToolkit::awtUnlock (7 bytes)
Event: 1682,293 Thread 0x00007f9408092000 nmethod 237 0x00007f94050a24d0 code [0x00007f94050a2640, 0x00007f94050a2770]
Event: 1682,295 Thread 0x00007f9408095000 nmethod 238 0x00007f940509f9d0 code [0x00007f940509fb20, 0x00007f940509fc08]

GC Heap History (2 events):
Event: 1,157 GC heap before
{Heap before GC invocations=1 (full 0):
 PSYoungGen      total 18432K, used 15809K [0x00000000ebe00000, 0x00000000ed280000, 0x0000000100000000)
  eden space 15872K, 99% used [0x00000000ebe00000,0x00000000ecd70608,0x00000000ecd80000)
  from space 2560K, 0% used [0x00000000ed000000,0x00000000ed000000,0x00000000ed280000)
  to   space 2560K, 0% used [0x00000000ecd80000,0x00000000ecd80000,0x00000000ed000000)
 ParOldGen       total 40960K, used 0K [0x00000000c3a00000, 0x00000000c6200000, 0x00000000ebe00000)
  object space 40960K, 0% used [0x00000000c3a00000,0x00000000c3a00000,0x00000000c6200000)
 PSPermGen       total 21504K, used 10059K [0x00000000be800000, 0x00000000bfd00000, 0x00000000c3a00000)
  object space 21504K, 46% used [0x00000000be800000,0x00000000bf1d2f90,0x00000000bfd00000)
Event: 1,163 GC heap after
Heap after GC invocations=1 (full 0):
 PSYoungGen      total 18432K, used 2532K [0x00000000ebe00000, 0x00000000ed280000, 0x0000000100000000)
  eden space 15872K, 0% used [0x00000000ebe00000,0x00000000ebe00000,0x00000000ecd80000)
  from space 2560K, 98% used [0x00000000ecd80000,0x00000000ecff9398,0x00000000ed000000)
  to   space 2560K, 0% used [0x00000000ed000000,0x00000000ed000000,0x00000000ed280000)
 ParOldGen       total 40960K, used 1762K [0x00000000c3a00000, 0x00000000c6200000, 0x00000000ebe00000)
  object space 40960K, 4% used [0x00000000c3a00000,0x00000000c3bb8830,0x00000000c6200000)
 PSPermGen       total 21504K, used 10059K [0x00000000be800000, 0x00000000bfd00000, 0x00000000c3a00000)
  object space 21504K, 46% used [0x00000000be800000,0x00000000bf1d2f90,0x00000000bfd00000)
}

Deoptimization events (10 events):
Event: 0,978 Thread 0x00007f9408263000 Uncommon trap: reason=unreached action=reinterpret pc=0x00007f94050a3d3c method=com.badlogic.gdx.assets.AssetLoadingTask.update()Z @ 17
Event: 1,102 Thread 0x00007f9408263000 Uncommon trap: reason=unreached action=reinterpret pc=0x00007f94050a09c4 method=com.badlogic.gdx.assets.AssetLoadingTask.update()Z @ 17
Event: 1,150 Thread 0x00007f9408263000 Uncommon trap: reason=class_check action=maybe_recompile pc=0x00007f9405099b08 method=com.badlogic.gdx.assets.AssetLoadingTask.handleAsyncLoader()V @ 137
Event: 1,263 Thread 0x00007f9408263000 Uncommon trap: reason=class_check action=maybe_recompile pc=0x00007f94050b80fc method=com.jcraft.jorbis.Mapping0.inverse(Lcom/jcraft/jorbis/Block;Ljava/lang/Object;)I @ 459
Event: 1,263 Thread 0x00007f9408263000 Uncommon trap: reason=class_check action=maybe_recompile pc=0x00007f94050b80fc method=com.jcraft.jorbis.Mapping0.inverse(Lcom/jcraft/jorbis/Block;Ljava/lang/Object;)I @ 459
Event: 1,265 Thread 0x00007f9408263000 Uncommon trap: reason=class_check action=maybe_recompile pc=0x00007f94050b80fc method=com.jcraft.jorbis.Mapping0.inverse(Lcom/jcraft/jorbis/Block;Ljava/lang/Object;)I @ 459
Event: 1,267 Thread 0x00007f9408263000 Uncommon trap: reason=class_check action=maybe_recompile pc=0x00007f94050b80fc method=com.jcraft.jorbis.Mapping0.inverse(Lcom/jcraft/jorbis/Block;Ljava/lang/Object;)I @ 459
Event: 4,918 Thread 0x00007f9408263000 Uncommon trap: reason=unreached action=reinterpret pc=0x00007f9405099a90 method=com.badlogic.gdx.assets.AssetLoadingTask.update()Z @ 17
Event: 5,052 Thread 0x00007f9408263000 Uncommon trap: reason=class_check action=maybe_recompile pc=0x00007f940509b594 method=com.badlogic.gdx.assets.AssetLoadingTask.handleAsyncLoader()V @ 137
Event: 5,080 Thread 0x00007f9408263000 Uncommon trap: reason=class_check action=maybe_recompile pc=0x00007f940509b594 method=com.badlogic.gdx.assets.AssetLoadingTask.handleAsyncLoader()V @ 137

Internal exceptions (10 events):
Event: 5,792 Thread 0x00007f9408263000 Threw 0x00000000ec740620 at /HUDSON/workspace/7u-2-build-linux-amd64/jdk7u45/229/hotspot/src/share/vm/prims/jvm.cpp:1244
Event: 5,803 Thread 0x00007f9408263000 Threw 0x00000000ec763280 at /HUDSON/workspace/7u-2-build-linux-amd64/jdk7u45/229/hotspot/src/share/vm/prims/jvm.cpp:1244
Event: 5,805 Thread 0x00007f9408263000 Threw 0x00000000ec766458 at /HUDSON/workspace/7u-2-build-linux-amd64/jdk7u45/229/hotspot/src/share/vm/prims/jvm.cpp:1244
Event: 5,808 Thread 0x00007f9408263000 Threw 0x00000000ec771a38 at /HUDSON/workspace/7u-2-build-linux-amd64/jdk7u45/229/hotspot/src/share/vm/prims/jvm.cpp:1244
Event: 6,680 Thread 0x00007f9408263000 Threw 0x00000000ec80b388 at /HUDSON/workspace/7u-2-build-linux-amd64/jdk7u45/229/hotspot/src/share/vm/prims/jvm.cpp:1244
Event: 6,691 Thread 0x00007f9408263000 Threw 0x00000000ec829688 at /HUDSON/workspace/7u-2-build-linux-amd64/jdk7u45/229/hotspot/src/share/vm/prims/jvm.cpp:1244
Event: 6,695 Thread 0x00007f9408263000 Threw 0x00000000ec844408 at /HUDSON/workspace/7u-2-build-linux-amd64/jdk7u45/229/hotspot/src/share/vm/prims/jvm.cpp:1244
Event: 6,701 Thread 0x00007f9408263000 Threw 0x00000000ec85eed8 at /HUDSON/workspace/7u-2-build-linux-amd64/jdk7u45/229/hotspot/src/share/vm/prims/jvm.cpp:1244
Event: 8,089 Thread 0x00007f9408263000 Threw 0x00000000ec94e0d0 at /HUDSON/workspace/7u-2-build-linux-amd64/jdk7u45/229/hotspot/src/share/vm/prims/jvm.cpp:1244
Event: 8,106 Thread 0x00007f9408263000 Threw 0x00000000ec976c90 at /HUDSON/workspace/7u-2-build-linux-amd64/jdk7u45/229/hotspot/src/share/vm/prims/jvm.cpp:1244

Events (10 events):
Event: 2276,157 loading class 0x00007f94080ecec0 done
Event: 2276,163 Thread 0x00007f93a8001000 Thread added: 0x00007f93a8001000
Event: 2276,163 Thread 0x00007f93a8002000 Thread added: 0x00007f93a8002000
Event: 2276,163 loading class 0x00007f93d80738e0
Event: 2276,164 loading class 0x00007f93d81b11a0
Event: 2276,164 loading class 0x00007f93d81b11a0 done
Event: 2276,164 loading class 0x00007f93d81b1320
Event: 2276,164 loading class 0x00007f93d81b1320 done
Event: 2276,164 loading class 0x00007f93d80738e0 done
Event: 2276,165 Thread 0x00007f93a8002000 Thread exited: 0x00007f93a8002000


Dynamic libraries:
00400000-00401000 r-xp 00000000 08:07 142000                             /usr/lib/jvm/java-7-oracle/bin/java
00600000-00601000 rw-p 00000000 08:07 142000                             /usr/lib/jvm/java-7-oracle/bin/java
01eac000-01ecd000 rw-p 00000000 00:00 0                                  [heap]
be800000-bfd00000 rw-p 00000000 00:00 0 
bfd00000-c3a00000 rw-p 00000000 00:00 0 
c3a00000-c6200000 rw-p 00000000 00:00 0 
c6200000-ebe00000 rw-p 00000000 00:00 0 
ebe00000-ed280000 rw-p 00000000 00:00 0 
ed280000-100000000 rw-p 00000000 00:00 0 
7f93a0000000-7f93a0021000 rw-p 00000000 00:00 0 
7f93a0021000-7f93a4000000 ---p 00000000 00:00 0 
7f93a75ff000-7f93a7bff000 rw-s 00000000 00:04 216890                     /drm mm object (deleted)
7f93a8000000-7f93a8021000 rw-p 00000000 00:00 0 
7f93a8021000-7f93ac000000 ---p 00000000 00:00 0 
7f93ac000000-7f93acc4e000 rw-p 00000000 00:00 0 
7f93acc4e000-7f93b0000000 ---p 00000000 00:00 0 
7f93b0000000-7f93b0021000 rw-p 00000000 00:00 0 
7f93b0021000-7f93b4000000 ---p 00000000 00:00 0 
7f93b4000000-7f93b533c000 rw-p 00000000 00:00 0 
7f93b533c000-7f93b8000000 ---p 00000000 00:00 0 
7f93b8000000-7f93b8021000 rw-p 00000000 00:00 0 
7f93b8021000-7f93bc000000 ---p 00000000 00:00 0 
7f93bc05e000-7f93bc061000 ---p 00000000 00:00 0 
7f93bc061000-7f93bc15f000 rw-p 00000000 00:00 0                          [stack:26376]
7f93bc15f000-7f93bc2df000 rw-s 00000000 00:04 215934                     /drm mm object (deleted)
7f93bc370000-7f93bc3e0000 rw-s 00000000 00:04 211930                     /drm mm object (deleted)
7f93bc3e0000-7f93bd57e000 rw-p 00000000 00:00 0 
7f93bd57e000-7f93bd5b5000 r-xp 00000000 08:07 2243202                    /usr/lib/x86_64-linux-gnu/libtxc_dxtn_s2tc.so.0.0.0
7f93bd5b5000-7f93bd7b4000 ---p 00037000 08:07 2243202                    /usr/lib/x86_64-linux-gnu/libtxc_dxtn_s2tc.so.0.0.0
7f93bd7b4000-7f93bd7b5000 r--p 00036000 08:07 2243202                    /usr/lib/x86_64-linux-gnu/libtxc_dxtn_s2tc.so.0.0.0
7f93bd7b5000-7f93bd7b6000 rw-p 00037000 08:07 2243202                    /usr/lib/x86_64-linux-gnu/libtxc_dxtn_s2tc.so.0.0.0
7f93bd7b6000-7f93bd7ce000 r-xp 00000000 08:07 2500674                    /lib/x86_64-linux-gnu/libz.so.1.2.8
7f93bd7ce000-7f93bd9cd000 ---p 00018000 08:07 2500674                    /lib/x86_64-linux-gnu/libz.so.1.2.8
7f93bd9cd000-7f93bd9ce000 r--p 00017000 08:07 2500674                    /lib/x86_64-linux-gnu/libz.so.1.2.8
7f93bd9ce000-7f93bd9cf000 rw-p 00018000 08:07 2500674                    /lib/x86_64-linux-gnu/libz.so.1.2.8
7f93bd9cf000-7f93bd9d7000 r-xp 00000000 08:07 2243149                    /usr/lib/x86_64-linux-gnu/libpciaccess.so.0.11.1
7f93bd9d7000-7f93bdbd6000 ---p 00008000 08:07 2243149                    /usr/lib/x86_64-linux-gnu/libpciaccess.so.0.11.1
7f93bdbd6000-7f93bdbd7000 r--p 00007000 08:07 2243149                    /usr/lib/x86_64-linux-gnu/libpciaccess.so.0.11.1
7f93bdbd7000-7f93bdbd8000 rw-p 00008000 08:07 2243149                    /usr/lib/x86_64-linux-gnu/libpciaccess.so.0.11.1
7f93bdbd8000-7f93bdbff000 r-xp 00000000 08:07 2494246                    /lib/x86_64-linux-gnu/libexpat.so.1.6.0
7f93bdbff000-7f93bddff000 ---p 00027000 08:07 2494246                    /lib/x86_64-linux-gnu/libexpat.so.1.6.0
7f93bddff000-7f93bde01000 r--p 00027000 08:07 2494246                    /lib/x86_64-linux-gnu/libexpat.so.1.6.0
7f93bde01000-7f93bde02000 rw-p 00029000 08:07 2494246                    /lib/x86_64-linux-gnu/libexpat.so.1.6.0
7f93bde02000-7f93bde0e000 r-xp 00000000 08:07 2243136                    /usr/lib/x86_64-linux-gnu/libdrm_radeon.so.1.0.1
7f93bde0e000-7f93be00d000 ---p 0000c000 08:07 2243136                    /usr/lib/x86_64-linux-gnu/libdrm_radeon.so.1.0.1
7f93be00d000-7f93be00e000 r--p 0000b000 08:07 2243136                    /usr/lib/x86_64-linux-gnu/libdrm_radeon.so.1.0.1
7f93be00e000-7f93be00f000 rw-p 0000c000 08:07 2243136                    /usr/lib/x86_64-linux-gnu/libdrm_radeon.so.1.0.1
7f93be00f000-7f93be014000 r-xp 00000000 08:07 2243151                    /usr/lib/x86_64-linux-gnu/libdrm_nouveau.so.2.0.0
7f93be014000-7f93be213000 ---p 00005000 08:07 2243151                    /usr/lib/x86_64-linux-gnu/libdrm_nouveau.so.2.0.0
7f93be213000-7f93be214000 r--p 00004000 08:07 2243151                    /usr/lib/x86_64-linux-gnu/libdrm_nouveau.so.2.0.0
7f93be214000-7f93be215000 rw-p 00005000 08:07 2243151                    /usr/lib/x86_64-linux-gnu/libdrm_nouveau.so.2.0.0
7f93be215000-7f93be234000 r-xp 00000000 08:07 2243609                    /usr/lib/x86_64-linux-gnu/libdrm_intel.so.1.0.0
7f93be234000-7f93be433000 ---p 0001f000 08:07 2243609                    /usr/lib/x86_64-linux-gnu/libdrm_intel.so.1.0.0
7f93be433000-7f93be434000 r--p 0001e000 08:07 2243609                    /usr/lib/x86_64-linux-gnu/libdrm_intel.so.1.0.0
7f93be434000-7f93be435000 rw-p 0001f000 08:07 2243609                    /usr/lib/x86_64-linux-gnu/libdrm_intel.so.1.0.0
7f93be435000-7f93be924000 r-xp 00000000 08:07 20610                      /usr/lib/x86_64-linux-gnu/dri/i965_dri.so
7f93be924000-7f93beb23000 ---p 004ef000 08:07 20610                      /usr/lib/x86_64-linux-gnu/dri/i965_dri.so
7f93beb23000-7f93beb3a000 r--p 004ee000 08:07 20610                      /usr/lib/x86_64-linux-gnu/dri/i965_dri.so
7f93beb3a000-7f93beb46000 rw-p 00505000 08:07 20610                      /usr/lib/x86_64-linux-gnu/dri/i965_dri.so
7f93beb46000-7f93beb92000 rw-p 00000000 00:00 0 
7f93beb92000-7f93beb9a000 r-xp 00000000 08:07 2500732                    /lib/x86_64-linux-gnu/libnih-dbus.so.1.0.0
7f93beb9a000-7f93bed9a000 ---p 00008000 08:07 2500732                    /lib/x86_64-linux-gnu/libnih-dbus.so.1.0.0
7f93bed9a000-7f93bed9b000 r--p 00008000 08:07 2500732                    /lib/x86_64-linux-gnu/libnih-dbus.so.1.0.0
7f93bed9b000-7f93bed9c000 rw-p 00009000 08:07 2500732                    /lib/x86_64-linux-gnu/libnih-dbus.so.1.0.0
7f93bed9c000-7f93bedb3000 r-xp 00000000 08:07 2494286                    /lib/x86_64-linux-gnu/libnih.so.1.0.0
7f93bedb3000-7f93befb2000 ---p 00017000 08:07 2494286                    /lib/x86_64-linux-gnu/libnih.so.1.0.0
7f93befb2000-7f93befb3000 r--p 00016000 08:07 2494286                    /lib/x86_64-linux-gnu/libnih.so.1.0.0
7f93befb3000-7f93befb4000 rw-p 00017000 08:07 2494286                    /lib/x86_64-linux-gnu/libnih.so.1.0.0
7f93befb4000-7f93befcd000 r-xp 00000000 08:07 2491890                    /lib/x86_64-linux-gnu/libcgmanager.so.0.0.0
7f93befcd000-7f93bf1cc000 ---p 00019000 08:07 2491890                    /lib/x86_64-linux-gnu/libcgmanager.so.0.0.0
7f93bf1cc000-7f93bf1ce000 r--p 00018000 08:07 2491890                    /lib/x86_64-linux-gnu/libcgmanager.so.0.0.0
7f93bf1ce000-7f93bf1cf000 rw-p 0001a000 08:07 2491890                    /lib/x86_64-linux-gnu/libcgmanager.so.0.0.0
7f93bf1cf000-7f93bf1df000 r-xp 00000000 08:07 2491912                    /lib/x86_64-linux-gnu/libudev.so.1.3.5
7f93bf1df000-7f93bf3de000 ---p 00010000 08:07 2491912                    /lib/x86_64-linux-gnu/libudev.so.1.3.5
7f93bf3de000-7f93bf3df000 r--p 0000f000 08:07 2491912                    /lib/x86_64-linux-gnu/libudev.so.1.3.5
7f93bf3df000-7f93bf3e0000 rw-p 00010000 08:07 2491912                    /lib/x86_64-linux-gnu/libudev.so.1.3.5
7f93bf3e0000-7f93bf3eb000 r-xp 00000000 08:07 2229587                    /usr/lib/x86_64-linux-gnu/libdrm.so.2.4.0
7f93bf3eb000-7f93bf5ea000 ---p 0000b000 08:07 2229587                    /usr/lib/x86_64-linux-gnu/libdrm.so.2.4.0
7f93bf5ea000-7f93bf5eb000 r--p 0000a000 08:07 2229587                    /usr/lib/x86_64-linux-gnu/libdrm.so.2.4.0
7f93bf5eb000-7f93bf5ec000 rw-p 0000b000 08:07 2229587                    /usr/lib/x86_64-linux-gnu/libdrm.so.2.4.0
7f93bf5ec000-7f93bf5ed000 r-xp 00000000 08:07 2243482                    /usr/lib/x86_64-linux-gnu/libxshmfence.so.1.0.0
7f93bf5ed000-7f93bf7ec000 ---p 00001000 08:07 2243482                    /usr/lib/x86_64-linux-gnu/libxshmfence.so.1.0.0
7f93bf7ec000-7f93bf7ed000 r--p 00000000 08:07 2243482                    /usr/lib/x86_64-linux-gnu/libxshmfence.so.1.0.0
7f93bf7ed000-7f93bf7ee000 rw-p 00001000 08:07 2243482                    /usr/lib/x86_64-linux-gnu/libxshmfence.so.1.0.0
7f93bf7ee000-7f93bf7f3000 r-xp 00000000 08:07 2251781                    /usr/lib/x86_64-linux-gnu/libxcb-sync.so.1.0.0
7f93bf7f3000-7f93bf9f2000 ---p 00005000 08:07 2251781                    /usr/lib/x86_64-linux-gnu/libxcb-sync.so.1.0.0
7f93bf9f2000-7f93bf9f3000 r--p 00004000 08:07 2251781                    /usr/lib/x86_64-linux-gnu/libxcb-sync.so.1.0.0
7f93bf9f3000-7f93bf9f4000 rw-p 00005000 08:07 2251781                    /usr/lib/x86_64-linux-gnu/libxcb-sync.so.1.0.0
7f93bf9f4000-7f93bf9f6000 r-xp 00000000 08:07 2251778                    /usr/lib/x86_64-linux-gnu/libxcb-present.so.0.0.0
7f93bf9f6000-7f93bfbf5000 ---p 00002000 08:07 2251778                    /usr/lib/x86_64-linux-gnu/libxcb-present.so.0.0.0
7f93bfbf5000-7f93bfbf6000 r--p 00001000 08:07 2251778                    /usr/lib/x86_64-linux-gnu/libxcb-present.so.0.0.0
7f93bfbf6000-7f93bfbf7000 rw-p 00002000 08:07 2251778                    /usr/lib/x86_64-linux-gnu/libxcb-present.so.0.0.0
7f93bfbf7000-7f93bfbf9000 r-xp 00000000 08:07 2236640                    /usr/lib/x86_64-linux-gnu/libxcb-dri3.so.0.0.0
7f93bfbf9000-7f93bfdf8000 ---p 00002000 08:07 2236640                    /usr/lib/x86_64-linux-gnu/libxcb-dri3.so.0.0.0
7f93bfdf8000-7f93bfdf9000 r--p 00001000 08:07 2236640                    /usr/lib/x86_64-linux-gnu/libxcb-dri3.so.0.0.0
7f93bfdf9000-7f93bfdfa000 rw-p 00002000 08:07 2236640                    /usr/lib/x86_64-linux-gnu/libxcb-dri3.so.0.0.0
7f93bfdfa000-7f93bfdfd000 r-xp 00000000 08:07 2243153                    /usr/lib/x86_64-linux-gnu/libxcb-dri2.so.0.0.0
7f93bfdfd000-7f93bfffd000 ---p 00003000 08:07 2243153                    /usr/lib/x86_64-linux-gnu/libxcb-dri2.so.0.0.0
7f93bfffd000-7f93bfffe000 r--p 00003000 08:07 2243153                    /usr/lib/x86_64-linux-gnu/libxcb-dri2.so.0.0.0
7f93bfffe000-7f93bffff000 rw-p 00004000 08:07 2243153                    /usr/lib/x86_64-linux-gnu/libxcb-dri2.so.0.0.0
7f93c4000000-7f93c4021000 rw-p 00000000 00:00 0 
7f93c4021000-7f93c8000000 ---p 00000000 00:00 0 
7f93c8000000-7f93c8021000 rw-p 00000000 00:00 0 
7f93c8021000-7f93cc000000 ---p 00000000 00:00 0 
7f93cc03c000-7f93cc0ac000 rw-s 00000000 00:04 216893                     /drm mm object (deleted)
7f93cc0ac000-7f93cc0af000 ---p 00000000 00:00 0 
7f93cc0af000-7f93cc1ad000 rw-p 00000000 00:00 0                          [stack:26374]
7f93cc1ad000-7f93cc1c2000 r-xp 00000000 08:07 2243189                    /usr/lib/x86_64-linux-gnu/libxcb-glx.so.0.0.0
7f93cc1c2000-7f93cc3c1000 ---p 00015000 08:07 2243189                    /usr/lib/x86_64-linux-gnu/libxcb-glx.so.0.0.0
7f93cc3c1000-7f93cc3c3000 r--p 00014000 08:07 2243189                    /usr/lib/x86_64-linux-gnu/libxcb-glx.so.0.0.0
7f93cc3c3000-7f93cc3c4000 rw-p 00016000 08:07 2243189                    /usr/lib/x86_64-linux-gnu/libxcb-glx.so.0.0.0
7f93cc3c4000-7f93cc3c5000 r-xp 00000000 08:07 2243165                    /usr/lib/x86_64-linux-gnu/libX11-xcb.so.1.0.0
7f93cc3c5000-7f93cc5c4000 ---p 00001000 08:07 2243165                    /usr/lib/x86_64-linux-gnu/libX11-xcb.so.1.0.0
7f93cc5c4000-7f93cc5c5000 r--p 00000000 08:07 2243165                    /usr/lib/x86_64-linux-gnu/libX11-xcb.so.1.0.0
7f93cc5c5000-7f93cc5c6000 rw-p 00001000 08:07 2243165                    /usr/lib/x86_64-linux-gnu/libX11-xcb.so.1.0.0
7f93cc5c6000-7f93cc5c8000 r-xp 00000000 08:07 2244037                    /usr/lib/x86_64-linux-gnu/libXdamage.so.1.1.0
7f93cc5c8000-7f93cc7c7000 ---p 00002000 08:07 2244037                    /usr/lib/x86_64-linux-gnu/libXdamage.so.1.1.0
7f93cc7c7000-7f93cc7c8000 r--p 00001000 08:07 2244037                    /usr/lib/x86_64-linux-gnu/libXdamage.so.1.1.0
7f93cc7c8000-7f93cc7c9000 rw-p 00002000 08:07 2244037                    /usr/lib/x86_64-linux-gnu/libXdamage.so.1.1.0
7f93cc7c9000-7f93cc7eb000 r-xp 00000000 08:07 2234673                    /usr/lib/x86_64-linux-gnu/libglapi.so.0.0.0
7f93cc7eb000-7f93cc9eb000 ---p 00022000 08:07 2234673                    /usr/lib/x86_64-linux-gnu/libglapi.so.0.0.0
7f93cc9eb000-7f93cc9ee000 r--p 00022000 08:07 2234673                    /usr/lib/x86_64-linux-gnu/libglapi.so.0.0.0
7f93cc9ee000-7f93cc9ef000 rw-p 00025000 08:07 2234673                    /usr/lib/x86_64-linux-gnu/libglapi.so.0.0.0
7f93cc9ef000-7f93cc9f0000 rw-p 00000000 00:00 0 
7f93cc9f0000-7f93cca52000 r-xp 00000000 08:07 769                        /usr/lib/x86_64-linux-gnu/mesa/libGL.so.1.2.0
7f93cca52000-7f93ccc51000 ---p 00062000 08:07 769                        /usr/lib/x86_64-linux-gnu/mesa/libGL.so.1.2.0
7f93ccc51000-7f93ccc54000 r--p 00061000 08:07 769                        /usr/lib/x86_64-linux-gnu/mesa/libGL.so.1.2.0
7f93ccc54000-7f93ccc55000 rw-p 00064000 08:07 769                        /usr/lib/x86_64-linux-gnu/mesa/libGL.so.1.2.0
7f93ccc55000-7f93ccc56000 rw-p 00000000 00:00 0 
7f93ccc56000-7f93ccc59000 ---p 00000000 00:00 0 
7f93ccc59000-7f93ccd57000 rw-p 00000000 00:00 0                          [stack:27944]
7f93ccd57000-7f93ccd5a000 ---p 00000000 00:00 0 
7f93ccd5a000-7f93cce58000 rw-p 00000000 00:00 0                          [stack:27948]
7f93cce58000-7f93cce59000 ---p 00000000 00:00 0 
7f93cce59000-7f93cd659000 rw-p 00000000 00:00 0 
7f93cd659000-7f93cd670000 r-xp 00000000 08:07 2513918                    /lib/x86_64-linux-gnu/libresolv-2.19.so
7f93cd670000-7f93cd870000 ---p 00017000 08:07 2513918                    /lib/x86_64-linux-gnu/libresolv-2.19.so
7f93cd870000-7f93cd871000 r--p 00017000 08:07 2513918                    /lib/x86_64-linux-gnu/libresolv-2.19.so
7f93cd871000-7f93cd872000 rw-p 00018000 08:07 2513918                    /lib/x86_64-linux-gnu/libresolv-2.19.so
7f93cd872000-7f93cd874000 rw-p 00000000 00:00 0 
7f93cd874000-7f93cd87b000 r-xp 00000000 08:07 2236867                    /usr/lib/x86_64-linux-gnu/libogg.so.0.8.1
7f93cd87b000-7f93cda7b000 ---p 00007000 08:07 2236867                    /usr/lib/x86_64-linux-gnu/libogg.so.0.8.1
7f93cda7b000-7f93cda7c000 r--p 00007000 08:07 2236867                    /usr/lib/x86_64-linux-gnu/libogg.so.0.8.1
7f93cda7c000-7f93cda7d000 rw-p 00008000 08:07 2236867                    /usr/lib/x86_64-linux-gnu/libogg.so.0.8.1
7f93cda7d000-7f93cdaa9000 r-xp 00000000 08:07 2243434                    /usr/lib/x86_64-linux-gnu/libvorbis.so.0.4.5
7f93cdaa9000-7f93cdca8000 ---p 0002c000 08:07 2243434                    /usr/lib/x86_64-linux-gnu/libvorbis.so.0.4.5
7f93cdca8000-7f93cdca9000 r--p 0002b000 08:07 2243434                    /usr/lib/x86_64-linux-gnu/libvorbis.so.0.4.5
7f93cdca9000-7f93cdcaa000 rw-p 0002c000 08:07 2243434                    /usr/lib/x86_64-linux-gnu/libvorbis.so.0.4.5
7f93cdcaa000-7f93cdf5d000 r-xp 00000000 08:07 2243426                    /usr/lib/x86_64-linux-gnu/libvorbisenc.so.2.0.8
7f93cdf5d000-7f93ce15c000 ---p 002b3000 08:07 2243426                    /usr/lib/x86_64-linux-gnu/libvorbisenc.so.2.0.8
7f93ce15c000-7f93ce178000 r--p 002b2000 08:07 2243426                    /usr/lib/x86_64-linux-gnu/libvorbisenc.so.2.0.8
7f93ce178000-7f93ce179000 rw-p 002ce000 08:07 2243426                    /usr/lib/x86_64-linux-gnu/libvorbisenc.so.2.0.8
7f93ce179000-7f93ce1a8000 r-xp 00000000 08:07 2228700                    /usr/lib/x86_64-linux-gnu/libFLAC.so.8.3.0
7f93ce1a8000-7f93ce3a8000 ---p 0002f000 08:07 2228700                    /usr/lib/x86_64-linux-gnu/libFLAC.so.8.3.0
7f93ce3a8000-7f93ce3a9000 r--p 0002f000 08:07 2228700                    /usr/lib/x86_64-linux-gnu/libFLAC.so.8.3.0
7f93ce3a9000-7f93ce3aa000 rw-p 00030000 08:07 2228700                    /usr/lib/x86_64-linux-gnu/libFLAC.so.8.3.0
7f93ce3aa000-7f93ce3af000 r-xp 00000000 08:07 2236545                    /usr/lib/x86_64-linux-gnu/libasyncns.so.0.3.1
7f93ce3af000-7f93ce5ae000 ---p 00005000 08:07 2236545                    /usr/lib/x86_64-linux-gnu/libasyncns.so.0.3.1
7f93ce5ae000-7f93ce5af000 r--p 00004000 08:07 2236545                    /usr/lib/x86_64-linux-gnu/libasyncns.