#
# A fatal error has been detected by the Java Runtime Environment:
#
#  SIGBUS (0x7) at pc=0x00007fef55673740, pid=14653, tid=140665733334784
#
# JRE version: Java(TM) SE Runtime Environment (7.0_45-b18) (build 1.7.0_45-b18)
# Java VM: Java HotSpot(TM) 64-Bit Server VM (24.45-b08 mixed mode linux-amd64 compressed oops)
# Problematic frame:
# 
[error occurred during error reporting (printing problematic frame), id 0x7]

# Failed to write core dump. Core dumps have been disabled. To enable core dumping, try "ulimit -c unlimited" before starting Java again
#
# If you would like to submit a bug report, please visit:
#   http://bugreport.sun.com/bugreport/crash.jsp
#

---------------  T H R E A D  ---------------

Current thread is native thread

siginfo:si_signo=SIGBUS: si_errno=0, si_code=2 (BUS_ADRERR), si_addr=0x00007fef55673740

Registers:
RAX=0x0000000000000000, RBX=0x00007fef4b113e70, RCX=0xffffffffffffffff, RDX=0x0000000000000000
RSP=0x00007fef4b113e60, RBP=0x00007fef8c1c1540, RSI=0x00007fef4b113e60, RDI=0x0000000000000000
R8 =0x00007fef8c1c1710, R9 =0x0000000000000001, R10=0x00007fef8c1ca2d4, R11=0x0000000000000000
R12=0x0000000000000000, R13=0x00007fef8c1ca2b0, R14=0x0000000000000008, R15=0x00007fef4b113ec8
RIP=0x00007fef55673740, EFLAGS=0x0000000000010217, CSGSFS=0x0000000000000033, ERR=0x0000000000000014
  TRAPNO=0x000000000000000e

Top of Stack: (sp=0x00007fef4b113e60)
0x00007fef4b113e60:   00007fef8c1c15c0 00007fef54fd31fe
0x00007fef4b113e70:   0000000000000000 00000000000f4240
0x00007fef4b113e80:   00007fef8c1ca2b0 00000000000003f8
0x00007fef4b113e90:   00007fef8c1c1540 00007fef5567f5d3
0x00007fef4b113ea0:   0000000000000000 00007fef4b113ec0
0x00007fef4b113eb0:   0000000000002000 00000000000071a0
0x00007fef4b113ec0:   00007fef400ef040 0000000000004000
0x00007fef4b113ed0:   0000000000000000 00007fef8c1c9c90
0x00007fef4b113ee0:   0000000000000000 0000000000000000
0x00007fef4b113ef0:   0000000000000000 00007fef4b1149c0
0x00007fef4b113f00:   00007fef4b114700 00007fef5567273a
0x00007fef4b113f10:   00007fef4b114700 00007fef92af0182
0x00007fef4b113f20:   0000000000000000 00007fef4b114700
0x00007fef4b113f30:   00007fef4b114700 03c6277f99813e4d
0x00007fef4b113f40:   0000000000000000 0000000000000000
0x00007fef4b113f50:   00007fef4b1149c0 00007fef4b114700
0x00007fef4b113f60:   fc18b15de7c13e4d fc1902219b1b3e4d
0x00007fef4b113f70:   0000000000000000 0000000000000000
0x00007fef4b113f80:   0000000000000000 0000000000000000
0x00007fef4b113f90:   0000000000000000 0000000000000000
0x00007fef4b113fa0:   0000000000000000 0000000000000000
0x00007fef4b113fb0:   00007fef4b114700 00007fef9240238d
0x00007fef4b113fc0:   0000000000000000 0000000000000000
0x00007fef4b113fd0:   0000000000000000 0000000000000000
0x00007fef4b113fe0:   0000000000000000 0000000000000000
0x00007fef4b113ff0:   0000000000000000 0000000000000000
0x00007fef4b114000:   0000000000000000 0000000000000000
0x00007fef4b114010:   0000000000000000 0000000000000000
0x00007fef4b114020:   0000000000000000 0000000000000000
0x00007fef4b114030:   0000000000000000 0000000000000000
0x00007fef4b114040:   0000000000000000 0000000000000000
0x00007fef4b114050:   0000000000000000 0000000000000000 

Instructions: (pc=0x00007fef55673740)
0x00007fef55673720:   
[error occurred during error reporting (printing registers, top of stack, instructions near pc), id 0x7]

Register to memory mapping:

RAX=0x0000000000000000 is an unknown value
RBX=0x00007fef4b113e70 is an unknown value
RCX=0xffffffffffffffff is an unknown value
RDX=0x0000000000000000 is an unknown value
RSP=0x00007fef4b113e60 is an unknown value
RBP=0x00007fef8c1c1540 is an unknown value
RSI=0x00007fef4b113e60 is an unknown value
RDI=0x0000000000000000 is an unknown value
R8 =0x00007fef8c1c1710 is an unknown value
R9 =0x0000000000000001 is an unknown value
R10=0x00007fef8c1ca2d4 is an unknown value
R11=0x0000000000000000 is an unknown value
R12=0x0000000000000000 is an unknown value
R13=0x00007fef8c1ca2b0 is an unknown value
R14=0x0000000000000008 is an unknown value
R15=0x00007fef4b113ec8 is an unknown value


Stack: [0x00007fef4b014000,0x00007fef4b115000],  sp=0x00007fef4b113e60,  free space=1023k
Native frames: (J=compiled Java code, j=interpreted, Vv=VM code, C=native code)

[error occurred during error reporting (printing native stack), id 0x7]


---------------  P R O C E S S  ---------------

VM state:not at safepoint (normal execution)

VM Mutex/Monitor currently owned by a thread: None

Heap
 PSYoungGen      total 118272K, used 102991K [0x00000000ebe00000, 0x00000000faf00000, 0x0000000100000000)
  eden space 23040K, 33% used [0x00000000ebe00000,0x00000000ec5940a8,0x00000000ed480000)
  from space 95232K, 99% used [0x00000000ed480000,0x00000000f317fcd8,0x00000000f3180000)
  to   space 109568K, 0% used [0x00000000f4400000,0x00000000f4400000,0x00000000faf00000)
 ParOldGen       total 214528K, used 156602K [0x00000000c3a00000, 0x00000000d0b80000, 0x00000000ebe00000)
  object space 214528K, 72% used [0x00000000c3a00000,0x00000000cd2eea60,0x00000000d0b80000)
 PSPermGen       total 22528K, used 10183K [0x00000000be800000, 0x00000000bfe00000, 0x00000000c3a00000)
  object space 22528K, 45% used [0x00000000be800000,0x00000000bf1f1f90,0x00000000bfe00000)

Card table byte_map: [0x00007fef88df3000,0x00007fef89000000] byte_map_base: 0x00007fef887ff000

Polling page: 0x00007fef92f25000

Code Cache  [0x00007fef89000000, 0x00007fef89270000, 0x00007fef8c000000)
 total_blobs=691 nmethods=178 adapters=467 free_code_cache=48234Kb largest_free_block=49369728

Compilation events (10 events):
Event: 3,079 Thread 0x00007fef8c092000 nmethod 174 0x00007fef890c9b50 code [0x00007fef890c9cc0, 0x00007fef890c9dd8]
Event: 3,079 Thread 0x00007fef8c092000  175             com.badlogic.gdx.graphics.Color::set (26 bytes)
Event: 3,080 Thread 0x00007fef8c092000 nmethod 175 0x00007fef890e0f90 code [0x00007fef890e1100, 0x00007fef890e11d8]
Event: 3,080 Thread 0x00007fef8c092000  176             com.pigmassacre.mbreak.gui.Blinder$BlinderPart::<init> (15 bytes)
Event: 3,081 Thread 0x00007fef8c092000 nmethod 176 0x00007fef890c98d0 code [0x00007fef890c9a20, 0x00007fef890c9ac8]
Event: 3,081 Thread 0x00007fef8c092000  177             com.pigmassacre.mbreak.gui.Blinder$1::<init> (10 bytes)
Event: 3,081 Thread 0x00007fef8c092000 nmethod 177 0x00007fef890c96d0 code [0x00007fef890c9800, 0x00007fef890c9878]
Event: 3,081 Thread 0x00007fef8c092000  178 %           com.pigmassacre.mbreak.gui.Blinder::setup @ 24 (213 bytes)
Event: 3,089 Thread 0x00007fef8c095000 nmethod 171 0x00007fef890ca010 code [0x00007fef890ca1a0, 0x00007fef890ca768]
Event: 3,160 Thread 0x00007fef8c092000 nmethod 178% 0x00007fef890e8c50 code [0x00007fef890e8f00, 0x00007fef890e9de0]

GC Heap History (10 events):
Event: 21,144 GC heap before
{Heap before GC invocations=12 (full 3):
 PSYoungGen      total 84480K, used 54879K [0x00000000ebe00000, 0x00000000f6000000, 0x0000000100000000)
  eden space 25600K, 0% used [0x00000000ebe00000,0x00000000ebe00000,0x00000000ed700000)
  from space 58880K, 93% used [0x00000000ed700000,0x00000000f0c97d50,0x00000000f1080000)
  to   space 67072K, 0% used [0x00000000f1e80000,0x00000000f1e80000,0x00000000f6000000)
 ParOldGen       total 130560K, used 106277K [0x00000000c3a00000, 0x00000000cb980000, 0x00000000ebe00000)
  object space 130560K, 81% used [0x00000000c3a00000,0x00000000ca1c9668,0x00000000cb980000)
 PSPermGen       total 23040K, used 10183K [0x00000000be800000, 0x00000000bfe80000, 0x00000000c3a00000)
  object space 23040K, 44% used [0x00000000be800000,0x00000000bf1f1f90,0x00000000bfe80000)
Event: 22,270 GC heap after
Heap after GC invocations=12 (full 3):
 PSYoungGen      total 84480K, used 29694K [0x00000000ebe00000, 0x00000000f6000000, 0x0000000100000000)
  eden space 25600K, 0% used [0x00000000ebe00000,0x00000000ebe00000,0x00000000ed700000)
  from space 58880K, 50% used [0x00000000ed700000,0x00000000ef3ff9e8,0x00000000f1080000)
  to   space 67072K, 0% used [0x00000000f1e80000,0x00000000f1e80000,0x00000000f6000000)
 ParOldGen       total 214528K, used 130170K [0x00000000c3a00000, 0x00000000d0b80000, 0x00000000ebe00000)
  object space 214528K, 60% used [0x00000000c3a00000,0x00000000cb91ea60,0x00000000d0b80000)
 PSPermGen       total 22528K, used 10183K [0x00000000be800000, 0x00000000bfe00000, 0x00000000c3a00000)
  object space 22528K, 45% used [0x00000000be800000,0x00000000bf1f1f90,0x00000000bfe00000)
}
Event: 26,502 GC heap before
{Heap before GC invocations=13 (full 3):
 PSYoungGen      total 84480K, used 55294K [0x00000000ebe00000, 0x00000000f6000000, 0x0000000100000000)
  eden space 25600K, 100% used [0x00000000ebe00000,0x00000000ed700000,0x00000000ed700000)
  from space 58880K, 50% used [0x00000000ed700000,0x00000000ef3ff9e8,0x00000000f1080000)
  to   space 67072K, 0% used [0x00000000f1e80000,0x00000000f1e80000,0x00000000f6000000)
 ParOldGen       total 214528K, used 130170K [0x00000000c3a00000, 0x00000000d0b80000, 0x00000000ebe00000)
  object space 214528K, 60% used [0x00000000c3a00000,0x00000000cb91ea60,0x00000000d0b80000)
 PSPermGen       total 22528K, used 10183K [0x00000000be800000, 0x00000000bfe00000, 0x00000000c3a00000)
  object space 22528K, 45% used [0x00000000be800000,0x00000000bf1f1f90,0x00000000bfe00000)
Event: 26,870 GC heap after
Heap after GC invocations=13 (full 3):
 PSYoungGen      total 93696K, used 52945K [0x00000000ebe00000, 0x00000000f6a80000, 0x0000000100000000)
  eden space 26624K, 0% used [0x00000000ebe00000,0x00000000ebe00000,0x00000000ed800000)
  from space 67072K, 78% used [0x00000000f1e80000,0x00000000f52346e0,0x00000000f6000000)
  to   space 72192K, 0% used [0x00000000ed800000,0x00000000ed800000,0x00000000f1e80000)
 ParOldGen       total 214528K, used 130170K [0x00000000c3a00000, 0x00000000d0b80000, 0x00000000ebe00000)
  object space 214528K, 60% used [0x00000000c3a00000,0x00000000cb91ea60,0x00000000d0b80000)
 PSPermGen       total 22528K, used 10183K [0x00000000be800000, 0x00000000bfe00000, 0x00000000c3a00000)
  object space 22528K, 45% used [0x00000000be800000,0x00000000bf1f1f90,0x00000000bfe00000)
}
Event: 31,484 GC heap before
{Heap before GC invocations=14 (full 3):
 PSYoungGen      total 93696K, used 79569K [0x00000000ebe00000, 0x00000000f6a80000, 0x0000000100000000)
  eden space 26624K, 100% used [0x00000000ebe00000,0x00000000ed800000,0x00000000ed800000)
  from space 67072K, 78% used [0x00000000f1e80000,0x00000000f52346e0,0x00000000f6000000)
  to   space 72192K, 0% used [0x00000000ed800000,0x00000000ed800000,0x00000000f1e80000)
 ParOldGen       total 214528K, used 130170K [0x00000000c3a00000, 0x00000000d0b80000, 0x00000000ebe00000)
  object space 214528K, 60% used [0x00000000c3a00000,0x00000000cb91ea60,0x00000000d0b80000)
 PSPermGen       total 22528K, used 10183K [0x00000000be800000, 0x00000000bfe00000, 0x00000000c3a00000)
  object space 22528K, 45% used [0x00000000be800000,0x00000000bf1f1f90,0x00000000bfe00000)
Event: 31,763 GC heap after
Heap after GC invocations=14 (full 3):
 PSYoungGen      total 98816K, used 72191K [0x00000000ebe00000, 0x00000000f8480000, 0x0000000100000000)
  eden space 26624K, 0% used [0x00000000ebe00000,0x00000000ebe00000,0x00000000ed800000)
  from space 72192K, 99% used [0x00000000ed800000,0x00000000f1e7fcd8,0x00000000f1e80000)
  to   space 84992K, 0% used [0x00000000f3180000,0x00000000f3180000,0x00000000f8480000)
 ParOldGen       total 214528K, used 134922K [0x00000000c3a00000, 0x00000000d0b80000, 0x00000000ebe00000)
  object space 214528K, 62% used [0x00000000c3a00000,0x00000000cbdc2a60,0x00000000d0b80000)
 PSPermGen       total 22528K, used 10183K [0x00000000be800000, 0x00000000bfe00000, 0x00000000c3a00000)
  object space 22528K, 45% used [0x00000000be800000,0x00000000bf1f1f90,0x00000000bfe00000)
}
Event: 37,931 GC heap before
{Heap before GC invocations=15 (full 3):
 PSYoungGen      total 98816K, used 98815K [0x00000000ebe00000, 0x00000000f8480000, 0x0000000100000000)
  eden space 26624K, 100% used [0x00000000ebe00000,0x00000000ed800000,0x00000000ed800000)
  from space 72192K, 99% used [0x00000000ed800000,0x00000000f1e7fcd8,0x00000000f1e80000)
  to   space 84992K, 0% used [0x00000000f3180000,0x00000000f3180000,0x00000000f8480000)
 ParOldGen       total 214528K, used 134922K [0x00000000c3a00000, 0x00000000d0b80000, 0x00000000ebe00000)
  object space 214528K, 62% used [0x00000000c3a00000,0x00000000cbdc2a60,0x00000000d0b80000)
 PSPermGen       total 22528K, used 10183K [0x00000000be800000, 0x00000000bfe00000, 0x00000000c3a00000)
  object space 22528K, 45% used [0x00000000be800000,0x00000000bf1f1f90,0x00000000bfe00000)
Event: 38,079 GC heap after
Heap after GC invocations=15 (full 3):
 PSYoungGen      total 108032K, used 75935K [0x00000000ebe00000, 0x00000000f9800000, 0x0000000100000000)
  eden space 23040K, 0% used [0x00000000ebe00000,0x00000000ebe00000,0x00000000ed480000)
  from space 84992K, 89% used [0x00000000f3180000,0x00000000f7ba7cd8,0x00000000f8480000)
  to   space 95232K, 0% used [0x00000000ed480000,0x00000000ed480000,0x00000000f3180000)
 ParOldGen       total 214528K, used 155282K [0x00000000c3a00000, 0x00000000d0b80000, 0x00000000ebe00000)
  object space 214528K, 72% used [0x00000000c3a00000,0x00000000cd1a4a60,0x00000000d0b80000)
 PSPermGen       total 22528K, used 10183K [0x00000000be800000, 0x00000000bfe00000, 0x00000000c3a00000)
  object space 22528K, 45% used [0x00000000be800000,0x00000000bf1f1f90,0x00000000bfe00000)
}
Event: 44,846 GC heap before
{Heap before GC invocations=16 (full 3):
 PSYoungGen      total 108032K, used 98975K [0x00000000ebe00000, 0x00000000f9800000, 0x0000000100000000)
  eden space 23040K, 100% used [0x00000000ebe00000,0x00000000ed480000,0x00000000ed480000)
  from space 84992K, 89% used [0x00000000f3180000,0x00000000f7ba7cd8,0x00000000f8480000)
  to   space 95232K, 0% used [0x00000000ed480000,0x00000000ed480000,0x00000000f3180000)
 ParOldGen       total 214528K, used 155282K [0x00000000c3a00000, 0x00000000d0b80000, 0x00000000ebe00000)
  object space 214528K, 72% used [0x00000000c3a00000,0x00000000cd1a4a60,0x00000000d0b80000)
 PSPermGen       total 22528K, used 10183K [0x00000000be800000, 0x00000000bfe00000, 0x00000000c3a00000)
  object space 22528K, 45% used [0x00000000be800000,0x00000000bf1f1f90,0x00000000bfe00000)
Event: 45,020 GC heap after
Heap after GC invocations=16 (full 3):
 PSYoungGen      total 118272K, used 95231K [0x00000000ebe00000, 0x00000000faf00000, 0x0000000100000000)
  eden space 23040K, 0% used [0x00000000ebe00000,0x00000000ebe00000,0x00000000ed480000)
  from space 95232K, 99% used [0x00000000ed480000,0x00000000f317fcd8,0x00000000f3180000)
  to   space 109568K, 0% used [0x00000000f4400000,0x00000000f4400000,0x00000000faf00000)
 ParOldGen       total 214528K, used 156602K [0x00000000c3a00000, 0x00000000d0b80000, 0x00000000ebe00000)
  object space 214528K, 72% used [0x00000000c3a00000,0x00000000cd2eea60,0x00000000d0b80000)
 PSPermGen       total 22528K, used 10183K [0x00000000be800000, 0x00000000bfe00000, 0x00000000c3a00000)
  object space 22528K, 45% used [0x00000000be800000,0x00000000bf1f1f90,0x00000000bfe00000)
}

Deoptimization events (4 events):
Event: 1,401 Thread 0x00007fef8c252800 Uncommon trap: reason=unreached action=reinterpret pc=0x00007fef890a08ec method=com.badlogic.gdx.assets.AssetLoadingTask.update()Z @ 35
Event: 1,463 Thread 0x00007fef8c252800 Uncommon trap: reason=unreached action=reinterpret pc=0x00007fef8909ec78 method=com.badlogic.gdx.assets.AssetLoadingTask.update()Z @ 17
Event: 1,576 Thread 0x00007fef8c252800 Uncommon trap: reason=unreached action=reinterpret pc=0x00007fef89096b48 method=com.badlogic.gdx.assets.AssetLoadingTask.update()Z @ 17
Event: 1,609 Thread 0x00007fef8c252800 Uncommon trap: reason=class_check action=maybe_recompile pc=0x00007fef890a4878 method=com.badlogic.gdx.assets.AssetLoadingTask.handleAsyncLoader()V @ 137

Internal exceptions (10 events):
Event: 2,007 Thread 0x00007fef8c252800 Threw 0x00000000ebeadbe0 at /HUDSON/workspace/7u-2-build-linux-amd64/jdk7u45/229/hotspot/src/share/vm/prims/jvm.cpp:1244
Event: 2,008 Thread 0x00007fef8c252800 Threw 0x00000000ebeb1248 at /HUDSON/workspace/7u-2-build-linux-amd64/jdk7u45/229/hotspot/src/share/vm/prims/jvm.cpp:1244
Event: 2,010 Thread 0x00007fef8c252800 Threw 0x00000000ebeb8940 at /HUDSON/workspace/7u-2-build-linux-amd64/jdk7u45/229/hotspot/src/share/vm/prims/jvm.cpp:1244
Event: 2,011 Thread 0x00007fef8c252800 Threw 0x00000000ebebce70 at /HUDSON/workspace/7u-2-build-linux-amd64/jdk7u45/229/hotspot/src/share/vm/prims/jvm.cpp:1244
Event: 2,012 Thread 0x00007fef8c252800 Threw 0x00000000ebec0770 at /HUDSON/workspace/7u-2-build-linux-amd64/jdk7u45/229/hotspot/src/share/vm/prims/jvm.cpp:1244
Event: 2,013 Thread 0x00007fef8c252800 Threw 0x00000000ebec42f8 at /HUDSON/workspace/7u-2-build-linux-amd64/jdk7u45/229/hotspot/src/share/vm/prims/jvm.cpp:1244
Event: 2,013 Thread 0x00007fef8c252800 Threw 0x00000000ebec89c8 at /HUDSON/workspace/7u-2-build-linux-amd64/jdk7u45/229/hotspot/src/share/vm/prims/jvm.cpp:1244
Event: 2,017 Thread 0x00007fef8c252800 Threw 0x00000000ebee6858 at /HUDSON/workspace/7u-2-build-linux-amd64/jdk7u45/229/hotspot/src/share/vm/prims/jvm.cpp:1244
Event: 2,018 Thread 0x00007fef8c252800 Threw 0x00000000ebeea9c0 at /HUDSON/workspace/7u-2-build-linux-amd64/jdk7u45/229/hotspot/src/share/vm/prims/jvm.cpp:1244
Event: 2,019 Thread 0x00007fef8c252800 Threw 0x00000000ebeee998 at /HUDSON/workspace/7u-2-build-linux-amd64/jdk7u45/229/hotspot/src/share/vm/prims/jvm.cpp:1244

Events (10 events):
Event: 21,043 Executing VM operation: ParallelGCFailedAllocation
Event: 22,270 Executing VM operation: ParallelGCFailedAllocation done
Event: 26,502 Executing VM operation: ParallelGCFailedAllocation
Event: 26,870 Executing VM operation: ParallelGCFailedAllocation done
Event: 31,484 Executing VM operation: ParallelGCFailedAllocation
Event: 31,763 Executing VM operation: ParallelGCFailedAllocation done
Event: 37,931 Executing VM operation: ParallelGCFailedAllocation
Event: 38,079 Executing VM operation: ParallelGCFailedAllocation done
Event: 44,846 Executing VM operation: ParallelGCFailedAllocation
Event: 45,020 Executing VM operation: ParallelGCFailedAllocation done


Dynamic libraries:
00400000-00401000 r-xp 00000000 08:07 142000                             /usr/lib/jvm/java-7-oracle/bin/java
00600000-00601000 rw-p 00000000 08:07 142000                             /usr/lib/jvm/java-7-oracle/bin/java
01ed0000-01ef1000 rw-p 00000000 00:00 0                                  [heap]
be800000-bfe00000 rw-p 00000000 00:00 0 
bfe00000-bfe80000 ---p 00000000 00:00 0 
bfe80000-c3a00000 rw-p 00000000 00:00 0 
c3a00000-d0b80000 rw-p 00000000 00:00 0 
d0b80000-ebe00000 rw-p 00000000 00:00 0 
ebe00000-faf00000 rw-p 00000000 00:00 0 
faf00000-100000000 rw-p 00000000 00:00 0 
7fef28000000-7fef28021000 rw-p 00000000 00:00 0 
7fef28021000-7fef2c000000 ---p 00000000 00:00 0 
7fef2c000000-7fef2c54c000 rw-p 00000000 00:00 0 
7fef2c54c000-7fef30000000 ---p 00000000 00:00 0 
7fef30000000-7fef30021000 rw-p 00000000 00:00 0 
7fef30021000-7fef34000000 ---p 00000000 00:00 0 
7fef34000000-7fef349b4000 rw-p 00000000 00:00 0 
7fef349b4000-7fef38000000 ---p 00000000 00:00 0 
7fef38000000-7fef38021000 rw-p 00000000 00:00 0 
7fef38021000-7fef3c000000 ---p 00000000 00:00 0 
7fef3dac4000-7fef3e0c4000 rw-s 00000000 00:04 145497                     /drm mm object (deleted)
7fef3e4c5000-7fef3e645000 rw-s 00000000 00:04 142659                     /drm mm object (deleted)
7fef3e645000-7fef3e648000 ---p 00000000 00:00 0 
7fef3e648000-7fef3f8e4000 rw-p 00000000 00:00 0                          [stack:14689]
7fef3f8e4000-7fef3f91b000 r-xp 00000000 08:07 2243202                    /usr/lib/x86_64-linux-gnu/libtxc_dxtn_s2tc.so.0.0.0
7fef3f91b000-7fef3fb1a000 ---p 00037000 08:07 2243202                    /usr/lib/x86_64-linux-gnu/libtxc_dxtn_s2tc.so.0.0.0
7fef3fb1a000-7fef3fb1b000 r--p 00036000 08:07 2243202                    /usr/lib/x86_64-linux-gnu/libtxc_dxtn_s2tc.so.0.0.0
7fef3fb1b000-7fef3fb1c000 rw-p 00037000 08:07 2243202                    /usr/lib/x86_64-linux-gnu/libtxc_dxtn_s2tc.so.0.0.0
7fef3fb1c000-7fef3fb90000 rw-p 00000000 00:00 0 
7fef3fbdd000-7fef3fbf5000 r-xp 00000000 08:07 2500674                    /lib/x86_64-linux-gnu/libz.so.1.2.8
7fef3fbf5000-7fef3fdf4000 ---p 00018000 08:07 2500674                    /lib/x86_64-linux-gnu/libz.so.1.2.8
7fef3fdf4000-7fef3fdf5000 r--p 00017000 08:07 2500674                    /lib/x86_64-linux-gnu/libz.so.1.2.8
7fef3fdf5000-7fef3fdf6000 rw-p 00018000 08:07 2500674                    /lib/x86_64-linux-gnu/libz.so.1.2.8
7fef3fdf6000-7fef3fdfe000 r-xp 00000000 08:07 2243149                    /usr/lib/x86_64-linux-gnu/libpciaccess.so.0.11.1
7fef3fdfe000-7fef3fffd000 ---p 00008000 08:07 2243149                    /usr/lib/x86_64-linux-gnu/libpciaccess.so.0.11.1
7fef3fffd000-7fef3fffe000 r--p 00007000 08:07 2243149                    /usr/lib/x86_64-linux-gnu/libpciaccess.so.0.11.1
7fef3fffe000-7fef3ffff000 rw-p 00008000 08:07 2243149                    /usr/lib/x86_64-linux-gnu/libpciaccess.so.0.11.1
7fef3ffff000-7fef44000000 rw-s 00000000 00:14 142633                     /run/shm/pulse-shm-2224657608
7fef44000000-7fef44021000 rw-p 00000000 00:00 0 
7fef44021000-7fef48000000 ---p 00000000 00:00 0 
7fef48043000-7fef4806a000 r-xp 00000000 08:07 2494246                    /lib/x86_64-linux-gnu/libexpat.so.1.6.0
7fef4806a000-7fef4826a000 ---p 00027000 08:07 2494246                    /lib/x86_64-linux-gnu/libexpat.so.1.6.0
7fef4826a000-7fef4826c000 r--p 00027000 08:07 2494246                    /lib/x86_64-linux-gnu/libexpat.so.1.6.0
7fef4826c000-7fef4826d000 rw-p 00029000 08:07 2494246                    /lib/x86_64-linux-gnu/libexpat.so.1.6.0
7fef4826d000-7fef48279000 r-xp 00000000 08:07 2243136                    /usr/lib/x86_64-linux-gnu/libdrm_radeon.so.1.0.1
7fef48279000-7fef48478000 ---p 0000c000 08:07 2243136                    /usr/lib/x86_64-linux-gnu/libdrm_radeon.so.1.0.1
7fef48478000-7fef48479000 r--p 0000b000 08:07 2243136                    /usr/lib/x86_64-linux-gnu/libdrm_radeon.so.1.0.1
7fef48479000-7fef4847a000 rw-p 0000c000 08:07 2243136                    /usr/lib/x86_64-linux-gnu/libdrm_radeon.so.1.0.1
7fef4847a000-7fef4847f000 r-xp 00000000 08:07 2243151                    /usr/lib/x86_64-linux-gnu/libdrm_nouveau.so.2.0.0
7fef4847f000-7fef4867e000 ---p 00005000 08:07 2243151                    /usr/lib/x86_64-linux-gnu/libdrm_nouveau.so.2.0.0
7fef4867e000-7fef4867f000 r--p 00004000 08:07 2243151                    /usr/lib/x86_64-linux-gnu/libdrm_nouveau.so.2.0.0
7fef4867f000-7fef48680000 rw-p 00005000 08:07 2243151                    /usr/lib/x86_64-linux-gnu/libdrm_nouveau.so.2.0.0
7fef48680000-7fef4869f000 r-xp 00000000 08:07 2243609                    /usr/lib/x86_64-linux-gnu/libdrm_intel.so.1.0.0
7fef4869f000-7fef4889e000 ---p 0001f000 08:07 2243609                    /usr/lib/x86_64-linux-gnu/libdrm_intel.so.1.0.0
7fef4889e000-7fef4889f000 r--p 0001e000 08:07 2243609                    /usr/lib/x86_64-linux-gnu/libdrm_intel.so.1.0.0
7fef4889f000-7fef488a0000 rw-p 0001f000 08:07 2243609                    /usr/lib/x86_64-linux-gnu/libdrm_intel.so.1.0.0
7fef488a0000-7fef48d8f000 r-xp 00000000 08:07 20610                      /usr/lib/x86_64-linux-gnu/dri/i965_dri.so
7fef48d8f000-7fef48f8e000 ---p 004ef000 08:07 20610                      /usr/lib/x86_64-linux-gnu/dri/i965_dri.so
7fef48f8e000-7fef48fa5000 r--p 004ee000 08:07 20610                      /usr/lib/x86_64-linux-gnu/dri/i965_dri.so
7fef48fa5000-7fef48fb1000 rw-p 00505000 08:07 20610                      /usr/lib/x86_64-linux-gnu/dri/i965_dri.so
7fef48fb1000-7fef48ffd000 rw-p 00000000 00:00 0 
7fef48ffd000-7fef49005000 r-xp 00000000 08:07 2500732                    /lib/x86_64-linux-gnu/libnih-dbus.so.1.0.0
7fef49005000-7fef49205000 ---p 00008000 08:07 2500732                    /lib/x86_64-linux-gnu/libnih-dbus.so.1.0.0
7fef49205000-7fef49206000 r--p 00008000 08:07 2500732                    /lib/x86_64-linux-gnu/libnih-dbus.so.1.0.0
7fef49206000-7fef49207000 rw-p 00009000 08:07 2500732                    /lib/x86_64-linux-gnu/libnih-dbus.so.1.0.0
7fef49207000-7fef4921e000 r-xp 00000000 08:07 2494286                    /lib/x86_64-linux-gnu/libnih.so.1.0.0
7fef4921e000-7fef4941d000 ---p 00017000 08:07 2494286                    /lib/x86_64-linux-gnu/libnih.so.1.0.0
7fef4941d000-7fef4941e000 r--p 00016000 08:07 2494286                    /lib/x86_64-linux-gnu/libnih.so.1.0.0
7fef4941e000-7fef4941f000 rw-p 00017000 08:07 2494286                    /lib/x86_64-linux-gnu/libnih.so.1.0.0
7fef4941f000-7fef49438000 r-xp 00000000 08:07 2491890                    /lib/x86_64-linux-gnu/libcgmanager.so.0.0.0
7fef49438000-7fef49637000 ---p 00019000 08:07 2491890                    /lib/x86_64-linux-gnu/libcgmanager.so.0.0.0
7fef49637000-7fef49639000 r--p 00018000 08:07 2491890                    /lib/x86_64-linux-gnu/libcgmanager.so.0.0.0
7fef49639000-7fef4963a000 rw-p 0001a000 08:07 2491890                    /lib/x86_64-linux-gnu/libcgmanager.so.0.0.0
7fef4963a000-7fef4964a000 r-xp 00000000 08:07 2491912                    /lib/x86_64-linux-gnu/libudev.so.1.3.5
7fef4964a000-7fef49849000 ---p 00010000 08:07 2491912                    /lib/x86_64-linux-gnu/libudev.so.1.3.5
7fef49849000-7fef4984a000 r--p 0000f000 08:07 2491912                    /lib/x86_64-linux-gnu/libudev.so.1.3.5
7fef4984a000-7fef4984b000 rw-p 00010000 08:07 2491912                    /lib/x86_64-linux-gnu/libudev.so.1.3.5
7fef4984b000-7fef49856000 r-xp 00000000 08:07 2229587                    /usr/lib/x86_64-linux-gnu/libdrm.so.2.4.0
7fef49856000-7fef49a55000 ---p 0000b000 08:07 2229587                    /usr/lib/x86_64-linux-gnu/libdrm.so.2.4.0
7fef49a55000-7fef49a56000 r--p 0000a000 08:07 2229587                    /usr/lib/x86_64-linux-gnu/libdrm.so.2.4.0
7fef49a56000-7fef49a57000 rw-p 0000b000 08:07 2229587                    /usr/lib/x86_64-linux-gnu/libdrm.so.2.4.0
7fef49a57000-7fef49a58000 r-xp 00000000 08:07 2243482                    /usr/lib/x86_64-linux-gnu/libxshmfence.so.1.0.0
7fef49a58000-7fef49c57000 ---p 00001000 08:07 2243482                    /usr/lib/x86_64-linux-gnu/libxshmfence.so.1.0.0
7fef49c57000-7fef49c58000 r--p 00000000 08:07 2243482                    /usr/lib/x86_64-linux-gnu/libxshmfence.so.1.0.0
7fef49c58000-7fef49c59000 rw-p 00001000 08:07 2243482                    /usr/lib/x86_64-linux-gnu/libxshmfence.so.1.0.0
7fef49c59000-7fef49c5e000 r-xp 00000000 08:07 2251781                    /usr/lib/x86_64-linux-gnu/libxcb-sync.so.1.0.0
7fef49c5e000-7fef49e5d000 ---p 00005000 08:07 2251781                    /usr/lib/x86_64-linux-gnu/libxcb-sync.so.1.0.0
7fef49e5d000-7fef49e5e000 r--p 00004000 08:07 2251781                    /usr/lib/x86_64-linux-gnu/libxcb-sync.so.1.0.0
7fef49e5e000-7fef49e5f000 rw-p 00005000 08:07 2251781                    /usr/lib/x86_64-linux-gnu/libxcb-sync.so.1.0.0
7fef49e5f000-7fef49e61000 r-xp 00000000 08:07 2251778                    /usr/lib/x86_64-linux-gnu/libxcb-present.so.0.0.0
7fef49e61000-7fef4a060000 ---p 00002000 08:07 2251778                    /usr/lib/x86_64-linux-gnu/libxcb-present.so.0.0.0
7fef4a060000-7fef4a061000 r--p 00001000 08:07 2251778                    /usr/lib/x86_64-linux-gnu/libxcb-present.so.0.0.0
7fef4a061000-7fef4a062000 rw-p 00002000 08:07 2251778                    /usr/lib/x86_64-linux-gnu/libxcb-present.so.0.0.0
7fef4a062000-7fef4a064000 r-xp 00000000 08:07 2236640                    /usr/lib/x86_64-linux-gnu/libxcb-dri3.so.0.0.0
7fef4a064000-7fef4a263000 ---p 00002000 08:07 2236640                    /usr/lib/x86_64-linux-gnu/libxcb-dri3.so.0.0.0
7fef4a263000-7fef4a264000 r--p 00001000 08:07 2236640                    /usr/lib/x86_64-linux-gnu/libxcb-dri3.so.0.0.0
7fef4a264000-7fef4a265000 rw-p 00002000 08:07 2236640                    /usr/lib/x86_64-linux-gnu/libxcb-dri3.so.0.0.0
7fef4a265000-7fef4a268000 r-xp 00000000 08:07 2243153                    /usr/lib/x86_64-linux-gnu/libxcb-dri2.so.0.0.0
7fef4a268000-7fef4a468000 ---p 00003000 08:07 2243153                    /usr/lib/x86_64-linux-gnu/libxcb-dri2.so.0.0.0
7fef4a468000-7fef4a469000 r--p 00003000 08:07 2243153                    /usr/lib/x86_64-linux-gnu/libxcb-dri2.so.0.0.0
7fef4a469000-7fef4a46a000 rw-p 00004000 08:07 2243153                    /usr/lib/x86_64-linux-gnu/libxcb-dri2.so.0.0.0
7fef4a46a000-7fef4a47f000 r-xp 00000000 08:07 2243189                    /usr/lib/x86_64-linux-gnu/libxcb-glx.so.0.0.0
7fef4a47f000-7fef4a67e000 ---p 00015000 08:07 2243189                    /usr/lib/x86_64-linux-gnu/libxcb-glx.so.0.0.0
7fef4a67e000-7fef4a680000 r--p 00014000 08:07 2243189                    /usr/lib/x86_64-linux-gnu/libxcb-glx.so.0.0.0
7fef4a680000-7fef4a681000 rw-p 00016000 08:07 2243189                    /usr/lib/x86_64-linux-gnu/libxcb-glx.so.0.0.0
7fef4a681000-7fef4a682000 r-xp 00000000 08:07 2243165                    /usr/lib/x86_64-linux-gnu/libX11-xcb.so.1.0.0
7fef4a682000-7fef4a881000 ---p 00001000 08:07 2243165                    /usr/lib/x86_64-linux-gnu/libX11-xcb.so.1.0.0
7fef4a881000-7fef4a882000 r--p 00000000 08:07 2243165                    /usr/lib/x86_64-linux-gnu/libX11-xcb.so.1.0.0
7fef4a882000-7fef4a883000 rw-p 00001000 08:07 2243165                    /usr/lib/x86_64-linux-gnu/libX11-xcb.so.1.0.0
7fef4a883000-7fef4a885000 r-xp 00000000 08:07 2244037                    /usr/lib/x86_64-linux-gnu/libXdamage.so.1.1.0
7fef4a885000-7fef4aa84000 ---p 00002000 08:07 2244037                    /usr/lib/x86_64-linux-gnu/libXdamage.so.1.1.0
7fef4aa84000-7fef4aa85000 r--p 00001000 08:07 2244037                    /usr/lib/x86_64-linux-gnu/libXdamage.so.1.1.0
7fef4aa85000-7fef4aa86000 rw-p 00002000 08:07 2244037                    /usr/lib/x86_64-linux-gnu/libXdamage.so.1.1.0
7fef4aa86000-7fef4aaa8000 r-xp 00000000 08:07 2234673                    /usr/lib/x86_64-linux-gnu/libglapi.so.0.0.0
7fef4aaa8000-7fef4aca8000 ---p 00022000 08:07 2234673                    /usr/lib/x86_64-linux-gnu/libglapi.so.0.0.0
7fef4aca8000-7fef4acab000 r--p 00022000 08:07 2234673                    /usr/lib/x86_64-linux-gnu/libglapi.so.0.0.0
7fef4acab000-7fef4acac000 rw-p 00025000 08:07 2234673                    /usr/lib/x86_64-linux-gnu/libglapi.so.0.0.0
7fef4acac000-7fef4acad000 rw-p 00000000 00:00 0 
7fef4acad000-7fef4ad0f000 r-xp 00000000 08:07 769                        /usr/lib/x86_64-linux-gnu/mesa/libGL.so.1.2.0
7fef4ad0f000-7fef4af0e000 ---p 00062000 08:07 769                        /usr/lib/x86_64-linux-gnu/mesa/libGL.so.1.2.0
7fef4af0e000-7fef4af11000 r--p 00061000 08:07 769                        /usr/lib/x86_64-linux-gnu/mesa/libGL.so.1.2.0
7fef4af11000-7fef4af12000 rw-p 00064000 08:07 769                        /usr/lib/x86_64-linux-gnu/mesa/libGL.so.1.2.0
7fef4af12000-7fef4af13000 rw-p 00000000 00:00 0 
7fef4af13000-7fef4af16000 ---p 00000000 00:00 0 
7fef4af16000-7fef4b014000 rw-p 00000000 00:00 0                          [stack:14683]
7fef4b014000-7fef4b015000 ---p 00000000 00:00 0 
7fef4b015000-7fef4b115000 rw-p 00000000 00:00 0                          [stack:14682]
7fef4b115000-7fef4b116000 ---p 00000000 00:00 0 
7fef4b116000-7fef4b916000 rw-p 00000000 00:00 0                          [stack:14681]
7fef4b916000-7fef4b92d000 r-xp 00000000 08:07 2493072                    /lib/x86_64-linux-gnu/libresolv-2.19.so
7fef4b92d000-7fef4bb2d000 ---p 00017000 08:07 2493072                    /lib/x86_64-linux-gnu/libresolv-2.19.so
7fef4bb2d000-7fef4bb2e000 r--p 00017000 08:07 2493072                    /lib/x86_64-linux-gnu/libresolv-2.19.so
7fef4bb2e000-7fef4bb2f000 rw-p 00018000 08:07 2493072                    /lib/x86_64-linux-gnu/libresolv-2.19.so
7fef4bb2f000-7fef4bb31000 rw-p 00000000 00:00 0 
7fef4bb31000-7fef4bde4000 r-xp 00000000 08:07 2243426                    /usr/lib/x86_64-linux-gnu/libvorbisenc.so.2.0.8
7fef4bde4000-7fef4bfe3000 ---p 002b3000 08:07 2243426                    /usr/lib/x86_64-linux-gnu/libvorbisenc.so.2.0.8
7fef4bfe3000-7fef4bfff000 r--p 002b2000 08:07 2243426                    /usr/lib/x86_64-linux-gnu/libvorbisenc.so.2.0.8
7fef4bfff000-7fef4c000000 rw-p 002ce000 08:07 2243426                    /usr/lib/x86_64-linux-gnu/libvorbisenc.so.2.0.8
7fef4c000000-7fef4c021000 rw-p 00000000 00:00 0 
7fef4c021000-7fef50000000 ---p 00000000 00:00 0 
7fef50000000-7fef50021000 rw-p 00000000 00:00 0 
7fef50021000-7fef54000000 ---p 00000000 00:00 0 
7fef5406a000-7fef54071000 r-xp 00000000 08:07 2236867                    /usr/lib/x86_64-linux-gnu/libogg.so.0.8.1
7fef54071000-7fef54271000 ---p 00007000 08:07 2236867                    /usr/lib/x86_64-linux-gnu/libogg.so.0.8.1
7fef54271000-7fef54272000 r--p 00007000 08:07 2236867                    /usr/lib/x86_64-linux-gnu/libogg.so.0.8.1
7fef54272000-7fef54273000 rw-p 00008000 08:07 2236867                    /usr/lib/x86_64-linux-gnu/libogg.so.0.8.1
7fef54273000-7fef5429f000 r-xp 00000000 08:07 2243434                    /usr/lib/x86_64-linux-gnu/libvorbis.so.0.4.5
7fef5429f000-7fef5449e000 ---p 0002c000 08:07 2243434                    /usr/lib/x86_64-linux-gnu/libvorbis.so.0.4.5
7fef5449e000-7fef5449f000 r--p 0002b000 08:07 2243434                    /usr/lib/x86_64-linux-gnu/libvorbis.so.0.4.5
7fef5449f000-7fef544a0000 rw-p 0002c000 08:07 2243434                    /usr/lib/x86_64-linux-gnu/libvorbis.so.0.4.5
7fef544a0000-7fef544cf000 r-xp 00000000 08:07 2228700                    /usr/lib/x86_64-linux-gnu/libFLAC.so.8.3.0
7fef544cf000-7fef546cf000 ---p 0002f000 08:07 2228700                    /usr/lib/x86_64-linux-gnu/libFLAC.so.8.3.0
7fef546cf000-7fef546d0000 r--p 0002f000 08:07 2228700                    /usr/lib/x86_64-linux-gnu/libFLAC.so.8.3.0
7fef546d0000-7fef546d1000 rw-p 00030000 08:07 2228700                    /usr/lib/x86_64-linux-gnu/libFLAC.so.8.3.0
7fef546d1000-7fef546d6000 r-xp 00000000 08:07 2236545                    /usr/lib/x86_64-linux-gnu/libasyncns.so.0.3.1
7fef546d6000-7fef548d5000 ---p 00005000 08:07 2236545                    /usr/lib/x86_64-linux-gnu/libasyncns.so.0.3.1
7fef548d5000-7fef548d6000 r--p 00004000 08:07 2236545                    /usr/lib/x86_64-linux-gnu/libasyncns.so.0.3.1
7fef548d6000-7fef548d7000 rw-p 00005000 08:07 2236545                    /usr/lib/x86_64-linux-gnu/libasyncns.so.0.3.1
7fef548d7000-7fef54938000 r-xp 00000000 08:07 2237212                    /usr/lib/x86_64-linux-gnu/libsndfile.so.1.0.25
7fef54938000-7fef54b38000 ---p 00061000 08:07 2237212                    /usr/lib/x86_64-linux-gnu/libsndfile.so.1.0.25
7fef54b38000-7fef54b3a000 r--p 00061000 08:07 2237212                    /usr/lib/x86_64-linux-gnu/libsndfile.so.1.0.25
7fef54b3a000-7fef54b3b000 rw-p 00063000 08:07 2237212                    /usr/lib/x86_64-linux-gnu/libsndfile.so.1.0.25
7fef54b3b000-7fef54b3f000 rw-p 00000000 00:00 0 
7fef54b3f000-7fef54b47000 r-xp 00000000 08:07 2491503                    /lib/x86_64-linux-gnu/libwrap.so.0.7.6
7fef54b47000-7fef54d46000 ---p 00008000 08:07 2491503                    /lib/x86_64-linux-gnu/libwrap.so.0.7.6
7fef54d46000-7fef54d47000 r--p 00007000 08:07 2491503                    /lib/x86_64-linux-gnu/libwrap.so.0.7.6
7fef54d47000-7fef54d48000 rw-p 00008000 08:07 2491503                    /lib/x86_64-linux-gnu/libwrap.so.0.7.6
7fef54d48000-7fef54d49000 rw-p 00000000 00:00 0 
7fef54d49000-7fef54d8d000 r-xp 00000000 08:07 2490742                    /lib/x86_64-linux-gnu/libdbus-1.so.3.7.6
7fef54d8d000-7fef54f8c000 ---p 00044000 08:07 2490742                    /lib/x86_64-linux-gnu/libdbus-1.so.3.7.6
7fef54f8c000-7fef54f8d000 r--p 00043000 08:07 2490742                    /lib/x86_64-linux-gnu/libdbus-1.so.3.7.6
7fef54f8d000-7fef54f8e000 rw-p 00044000 08:07 2490742                    /lib/x86_64-linux-gnu/libdbus-1.so.3.7.6
7fef54f8e000-7fef54ff4000 r-xp 00000000 08:07 474                        /usr/lib/x86_64-linux-gnu/pulseaudio/libpulsecommon-4.0.so
7fef54ff4000-7fef551f3000 ---p 00066000 08:07 474                        /usr/lib/x86_64-linux-gnu/pulseaudio/libpulsecommon-4.0.so
7fef551f3000-7fef551f4000 r--p 00065000 08:07 474                        /usr/lib/x86_64-linux-gnu/pulseaudio/libpulsecommon-4.0.so
7fef551f4000-7fef551f5000 rw-p 00066000 08:07 474                        /usr/lib/x86_64-linux-gnu/pulseaudio/libpulsecommon-4.0.so
7fef551f5000-7fef551ff000 r-xp 00000000 08:07 2491865                    /lib/x86_64-linux-gnu/libjson-c.so.2.0.0
7fef551ff000-7fef553fe000 ---p 0000a000 08:07 2491865                    /lib/x86_64-linux-gnu/libjson-c.so.2.0.0
7fef553fe000-7fef553ff000 r--p 00009000 08:07 2491865                    /lib/x86_64-linux-gnu/libjson-c.so.2.0.0
7fef553ff000-7fef55400000 rw-p 0000a000 08:07 2491865                    /lib/x86_64-linux-gnu/libjson-c.so.2.0.0
7fef55400000-7fef55447000 r-xp 00000000 08:07 2240893                    /usr/lib/x86_64-linux-gnu/libpulse.so.0.16.2
7fef55447000-7fef55647000 ---p 00047000 08:07 2240893                    /usr/lib/x86_64-linux-gnu/libpulse.so.0.16.2
7fef55647000-7fef55648000 r--p 00047000 08:07 2240893                    /usr/lib/x86_64-linux-gnu/libpulse.so.0.16.2
7fef55648000-7fef55649000 rw-p 00048000 08:07 2240893                    /usr/lib/x86_64-linux-gnu/libpulse.so.0.16.2
7fef55649000-7fef5569e000 r-xp 00000000 08:07 1994930                    /tmp/libgdxpigmassacre/7b43be9b/libopenal64.so (deleted)
7fef5569e000-7fef5589d000 ---p 00055000 08:07 1994930                    /tmp/libgdxpigmassacre/7b43be9b/libopenal64.so (deleted)
7fef5589d000-7fef558a0000 r--p 00054000 08:07 1994930                    /tmp/libgdxpigmassacre/7b43be9b/libopenal64.so (deleted)
7fef558a0000-7fef558a1000 rw-p 00057000 08:07 1994930                    /tmp/libgdxpigmassacre/7b43be9b/libopenal64.so (deleted)
7fef558a1000-7fef558a2000 rw-p 00000000 00:00 0 
7fef558a2000-7fef558a6000 r-xp 00000000 08:07 2244041                    /usr/lib/x86_64-linux-gnu/libXxf86vm.so.1.0.0
7fef558a6000-7fef55aa6000 ---p 00004000 08:07 2244041                    /usr/lib/x86_64-linux-gnu/libXxf86vm.so.1.0.0
7fef55aa6000-7fef55aa7000 r--p 00004000 08:07 2244041                    /usr/lib/x86_64-linux-gnu/libXxf86vm.so.1.0.0
7fef55aa7000-7fef55aa8000 rw-p 00005000 08:07 2244041                    /usr/lib/x86_64-linux-gnu/libXxf86vm.so.1.0.0
7fef55aa8000-7fef55ab1000 r-xp 00000000 08:07 2235865                    /usr/lib/x86_64-linux-gnu/libXrandr.so.2.2.0
7fef55ab1000-7fef55cb0000 ---p 00009000 08:07 2235865                    /usr/lib/x86_64-linux-gnu/libXrandr.so.2.2.0
7fef55cb0000-7fef55cb1000 r--p 00008000 08:07 2235865                    /usr/lib/x86_64-linux-gnu/libXrandr.so.2.2.0
7fef55cb1000-7fef55cb2000 rw-p 00009000 08:07 2235865                    /usr/lib/x86_64-linux-gnu/libXrandr.so.2.2.0
7fef55cb2000-7fef55d1e000 r-xp 00000000 08:07 1994924                    /tmp/libgdxpigmassacre/7b43be9b/liblwjgl64.so (deleted)
7fef55d1e000-7fef55f1d000 ---p 0006c000 08:07 1994924                    /tmp/libgdxpigmassacre/7b43be9b/liblwjgl64.so (deleted)
7fef55f1d000-7fef55f1f000 r--p 0006b000 08:07 1994924                    /tmp/libgdxpigmassacre/7b43be9b/liblwjgl64.so (deleted)
7fef55f1f000-7fef55f20000 rw-p 0006d000 08:07 1994924                    /tmp/libgdxpigmassacre/7b43be9b/liblwjgl64.so (deleted)
7fef55f20000-7fef55f21000 r-xp 00000000 08:07 2237369                    /usr/lib/jvm/java-7-oracle/jre/lib/amd64/libjawt.so
7fef55f21000-7fef56120000 ---p 00001000 08:07 2237369                    /usr/lib/jvm/java-7-oracle/jre/lib/amd64/libjawt.so
7fef56120000-7fef56121000 rw-p 00000000 08:07 2237369                    /usr/lib/jvm/java-7-oracle/jre/lib/amd64/libjawt.so
7fef56121000-7fef56124000 ---p 00000000 00:00 0 
7fef56124000-7fef56222000 rw-p 00000000 00:00 0                          [stack:14679]
7fef56222000-7fef56227000 r-xp 00000000 08:07 2243215                    /usr/lib/x86_64-linux-gnu/libXfixes.so.3.1.0
7fef56227000-7fef56426000 ---p 00005000 08:07 2243215                    /usr/lib/x86_64-linux-gnu/libXfixes.so.3.1.0
7fef56426000-7fef56427000 r--p 00004000 08:07 2243215                    /usr/lib/x86_64-linux-gnu/libXfixes.so.3.1.0
7fef56427000-7fef56428000 rw-p 00005000 08:07 2243215                    /usr/lib/x86_64-linux-gnu/libXfixes.so.3.1.0
7fef56428000-7fef56431000 r-xp 00000000 08:07 2231411                    /usr/lib/x86_64-linux-gnu/libXcursor.so.1.0.2
7fef56431000-7fef56630000 ---p 00009000 08:07 2231411                    /usr/lib/x86_64-linux-gnu/libXcursor.so.1.0.2
7fef56630000-7fef56631000 r--p 00008000 08:07 2231411                    /usr/lib/x86_64-linux-gnu/libXcursor.so.1.0.2
7fef56631000-7fef56632000 rw-p 00009000 08:07 2231411                    /usr/lib/x86_64-linux-gnu/libXcursor.so.1.0.2
7fef56632000-7fef56635000 ---p 00000000 00:00 0 
7fef56635000-7fef56733000 rw-p 00000000 00:00 0                          [stack:14677]
7fef56733000-7fef56738000 r-xp 00000000 08:07 2236483                    /usr/lib/x86_64-linux-gnu/libXdmcp.so.6.0.0
7fef56738000-7fef56937000 ---p 00005000 08:07 2236483                    /usr/lib/x86_64-linux-gnu/libXdmcp.so.6.0.0
7fef56937000-7fef56938000 r--p 00004000 08:07 2236483                    /usr/lib/x86_64-linux-gnu/libXdmcp.so.6.0.0
7fef56938000-7fef56939000 rw-p 00005000 08:07 2236483                    /usr/lib/x86_64-linux-gnu/libXdmcp.so.6.0.0
7fef56939000-7fef5693b000 r-xp 00000000 08:07 2233692                    /usr/lib/x86_64-linux-gnu/libXau.so.6.0.0
7fef5693b000-7fef56b3b000 ---p 00002000 08:07 2233692                    /usr/lib/x86_64-linux-gnu/libXau.so.6.0.0
7fef56b3b000-7fef56b3c000 r--p 00002000 08:07 2233692                    /usr/lib/x86_64-linux-gnu/libXau.so.6.0.0
7fef56b3c000-7fef56b3d000 rw-p 00003000 08:07 2233692                    /usr/lib/x86_64-linux-gnu/libXau.so.6.0.0
7fef56b3d000-7fef56b5a000 r-xp 00000000 08:07 2233724                    /usr/lib/x86_64-linux-gnu/libxcb.so.1.1.0
7fef56b5a000-7fef56d5a000 ---p 0001d000 08:07 2233724                    /usr/lib/x86_64-linux-gnu/libxcb.so.1.1.0
7fef56d5a000-7fef56d5b000 r--p 0001d000 08:07 2233724                    /usr/lib/x86_64-linux-gnu/libxcb.so.1.1.0
7fef56d5b000-7fef56d5c000 rw-p 0001e000 08:07 2233724                    /usr/lib/x86_64-linux-gnu/libxcb.so.1.1.0
7fef56d5c000-7fef56d6b000 r-xp 00000000 08:07 2236490                    /usr/lib/x86_64-linux-gnu/libXi.so.6.1.0
7fef56d6b000-7fef56f6a000 ---p 0000f000 08:07 2236490                    /usr/lib/x86_64-linux-gnu/libXi.so.6.1.0
7fef56f6a000-7fef56f6b000 r--p 0000e000 08:07 2236490                    /usr/lib/x86_64-linux-gnu/libXi.so.6.1.0
7fef56f6b000-7fef56f6c000 rw-p 0000f000 08:07 2236490                    /usr/lib/x86_64-linux-gnu/libXi.so.6.1.0
7fef56f6c000-7fef56f71000 r-xp 00000000 08:07 2233797                    /usr/lib/x86_64-linux-gnu/libXtst.so.6.1.0
7fef56f71000-7fef57170000 ---p 00005000 08:07 2233797                    /usr/lib/x86_64-linux-gnu/libXtst.so.6.1.0
7fef57170000-7fef57171000 r--p 00004000 08:07 2233797                    /usr/lib/x86_64-linux-gnu/libXtst.so.6.1.0
7fef57171000-7fef57172000 rw-p 00005000 08:07 2233797                    /usr/lib/x86_64-linux-gnu/libXtst.so.6.1.0
7fef57172000-7fef5717b000 r-xp 00000000 08:07 2243308                    /usr/lib/x86_64-linux-gnu/libXrender.so.1.3.0
7fef5717b000-7fef5737a000 ---p 00009000 08:07 2243308                    /usr/lib/x86_64-linux-gnu/libXrender.so.1.3.0
7fef5737a000-7fef5737b000 r--p 00008000 08:07 2243308                    /usr/lib/x86_64-linux-gnu/libXrender.so.1.3.0
7fef5737b000-7fef5737c000 rw-p 00009000 08:07 2243308                    /usr/lib/x86_64-linux-gnu/libXrender.so.1.3.0
7fef5737c000-7fef574ac000 r-xp 00000000 08:07 2229104                    /usr/lib/x86_64-linux-gnu/libX11.so.6.3.0
7fef574ac000-7fef576ac000 ---p 00130000 08:07 2229104                    /usr/lib/x86_64-linux-gnu/libX11.so.6.3.0
7fef576ac000-7fef576ad000 r--p 00130000 08:07 2229104                    /usr/lib/x86_64-linux-gnu/libX11.so.6.3.0
7fef576ad000-7fef576b1000 rw-p 00131000 08:07 2229104                    /usr/lib/x86_64-linux-gnu/libX11.so.6.3.0
7fef576b1000-7fef576c2000 r-xp 00000000 08:07 2233754                    /usr/lib/x86_64-linux-gnu/libXext.so.6.4.0
7fef576c2000-7fef578c1000 ---p 00011000 08:07 2233754                    /usr/lib/x86_64-linux-gnu/libXext.so.6.4.0
7fef578c1000-7fef578c2000 r--p 00010000 08:07 2233754                    /usr/lib/x86_64-linux-gnu/libXext.so.6.4.0
7fef578c2000-7fef578c3000 rw-p 00011000 08:07 2233754                    /usr/lib/x86_64-linux-gnu/libXext.so.6.4.0
7fef578c3000-7fef57913000 r-xp 00000000 08:07 2230047                    /usr/lib/jvm/java-7-oracle/jre/lib/amd64/xawt/libmawt.so
7fef57913000-7fef57b13000 ---p 00050000 08:07 2230047                    /usr/lib/jvm/java-7-oracle/jre/lib/amd64/xawt/libmawt.so
7fef57b13000-7fef57b17000 rw-p 00050000 08:07 2230047                    /usr/lib/jvm/java-7-oracle/jre/lib/amd64/xawt/libmawt.so
7fef57b17000-7fef57b18000 rw-p 00000000 00:00 0 
7fef57b18000-7fef57bba000 r-xp 00000000 08:07 2237408                    /usr/lib/jvm/java-7-oracle/jre/lib/amd64/libawt.so
7fef57bba000-7fef57dba000 ---p 000a2000 08:07 2237408                    /usr/lib/jvm/java-7-oracle/jre/lib/amd64/libawt.so
7fef57dba000-7fef57dc6000 rw-p 000a2000 08:07 2237408                    /usr/lib/jvm/java-7-oracle/jre/lib/amd64/libawt.so
7fef57dc6000-7fef57dea000 rw-p 00000000 00:00 0 
7fef57dea000-7fef57e00000 r-xp 00000000 08:07 2494672                    /lib/x86_64-linux-gnu/libgcc_s.so.1
7fef57e00000-7fef57fff000 ---p 00016000 08:07 2494672                    /lib/x86_64-linux-gnu/libgcc_s.so.1
7fef57fff000-7fef58000000 rw-p 00015000 08:07 2494672                    /lib/x86_64-linux-gnu/libgcc_s.so.1
7fef58000000-7fef582af000 rw-p 00000000 00:00 0 
7fef582af000-7fef5c000000 ---p 00000000 00:00 0 
7fef5c000000-7fef5c021000 rw-p 00000000 00:00 0 
7fef5c021000-7fef60000000 ---p 00000000 00:00 0 
7fef60000000-7fef60021000 rw-p 00000000 00:00 0 
7fef60021000-7fef64000000 ---p 00000000 00:00 0 
7fef64000000-7fef644f0000 rw-p 00000000 00:00 0 
7fef644f0000-7fef68000000 ---p 00000000 00:00 0 
7fef68000000-7fef68021000 rw-p 00000000 00:00 0 
7fef68021000-7fef6c000000 ---p 00000000 00:00 0 
7fef6c000000-7fef6c021000 rw-p 00000000 00:00 0 
7fef6c021000-7fef70000000 ---p 00000000 00:00 0 
7fef70000000-7fef70021000 rw-p 00000000 00:00 0 
7fef70021000-7fef74000000 ---p 00000000 00:00 0 
7fef74000000-7fef74021000 rw-p 00000000 00:00 0 
7fef74021000-7fef78000000 ---p 00000000 00:00 0 
7fef78000000-7fef78021000 rw-p 00000000 00:00 0 
7fef78021000-7fef7c000000 ---p 00000000 00:00 0 
7fef7c000000-7fef7c021000 rw-p 00000000 00:00 0 
7fef7c021000-7fef80000000 ---p 00000000 00:00 0 
7fef8009a000-7fef8009d000 ---p 00000000 00:00 0 
7fef8009d000-7fef800d3000 rw-p 00000000 00:00 0                          [stack:14685]
7fef800d3000-7fef801b9000 r-xp 00000000 08:07 2228396                    /usr/lib/x86_64-linux-gnu/libstdc++.so.6.0.19
7fef801b9000-7fef803b8000 ---p 000e6000 08:07 2228396                    /usr/lib/x86_64-linux-gnu/libstdc++.so.6.0.19
7fef803b8000-7fef803c0000 r--p 000e5000 08:07 2228396                    /usr/lib/x86_64-linux-gnu/libstdc++.so.6.0.19
7fef803c0000-7fef803c2000 rw-p 000ed000 08:07 2228396                    /usr/lib/x86_64-linux-gnu/libstdc++.so.6.0.19
7fef803c2000-7fef803d7000 rw-p 00000000 00:00 0 
7fef803e0000-7fef803ea000 r--s 00250000 08:07 2242743                    /usr/lib/jvm/java-7-oracle/jre/lib/resources.jar
7fef803ea000-7fef803f2000 rw-s 00000000 00:04 145496                     /drm mm object (deleted)
7fef803f2000-7fef803fa000 rw-s 00000000 00:04 145494                     /drm mm object (deleted)
7fef803fa000-7fef80469000 r-xp 00000000 08:07 1978306                    /tmp/libgdxpigmassacre/b4a54a2/libgdx64.so
7fef80469000-7fef80668000 ---p 0006f000 08:07 1978306                    /tmp/libgdxpigmassacre/b4a54a2/libgdx64.so
7fef80668000-7fef8066a000 r--p 0006e000 08:07 1978306                    /tmp/libgdxpigmassacre/b4a54a2/libgdx64.so
7fef8066a000-7fef8066b000 rw-p 00070000 08:07 1978306                    /tmp/libgdxpigmassacre/b4a54a2/libgdx64.so
7fef8066b000-7fef8066c000 rw-p 00000000 00:00 0 
7fef8066c000-7fef80682000 r--s 00156000 08:05 328530                     /media/DATA/Programmering/Workspaces/mBreak-libGDX/mBreak/libs/gdx.jar
7fef80682000-7fef80683000 ---p 00000000 00:00 0 
7fef80683000-7fef80783000 rw-p 00000000 00:00 0                          [stack:14672]
7fef80783000-7fef80786000 ---p 00000000 00:00 0 
7fef80786000-7fef80884000 rw-p 00000000 00:00 0                          [stack:14671]
7fef80884000-7fef80887000 ---p 00000000 00:00 0 
7fef80887000-7fef80985000 rw-p 00000000 00:00 0                          [stack:14670]
7fef80985000-7fef80988000 ---p 00000000 00:00 0 
7fef80988000-7fef80a86000 rw-p 00000000 00:00 0                          [stack:14669]
7fef80a86000-7fef80a89000 ---p 00000000 00:00 0 
7fef80a89000-7fef80b87000 rw-p 00000000 00:00 0                          [stack:14668]
7fef80b87000-7fef810f0000 r--p 00000000 08:07 2245207                    /usr/lib/locale/locale-archive
7fef810f0000-7fef810f3000 ---p 00000000 00:00 0 
7fef810f3000-7fef811f1000 rw-p 00000000 00:00 0                          [stack:14667]
7fef811f1000-7fef811f4000 ---p 00000000 00:00 0 
7fef811f4000-7fef812f2000 rw-p 00000000 00:00 0                          [stack:14666]
7fef812f2000-7fef812f3000 ---p 00000000 00:00 0 
7fef812f3000-7fef84000000 rw-p 00000000 00:00 0                          [stack:14665]
7fef84000000-7fef84023000 rw-p 00000000 00:00 0 
7fef84023000-7fef88000000 ---p 00000000 00:00 0 
7fef88000000-7fef88008000 rw-s 00000000 00:04 145490                     /drm mm object (deleted)
7fef88008000-7fef8846f000 rw-p 00000000 00:00 0 
7fef8846f000-7fef8862b000 r--s 039b2000 08:07 2230026                    /usr/lib/jvm/java-7-oracle/jre/lib/rt.jar
7fef8862b000-7fef888ad000 rw-p 00000000 00:00 0 
7fef888ad000-7fef888ae000 ---p 00000000 00:00 0 
7fef888ae000-7fef889ae000 rw-p 00000000 00:00 0                          [stack:14662]
7fef889ae000-7fef889af000 ---p 00000000 00:00 0 
7fef889af000-7fef88aaf000 rw-p 00000000 00:00 0                          [stack:14661]
7fef88aaf000-7fef88ab0000 ---p 00000000 00:00 0 
7fef88ab0000-7fef88bb0000 rw-p 00000000 00:00 0                          [stack:14660]
7fef88bb0000-7fef88bb1000 ---p 00000000 00:00 0 
7fef88bb1000-7fef88d1a000 rw-p 00000000 00:00 0                          [stack:14659]
7fef88d1a000-7fef88df3000 rw-p 00000000 00:00 0 
7fef88df3000-7fef88dfe000 rw-p 00000000 00:00 0 
7fef88dfe000-7fef88dff000 ---p 00000000 00:00 0 
7fef88dff000-7fef88e1c000 rw-p 00000000 00:00 0 
7fef88e1c000-7fef88e85000 rw-p 00000000 00:00 0 
7fef88e85000-7fef88f5e000 rw-p 00000000 00:00 0 
7fef88f5e000-7fef88fd7000 rw-p 00000000 00:00 0 
7fef88fd7000-7fef88fff000 rw-p 00000000 00:00 0 
7fef88fff000-7fef89000000 rw-p 00000000 00:00 0 
7fef89000000-7fef89270000 rwxp 00000000 00:00 0 
7fef89270000-7fef8c270000 rw-p 00000000 00:00 0 
7fef8c270000-7fef90000000 ---p 00000000 00:00 0 
7fef90001000-7fef90002000 rw-s 00000000 00:04 143741                     /drm mm object (deleted)
7fef90002000-7fef90009000 r--s 00000000 08:07 12943                      /usr/lib/x86_64-linux-gnu/gconv/gconv-modules.cache
7fef90009000-7fef9000c000 r--s 0000b000 08:05 116821                     /media/DATA/Programmering/Workspaces/mBreak-libGDX/mBreak/libs/tween-engine-api.jar
7fef9000c000-7fef900e5000 rw-p 00000000 00:00 0 
7fef900e5000-7fef900e6000 ---p 00000000 00:00 0 
7fef900e6000-7fef90103000 rw-p 00000000 00:00 0 
7fef90103000-7fef9011d000 r-xp 00000000 08:07 2237409                    /usr/lib/jvm/java-7-oracle/jre/lib/amd64/libzip.so
7fef9011d000-7fef9031d000 ---p 0001a000 08:07 2237409                    /usr/lib/jvm/java-7-oracle/jre/lib/amd64/libzip.so
7fef9031d000-7fef9031e000 rw-p 0001a000 08:07 2237409                    /usr/lib/jvm/java-7-oracle/jre/lib/amd64/libzip.so
7fef9031e000-7fef90329000 r-xp 00000000 08:07 2493098                    /lib/x86_64-linux-gnu/libnss_files-2.19.so
7fef90329000-7fef90528000 ---p 0000b000 08:07 2493098                    /lib/x86_64-linux-gnu/libnss_files-2.19.so
7fef90528000-7fef90529000 r--p 0000a000 08:07 2493098                    /lib/x86_64-linux-gnu/libnss_files-2.19.so
7fef90529000-7fef9052a000 rw-p 0000b000 08:07 2493098                    /lib/x86_64-linux-gnu/libnss_files-2.19.so
7fef9052a000-7fef90535000 r-xp 00000000 08:07 2493061                    /lib/x86_64-linux-gnu/libnss_nis-2.19.so
7fef90535000-7fef90734000 ---p 0000b000 08:07 2493061                    /lib/x86_64-linux-gnu/libnss_nis-2.19.so
7fef90734000-7fef90735000 r--p 0000a000 08:07 2493061                    /lib/x86_64-linux-gnu/libnss_nis-2.19.so
7fef90735000-7fef90736000 rw-p 0000b000 08:07 2493061                    /lib/x86_64-linux-gnu/libnss_nis-2.19.so
7fef90736000-7fef9074d000 r-xp 00000000 08:07 2493102                    /lib/x86_64-linux-gnu/libnsl-2.19.so
7fef9074d000-7fef9094c000 ---p 00017000 08:07 2493102                    /lib/x86_64-linux-gnu/libnsl-2.19.so
7fef9094c000-7fef9094d000 r--p 00016000 08:07 2493102                    /lib/x86_64-linux-gnu/libnsl-2.19.so
7fef9094d000-7fef9094e000 rw-p 00017000 08:07 2493102                    /lib/x86_64-linux-gnu/libnsl-2.19.so
7fef9094e000-7fef90950000 rw-p 00000000 00:00 0 
7fef90950000-7fef90959000 r-xp 00000000 08:07 2493088                    /lib/x86_64-linux-gnu/libnss_compat-2.19.so
7fef90959000-7fef90b58000 ---p 00009000 08:07 2493088                    /lib/x86_64-linux-gnu/libnss_compat-2.19.so
7fef90b58000-7fef90b59000 r--p 00008000 08:07 2493088                    /lib/x86_64-linux-gnu/libnss_compat-2.19.so
7fef90b59000-7fef90b5a000 rw-p 00009000 08:07 2493088                    /lib/x86_64-linux-gnu/libnss_compat-2.19.so
7fef90b5a000-7fef90b83000 r-xp 00000000 08:07 2230068                    /usr/lib/jvm/java-7-oracle/jre/lib/amd64/libjava.so
7fef90b83000-7fef90d83000 ---p 00029000 08:07 2230068                    /usr/lib/jvm/java-7-oracle/jre/lib/amd64/libjava.so
7fef90d83000-7fef90d85000 rw-p 00029000 08:07 2230068                    /usr/lib/jvm/java-7-oracle/jre/lib/amd64/libjava.so
7fef90d85000-7fef90d92000 r-xp 00000000 08:07 2230038                    /usr/lib/jvm/java-7-oracle/jre/lib/amd64/libverify.so
7fef90d92000-7fef90f91000 ---p 0000d000 08:07 2230038                    /usr/lib/jvm/java-7-oracle/jre/lib/amd64/libverify.so
7fef90f91000-7fef90f93000 rw-p 0000c000 08:07 2230038                    /usr/lib/jvm/java-7-oracle/jre/lib/amd64/libverify.so
7fef90f93000-7fef90f9a000 r-xp 00000000 08:07 2493094                    /lib/x86_64-linux-gnu/librt-2.19.so
7fef90f9a000-7fef91199000 ---p 00007000 08:07 2493094                    /lib/x86_64-linux-gnu/librt-2.19.so
7fef91199000-7fef9119a000 r--p 00006000 08:07 2493094                    /lib/x86_64-linux-gnu/librt-2.19.so
7fef9119a000-7fef9119b000 rw-p 00007000 08:07 2493094                    /lib/x86_64-linux-gnu/librt-2.19.so
7fef9119b000-7fef912a0000 r-xp 00000000 08:07 2493096                    /lib/x86_64-linux-gnu/libm-2.19.so
7fef912a0000-7fef9149f000 ---p 00105000 08:07 2493096                    /lib/x86_64-linux-gnu/libm-2.19.so
7fef9149f000-7fef914a0000 r--p 00104000 08:07 2493096                    /lib/x86_64-linux-gnu/libm-2.19.so
7fef914a0000-7fef914a1000 rw-p 00105000 08:07 2493096                    /lib/x86_64-linux-gnu/libm-2.19.so
7fef914a1000-7fef92003000 r-xp 00000000 08:07 2238366                    /usr/lib/jvm/java-7-oracle/jre/lib/amd64/server/libjvm.so
7fef92003000-7fef92203000 ---p 00b62000 08:07 2238366                    /usr/lib/jvm/java-7-oracle/jre/lib/amd64/server/libjvm.so
7fef92203000-7fef922c6000 rw-p 00b62000 08:07 2238366                    /usr/lib/jvm/java-7-oracle/jre/lib/amd64/server/libjvm.so
7fef922c6000-7fef92307000 rw-p 00000000 00:00 0 
7fef92307000-7fef924c3000 r-xp 00000000 08:07 2493104                    /lib/x86_64-linux-gnu/libc-2.19.so
7fef924c3000-7fef926c2000 ---p 001bc000 08:07 2493104                    /lib/x86_64-linux-gnu/libc-2.19.so
7fef926c2000-7fef926c6000 r--p 001bb000 08:07 2493104                    /lib/x86_64-linux-gnu/libc-2.19.so
7fef926c6000-7fef926c8000 rw-p 001bf000 08:07 2493104                    /lib/x86_64-linux-gnu/libc-2.19.so
7fef926c8000-7fef926cd000 rw-p 00000000 00:00 0 
7fef926cd000-7fef926d0000 r-xp 00000000 08:07 2493082                    /lib/x86_64-linux-gnu/libdl-2.19.so
7fef926d0000-7fef928cf000 ---p 00003000 08:07 2493082                    /lib/x86_64-linux-gnu/libdl-2.19.so
7fef928cf000-7fef928d0000 r--p 00002000 08:07 2493082                    /lib/x86_64-linux-gnu/libdl-2.19.so
7fef928d0000-7fef928d1000 rw-p 00003000 08:07 2493082                    /lib/x86_64-linux-gnu/libdl-2.19.so
7fef928d1000-7fef928e7000 r-xp 00000000 08:07 142021                     /usr/lib/jvm/java-7-oracle/lib/amd64/jli/libjli.so
7fef928e7000-7fef92ae7000 ---p 00016000 08:07 142021                     /usr/lib/jvm/java-7-oracle/lib/amd64/jli/libjli.so
7fef92ae7000-7fef92ae8000 rw-p 00016000 08:07 142021                     /usr/lib/jvm/java-7-oracle/lib/amd64/jli/libjli.so
7fef92ae8000-7fef92b01000 r-xp 00000000 08:07 2493106                    /lib/x86_64-linux-gnu/libpthread-2.19.so
7fef92b01000-7fef92d00000 ---p 00019000 08:07 2493106                    /lib/x86_64-linux-gnu/libpthread-2.19.so
7fef92d00000-7fef92d01000 r--p 00018000 08:07 2493106                    /lib/x86_64-linux-gnu/libpthread-2.19.so
7fef92d01000-7fef92d02000 rw-p 00019000 08:07 2493106                    /lib/x86_64-linux-gnu/libpthread-2.19.so
7fef92d02000-7fef92d06000 rw-p 00000000 00:00 0 
7fef92d06000-7fef92d29000 r-xp 00000000 08:07 2493080                    /lib/x86_64-linux-gnu/ld-2.19.so
7fef92d29000-7fef92d2a000 rw-s 00000000 00:04 145495                     /drm mm object (deleted)
7fef92d2a000-7fef92d2b000 rwxp 00000000 00:00 0 
7fef92d2b000-7fef92d2d000 r--s 00006000 08:05 105405                     /media/DATA/Programmering/Workspaces/mBreak-libGDX/mBreak/libs/tween-engine-api-sources.jar
7fef92d2d000-7fef92d3e000 r--s 0012b000 08:05 328562                     /media/DATA/Programmering/Workspaces/mBreak-libGDX/mBreak-desktop/libs/gdx-backend-lwjgl.jar
7fef92d3e000-7fef92d48000 rw-p 00000000 00:00 0 
7fef92d48000-7fef92dfe000 rw-p 00000000 00:00 0 
7fef92dfe000-7fef92e01000 ---p 00000000 00:00 0 
7fef92e01000-7fef92f03000 rw-p 00000000 00:00 0                          [stack:14655]
7fef92f03000-7fef92f04000 rw-s 00000000 00:04 145491                     /drm mm object (deleted)
7fef92f04000-7fef92f05000 r--s 00127000 08:05 328561                     /media/DATA/Programmering/Workspaces/mBreak-libGDX/mBreak-desktop/libs/gdx-natives.jar
7fef92f05000-7fef92f07000 r--s 001a1000 08:05 328563                     /media/DATA/Programmering/Workspaces/mBreak-libGDX/mBreak-desktop/libs/gdx-backend-lwjgl-natives.jar
7fef92f07000-7fef92f1c000 rw-p 00000000 00:00 0 
7fef92f1c000-7fef92f24000 rw-s 00000000 08:07 1994922                    /tmp/hsperfdata_pigmassacre/14653
7fef92f24000-7fef92f25000 rw-p 00000000 00:00 0 
7fef92f25000-7fef92f26000 r--p 00000000 00:00 0 
7fef92f26000-7fef92f28000 rw-p 00000000 00:00 0 
7fef92f28000-7fef92f29000 r--p 00022000 08:07 2493080                    /lib/x86_64-linux-gnu/ld-2.19.so
7fef92f29000-7fef92f2a000 rw-p 00023000 08:07 2493080                    /lib/x86_64-linux-gnu/ld-2.19.so
7fef92f2a000-7fef92f2b000 rw-p 00000000 00:00 0 
7fff54e61000-7fff54e82000 rw-p 00000000 00:00 0                          [stack]
7fff54ffe000-7fff55000000 r-xp 00000000 00:00 0                          [vdso]
ffffffffff600000-ffffffffff601000 r-xp 00000000 00:00 0                  [vsyscall]

VM Arguments:
jvm_args: -Dfile.encoding=UTF-8 
java_command: com.pigmassacre.mbreak.DesktopGame
Launcher Type: SUN_STANDARD

Environment Variables:
PATH=/usr/local/sbin:/usr/local/bin:/usr/sbin:/usr/bin:/sbin:/bin:/usr/games:/usr/local/games:/home/pigmassacre/Downloads/jr/bin:/usr/bin/perl:/usr/bin/javac:/usr/bin/java:/home/pigmassacre/IDEA/idea/bin
SHELL=/bin/bash
DISPLAY=:0

Signal Handlers:
SIGSEGV: [libjvm.so+0x9935b0], sa_mask[0]=0x7ffbfeff, sa_flags=0x10000004
SIGBUS: [libjvm.so+0x9935b0], sa_mask[0]=0x7ffbfeff, sa_flags=0x10000004
SIGFPE: [libjvm.so+0x810330], sa_mask[0]=0x7ffbfeff, sa_flags=0x10000004
SIGPIPE: [libjvm.so+0x810330], sa_mask[0]=0x7ffbfeff, sa_flags=0x10000004
SIGXFSZ: [libjvm.so+0x810330], sa_mask[0]=0x7ffbfeff, sa_flags=0x10000004
SIGILL: [libjvm.so+0x810330], sa_mask[0]=0x7ffbfeff, sa_flags=0x10000004
SIGUSR1: SIG_DFL, sa_mask[0]=0x00000000, sa_flags=0x00000000
SIGUSR2: [libjvm.so+0x811820], sa_mask[0]=0x00000004, sa_flags=0x10000004
SIGHUP: [libjvm.so+0x812790], sa_mask[0]=0x7ffbfeff, sa_flags=0x10000004
SIGINT: [libjvm.so+0x812790], sa_mask[0]=0x7ffbfeff, sa_flags=0x10000004
SIGTERM: [libjvm.so+0x812790], sa_mask[0]=0x7ffbfeff, sa_flags=0x10000004
SIGQUIT: [libjvm.so+0x812790], sa_mask[0]=0x7ffbfeff, sa_flags=0x10000004


---------------  S Y S T E M  ---------------

OS:jessie/sid

uname:Linux 3.13.0-32-generic #57-Ubuntu SMP Tue Jul 15 03:51:08 UTC 2014 x86_64
libc:glibc 2.19 NPTL 2.19 
rlimit: STACK 8192k, CORE 0k, NPROC 30730, NOFILE 4096, AS infinity
load average:14,91 5,89 3,84

/proc/meminfo:
MemTotal:        3955100 kB
MemFree:          123664 kB
Buffers:           71976 kB
Cached:           727384 kB
SwapCached:         3824 kB
Active:          2282800 kB
Inactive:        1217788 kB
Active(anon):    2072236 kB
Inactive(anon):   995796 kB
Active(file):     210564 kB
Inactive(file):   221992 kB
Unevictable:         272 kB
Mlocked:             272 kB
SwapTotal:       4101116 kB
SwapFree:        4061448 kB
Dirty:             16512 kB
Writeback:             0 kB
AnonPages:       2698020 kB
Mapped:           273760 kB
Shmem:            366420 kB
Slab:             208532 kB
SReclaimable:     165624 kB
SUnreclaim:        42908 kB
KernelStack:        5776 kB
PageTables:        47824 kB
NFS_Unstable:          0 kB
Bounce:                0 kB
WritebackTmp:          0 kB
CommitLimit:     6078664 kB
Committed_AS:    7495844 kB
VmallocTotal:   34359738367 kB
VmallocUsed:      348980 kB
VmallocChunk:   34359381980 kB
HardwareCorrupted:     0 kB
AnonHugePages:    989184 kB
HugePages_Total:       0
HugePages_Free:        0
HugePages_Rsvd:        0
HugePages_Surp:        0
Hugepagesize:       2048 kB
DirectMap4k:       78932 kB
DirectMap2M:     4024320 kB


CPU:total 4 (2 cores per cpu, 2 threads per core) family 6 model 42 stepping 7, cmov, cx8, fxsr, mmx, sse, sse2, sse3, ssse3, sse4.1, sse4.2, popcnt, avx, ht, tsc, tscinvbit

/proc/cpuinfo:
processor	: 0
vendor_id	: GenuineIntel
cpu family	: 6
model		: 42
model name	: Intel(R) Core(TM) i5-2410M CPU @ 2.30GHz
stepping	: 7
microcode	: 0x14
cpu MHz		: 2301.000
cache size	: 3072 KB
physical id	: 0
siblings	: 4
core id		: 0
cpu cores	: 2
apicid		: 0
initial apicid	: 0
fpu		: yes
fpu_exception	: yes
cpuid level	: 13
wp		: yes
flags		: fpu vme de pse tsc msr pae mce cx8 apic sep mtrr pge mca cmov pat pse36 clflush dts acpi mmx fxsr sse sse2 ss ht tm pbe syscall nx rdtscp lm constant_tsc arch_perfmon pebs bts rep_good nopl xtopology nonstop_tsc aperfmperf eagerfpu pni pclmulqdq dtes64 monitor ds_cpl vmx est tm2 ssse3 cx16 xtpr pdcm pcid sse4_1 sse4_2 x2apic popcnt tsc_deadline_timer xsave avx lahf_lm ida arat epb xsaveopt pln pts dtherm tpr_shadow vnmi flexpriority ept vpid
bogomips	: 4589.84
clflush size	: 64
cache_alignment	: 64
address sizes	: 36 bits physical, 48 bits virtual
power management:

processor	: 1
vendor_id	: GenuineIntel
cpu family	: 6
model		: 42
model name	: Intel(R) Core(TM) i5-2410M CPU @ 2.30GHz
stepping	: 7
microcode	: 0x14
cpu MHz		: 2301.000
cache size	: 3072 KB
physical id	: 0
siblings	: 4
core id		: 1
cpu cores	: 2
apicid		: 2
initial apicid	: 2
fpu		: yes
fpu_exception	: yes
cpuid level	: 13
wp		: yes
flags		: fpu vme de pse tsc msr pae mce cx8 apic sep mtrr pge mca cmov pat pse36 clflush dts acpi mmx fxsr sse sse2 ss ht tm pbe syscall nx rdtscp lm constant_tsc arch_perfmon pebs bts rep_good nopl xtopology nonstop_tsc aperfmperf eagerfpu pni pclmulqdq dtes64 monitor ds_cpl vmx est tm2 ssse3 cx16 xtpr pdcm pcid sse4_1 sse4_2 x2apic popcnt tsc_deadline_timer xsave avx lahf_lm ida arat epb xsaveopt pln pts dtherm tpr_shadow vnmi flexpriority ept vpid
bogomips	: 4589.84
clflush size	: 64
cache_alignment	: 64
address sizes	: 36 bits physical, 48 bits virtual
power management:

processor	: 2
vendor_id	: GenuineIntel
cpu family	: 6
model		: 42
model name	: Intel(R) Core(TM) i5-2410M CPU @ 2.30GHz
stepping	: 7
microcode	: 0x14
cpu MHz		: 2301.000
cache size	: 3072 KB
physical id	: 0
siblings	: 4
core id		: 0
cpu cores	: 2
apicid		: 1
initial apicid	: 1
fpu		: yes
fpu_exception	: yes
cpuid level	: 13
wp		: yes
flags		: fpu vme de pse tsc msr pae mce cx8 apic sep mtrr pge mca cmov pat pse36 clflush dts acpi mmx fxsr sse sse2 ss ht tm pbe syscall nx rdtscp lm constant_tsc arch_perfmon pebs bts rep_good nopl xtopology nonstop_tsc aperfmperf eagerfpu pni pclmulqdq dtes64 monitor ds_cpl vmx est tm2 ssse3 cx16 xtpr pdcm pcid sse4_1 sse4_2 x2apic popcnt tsc_deadline_timer xsave avx lahf_lm ida arat epb xsaveopt pln pts dtherm tpr_shadow vnmi flexpriority ept vpid
bogomips	: 4589.84
clflush size	: 64
cache_alignment	: 64
address sizes	: 36 bits physical, 48 bits virtual
power management:

processor	: 3
vendor_id	: GenuineIntel
cpu family	: 6
model		: 42
model name	: Intel(R) Core(TM) i5-2410M CPU @ 2.30GHz
stepping	: 7
microcode	: 0x14
cpu MHz		: 2301.000
cache size	: 3072 KB
physical id	: 0
siblings	: 4
core id		: 1
cpu cores	: 2
apicid		: 3
initial apicid	: 3
fpu		: yes
fpu_exception	: yes
cpuid level	: 13
wp		: yes
flags		: fpu vme de pse tsc msr pae mce cx8 apic sep mtrr pge mca cmov pat pse36 clflush dts acpi mmx fxsr sse sse2 ss ht tm pbe syscall nx rdtscp lm constant_tsc arch_perfmon pebs bts rep_good nopl xtopology nonstop_tsc aperfmperf eagerfpu pni pclmulqdq dtes64 monitor ds_cpl vmx est tm2 ssse3 cx16 xtpr pdcm pcid sse4_1 sse4_2 x2apic popcnt tsc_deadline_timer xsave avx lahf_lm ida arat epb xsaveopt pln pts dtherm tpr_shadow vnmi flexpriority ept vpid
bogomips	: 4589.84
clflush size	: 64
cache_alignment	: 64
address sizes	: 36 bits physical, 48 bits virtual
power management:



Memory: 4k page, physical 3955100k(123540k free), swap 4101116k(4061448k free)

vm_info: Java HotSpot(TM) 64-Bit Server VM (24.45-b08) for linux-amd64 JRE (1.7.0_45-b18), built on Oct  8 2013 05:44:25 by "java_re" with gcc 4.3.0 20080428 (Red Hat 4.3.0-8)

time: Tue Aug  5 15:52:19 2014
elapsed time: 47 seconds

