#
# A fatal error has been detected by the Java Runtime Environment:
#
#  SIGBUS (0x7) at pc=0x00007fea6136f740, pid=4750, tid=140644611372800
#
# JRE version: Java(TM) SE Runtime Environment (7.0_45-b18) (build 1.7.0_45-b18)
# Java VM: Java HotSpot(TM) 64-Bit Server VM (24.45-b08 mixed mode linux-amd64 compressed oops)
# Problematic frame:
# 
[error occurred during error reporting (printing problematic frame), id 0x7]

# Failed to write core dump. Core dumps have been disabled. To enable core dumping, try "ulimit -c unlimited" before starting Java again
#
# If you would like to submit a bug report, please visit:
#   http://bugreport.sun.com/bugreport/crash.jsp
#

---------------  T H R E A D  ---------------

Current thread is native thread

siginfo:si_signo=SIGBUS: si_errno=0, si_code=2 (BUS_ADRERR), si_addr=0x00007fea6136f740

Registers:
RAX=0x0000000000000000, RBX=0x00007fea6019ae70, RCX=0xffffffffffffffff, RDX=0x0000000000000000
RSP=0x00007fea6019ae60, RBP=0x00007fea981d57f0, RSI=0x00007fea6019ae60, RDI=0x0000000000000000
R8 =0x00007fea981d5a90, R9 =0x0000000000000001, R10=0x00007fea981d61f4, R11=0x0000000000000000
R12=0x0000000000000000, R13=0x00007fea981d61d0, R14=0x0000000000000008, R15=0x00007fea6019aec8
RIP=0x00007fea6136f740, EFLAGS=0x0000000000010217, CSGSFS=0x0000000000000033, ERR=0x0000000000000014
  TRAPNO=0x000000000000000e

Top of Stack: (sp=0x00007fea6019ae60)
0x00007fea6019ae60:   00007fea981d59b0 00007fea60ccf1fe
0x00007fea6019ae70:   0000000000000000 00000000000f4240
0x00007fea6019ae80:   00007fea981d61d0 0000000000000798
0x00007fea6019ae90:   00007fea981d57f0 00007fea6137b5d3
0x00007fea6019aea0:   0000000000000000 00007fea6019aec0
0x00007fea6019aeb0:   0000000000002000 0000000000006000
0x00007fea6019aec0:   00007fea4bfff040 0000000000004000
0x00007fea6019aed0:   0000000000000000 00007fea981f3110
0x00007fea6019aee0:   0000000000000000 0000000000000000
0x00007fea6019aef0:   0000000000000000 00007fea6019b9c0
0x00007fea6019af00:   00007fea6019b700 00007fea6136e73a
0x00007fea6019af10:   00007fea6019b700 00007fea9e7de182
0x00007fea6019af20:   0000000000000000 00007fea6019b700
0x00007fea6019af30:   00007fea6019b700 2bd48806842d2b30
0x00007fea6019af40:   0000000000000000 0000000000000000
0x00007fea6019af50:   00007fea6019b9c0 00007fea6019b700
0x00007fea6019af60:   d4004835da6d2b30 d401b4fd46b72b30
0x00007fea6019af70:   0000000000000000 0000000000000000
0x00007fea6019af80:   0000000000000000 0000000000000000
0x00007fea6019af90:   0000000000000000 0000000000000000
0x00007fea6019afa0:   0000000000000000 0000000000000000
0x00007fea6019afb0:   00007fea6019b700 00007fea9e0f030d
0x00007fea6019afc0:   0000000000000000 0000000000000000
0x00007fea6019afd0:   0000000000000000 0000000000000000
0x00007fea6019afe0:   0000000000000000 0000000000000000
0x00007fea6019aff0:   0000000000000000 0000000000000000
0x00007fea6019b000:   0000000000000000 0000000000000000
0x00007fea6019b010:   0000000000000000 0000000000000000
0x00007fea6019b020:   0000000000000000 0000000000000000
0x00007fea6019b030:   0000000000000000 0000000000000000
0x00007fea6019b040:   0000000000000000 0000000000000000
0x00007fea6019b050:   0000000000000000 0000000000000000 

Instructions: (pc=0x00007fea6136f740)
0x00007fea6136f720:   
[error occurred during error reporting (printing registers, top of stack, instructions near pc), id 0x7]

Register to memory mapping:

RAX=0x0000000000000000 is an unknown value
RBX=0x00007fea6019ae70 is an unknown value
RCX=0xffffffffffffffff is an unknown value
RDX=0x0000000000000000 is an unknown value
RSP=0x00007fea6019ae60 is an unknown value
RBP=0x00007fea981d57f0 is an unknown value
RSI=0x00007fea6019ae60 is an unknown value
RDI=0x0000000000000000 is an unknown value
R8 =0x00007fea981d5a90 is an unknown value
R9 =0x0000000000000001 is an unknown value
R10=0x00007fea981d61f4 is an unknown value
R11=0x0000000000000000 is an unknown value
R12=0x0000000000000000 is an unknown value
R13=0x00007fea981d61d0 is an unknown value
R14=0x0000000000000008 is an unknown value
R15=0x00007fea6019aec8 is an unknown value


Stack: [0x00007fea6009b000,0x00007fea6019c000],  sp=0x00007fea6019ae60,  free space=1023k
Native frames: (J=compiled Java code, j=interpreted, Vv=VM code, C=native code)

[error occurred during error reporting (printing native stack), id 0x7]


---------------  P R O C E S S  ---------------

VM state:at safepoint (normal execution)

VM Mutex/Monitor currently owned by a thread:  ([mutex/lock_event])
[0x00007fea980064e0] Threads_lock - owner thread: 0x00007fea98069800
[0x00007fea980069e0] Heap_lock - owner thread: 0x00007fea98264800

Heap
 PSYoungGen      total 206848K, used 99327K [0x00000000ebe00000, 0x00000000ff500000, 0x0000000100000000)
  eden space 99328K, 99% used [0x00000000ebe00000,0x00000000f1effff8,0x00000000f1f00000)
  from space 107520K, 0% used [0x00000000f8c00000,0x00000000f8c00000,0x00000000ff500000)
  to   space 109568K, 0% used [0x00000000f1f00000,0x00000000f1f00000,0x00000000f8a00000)
 ParOldGen       total 659456K, used 659240K [0x00000000c3a00000, 0x00000000ebe00000, 0x00000000ebe00000)
  object space 659456K, 99% used [0x00000000c3a00000,0x00000000ebdca130,0x00000000ebe00000)
 PSPermGen       total 21504K, used 10703K [0x00000000be800000, 0x00000000bfd00000, 0x00000000c3a00000)
  object space 21504K, 49% used [0x00000000be800000,0x00000000bf273f88,0x00000000bfd00000)

Card table byte_map: [0x00007fea94bd8000,0x00007fea94de5000] byte_map_base: 0x00007fea945e4000

Polling page: 0x00007fea9ec13000

Code Cache  [0x00007fea94de5000, 0x00007fea95055000, 0x00007fea97de5000)
 total_blobs=971 nmethods=442 adapters=482 free_code_cache=47593Kb largest_free_block=48687552

Compilation events (10 events):
Event: 45,842 Thread 0x00007fea98095000  457             com.pigmassacre.mbreak.objects.Particle::reset (32 bytes)
Event: 45,849 Thread 0x00007fea98095000 nmethod 457 0x00007fea94f04150 code [0x00007fea94f04340, 0x00007fea94f04830]
Event: 48,325 Thread 0x00007fea98092000  458             com.pigmassacre.mbreak.objects.Ball::onHitObject (12 bytes)
Event: 48,326 Thread 0x00007fea98092000 nmethod 458 0x00007fea94e8c990 code [0x00007fea94e8cae0, 0x00007fea94e8cb78]
Event: 48,536 Thread 0x00007fea98095000  459             org.lwjgl.openal.AL10::alSourcef (7 bytes)
Event: 48,536 Thread 0x00007fea98095000 nmethod 459 0x00007fea94f03f10 code [0x00007fea94f04060, 0x00007fea94f040c8]
Event: 50,343 Thread 0x00007fea98092000  460             com.badlogic.gdx.scenes.scene2d.Group::clear (9 bytes)
Event: 50,349 Thread 0x00007fea98092000 nmethod 460 0x00007fea94eeb250 code [0x00007fea94eeb3e0, 0x00007fea94eeb698]
Event: 50,676 Thread 0x00007fea98095000  461             com.pigmassacre.mbreak.objects.GameActor::destroy (39 bytes)
Event: 50,685 Thread 0x00007fea98095000 nmethod 461 0x00007fea94eedb10 code [0x00007fea94eedce0, 0x00007fea94eee2d0]

GC Heap History (10 events):
Event: 106,805 GC heap after
Heap after GC invocations=58 (full 40):
 PSYoungGen      total 206848K, used 99327K [0x00000000ebe00000, 0x00000000ff500000, 0x0000000100000000)
  eden space 99328K, 99% used [0x00000000ebe00000,0x00000000f1effff8,0x00000000f1f00000)
  from space 107520K, 0% used [0x00000000f8c00000,0x00000000f8c00000,0x00000000ff500000)
  to   space 109568K, 0% used [0x00000000f1f00000,0x00000000f1f00000,0x00000000f8a00000)
 ParOldGen       total 659456K, used 659225K [0x00000000c3a00000, 0x00000000ebe00000, 0x00000000ebe00000)
  object space 659456K, 99% used [0x00000000c3a00000,0x00000000ebdc6538,0x00000000ebe00000)
 PSPermGen       total 21504K, used 10703K [0x00000000be800000, 0x00000000bfd00000, 0x00000000c3a00000)
  object space 21504K, 49% used [0x00000000be800000,0x00000000bf273f88,0x00000000bfd00000)
}
Event: 106,805 GC heap before
{Heap before GC invocations=59 (full 41):
 PSYoungGen      total 206848K, used 99327K [0x00000000ebe00000, 0x00000000ff500000, 0x0000000100000000)
  eden space 99328K, 99% used [0x00000000ebe00000,0x00000000f1effff8,0x00000000f1f00000)
  from space 107520K, 0% used [0x00000000f8c00000,0x00000000f8c00000,0x00000000ff500000)
  to   space 109568K, 0% used [0x00000000f1f00000,0x00000000f1f00000,0x00000000f8a00000)
 ParOldGen       total 659456K, used 659227K [0x00000000c3a00000, 0x00000000ebe00000, 0x00000000ebe00000)
  object space 659456K, 99% used [0x00000000c3a00000,0x00000000ebdc6fb0,0x00000000ebe00000)
 PSPermGen       total 21504K, used 10703K [0x00000000be800000, 0x00000000bfd00000, 0x00000000c3a00000)
  object space 21504K, 49% used [0x00000000be800000,0x00000000bf273f88,0x00000000bfd00000)
Event: 107,882 GC heap after
Heap after GC invocations=59 (full 41):
 PSYoungGen      total 206848K, used 99327K [0x00000000ebe00000, 0x00000000ff500000, 0x0000000100000000)
  eden space 99328K, 99% used [0x00000000ebe00000,0x00000000f1effff8,0x00000000f1f00000)
  from space 107520K, 0% used [0x00000000f8c00000,0x00000000f8c00000,0x00000000ff500000)
  to   space 109568K, 0% used [0x00000000f1f00000,0x00000000f1f00000,0x00000000f8a00000)
 ParOldGen       total 659456K, used 659227K [0x00000000c3a00000, 0x00000000ebe00000, 0x00000000ebe00000)
  object space 659456K, 99% used [0x00000000c3a00000,0x00000000ebdc6fb0,0x00000000ebe00000)
 PSPermGen       total 21504K, used 10703K [0x00000000be800000, 0x00000000bfd00000, 0x00000000c3a00000)
  object space 21504K, 49% used [0x00000000be800000,0x00000000bf273f88,0x00000000bfd00000)
}
Event: 107,882 GC heap before
{Heap before GC invocations=60 (full 42):
 PSYoungGen      total 206848K, used 99327K [0x00000000ebe00000, 0x00000000ff500000, 0x0000000100000000)
  eden space 99328K, 99% used [0x00000000ebe00000,0x00000000f1effff8,0x00000000f1f00000)
  from space 107520K, 0% used [0x00000000f8c00000,0x00000000f8c00000,0x00000000ff500000)
  to   space 109568K, 0% used [0x00000000f1f00000,0x00000000f1f00000,0x00000000f8a00000)
 ParOldGen       total 659456K, used 659230K [0x00000000c3a00000, 0x00000000ebe00000, 0x00000000ebe00000)
  object space 659456K, 99% used [0x00000000c3a00000,0x00000000ebdc7970,0x00000000ebe00000)
 PSPermGen       total 21504K, used 10703K [0x00000000be800000, 0x00000000bfd00000, 0x00000000c3a00000)
  object space 21504K, 49% used [0x00000000be800000,0x00000000bf273f88,0x00000000bfd00000)
Event: 109,365 GC heap after
Heap after GC invocations=60 (full 42):
 PSYoungGen      total 206848K, used 99327K [0x00000000ebe00000, 0x00000000ff500000, 0x0000000100000000)
  eden space 99328K, 99% used [0x00000000ebe00000,0x00000000f1effff8,0x00000000f1f00000)
  from space 107520K, 0% used [0x00000000f8c00000,0x00000000f8c00000,0x00000000ff500000)
  to   space 109568K, 0% used [0x00000000f1f00000,0x00000000f1f00000,0x00000000f8a00000)
 ParOldGen       total 659456K, used 659230K [0x00000000c3a00000, 0x00000000ebe00000, 0x00000000ebe00000)
  object space 659456K, 99% used [0x00000000c3a00000,0x00000000ebdc7970,0x00000000ebe00000)
 PSPermGen       total 21504K, used 10703K [0x00000000be800000, 0x00000000bfd00000, 0x00000000c3a00000)
  object space 21504K, 49% used [0x00000000be800000,0x00000000bf273f88,0x00000000bfd00000)
}
Event: 109,365 GC heap before
{Heap before GC invocations=61 (full 43):
 PSYoungGen      total 206848K, used 99327K [0x00000000ebe00000, 0x00000000ff500000, 0x0000000100000000)
  eden space 99328K, 99% used [0x00000000ebe00000,0x00000000f1effff8,0x00000000f1f00000)
  from space 107520K, 0% used [0x00000000f8c00000,0x00000000f8c00000,0x00000000ff500000)
  to   space 109568K, 0% used [0x00000000f1f00000,0x00000000f1f00000,0x00000000f8a00000)
 ParOldGen       total 659456K, used 659232K [0x00000000c3a00000, 0x00000000ebe00000, 0x00000000ebe00000)
  object space 659456K, 99% used [0x00000000c3a00000,0x00000000ebdc8300,0x00000000ebe00000)
 PSPermGen       total 21504K, used 10703K [0x00000000be800000, 0x00000000bfd00000, 0x00000000c3a00000)
  object space 21504K, 49% used [0x00000000be800000,0x00000000bf273f88,0x00000000bfd00000)
Event: 110,532 GC heap after
Heap after GC invocations=61 (full 43):
 PSYoungGen      total 206848K, used 99327K [0x00000000ebe00000, 0x00000000ff500000, 0x0000000100000000)
  eden space 99328K, 99% used [0x00000000ebe00000,0x00000000f1effff8,0x00000000f1f00000)
  from space 107520K, 0% used [0x00000000f8c00000,0x00000000f8c00000,0x00000000ff500000)
  to   space 109568K, 0% used [0x00000000f1f00000,0x00000000f1f00000,0x00000000f8a00000)
 ParOldGen       total 659456K, used 659232K [0x00000000c3a00000, 0x00000000ebe00000, 0x00000000ebe00000)
  object space 659456K, 99% used [0x00000000c3a00000,0x00000000ebdc8300,0x00000000ebe00000)
 PSPermGen       total 21504K, used 10703K [0x00000000be800000, 0x00000000bfd00000, 0x00000000c3a00000)
  object space 21504K, 49% used [0x00000000be800000,0x00000000bf273f88,0x00000000bfd00000)
}
Event: 110,532 GC heap before
{Heap before GC invocations=62 (full 44):
 PSYoungGen      total 206848K, used 99327K [0x00000000ebe00000, 0x00000000ff500000, 0x0000000100000000)
  eden space 99328K, 99% used [0x00000000ebe00000,0x00000000f1effff8,0x00000000f1f00000)
  from space 107520K, 0% used [0x00000000f8c00000,0x00000000f8c00000,0x00000000ff500000)
  to   space 109568K, 0% used [0x00000000f1f00000,0x00000000f1f00000,0x00000000f8a00000)
 ParOldGen       total 659456K, used 659235K [0x00000000c3a00000, 0x00000000ebe00000, 0x00000000ebe00000)
  object space 659456K, 99% used [0x00000000c3a00000,0x00000000ebdc8d80,0x00000000ebe00000)
 PSPermGen       total 21504K, used 10703K [0x00000000be800000, 0x00000000bfd00000, 0x00000000c3a00000)
  object space 21504K, 49% used [0x00000000be800000,0x00000000bf273f88,0x00000000bfd00000)
Event: 111,611 GC heap after
Heap after GC invocations=62 (full 44):
 PSYoungGen      total 206848K, used 99327K [0x00000000ebe00000, 0x00000000ff500000, 0x0000000100000000)
  eden space 99328K, 99% used [0x00000000ebe00000,0x00000000f1effff8,0x00000000f1f00000)
  from space 107520K, 0% used [0x00000000f8c00000,0x00000000f8c00000,0x00000000ff500000)
  to   space 109568K, 0% used [0x00000000f1f00000,0x00000000f1f00000,0x00000000f8a00000)
 ParOldGen       total 659456K, used 659235K [0x00000000c3a00000, 0x00000000ebe00000, 0x00000000ebe00000)
  object space 659456K, 99% used [0x00000000c3a00000,0x00000000ebdc8d80,0x00000000ebe00000)
 PSPermGen       total 21504K, used 10703K [0x00000000be800000, 0x00000000bfd00000, 0x00000000c3a00000)
  object space 21504K, 49% used [0x00000000be800000,0x00000000bf273f88,0x00000000bfd00000)
}
Event: 111,611 GC heap before
{Heap before GC invocations=63 (full 45):
 PSYoungGen      total 206848K, used 99327K [0x00000000ebe00000, 0x00000000ff500000, 0x0000000100000000)
  eden space 99328K, 99% used [0x00000000ebe00000,0x00000000f1effff8,0x00000000f1f00000)
  from space 107520K, 0% used [0x00000000f8c00000,0x00000000f8c00000,0x00000000ff500000)
  to   space 109568K, 0% used [0x00000000f1f00000,0x00000000f1f00000,0x00000000f8a00000)
 ParOldGen       total 659456K, used 659237K [0x00000000c3a00000, 0x00000000ebe00000, 0x00000000ebe00000)
  object space 659456K, 99% used [0x00000000c3a00000,0x00000000ebdc96b8,0x00000000ebe00000)
 PSPermGen       total 21504K, used 10703K [0x00000000be800000, 0x00000000bfd00000, 0x00000000c3a00000)
  object space 21504K, 49% used [0x00000000be800000,0x00000000bf273f88,0x00000000bfd00000)

Deoptimization events (10 events):
Event: 39,978 Thread 0x00007fea98264800 Uncommon trap: reason=array_check action=maybe_recompile pc=0x00007fea94ee335c method=com.badlogic.gdx.utils.Array.add(Ljava/lang/Object;)V @ 46
Event: 39,978 Thread 0x00007fea98264800 Uncommon trap: reason=array_check action=maybe_recompile pc=0x00007fea94ee335c method=com.badlogic.gdx.utils.Array.add(Ljava/lang/Object;)V @ 46
Event: 39,978 Thread 0x00007fea98264800 Uncommon trap: reason=array_check action=maybe_recompile pc=0x00007fea94ee335c method=com.badlogic.gdx.utils.Array.add(Ljava/lang/Object;)V @ 46
Event: 39,979 Thread 0x00007fea98264800 Uncommon trap: reason=array_check action=maybe_recompile pc=0x00007fea94ee335c method=com.badlogic.gdx.utils.Array.add(Ljava/lang/Object;)V @ 46
Event: 40,113 Thread 0x00007fea98264800 Uncommon trap: reason=class_check action=maybe_recompile pc=0x00007fea94f221c4 method=aurelienribon.tweenengine.BaseTween.updateStep()V @ 436
Event: 42,130 Thread 0x00007fea98264800 Uncommon trap: reason=class_check action=maybe_recompile pc=0x00007fea94f316cc method=com.pigmassacre.mbreak.objects.effects.Effect.act(F)V @ 119
Event: 42,130 Thread 0x00007fea98264800 Uncommon trap: reason=class_check action=maybe_recompile pc=0x00007fea94f316cc method=com.pigmassacre.mbreak.objects.effects.Effect.act(F)V @ 119
Event: 42,130 Thread 0x00007fea98264800 Uncommon trap: reason=class_check action=maybe_recompile pc=0x00007fea94f316cc method=com.pigmassacre.mbreak.objects.effects.Effect.act(F)V @ 119
Event: 42,130 Thread 0x00007fea98264800 Uncommon trap: reason=class_check action=maybe_recompile pc=0x00007fea94f316cc method=com.pigmassacre.mbreak.objects.effects.Effect.act(F)V @ 119
Event: 46,262 Thread 0x00007fea98264800 Uncommon trap: reason=bimorphic action=maybe_recompile pc=0x00007fea94f25994 method=com.badlogic.gdx.utils.ObjectMap.get(Ljava/lang/Object;)Ljava/lang/Object; @ 19

Internal exceptions (10 events):
Event: 39,545 Thread 0x00007fea98264800 Threw 0x00000000ec0efbc8 at /HUDSON/workspace/7u-2-build-linux-amd64/jdk7u45/229/hotspot/src/share/vm/prims/jvm.cpp:1244
Event: 39,546 Thread 0x00007fea98264800 Threw 0x00000000ec0f64f0 at /HUDSON/workspace/7u-2-build-linux-amd64/jdk7u45/229/hotspot/src/share/vm/prims/jvm.cpp:1244
Event: 39,548 Thread 0x00007fea98264800 Threw 0x00000000ec0fedd8 at /HUDSON/workspace/7u-2-build-linux-amd64/jdk7u45/229/hotspot/src/share/vm/prims/jvm.cpp:1244
Event: 39,557 Thread 0x00007fea98264800 Threw 0x00000000ec113128 at /HUDSON/workspace/7u-2-build-linux-amd64/jdk7u45/229/hotspot/src/share/vm/prims/jvm.cpp:1244
Event: 39,559 Thread 0x00007fea98264800 Threw 0x00000000ec116d18 at /HUDSON/workspace/7u-2-build-linux-amd64/jdk7u45/229/hotspot/src/share/vm/prims/jvm.cpp:1244
Event: 39,638 Thread 0x00007fea98264800 Threw 0x00000000ec19acb0 at /HUDSON/workspace/7u-2-build-linux-amd64/jdk7u45/229/hotspot/src/share/vm/prims/jvm.cpp:1244
Event: 39,641 Thread 0x00007fea98264800 Threw 0x00000000ec1a9ed0 at /HUDSON/workspace/7u-2-build-linux-amd64/jdk7u45/229/hotspot/src/share/vm/prims/jvm.cpp:1244
Event: 39,642 Thread 0x00007fea98264800 Threw 0x00000000ec1ad948 at /HUDSON/workspace/7u-2-build-linux-amd64/jdk7u45/229/hotspot/src/share/vm/prims/jvm.cpp:1244
Event: 39,836 Thread 0x00007fea98264800 Threw 0x00000000ec405700 at /HUDSON/workspace/7u-2-build-linux-amd64/jdk7u45/229/hotspot/src/share/vm/prims/jvm.cpp:1244
Event: 39,837 Thread 0x00007fea98264800 Threw 0x00000000ec409180 at /HUDSON/workspace/7u-2-build-linux-amd64/jdk7u45/229/hotspot/src/share/vm/prims/jvm.cpp:1244

Events (10 events):
Event: 106,805 Executing VM operation: ParallelGCFailedAllocation done
Event: 106,805 Executing VM operation: ParallelGCFailedAllocation
Event: 107,882 Executing VM operation: ParallelGCFailedAllocation done
Event: 107,882 Executing VM operation: ParallelGCFailedAllocation
Event: 109,365 Executing VM operation: ParallelGCFailedAllocation done
Event: 109,365 Executing VM operation: ParallelGCFailedAllocation
Event: 110,532 Executing VM operation: ParallelGCFailedAllocation done
Event: 110,532 Executing VM operation: ParallelGCFailedAllocation
Event: 111,611 Executing VM operation: ParallelGCFailedAllocation done
Event: 111,611 Executing VM operation: ParallelGCFailedAllocation


Dynamic libraries:
00400000-00401000 r-xp 00000000 08:07 142000                             /usr/lib/jvm/java-7-oracle/bin/java
00600000-00601000 rw-p 00000000 08:07 142000                             /usr/lib/jvm/java-7-oracle/bin/java
00b37000-00b58000 rw-p 00000000 00:00 0                                  [heap]
be800000-bfd00000 rw-p 00000000 00:00 0 
bfd00000-c0000000 ---p 00000000 00:00 0 
c0000000-c3a00000 rw-p 00000000 00:00 0 
c3a00000-ebe00000 rw-p 00000000 00:00 0 
ebe00000-ff500000 rw-p 00000000 00:00 0 
ff500000-ff700000 ---p 00000000 00:00 0 
ff700000-100000000 rw-p 00000000 00:00 0 
7fea34000000-7fea34021000 rw-p 00000000 00:00 0 
7fea34021000-7fea38000000 ---p 00000000 00:00 0 
7fea38000000-7fea38c0a000 rw-p 00000000 00:00 0 
7fea38c0a000-7fea3c000000 ---p 00000000 00:00 0 
7fea3c000000-7fea3c021000 rw-p 00000000 00:00 0 
7fea3c021000-7fea40000000 ---p 00000000 00:00 0 
7fea40000000-7fea414a9000 rw-p 00000000 00:00 0 
7fea414a9000-7fea44000000 ---p 00000000 00:00 0 
7fea44000000-7fea44021000 rw-p 00000000 00:00 0 
7fea44021000-7fea48000000 ---p 00000000 00:00 0 
7fea4974e000-7fea49d4e000 rw-s 00000000 00:04 46710                      /drm mm object (deleted)
7fea4a14f000-7fea4a2cf000 rw-s 00000000 00:04 46706                      /drm mm object (deleted)
7fea4a310000-7fea4a318000 rw-s 00000000 00:04 46923                      /drm mm object (deleted)
7fea4a318000-7fea4a320000 rw-s 00000000 00:04 46921                      /drm mm object (deleted)
7fea4a320000-7fea4a328000 rw-s 00000000 00:04 46919                      /drm mm object (deleted)
7fea4a328000-7fea4a330000 rw-s 00000000 00:04 46917                      /drm mm object (deleted)
7fea4a330000-7fea4a338000 rw-s 00000000 00:04 46915                      /drm mm object (deleted)
7fea4a338000-7fea4a340000 rw-s 00000000 00:04 46913                      /drm mm object (deleted)
7fea4a340000-7fea4a348000 rw-s 00000000 00:04 46911                      /drm mm object (deleted)
7fea4a348000-7fea4a350000 rw-s 00000000 00:04 46909                      /drm mm object (deleted)
7fea4a350000-7fea4a358000 rw-s 00000000 00:04 46907                      /drm mm object (deleted)
7fea4a358000-7fea4a360000 rw-s 00000000 00:04 46905                      /drm mm object (deleted)
7fea4a360000-7fea4a3d0000 rw-s 00000000 00:04 45890                      /drm mm object (deleted)
7fea4a3d0000-7fea4b56e000 rw-p 00000000 00:00 0 
7fea4b56e000-7fea4b5a5000 r-xp 00000000 08:07 2243202                    /usr/lib/x86_64-linux-gnu/libtxc_dxtn_s2tc.so.0.0.0
7fea4b5a5000-7fea4b7a4000 ---p 00037000 08:07 2243202                    /usr/lib/x86_64-linux-gnu/libtxc_dxtn_s2tc.so.0.0.0
7fea4b7a4000-7fea4b7a5000 r--p 00036000 08:07 2243202                    /usr/lib/x86_64-linux-gnu/libtxc_dxtn_s2tc.so.0.0.0
7fea4b7a5000-7fea4b7a6000 rw-p 00037000 08:07 2243202                    /usr/lib/x86_64-linux-gnu/libtxc_dxtn_s2tc.so.0.0.0
7fea4b7a6000-7fea4b7be000 r-xp 00000000 08:07 2500674                    /lib/x86_64-linux-gnu/libz.so.1.2.8
7fea4b7be000-7fea4b9bd000 ---p 00018000 08:07 2500674                    /lib/x86_64-linux-gnu/libz.so.1.2.8
7fea4b9bd000-7fea4b9be000 r--p 00017000 08:07 2500674                    /lib/x86_64-linux-gnu/libz.so.1.2.8
7fea4b9be000-7fea4b9bf000 rw-p 00018000 08:07 2500674                    /lib/x86_64-linux-gnu/libz.so.1.2.8
7fea4b9bf000-7fea4b9c7000 r-xp 00000000 08:07 2243149                    /usr/lib/x86_64-linux-gnu/libpciaccess.so.0.11.1
7fea4b9c7000-7fea4bbc6000 ---p 00008000 08:07 2243149                    /usr/lib/x86_64-linux-gnu/libpciaccess.so.0.11.1
7fea4bbc6000-7fea4bbc7000 r--p 00007000 08:07 2243149                    /usr/lib/x86_64-linux-gnu/libpciaccess.so.0.11.1
7fea4bbc7000-7fea4bbc8000 rw-p 00008000 08:07 2243149                    /usr/lib/x86_64-linux-gnu/libpciaccess.so.0.11.1
7fea4bbc8000-7fea4bbef000 r-xp 00000000 08:07 2494246                    /lib/x86_64-linux-gnu/libexpat.so.1.6.0
7fea4bbef000-7fea4bdef000 ---p 00027000 08:07 2494246                    /lib/x86_64-linux-gnu/libexpat.so.1.6.0
7fea4bdef000-7fea4bdf1000 r--p 00027000 08:07 2494246                    /lib/x86_64-linux-gnu/libexpat.so.1.6.0
7fea4bdf1000-7fea4bdf2000 rw-p 00029000 08:07 2494246                    /lib/x86_64-linux-gnu/libexpat.so.1.6.0
7fea4bdf2000-7fea4bdfe000 r-xp 00000000 08:07 2243136                    /usr/lib/x86_64-linux-gnu/libdrm_radeon.so.1.0.1
7fea4bdfe000-7fea4bffd000 ---p 0000c000 08:07 2243136                    /usr/lib/x86_64-linux-gnu/libdrm_radeon.so.1.0.1
7fea4bffd000-7fea4bffe000 r--p 0000b000 08:07 2243136                    /usr/lib/x86_64-linux-gnu/libdrm_radeon.so.1.0.1
7fea4bffe000-7fea4bfff000 rw-p 0000c000 08:07 2243136                    /usr/lib/x86_64-linux-gnu/libdrm_radeon.so.1.0.1
7fea4bfff000-7fea50000000 rw-s 00000000 00:14 45868                      /run/shm/pulse-shm-226484922
7fea50000000-7fea50021000 rw-p 00000000 00:00 0 
7fea50021000-7fea54000000 ---p 00000000 00:00 0 
7fea54004000-7fea5400c000 rw-s 00000000 00:04 46903                      /drm mm object (deleted)
7fea5400c000-7fea54014000 rw-s 00000000 00:04 46901                      /drm mm object (deleted)
7fea54014000-7fea5401c000 rw-s 00000000 00:04 46777                      /drm mm object (deleted)
7fea5401c000-7fea54024000 rw-s 00000000 00:04 46899                      /drm mm object (deleted)
7fea54024000-7fea5402c000 rw-s 00000000 00:04 46897                      /drm mm object (deleted)
7fea5402c000-7fea54034000 rw-s 00000000 00:04 46895                      /drm mm object (deleted)
7fea54034000-7fea5403c000 rw-s 00000000 00:04 46893                      /drm mm object (deleted)
7fea5403c000-7fea54044000 rw-s 00000000 00:04 46891                      /drm mm object (deleted)
7fea54044000-7fea54047000 ---p 00000000 00:00 0 
7fea54047000-7fea54145000 rw-p 00000000 00:00 0                          [stack:4780]
7fea54145000-7fea5414a000 r-xp 00000000 08:07 2243151                    /usr/lib/x86_64-linux-gnu/libdrm_nouveau.so.2.0.0
7fea5414a000-7fea54349000 ---p 00005000 08:07 2243151                    /usr/lib/x86_64-linux-gnu/libdrm_nouveau.so.2.0.0
7fea54349000-7fea5434a000 r--p 00004000 08:07 2243151                    /usr/lib/x86_64-linux-gnu/libdrm_nouveau.so.2.0.0
7fea5434a000-7fea5434b000 rw-p 00005000 08:07 2243151                    /usr/lib/x86_64-linux-gnu/libdrm_nouveau.so.2.0.0
7fea5434b000-7fea5436a000 r-xp 00000000 08:07 2243609                    /usr/lib/x86_64-linux-gnu/libdrm_intel.so.1.0.0
7fea5436a000-7fea54569000 ---p 0001f000 08:07 2243609                    /usr/lib/x86_64-linux-gnu/libdrm_intel.so.1.0.0
7fea54569000-7fea5456a000 r--p 0001e000 08:07 2243609                    /usr/lib/x86_64-linux-gnu/libdrm_intel.so.1.0.0
7fea5456a000-7fea5456b000 rw-p 0001f000 08:07 2243609                    /usr/lib/x86_64-linux-gnu/libdrm_intel.so.1.0.0
7fea5456b000-7fea54a5a000 r-xp 00000000 08:07 20610                      /usr/lib/x86_64-linux-gnu/dri/i965_dri.so
7fea54a5a000-7fea54c59000 ---p 004ef000 08:07 20610                      /usr/lib/x86_64-linux-gnu/dri/i965_dri.so
7fea54c59000-7fea54c70000 r--p 004ee000 08:07 20610                      /usr/lib/x86_64-linux-gnu/dri/i965_dri.so
7fea54c70000-7fea54c7c000 rw-p 00505000 08:07 20610                      /usr/lib/x86_64-linux-gnu/dri/i965_dri.so
7fea54c7c000-7fea54cc8000 rw-p 00000000 00:00 0 
7fea54cc8000-7fea54cd0000 r-xp 00000000 08:07 2500732                    /lib/x86_64-linux-gnu/libnih-dbus.so.1.0.0
7fea54cd0000-7fea54ed0000 ---p 00008000 08:07 2500732                    /lib/x86_64-linux-gnu/libnih-dbus.so.1.0.0
7fea54ed0000-7fea54ed1000 r--p 00008000 08:07 2500732                    /lib/x86_64-linux-gnu/libnih-dbus.so.1.0.0
7fea54ed1000-7fea54ed2000 rw-p 00009000 08:07 2500732                    /lib/x86_64-linux-gnu/libnih-dbus.so.1.0.0
7fea54ed2000-7fea54ee9000 r-xp 00000000 08:07 2494286                    /lib/x86_64-linux-gnu/libnih.so.1.0.0
7fea54ee9000-7fea550e8000 ---p 00017000 08:07 2494286                    /lib/x86_64-linux-gnu/libnih.so.1.0.0
7fea550e8000-7fea550e9000 r--p 00016000 08:07 2494286                    /lib/x86_64-linux-gnu/libnih.so.1.0.0
7fea550e9000-7fea550ea000 rw-p 00017000 08:07 2494286                    /lib/x86_64-linux-gnu/libnih.so.1.0.0
7fea550ea000-7fea55103000 r-xp 00000000 08:07 2491890                    /lib/x86_64-linux-gnu/libcgmanager.so.0.0.0
7fea55103000-7fea55302000 ---p 00019000 08:07 2491890                    /lib/x86_64-linux-gnu/libcgmanager.so.0.0.0
7fea55302000-7fea55304000 r--p 00018000 08:07 2491890                    /lib/x86_64-linux-gnu/libcgmanager.so.0.0.0
7fea55304000-7fea55305000 rw-p 0001a000 08:07 2491890                    /lib/x86_64-linux-gnu/libcgmanager.so.0.0.0
7fea55305000-7fea55315000 r-xp 00000000 08:07 2491912                    /lib/x86_64-linux-gnu/libudev.so.1.3.5
7fea55315000-7fea55514000 ---p 00010000 08:07 2491912                    /lib/x86_64-linux-gnu/libudev.so.1.3.5
7fea55514000-7fea55515000 r--p 0000f000 08:07 2491912                    /lib/x86_64-linux-gnu/libudev.so.1.3.5
7fea55515000-7fea55516000 rw-p 00010000 08:07 2491912                    /lib/x86_64-linux-gnu/libudev.so.1.3.5
7fea55516000-7fea55521000 r-xp 00000000 08:07 2229587                    /usr/lib/x86_64-linux-gnu/libdrm.so.2.4.0
7fea55521000-7fea55720000 ---p 0000b000 08:07 2229587                    /usr/lib/x86_64-linux-gnu/libdrm.so.2.4.0
7fea55720000-7fea55721000 r--p 0000a000 08:07 2229587                    /usr/lib/x86_64-linux-gnu/libdrm.so.2.4.0
7fea55721000-7fea55722000 rw-p 0000b000 08:07 2229587                    /usr/lib/x86_64-linux-gnu/libdrm.so.2.4.0
7fea55722000-7fea55723000 r-xp 00000000 08:07 2243482                    /usr/lib/x86_64-linux-gnu/libxshmfence.so.1.0.0
7fea55723000-7fea55922000 ---p 00001000 08:07 2243482                    /usr/lib/x86_64-linux-gnu/libxshmfence.so.1.0.0
7fea55922000-7fea55923000 r--p 00000000 08:07 2243482                    /usr/lib/x86_64-linux-gnu/libxshmfence.so.1.0.0
7fea55923000-7fea55924000 rw-p 00001000 08:07 2243482                    /usr/lib/x86_64-linux-gnu/libxshmfence.so.1.0.0
7fea55924000-7fea55929000 r-xp 00000000 08:07 2251781                    /usr/lib/x86_64-linux-gnu/libxcb-sync.so.1.0.0
7fea55929000-7fea55b28000 ---p 00005000 08:07 2251781                    /usr/lib/x86_64-linux-gnu/libxcb-sync.so.1.0.0
7fea55b28000-7fea55b29000 r--p 00004000 08:07 2251781                    /usr/lib/x86_64-linux-gnu/libxcb-sync.so.1.0.0
7fea55b29000-7fea55b2a000 rw-p 00005000 08:07 2251781                    /usr/lib/x86_64-linux-gnu/libxcb-sync.so.1.0.0
7fea55b2a000-7fea55b2c000 r-xp 00000000 08:07 2251778                    /usr/lib/x86_64-linux-gnu/libxcb-present.so.0.0.0
7fea55b2c000-7fea55d2b000 ---p 00002000 08:07 2251778                    /usr/lib/x86_64-linux-gnu/libxcb-present.so.0.0.0
7fea55d2b000-7fea55d2c000 r--p 00001000 08:07 2251778                    /usr/lib/x86_64-linux-gnu/libxcb-present.so.0.0.0
7fea55d2c000-7fea55d2d000 rw-p 00002000 08:07 2251778                    /usr/lib/x86_64-linux-gnu/libxcb-present.so.0.0.0
7fea55d2d000-7fea55d2f000 r-xp 00000000 08:07 2236640                    /usr/lib/x86_64-linux-gnu/libxcb-dri3.so.0.0.0
7fea55d2f000-7fea55f2e000 ---p 00002000 08:07 2236640                    /usr/lib/x86_64-linux-gnu/libxcb-dri3.so.0.0.0
7fea55f2e000-7fea55f2f000 r--p 00001000 08:07 2236640                    /usr/lib/x86_64-linux-gnu/libxcb-dri3.so.0.0.0
7fea55f2f000-7fea55f30000 rw-p 00002000 08:07 2236640                    /usr/lib/x86_64-linux-gnu/libxcb-dri3.so.0.0.0
7fea55f30000-7fea55f33000 r-xp 00000000 08:07 2243153                    /usr/lib/x86_64-linux-gnu/libxcb-dri2.so.0.0.0
7fea55f33000-7fea56133000 ---p 00003000 08:07 2243153                    /usr/lib/x86_64-linux-gnu/libxcb-dri2.so.0.0.0
7fea56133000-7fea56134000 r--p 00003000 08:07 2243153                    /usr/lib/x86_64-linux-gnu/libxcb-dri2.so.0.0.0
7fea56134000-7fea56135000 rw-p 00004000 08:07 2243153                    /usr/lib/x86_64-linux-gnu/libxcb-dri2.so.0.0.0
7fea56135000-7fea5614a000 r-xp 00000000 08:07 2243189                    /usr/lib/x86_64-linux-gnu/libxcb-glx.so.0.0.0
7fea5614a000-7fea56349000 ---p 00015000 08:07 2243189                    /usr/lib/x86_64-linux-gnu/libxcb-glx.so.0.0.0
7fea56349000-7fea5634b000 r--p 00014000 08:07 2243189                    /usr/lib/x86_64-linux-gnu/libxcb-glx.so.0.0.0
7fea5634b000-7fea5634c000 rw-p 00016000 08:07 2243189                    /usr/lib/x86_64-linux-gnu/libxcb-glx.so.0.0.0
7fea5634c000-7fea5634d000 r-xp 00000000 08:07 2243165                    /usr/lib/x86_64-linux-gnu/libX11-xcb.so.1.0.0
7fea5634d000-7fea5654c000 ---p 00001000 08:07 2243165                    /usr/lib/x86_64-linux-gnu/libX11-xcb.so.1.0.0
7fea5654c000-7fea5654d000 r--p 00000000 08:07 2243165                    /usr/lib/x86_64-linux-gnu/libX11-xcb.so.1.0.0
7fea5654d000-7fea5654e000 rw-p 00001000 08:07 2243165                    /usr/lib/x86_64-linux-gnu/libX11-xcb.so.1.0.0
7fea5654e000-7fea56550000 r-xp 00000000 08:07 2244037                    /usr/lib/x86_64-linux-gnu/libXdamage.so.1.1.0
7fea56550000-7fea5674f000 ---p 00002000 08:07 2244037                    /usr/lib/x86_64-linux-gnu/libXdamage.so.1.1.0
7fea5674f000-7fea56750000 r--p 00001000 08:07 2244037                    /usr/lib/x86_64-linux-gnu/libXdamage.so.1.1.0
7fea56750000-7fea56751000 rw-p 00002000 08:07 2244037                    /usr/lib/x86_64-linux-gnu/libXdamage.so.1.1.0
7fea56751000-7fea56773000 r-xp 00000000 08:07 2234673                    /usr/lib/x86_64-linux-gnu/libglapi.so.0.0.0
7fea56773000-7fea56973000 ---p 00022000 08:07 2234673                    /usr/lib/x86_64-linux-gnu/libglapi.so.0.0.0
7fea56973000-7fea56976000 r--p 00022000 08:07 2234673                    /usr/lib/x86_64-linux-gnu/libglapi.so.0.0.0
7fea56976000-7fea56977000 rw-p 00025000 08:07 2234673                    /usr/lib/x86_64-linux-gnu/libglapi.so.0.0.0
7fea56977000-7fea56978000 rw-p 00000000 00:00 0 
7fea56978000-7fea569da000 r-xp 00000000 08:07 769                        /usr/lib/x86_64-linux-gnu/mesa/libGL.so.1.2.0
7fea569da000-7fea56bd9000 ---p 00062000 08:07 769                        /usr/lib/x86_64-linux-gnu/mesa/libGL.so.1.2.0
7fea56bd9000-7fea56bdc000 r--p 00061000 08:07 769                        /usr/lib/x86_64-linux-gnu/mesa/libGL.so.1.2.0
7fea56bdc000-7fea56bdd000 rw-p 00064000 08:07 769                        /usr/lib/x86_64-linux-gnu/mesa/libGL.so.1.2.0
7fea56bdd000-7fea56bde000 rw-p 00000000 00:00 0 
7fea56bde000-7fea56be1000 ---p 00000000 00:00 0 
7fea56be1000-7fea56cdf000 rw-p 00000000 00:00 0                          [stack:4774]
7fea56cdf000-7fea56ce0000 ---p 00000000 00:00 0 
7fea56ce0000-7fea574e0000 rw-p 00000000 00:00 0                          [stack:4772]
7fea574e0000-7fea574f7000 r-xp 00000000 08:07 2513918                    /lib/x86_64-linux-gnu/libresolv-2.19.so
7fea574f7000-7fea576f7000 ---p 00017000 08:07 2513918                    /lib/x86_64-linux-gnu/libresolv-2.19.so
7fea576f7000-7fea576f8000 r--p 00017000 08:07 2513918                    /lib/x86_64-linux-gnu/libresolv-2.19.so
7fea576f8000-7fea576f9000 rw-p 00018000 08:07 2513918                    /lib/x86_64-linux-gnu/libresolv-2.19.so
7fea576f9000-7fea576fb000 rw-p 00000000 00:00 0 
7fea576fb000-7fea57702000 r-xp 00000000 08:07 2236867                    /usr/lib/x86_64-linux-gnu/libogg.so.0.8.1
7fea57702000-7fea57902000 ---p 00007000 08:07 2236867                    /usr/lib/x86_64-linux-gnu/libogg.so.0.8.1
7fea57902000-7fea57903000 r--p 00007000 08:07 2236867                    /usr/lib/x86_64-linux-gnu/libogg.so.0.8.1
7fea57903000-7fea57904000 rw-p 00008000 08:07 2236867                    /usr/lib/x86_64-linux-gnu/libogg.so.0.8.1
7fea57904000-7fea57930000 r-xp 00000000 08:07 2243434                    /usr/lib/x86_64-linux-gnu/libvorbis.so.0.4.5
7fea57930000-7fea57b2f000 ---p 0002c000 08:07 2243434                    /usr/lib/x86_64-linux-gnu/libvorbis.so.0.4.5
7fea57b2f000-7fea57b30000 r--p 0002b000 08:07 2243434                    /usr/lib/x86_64-linux-gnu/libvorbis.so.0.4.5
7fea57b30000-7fea57b31000 rw-p 0002c000 08:07 2243434                    /usr/lib/x86_64-linux-gnu/libvorbis.so.0.4.5
7fea57b31000-7fea57de4000 r-xp 00000000 08:07 2243426                    /usr/lib/x86_64-linux-gnu/libvorbisenc.so.2.0.8
7fea57de4000-7fea57fe3000 ---p 002b3000 08:07 2243426                    /usr/lib/x86_64-linux-gnu/libvorbisenc.so.2.0.8
7fea57fe3000-7fea57fff000 r--p 002b2000 08:07 2243426                    /usr/lib/x86_64-linux-gnu/libvorbisenc.so.2.0.8
7fea57fff000-7fea58000000 rw-p 002ce000 08:07 2243426                    /usr/lib/x86_64-linux-gnu/libvorbisenc.so.2.0.8
7fea58000000-7fea58021000 rw-p 00000000 00:00 0 
7fea58021000-7fea5c000000 ---p 00000000 00:00 0 
7fea5c000000-7fea5c021000 rw-p 00000000 00:00 0 
7fea5c021000-7fea60000000 ---p 00000000 00:00 0 
7fea60002000-7fea6000a000 rw-s 00000000 00:04 46889                      /drm mm object (deleted)
7fea6000a000-7fea60012000 rw-s 00000000 00:04 46887                      /drm mm object (deleted)
7fea60012000-7fea6001a000 rw-s 00000000 00:04 47311                      /drm mm object (deleted)
7fea6001a000-7fea6008e000 rw-p 00000000 00:00 0 
7fea60093000-7fea6009b000 rw-s 00000000 00:04 46885                      /drm mm object (deleted)
7fea6009b000-7fea6009c000 ---p 00000000 00:00 0 
7fea6009c000-7fea6019c000 rw-p 00000000 00:00 0                          [stack:4773]
7fea6019c000-7fea601cb000 r-xp 00000000 08:07 2228700                    /usr/lib/x86_64-linux-gnu/libFLAC.so.8.3.0
7fea601cb000-7fea603cb000 ---p 0002f000 08:07 2228700                    /usr/lib/x86_64-linux-gnu/libFLAC.so.8.3.0
7fea603cb000-7fea603cc000 r--p 0002f000 08:07 2228700                    /usr/lib/x86_64-linux-gnu/libFLAC.so.8.3.0
7fea603cc000-7fea603cd000 rw-p 00030000 08:07 2228700                    /usr/lib/x86_64-linux-gnu/libFLAC.so.8.3.0
7fea603cd000-7fea603d2000 r-xp 00000000 08:07 2236545                    /usr/lib/x86_64-linux-gnu/libasyncns.so.0.3.1
7fea603d2000-7fea605d1000 ---p 00005000 08:07 2236545                    /usr/lib/x86_64-linux-gnu/libasyncns.so.0.3.1
7fea605d1000-7fea605d2000 r--p 00004000 08:07 2236545                    /usr/lib/x86_64-linux-gnu/libasyncns.so.0.3.1
7fea605d2000-7fea605d3000 rw-p 00005000 08:07 2236545                    /usr/lib/x86_64-linux-gnu/libasyncns.so.0.3.1
7fea605d3000-7fea60634000 r-xp 00000000 08:07 2237212                    /usr/lib/x86_64-linux-gnu/libsndfile.so.1.0.25
7fea60634000-7fea60834000 ---p 00061000 08:07 2237212                    /usr/lib/x86_64-linux-gnu/libsndfile.so.1.0.25
7fea60834000-7fea60836000 r--p 00061000 08:07 2237212                    /usr/lib/x86_64-linux-gnu/libsndfile.so.1.0.25
7fea60836000-7fea60837000 rw-p 00063000 08:07 2237212                    /usr/lib/x86_64-linux-gnu/libsndfile.so.1.0.25
7fea60837000-7fea6083b000 rw-p 00000000 00:00 0 
7fea6083b000-7fea60843000 r-xp 00000000 08:07 2491503                    /lib/x86_64-linux-gnu/libwrap.so.0.7.6
7fea60843000-7fea60a42000 ---p 00008000 08:07 2491503                    /lib/x86_64-linux-gnu/libwrap.so.0.7.6
7fea60a42000-7fea60a43000 r--p 00007000 08:07 2491503                    /lib/x86_64-linux-gnu/libwrap.so.0.7.6
7fea60a43000-7fea60a44000 rw-p 00008000 08:07 2491503                    /lib/x86_64-linux-gnu/libwrap.so.0.7.6
7fea60a44000-7fea60a45000 rw-p 00000000 00:00 0 
7fea60a45000-7fea60a89000 r-xp 00000000 08:07 2490742                    /lib/x86_64-linux-gnu/libdbus-1.so.3.7.6
7fea60a89000-7fea60c88000 ---p 00044000 08:07 2490742                    /lib/x86_64-linux-gnu/libdbus-1.so.3.7.6
7fea60c88000-7fea60c89000 r--p 00043000 08:07 2490742                    /lib/x86_64-linux-gnu/libdbus-1.so.3.7.6
7fea60c89000-7fea60c8a000 rw-p 00044000 08:07 2490742                    /lib/x86_64-linux-gnu/libdbus-1.so.3.7.6
7fea60c8a000-7fea60cf0000 r-xp 00000000 08:07 474                        /usr/lib/x86_64-linux-gnu/pulseaudio/libpulsecommon-4.0.so
7fea60cf0000-7fea60eef000 ---p 00066000 08:07 474                        /usr/lib/x86_64-linux-gnu/pulseaudio/libpulsecommon-4.0.so
7fea60eef000-7fea60ef0000 r--p 00065000 08:07 474                        /usr/lib/x86_64-linux-gnu/pulseaudio/libpulsecommon-4.0.so
7fea60ef0000-7fea60ef1000 rw-p 00066000 08:07 474                        /usr/lib/x86_64-linux-gnu/pulseaudio/libpulsecommon-4.0.so
7fea60ef1000-7fea60efb000 r-xp 00000000 08:07 2491865                    /lib/x86_64-linux-gnu/libjson-c.so.2.0.0
7fea60efb000-7fea610fa000 ---p 0000a000 08:07 2491865                    /lib/x86_64-linux-gnu/libjson-c.so.2.0.0
7fea610fa000-7fea610fb000 r--p 00009000 08:07 2491865                    /lib/x86_64-linux-gnu/libjson-c.so.2.0.0
7fea610fb000-7fea610fc000 rw-p 0000a000 08:07 2491865                    /lib/x86_64-linux-gnu/libjson-c.so.2.0.0
7fea610fc000-7fea61143000 r-xp 00000000 08:07 2240893                    /usr/lib/x86_64-linux-gnu/libpulse.so.0.16.2
7fea61143000-7fea61343000 ---p 00047000 08:07 2240893                    /usr/lib/x86_64-linux-gnu/libpulse.so.0.16.2
7fea61343000-7fea61344000 r--p 00047000 08:07 2240893                    /usr/lib/x86_64-linux-gnu/libpulse.so.0.16.2
7fea61344000-7fea61345000 rw-p 00048000 08:07 2240893                    /usr/lib/x86_64-linux-gnu/libpulse.so.0.16.2
7fea61345000-7fea6139a000 r-xp 00000000 08:07 1978326                    /tmp/libgdxpigmassacre/7b43be9b/libopenal64.so (deleted)
7fea6139a000-7fea61599000 ---p 00055000 08:07 1978326                    /tmp/libgdxpigmassacre/7b43be9b/libopenal64.so (deleted)
7fea61599000-7fea6159c000 r--p 00054000 08:07 1978326                    /tmp/libgdxpigmassacre/7b43be9b/libopenal64.so (deleted)
7fea6159c000-7fea6159d000 rw-p 00057000 08:07 1978326                    /tmp/libgdxpigmassacre/7b43be9b/libopenal64.so (deleted)
7fea6159d000-7fea6159e000 rw-p 00000000 00:00 0 
7fea6159e000-7fea615a2000 r-xp 00000000 08:07 2244041                    /usr/lib/x86_64-linux-gnu/libXxf86vm.so.1.0.0
7fea615a2000-7fea617a2000 ---p 00004000 08:07 2244041                    /usr/lib/x86_64-linux-gnu/libXxf86vm.so.1.0.0
7fea617a2000-7fea617a3000 r--p 00004000 08:07 2244041                    /usr/lib/x86_64-linux-gnu/libXxf86vm.so.1.0.0
7fea617a3000-7fea617a4000 rw-p 00005000 08:07 2244041                    /usr/lib/x86_64-linux-gnu/libXxf86vm.so.1.0.0
7fea617a4000-7fea617ad000 r-xp 00000000 08:07 2235865                    /usr/lib/x86_64-linux-gnu/libXrandr.so.2.2.0
7fea617ad000-7fea619ac000 ---p 00009000 08:07 2235865                    /usr/lib/x86_64-linux-gnu/libXrandr.so.2.2.0
7fea619ac000-7fea619ad000 r--p 00008000 08:07 2235865                    /usr/lib/x86_64-linux-gnu/libXrandr.so.2.2.0
7fea619ad000-7fea619ae000 rw-p 00009000 08:07 2235865                    /usr/lib/x86_64-linux-gnu/libXrandr.so.2.2.0
7fea619ae000-7fea61a1a000 r-xp 00000000 08:07 1978325                    /tmp/libgdxpigmassacre/7b43be9b/liblwjgl64.so (deleted)
7fea61a1a000-7fea61c19000 ---p 0006c000 08:07 1978325                    /tmp/libgdxpigmassacre/7b43be9b/liblwjgl64.so (deleted)
7fea61c19000-7fea61c1b000 r--p 0006b000 08:07 1978325                    /tmp/libgdxpigmassacre/7b43be9b/liblwjgl64.so (deleted)
7fea61c1b000-7fea61c1c000 rw-p 0006d000 08:07 1978325                    /tmp/libgdxpigmassacre/7b43be9b/liblwjgl64.so (deleted)
7fea61c1c000-7fea61c1d000 r-xp 00000000 08:07 2237369                    /usr/lib/jvm/java-7-oracle/jre/lib/amd64/libjawt.so
7fea61c1d000-7fea61e1c000 ---p 00001000 08:07 2237369                    /usr/lib/jvm/java-7-oracle/jre/lib/amd64/libjawt.so
7fea61e1c000-7fea61e1d000 rw-p 00000000 08:07 2237369                    /usr/lib/jvm/java-7-oracle/jre/lib/amd64/libjawt.so
7fea61e1d000-7fea61e20000 ---p 00000000 00:00 0 
7fea61e20000-7fea61f1e000 rw-p 00000000 00:00 0                          [stack:4770]
7fea61f1e000-7fea61f23000 r-xp 00000000 08:07 2243215                    /usr/lib/x86_64-linux-gnu/libXfixes.so.3.1.0
7fea61f23000-7fea62122000 ---p 00005000 08:07 2243215                    /usr/lib/x86_64-linux-gnu/libXfixes.so.3.1.0
7fea62122000-7fea62123000 r--p 00004000 08:07 2243215                    /usr/lib/x86_64-linux-gnu/libXfixes.so.3.1.0
7fea62123000-7fea62124000 rw-p 00005000 08:07 2243215                    /usr/lib/x86_64-linux-gnu/libXfixes.so.3.1.0
7fea62124000-7fea6212d000 r-xp 00000000 08:07 2231411                    /usr/lib/x86_64-linux-gnu/libXcursor.so.1.0.2
7fea6212d000-7fea6232c000 ---p 00009000 08:07 2231411                    /usr/lib/x86_64-linux-gnu/libXcursor.so.1.0.2
7fea6232c000-7fea6232d000 r--p 00008000 08:07 2231411                    /usr/lib/x86_64-linux-gnu/libXcursor.so.1.0.2
7fea6232d000-7fea6232e000 rw-p 00009000 08:07 2231411                    /usr/lib/x86_64-linux-gnu/libXcursor.so.1.0.2
7fea6232e000-7fea62331000 ---p 00000000 00:00 0 
7fea62331000-7fea6242f000 rw-p 00000000 00:00 0                          [stack:4769]
7fea6242f000-7fea62434000 r-xp 00000000 08:07 2236483                    /usr/lib/x86_64-linux-gnu/libXdmcp.so.6.0.0
7fea62434000-7fea62633000 ---p 00005000 08:07 2236483                    /usr/lib/x86_64-linux-gnu/libXdmcp.so.6.0.0
7fea62633000-7fea62634000 r--p 00004000 08:07 2236483                    /usr/lib/x86_64-linux-gnu/libXdmcp.so.6.0.0
7fea62634000-7fea62635000 rw-p 00005000 08:07 2236483                    /usr/lib/x86_64-linux-gnu/libXdmcp.so.6.0.0
7fea62635000-7fea62637000 r-xp 00000000 08:07 2233692                    /usr/lib/x86_64-linux-gnu/libXau.so.6.0.0
7fea62637000-7fea62837000 ---p 00002000 08:07 2233692                    /usr/lib/x86_64-linux-gnu/libXau.so.6.0.0
7fea62837000-7fea62838000 r--p 00002000 08:07 2233692                    /usr/lib/x86_64-linux-gnu/libXau.so.6.0.0
7fea62838000-7fea62839000 rw-p 00003000 08:07 2233692                    /usr/lib/x86_64-linux-gnu/libXau.so.6.0.0
7fea62839000-7fea62856000 r-xp 00000000 08:07 2233724                    /usr/lib/x86_64-linux-gnu/libxcb.so.1.1.0
7fea62856000-7fea62a56000 ---p 0001d000 08:07 2233724                    /usr/lib/x86_64-linux-gnu/libxcb.so.1.1.0
7fea62a56000-7fea62a57000 r--p 0001d000 08:07 2233724                    /usr/lib/x86_64-linux-gnu/libxcb.so.1.1.0
7fea62a57000-7fea62a58000 rw-p 0001e000 08:07 2233724                    /usr/lib/x86_64-linux-gnu/libxcb.so.1.1.0
7fea62a58000-7fea62a67000 r-xp 00000000 08:07 2236490                    /usr/lib/x86_64-linux-gnu/libXi.so.6.1.0
7fea62a67000-7fea62c66000 ---p 0000f000 08:07 2236490                    /usr/lib/x86_64-linux-gnu/libXi.so.6.1.0
7fea62c66000-7fea62c67000 r--p 0000e000 08:07 2236490                    /usr/lib/x86_64-linux-gnu/libXi.so.6.1.0
7fea62c67000-7fea62c68000 rw-p 0000f000 08:07 2236490                    /usr/lib/x86_64-linux-gnu/libXi.so.6.1.0
7fea62c68000-7fea62c6d000 r-xp 00000000 08:07 2233797                    /usr/lib/x86_64-linux-gnu/libXtst.so.6.1.0
7fea62c6d000-7fea62e6c000 ---p 00005000 08:07 2233797                    /usr/lib/x86_64-linux-gnu/libXtst.so.6.1.0
7fea62e6c000-7fea62e6d000 r--p 00004000 08:07 2233797                    /usr/lib/x86_64-linux-gnu/libXtst.so.6.1.0
7fea62e6d000-7fea62e6e000 rw-p 00005000 08:07 2233797                    /usr/lib/x86_64-linux-gnu/libXtst.so.6.1.0
7fea62e6e000-7fea62e77000 r-xp 00000000 08:07 2243308                    /usr/lib/x86_64-linux-gnu/libXrender.so.1.3.0
7fea62e77000-7fea63076000 ---p 00009000 08:07 2243308                    /usr/lib/x86_64-linux-gnu/libXrender.so.1.3.0
7fea63076000-7fea63077000 r--p 00008000 08:07 2243308                    /usr/lib/x86_64-linux-gnu/libXrender.so.1.3.0
7fea63077000-7fea63078000 rw-p 00009000 08:07 2243308                    /usr/lib/x86_64-linux-gnu/libXrender.so.1.3.0
7fea63078000-7fea631a8000 r-xp 00000000 08:07 2229104                    /usr/lib/x86_64-linux-gnu/libX11.so.6.3.0
7fea631a8000-7fea633a8000 ---p 00130000 08:07 2229104                    /usr/lib/x86_64-linux-gnu/libX11.so.6.3.0
7fea633a8000-7fea633a9000 r--p 00130000 08:07 2229104                    /usr/lib/x86_64-linux-gnu/libX11.so.6.3.0
7fea633a9000-7fea633ad000 rw-p 00131000 08:07 2229104                    /usr/lib/x86_64-linux-gnu/libX11.so.6.3.0
7fea633ad000-7fea633be000 r-xp 00000000 08:07 2233754                    /usr/lib/x86_64-linux-gnu/libXext.so.6.4.0
7fea633be000-7fea635bd000 ---p 00011000 08:07 2233754                    /usr/lib/x86_64-linux-gnu/libXext.so.6.4.0
7fea635bd000-7fea635be000 r--p 00010000 08:07 2233754                    /usr/lib/x86_64-linux-gnu/libXext.so.6.4.0
7fea635be000-7fea635bf000 rw-p 00011000 08:07 2233754                    /usr/lib/x86_64-linux-gnu/libXext.so.6.4.0
7fea635bf000-7fea6360f000 r-xp 00000000 08:07 2230047                    /usr/lib/jvm/java-7-oracle/jre/lib/amd64/xawt/libmawt.so
7fea6360f000-7fea6380f000 ---p 00050000 08:07 2230047                    /usr/lib/jvm/java-7-oracle/jre/lib/amd64/xawt/libmawt.so
7fea6380f000-7fea63813000 rw-p 00050000 08:07 2230047                    /usr/lib/jvm/java-7-oracle/jre/lib/amd64/xawt/libmawt.so
7fea63813000-7fea63814000 rw-p 00000000 00:00 0 
7fea63814000-7fea638b6000 r-xp 00000000 08:07 2237408                    /usr/lib/jvm/java-7-oracle/jre/lib/amd64/libawt.so
7fea638b6000-7fea63ab6000 ---p 000a2000 08:07 2237408                    /usr/lib/jvm/java-7-oracle/jre/lib/amd64/libawt.so
7fea63ab6000-7fea63ac2000 rw-p 000a2000 08:07 2237408                    /usr/lib/jvm/java-7-oracle/jre/lib/amd64/libawt.so
7fea63ac2000-7fea63ae6000 rw-p 00000000 00:00 0 
7fea63ae6000-7fea63afc000 r-xp 00000000 08:07 2494672                    /lib/x86_64-linux-gnu/libgcc_s.so.1
7fea63afc000-7fea63cfb000 ---p 00016000 08:07 2494672                    /lib/x86_64-linux-gnu/libgcc_s.so.1
7fea63cfb000-7fea63cfc000 rw-p 00015000 08:07 2494672                    /lib/x86_64-linux-gnu/libgcc_s.so.1
7fea63cfc000-7fea63de2000 r-xp 00000000 08:07 2228396                    /usr/lib/x86_64-linux-gnu/libstdc++.so.6.0.19
7fea63de2000-7fea63fe1000 ---p 000e6000 08:07 2228396                    /usr/lib/x86_64-linux-gnu/libstdc++.so.6.0.19
7fea63fe1000-7fea63fe9000 r--p 000e5000 08:07 2228396                    /usr/lib/x86_64-linux-gnu/libstdc++.so.6.0.19
7fea63fe9000-7fea63feb000 rw-p 000ed000 08:07 2228396                    /usr/lib/x86_64-linux-gnu/libstdc++.so.6.0.19
7fea63feb000-7fea64000000 rw-p 00000000 00:00 0 
7fea64000000-7fea64f79000 rw-p 00000000 00:00 0 
7fea64f79000-7fea68000000 ---p 00000000 00:00 0 
7fea68000000-7fea68021000 rw-p 00000000 00:00 0 
7fea68021000-7fea6c000000 ---p 00000000 00:00 0 
7fea6c000000-7fea6c021000 rw-p 00000000 00:00 0 
7fea6c021000-7fea70000000 ---p 00000000 00:00 0 
7fea70000000-7fea7071e000 rw-p 00000000 00:00 0 
7fea7071e000-7fea74000000 ---p 00000000 00:00 0 
7fea74000000-7fea74021000 rw-p 00000000 00:00 0 
7fea74021000-7fea78000000 ---p 00000000 00:00 0 
7fea78000000-7fea78021000 rw-p 00000000 00:00 0 
7fea78021000-7fea7c000000 ---p 00000000 00:00 0 
7fea7c000000-7fea7c021000 rw-p 00000000 00:00 0 
7fea7c021000-7fea80000000 ---p 00000000 00:00 0 
7fea80000000-7fea80021000 rw-p 00000000 00:00 0 
7fea80021000-7fea84000000 ---p 00000000 00:00 0 
7fea84000000-7fea84021000 rw-p 00000000 00:00 0 
7fea84021000-7fea88000000 ---p 00000000 00:00 0 
7fea88000000-7fea88021000 rw-p 00000000 00:00 0 
7fea88021000-7fea8c000000 ---p 00000000 00:00 0 
7fea8c005000-7fea8c00d000 rw-s 00000000 00:04 45893                      /drm mm object (deleted)
7fea8c00d000-7fea8c015000 rw-s 00000000 00:04 46883                      /drm mm object (deleted)
7fea8c015000-7fea8c01d000 rw-s 00000000 00:04 46881                      /drm mm object (deleted)
7fea8c01d000-7fea8c08d000 rw-s 00000000 00:04 46712                      /drm mm object (deleted)
7fea8c08d000-7fea8c091000 rw-s 00000000 00:04 46715                      /drm mm object (deleted)
7fea8c091000-7fea8c09b000 r--s 00250000 08:07 2242743                    /usr/lib/jvm/java-7-oracle/jre/lib/resources.jar
7fea8c09b000-7fea8c0a3000 rw-s 00000000 00:04 46879                      /drm mm object (deleted)
7fea8c0a3000-7fea8c0ab000 rw-s 00000000 00:04 46877                      /drm mm object (deleted)
7fea8c0ab000-7fea8c0b3000 rw-s 00000000 00:04 48324                      /drm mm object (deleted)
7fea8c0b3000-7fea8c0b6000 ---p 00000000 00:00 0 
7fea8c0b6000-7fea8c0ec000 rw-p 00000000 00:00 0 
7fea8c0ec000-7fea8c15b000 r-xp 00000000 08:07 1978320                    /tmp/libgdxpigmassacre/b4a54a2/libgdx64.so
7fea8c15b000-7fea8c35a000 ---p 0006f000 08:07 1978320                    /tmp/libgdxpigmassacre/b4a54a2/libgdx64.so
7fea8c35a000-7fea8c35c000 r--p 0006e000 08:07 1978320                    /tmp/libgdxpigmassacre/b4a54a2/libgdx64.so
7fea8c35c000-7fea8c35d000 rw-p 00070000 08:07 1978320                    /tmp/libgdxpigmassacre/b4a54a2/libgdx64.so
7fea8c35d000-7fea8c35e000 rw-p 00000000 00:00 0 
7fea8c35e000-7fea8c35f000 ---p 00000000 00:00 0 
7fea8c35f000-7fea8c45f000 rw-p 00000000 00:00 0                          [stack:4768]
7fea8c45f000-7fea8c462000 ---p 00000000 00:00 0 
7fea8c462000-7fea8c560000 rw-p 00000000 00:00 0                          [stack:4767]
7fea8c560000-7fea8c563000 ---p 00000000 00:00 0 
7fea8c563000-7fea8c661000 rw-p 00000000 00:00 0                          [stack:4766]
7fea8c661000-7fea8c664000 ---p 00000000 00:00 0 
7fea8c664000-7fea8c762000 rw-p 00000000 00:00 0                          [stack:4765]
7fea8c762000-7fea8c765000 ---p 00000000 00:00 0 
7fea8c765000-7fea8c863000 rw-p 00000000 00:00 0                          [stack:4764]
7fea8c863000-7fea8cdcc000 r--p 00000000 08:07 2245207                    /usr/lib/locale/locale-archive
7fea8cdcc000-7fea8cdcf000 ---p 00000000 00:00 0 
7fea8cdcf000-7fea8cecd000 rw-p 00000000 00:00 0                          [stack:4763]
7fea8cecd000-7fea8ced0000 ---p 00000000 00:00 0 
7fea8ced0000-7fea8cfce000 rw-p 00000000 00:00 0                          [stack:4762]
7fea8cfce000-7fea8cfcf000 ---p 00000000 00:00 0 
7fea8cfcf000-7fea90000000 rw-p 00000000 00:00 0                          [stack:4761]
7fea90000000-7fea90021000 rw-p 00000000 00:00 0 
7fea90021000-7fea94000000 ---p 00000000 00:00 0 
7fea94004000-7fea9401a000 r--s 00156000 08:05 328530                     /media/DATA/Programmering/Workspaces/mBreak-libGDX/mBreak/libs/gdx.jar
7fea9401a000-7fea941a8000 rw-p 00000000 00:00 0 
7fea941a8000-7fea94364000 r--s 039b2000 08:07 2230026                    /usr/lib/jvm/java-7-oracle/jre/lib/rt.jar
7fea94364000-7fea94669000 rw-p 00000000 00:00 0 
7fea94669000-7fea9466a000 ---p 00000000 00:00 0 
7fea9466a000-7fea9476a000 rw-p 00000000 00:00 0                          [stack:4757]
7fea9476a000-7fea9476b000 ---p 00000000 00:00 0 
7fea9476b000-7fea9486b000 rw-p 00000000 00:00 0                          [stack:4756]
7fea9486b000-7fea9486c000 ---p 00000000 00:00 0 
7fea9486c000-7fea9496c000 rw-p 00000000 00:00 0                          [stack:4755]
7fea9496c000-7fea9496d000 ---p 00000000 00:00 0 
7fea9496d000-7fea94a78000 rw-p 00000000 00:00 0                          [stack:4754]
7fea94a78000-7fea94a79000 ---p 00000000 00:00 0 
7fea94a79000-7fea94a96000 rw-p 00000000 00:00 0 
7fea94a96000-7fea94bd8000 rw-p 00000000 00:00 0 
7fea94bd8000-7fea94be3000 rw-p 00000000 00:00 0 
7fea94be3000-7fea94be4000 ---p 00000000 00:00 0 
7fea94be4000-7fea94c01000 rw-p 00000000 00:00 0 
7fea94c01000-7fea94d43000 rw-p 00000000 00:00 0 
7fea94d43000-7fea94ddf000 rw-p 00000000 00:00 0 
7fea94ddf000-7fea94de0000 ---p 00000000 00:00 0 
7fea94de0000-7fea94de4000 rw-p 00000000 00:00 0 
7fea94de4000-7fea94de5000 rw-p 00000000 00:00 0 
7fea94de5000-7fea95055000 rwxp 00000000 00:00 0 
7fea95055000-7fea97de5000 rw-p 00000000 00:00 0 
7fea97de5000-7fea97dff000 r-xp 00000000 08:07 2237409                    /usr/lib/jvm/java-7-oracle/jre/lib/amd64/libzip.so
7fea97dff000-7fea97fff000 ---p 0001a000 08:07 2237409                    /usr/lib/jvm/java-7-oracle/jre/lib/amd64/libzip.so
7fea97fff000-7fea98000000 rw-p 0001a000 08:07 2237409                    /usr/lib/jvm/java-7-oracle/jre/lib/amd64/libzip.so
7fea98000000-7fea98290000 rw-p 00000000 00:00 0 
7fea98290000-7fea9c000000 ---p 00000000 00:00 0 
7fea9c001000-7fea9c002000 rw-s 00000000 00:04 48329                      /drm mm object (deleted)
7fea9c002000-7fea9c009000 r--s 00000000 08:07 13850                      /usr/lib/x86_64-linux-gnu/gconv/gconv-modules.cache
7fea9c009000-7fea9c00c000 r--s 0000b000 08:05 116821                     /media/DATA/Programmering/Workspaces/mBreak-libGDX/mBreak/libs/tween-engine-api.jar
7fea9c00c000-7fea9c017000 r-xp 00000000 08:07 2513846                    /lib/x86_64-linux-gnu/libnss_files-2.19.so
7fea9c017000-7fea9c216000 ---p 0000b000 08:07 2513846                    /lib/x86_64-linux-gnu/libnss_files-2.19.so
7fea9c216000-7fea9c217000 r--p 0000a000 08:07 2513846                    /lib/x86_64-linux-gnu/libnss_files-2.19.so
7fea9c217000-7fea9c218000 rw-p 0000b000 08:07 2513846                    /lib/x86_64-linux-gnu/libnss_files-2.19.so
7fea9c218000-7fea9c223000 r-xp 00000000 08:07 2513907                    /lib/x86_64-linux-gnu/libnss_nis-2.19.so
7fea9c223000-7fea9c422000 ---p 0000b000 08:07 2513907                    /lib/x86_64-linux-gnu/libnss_nis-2.19.so
7fea9c422000-7fea9c423000 r--p 0000a000 08:07 2513907                    /lib/x86_64-linux-gnu/libnss_nis-2.19.so
7fea9c423000-7fea9c424000 rw-p 0000b000 08:07 2513907                    /lib/x86_64-linux-gnu/libnss_nis-2.19.so
7fea9c424000-7fea9c43b000 r-xp 00000000 08:07 2513854                    /lib/x86_64-linux-gnu/libnsl-2.19.so
7fea9c43b000-7fea9c63a000 ---p 00017000 08:07 2513854                    /lib/x86_64-linux-gnu/libnsl-2.19.so
7fea9c63a000-7fea9c63b000 r--p 00016000 08:07 2513854                    /lib/x86_64-linux-gnu/libnsl-2.19.so
7fea9c63b000-7fea9c63c000 rw-p 00017000 08:07 2513854                    /lib/x86_64-linux-gnu/libnsl-2.19.so
7fea9c63c000-7fea9c63e000 rw-p 00000000 00:00 0 
7fea9c63e000-7fea9c647000 r-xp 00000000 08:07 2513909                    /lib/x86_64-linux-gnu/libnss_compat-2.19.so
7fea9c647000-7fea9c846000 ---p 00009000 08:07 2513909                    /lib/x86_64-linux-gnu/libnss_compat-2.19.so
7fea9c846000-7fea9c847000 r--p 00008000 08:07 2513909                    /lib/x86_64-linux-gnu/libnss_compat-2.19.so
7fea9c847000-7fea9c848000 rw-p 00009000 08:07 2513909                    /lib/x86_64-linux-gnu/libnss_compat-2.19.so
7fea9c848000-7fea9c871000 r-xp 00000000 08:07 2230068                    /usr/lib/jvm/java-7-oracle/jre/lib/amd64/libjava.so
7fea9c871000-7fea9ca71000 ---p 00029000 08:07 2230068                    /usr/lib/jvm/java-7-oracle/jre/lib/amd64/libjava.so
7fea9ca71000-7fea9ca73000 rw-p 00029000 08:07 2230068                    /usr/lib/jvm/java-7-oracle/jre/lib/amd64/libjava.so
7fea9ca73000-7fea9ca80000 r-xp 00000000 08:07 2230038                    /usr/lib/jvm/java-7-oracle/jre/lib/amd64/libverify.so
7fea9ca80000-7fea9cc7f000 ---p 0000d000 08:07 2230038                    /usr/lib/jvm/java-7-oracle/jre/lib/amd64/libverify.so
7fea9cc7f000-7fea9cc81000 rw-p 0000c000 08:07 2230038                    /usr/lib/jvm/java-7-oracle/jre/lib/amd64/libverify.so
7fea9cc81000-7fea9cc88000 r-xp 00000000 08:07 2513920                    /lib/x86_64-linux-gnu/librt-2.19.so
7fea9cc88000-7fea9ce87000 ---p 00007000 08:07 2513920                    /lib/x86_64-linux-gnu/librt-2.19.so
7fea9ce87000-7fea9ce88000 r--p 00006000 08:07 2513920                    /lib/x86_64-linux-gnu/librt-2.19.so
7fea9ce88000-7fea9ce89000 rw-p 00007000 08:07 2513920                    /lib/x86_64-linux-gnu/librt-2.19.so
7fea9ce89000-7fea9cf8e000 r-xp 00000000 08:07 2513848                    /lib/x86_64-linux-gnu/libm-2.19.so
7fea9cf8e000-7fea9d18d000 ---p 00105000 08:07 2513848                    /lib/x86_64-linux-gnu/libm-2.19.so
7fea9d18d000-7fea9d18e000 r--p 00104000 08:07 2513848                    /lib/x86_64-linux-gnu/libm-2.19.so
7fea9d18e000-7fea9d18f000 rw-p 00105000 08:07 2513848                    /lib/x86_64-linux-gnu/libm-2.19.so
7fea9d18f000-7fea9dcf1000 r-xp 00000000 08:07 2238366                    /usr/lib/jvm/java-7-oracle/jre/lib/amd64/server/libjvm.so
7fea9dcf1000-7fea9def1000 ---p 00b62000 08:07 2238366                    /usr/lib/jvm/java-7-oracle/jre/lib/amd64/server/libjvm.so
7fea9def1000-7fea9dfb4000 rw-p 00b62000 08:07 2238366                    /usr/lib/jvm/java-7-oracle/jre/lib/amd64/server/libjvm.so
7fea9dfb4000-7fea9dff5000 rw-p 00000000 00:00 0 
7fea9dff5000-7fea9e1b1000 r-xp 00000000 08:07 2513842                    /lib/x86_64-linux-gnu/libc-2.19.so
7fea9e1b1000-7fea9e3b0000 ---p 001bc000 08:07 2513842                    /lib/x86_64-linux-gnu/libc-2.19.so
7fea9e3b0000-7fea9e3b4000 r--p 001bb000 08:07 2513842                    /lib/x86_64-linux-gnu/libc-2.19.so
7fea9e3b4000-7fea9e3b6000 rw-p 001bf000 08:07 2513842                    /lib/x86_64-linux-gnu/libc-2.19.so
7fea9e3b6000-7fea9e3bb000 rw-p 00000000 00:00 0 
7fea9e3bb000-7fea9e3be000 r-xp 00000000 08:07 2513915                    /lib/x86_64-linux-gnu/libdl-2.19.so
7fea9e3be000-7fea9e5bd000 ---p 00003000 08:07 2513915                    /lib/x86_64-linux-gnu/libdl-2.19.so
7fea9e5bd000-7fea9e5be000 r--p 00002000 08:07 2513915                    /lib/x86_64-linux-gnu/libdl-2.19.so
7fea9e5be000-7fea9e5bf000 rw-p 00003000 08:07 2513915                    /lib/x86_64-linux-gnu/libdl-2.19.so
7fea9e5bf000-7fea9e5d5000 r-xp 00000000 08:07 142021                     /usr/lib/jvm/java-7-oracle/lib/amd64/jli/libjli.so
7fea9e5d5000-7fea9e7d5000 ---p 00016000 08:07 142021                     /usr/lib/jvm/java-7-oracle/lib/amd64/jli/libjli.so
7fea9e7d5000-7fea9e7d6000 rw-p 00016000 08:07 142021                     /usr/lib/jvm/java-7-oracle/lib/amd64/jli/libjli.so
7fea9e7d6000-7fea9e7ef000 r-xp 00000000 08:07 2513919                    /lib/x86_64-linux-gnu/libpthread-2.19.so
7fea9e7ef000-7fea9e9ee000 ---p 00019000 08:07 2513919                    /lib/x86_64-linux-gnu/libpthread-2.19.so
7fea9e9ee000-7fea9e9ef000 r--p 00018000 08:07 2513919                    /lib/x86_64-linux-gnu/libpthread-2.19.so
7fea9e9ef000-7fea9e9f0000 rw-p 00019000 08:07 2513919                    /lib/x86_64-linux-gnu/libpthread-2.19.so
7fea9e9f0000-7fea9e9f4000 rw-p 00000000 00:00 0 
7fea9e9f4000-7fea9ea17000 r-xp 00000000 08:07 2513840                    /lib/x86_64-linux-gnu/ld-2.19.so
7fea9ea17000-7fea9ea18000 rw-s 00000000 00:04 46704                      /drm mm object (deleted)
7fea9ea18000-7fea9ea19000 rwxp 00000000 00:00 0 
7fea9ea19000-7fea9ea1b000 r--s 00006000 08:05 105405                     /media/DATA/Programmering/Workspaces/mBreak-libGDX/mBreak/libs/tween-engine-api-sources.jar
7fea9ea1b000-7fea9ea2c000 r--s 0012b000 08:05 328562                     /media/DATA/Programmering/Workspaces/mBreak-libGDX/mBreak-desktop/libs/gdx-backend-lwjgl.jar
7fea9ea2c000-7fea9ea36000 rw-p 00000000 00:00 0 
7fea9ea36000-7fea9eaec000 rw-p 00000000 00:00 0 
7fea9eaec000-7fea9eaef000 ---p 00000000 00:00 0 
7fea9eaef000-7fea9ebf1000 rw-p 00000000 00:00 0                          [stack:4753]
7fea9ebf1000-7fea9ebf2000 rw-s 00000000 00:04 48325                      /drm mm object (deleted)
7fea9ebf2000-7fea9ebf3000 r--s 00127000 08:05 328561                     /media/DATA/Programmering/Workspaces/mBreak-libGDX/mBreak-desktop/libs/gdx-natives.jar
7fea9ebf3000-7fea9ebf5000 r--s 001a1000 08:05 328563                     /media/DATA/Programmering/Workspaces/mBreak-libGDX/mBreak-desktop/libs/gdx-backend-lwjgl-natives.jar
7fea9ebf5000-7fea9ec0a000 rw-p 00000000 00:00 0 
7fea9ec0a000-7fea9ec12000 rw-s 00000000 08:07 1986242                    /tmp/hsperfdata_pigmassacre/4750
7fea9ec12000-7fea9ec13000 rw-p 00000000 00:00 0 
7fea9ec13000-7fea9ec14000 ---p 00000000 00:00 0 
7fea9ec14000-7fea9ec16000 rw-p 00000000 00:00 0 
7fea9ec16000-7fea9ec17000 r--p 00022000 08:07 2513840                    /lib/x86_64-linux-gnu/ld-2.19.so
7fea9ec17000-7fea9ec18000 rw-p 00023000 08:07 2513840                    /lib/x86_64-linux-gnu/ld-2.19.so
7fea9ec18000-7fea9ec19000 rw-p 00000000 00:00 0 
7fff7061e000-7fff7063f000 rw-p 00000000 00:00 0                          [stack]
7fff7075e000-7fff70760000 r-xp 00000000 00:00 0                          [vdso]
ffffffffff600000-ffffffffff601000 r-xp 00000000 00:00 0                  [vsyscall]

VM Arguments:
jvm_args: -Dfile.encoding=UTF-8 
java_command: com.pigmassacre.mbreak.DesktopGame
Launcher Type: SUN_STANDARD

Environment Variables:
PATH=/usr/local/sbin:/usr/local/bin:/usr/sbin:/usr/bin:/sbin:/bin:/usr/games:/usr/local/games:/home/pigmassacre/Downloads/jr/bin:/usr/bin/perl:/usr/bin/javac:/usr/bin/java:/home/pigmassacre/IDEA/idea/bin
SHELL=/bin/bash
DISPLAY=:0

Signal Handlers:
SIGSEGV: [libjvm.so+0x9935b0], sa_mask[0]=0x7ffbfeff, sa_flags=0x10000004
SIGBUS: [libjvm.so+0x9935b0], sa_mask[0]=0x7ffbfeff, sa_flags=0x10000004
SIGFPE: [libjvm.so+0x810330], sa_mask[0]=0x7ffbfeff, sa_flags=0x10000004
SIGPIPE: [libjvm.so+0x810330], sa_mask[0]=0x7ffbfeff, sa_flags=0x10000004
SIGXFSZ: [libjvm.so+0x810330], sa_mask[0]=0x7ffbfeff, sa_flags=0x10000004
SIGILL: [libjvm.so+0x810330], sa_mask[0]=0x7ffbfeff, sa_flags=0x10000004
SIGUSR1: SIG_DFL, sa_mask[0]=0x00000000, sa_flags=0x00000000
SIGUSR2: [libjvm.so+0x811820], sa_mask[0]=0x00000004, sa_flags=0x10000004
SIGHUP: [libjvm.so+0x812790], sa_mask[0]=0x7ffbfeff, sa_flags=0x10000004
SIGINT: [libjvm.so+0x812790], sa_mask[0]=0x7ffbfeff, sa_flags=0x10000004
SIGTERM: [libjvm.so+0x812790], sa_mask[0]=0x7ffbfeff, sa_flags=0x10000004
SIGQUIT: [libjvm.so+0x812790], sa_mask[0]=0x7ffbfeff, sa_flags=0x10000004


---------------  S Y S T E M  ---------------

OS:jessie/sid

uname:Linux 3.13.0-32-generic #57-Ubuntu SMP Tue Jul 15 03:51:08 UTC 2014 x86_64
libc:glibc 2.19 NPTL 2.19 
rlimit: STACK 8192k, CORE 0k, NPROC 30730, NOFILE 4096, AS infinity
load average:3,63 1,56 1,67

/proc/meminfo:
MemTotal:        3955100 kB
MemFree:          164732 kB
Buffers:          138944 kB
Cached:           984668 kB
SwapCached:          356 kB
Active:          2141072 kB
Inactive:        1443596 kB
Active(anon):    1792692 kB
Inactive(anon):   984512 kB
Active(file):     348380 kB
Inactive(file):   459084 kB
Unevictable:         192 kB
Mlocked:             192 kB
SwapTotal:       4101116 kB
SwapFree:        4065460 kB
Dirty:              1372 kB
Writeback:             0 kB
AnonPages:       2461208 kB
Mapped:           191644 kB
Shmem:            315968 kB
Slab:              93780 kB
SReclaimable:      56564 kB
SUnreclaim:        37216 kB
KernelStack:        5088 kB
PageTables:        44084 kB
NFS_Unstable:          0 kB
Bounce:                0 kB
WritebackTmp:          0 kB
CommitLimit:     6078664 kB
Committed_AS:    6478336 kB
VmallocTotal:   34359738367 kB
VmallocUsed:      348916 kB
VmallocChunk:   34359380444 kB
HardwareCorrupted:     0 kB
AnonHugePages:    827392 kB
HugePages_Total:       0
HugePages_Free:        0
HugePages_Rsvd:        0
HugePages_Surp:        0
Hugepagesize:       2048 kB
DirectMap4k:      130132 kB
DirectMap2M:     3973120 kB


CPU:total 4 (2 cores per cpu, 2 threads per core) family 6 model 42 stepping 7, cmov, cx8, fxsr, mmx, sse, sse2, sse3, ssse3, sse4.1, sse4.2, popcnt, avx, ht, tsc, tscinvbit

/proc/cpuinfo:
processor	: 0
vendor_id	: GenuineIntel
cpu family	: 6
model		: 42
model name	: Intel(R) Core(TM) i5-2410M CPU @ 2.30GHz
stepping	: 7
microcode	: 0x14
cpu MHz		: 2301.000
cache size	: 3072 KB
physical id	: 0
siblings	: 4
core id		: 0
cpu cores	: 2
apicid		: 0
initial apicid	: 0
fpu		: yes
fpu_exception	: yes
cpuid level	: 13
wp		: yes
flags		: fpu vme de pse tsc msr pae mce cx8 apic sep mtrr pge mca cmov pat pse36 clflush dts acpi mmx fxsr sse sse2 ss ht tm pbe syscall nx rdtscp lm constant_tsc arch_perfmon pebs bts rep_good nopl xtopology nonstop_tsc aperfmperf eagerfpu pni pclmulqdq dtes64 monitor ds_cpl vmx est tm2 ssse3 cx16 xtpr pdcm pcid sse4_1 sse4_2 x2apic popcnt tsc_deadline_timer xsave avx lahf_lm ida arat epb xsaveopt pln pts dtherm tpr_shadow vnmi flexpriority ept vpid
bogomips	: 4589.81
clflush size	: 64
cache_alignment	: 64
address sizes	: 36 bits physical, 48 bits virtual
power management:

processor	: 1
vendor_id	: GenuineIntel
cpu family	: 6
model		: 42
model name	: Intel(R) Core(TM) i5-2410M CPU @ 2.30GHz
stepping	: 7
microcode	: 0x14
cpu MHz		: 2301.000
cache size	: 3072 KB
physical id	: 0
siblings	: 4
core id		: 1
cpu cores	: 2
apicid		: 2
initial apicid	: 2
fpu		: yes
fpu_exception	: yes
cpuid level	: 13
wp		: yes
flags		: fpu vme de pse tsc msr pae mce cx8 apic sep mtrr pge mca cmov pat pse36 clflush dts acpi mmx fxsr sse sse2 ss ht tm pbe syscall nx rdtscp lm constant_tsc arch_perfmon pebs bts rep_good nopl xtopology nonstop_tsc aperfmperf eagerfpu pni pclmulqdq dtes64 monitor ds_cpl vmx est tm2 ssse3 cx16 xtpr pdcm pcid sse4_1 sse4_2 x2apic popcnt tsc_deadline_timer xsave avx lahf_lm ida arat epb xsaveopt pln pts dtherm tpr_shadow vnmi flexpriority ept vpid
bogomips	: 4589.81
clflush size	: 64
cache_alignment	: 64
address sizes	: 36 bits physical, 48 bits virtual
power management:

processor	: 2
vendor_id	: GenuineIntel
cpu family	: 6
model		: 42
model name	: Intel(R) Core(TM) i5-2410M CPU @ 2.30GHz
stepping	: 7
microcode	: 0x14
cpu MHz		: 2301.000
cache size	: 3072 KB
physical id	: 0
siblings	: 4
core id		: 0
cpu cores	: 2
apicid		: 1
initial apicid	: 1
fpu		: yes
fpu_exception	: yes
cpuid level	: 13
wp		: yes
flags		: fpu vme de pse tsc msr pae mce cx8 apic sep mtrr pge mca cmov pat pse36 clflush dts acpi mmx fxsr sse sse2 ss ht tm pbe syscall nx rdtscp lm constant_tsc arch_perfmon pebs bts rep_good nopl xtopology nonstop_tsc aperfmperf eagerfpu pni pclmulqdq dtes64 monitor ds_cpl vmx est tm2 ssse3 cx16 xtpr pdcm pcid sse4_1 sse4_2 x2apic popcnt tsc_deadline_timer xsave avx lahf_lm ida arat epb xsaveopt pln pts dtherm tpr_shadow vnmi flexpriority ept vpid
bogomips	: 4589.81
clflush size	: 64
cache_alignment	: 64
address sizes	: 36 bits physical, 48 bits virtual
power management:

processor	: 3
vendor_id	: GenuineIntel
cpu family	: 6
model		: 42
model name	: Intel(R) Core(TM) i5-2410M CPU @ 2.30GHz
stepping	: 7
microcode	: 0x14
cpu MHz		: 2301.000
cache size	: 3072 KB
physical id	: 0
siblings	: 4
core id		: 1
cpu cores	: 2
apicid		: 3
initial apicid	: 3
fpu		: yes
fpu_exception	: yes
cpuid level	: 13
wp		: yes
flags		: fpu vme de pse tsc msr pae mce cx8 apic sep mtrr pge mca cmov pat pse36 clflush dts acpi mmx fxsr sse sse2 ss ht tm pbe syscall nx rdtscp lm constant_tsc arch_perfmon pebs bts rep_good nopl xtopology nonstop_tsc aperfmperf eagerfpu pni pclmulqdq dtes64 monitor ds_cpl vmx est tm2 ssse3 cx16 xtpr pdcm pcid sse4_1 sse4_2 x2apic popcnt tsc_deadline_timer xsave avx lahf_lm ida arat epb xsaveopt pln pts dtherm tpr_shadow vnmi flexpriority ept vpid
bogomips	: 4589.81
clflush size	: 64
cache_alignment	: 64
address sizes	: 36 bits physical, 48 bits virtual
power management:



Memory: 4k page, physical 3955100k(164608k free), swap 4101116k(4065460k free)

vm_info: Java HotSpot(TM) 64-Bit Server VM (24.45-b08) for linux-amd64 JRE (1.7.0_45-b18), built on Oct  8 2013 05:44:25 by "java_re" with gcc 4.3.0 20080428 (Red Hat 4.3.0-8)

time: Wed Jul 30 13:48:37 2014
elapsed time: 113 seconds

